Change Dir: '/home/lorenzo/robotica_ws/src/lorenzo.nobili/cooperative_localization/build/cooperative_localization'

Run Build Command(s): /usr/bin/cmake -E env VERBOSE=1 /usr/bin/gmake -f Makefile -j12 -l12
/usr/bin/cmake -S/home/lorenzo/robotica_ws/src/lorenzo.nobili/cooperative_localization -B/home/lorenzo/robotica_ws/src/lorenzo.nobili/cooperative_localization/build/cooperative_localization --check-build-system CMakeFiles/Makefile.cmake 0
Re-run cmake file: Makefile older than: /home/lorenzo/robotica_ws/src/lorenzo.nobili/cooperative_localization/CMakeLists.txt
-- Found ament_cmake: 2.5.4 (/opt/ros/jazzy/share/ament_cmake/cmake)
-- Found Python3: /home/lorenzo/miniconda3/bin/python3 (found version "3.12.2") found components: Interpreter 
-- Found rclcpp: 28.1.9 (/opt/ros/jazzy/share/rclcpp/cmake)
-- Found rosidl_generator_c: 4.6.5 (/opt/ros/jazzy/share/rosidl_generator_c/cmake)
-- Found rosidl_generator_cpp: 4.6.5 (/opt/ros/jazzy/share/rosidl_generator_cpp/cmake)
-- Using all available rosidl_typesupport_c: rosidl_typesupport_fastrtps_c;rosidl_typesupport_introspection_c
-- Using all available rosidl_typesupport_cpp: rosidl_typesupport_fastrtps_cpp;rosidl_typesupport_introspection_cpp
-- Found rmw_implementation_cmake: 7.3.2 (/opt/ros/jazzy/share/rmw_implementation_cmake/cmake)
-- Found rmw_cyclonedds_cpp: 2.2.3 (/opt/ros/jazzy/share/rmw_cyclonedds_cpp/cmake)
-- Using RMW implementation 'rmw_cyclonedds_cpp' as default
-- Found nav_msgs: 5.3.6 (/opt/ros/jazzy/share/nav_msgs/cmake)
-- Found rosidl_default_generators: 1.6.0 (/opt/ros/jazzy/share/rosidl_default_generators/cmake)
-- Found rosidl_adapter: 4.6.5 (/opt/ros/jazzy/share/rosidl_adapter/cmake)
-- Found ament_cmake_ros: 0.12.0 (/opt/ros/jazzy/share/ament_cmake_ros/cmake)
-- Using all available rosidl_typesupport_c: rosidl_typesupport_fastrtps_c;rosidl_typesupport_introspection_c
-- Using all available rosidl_typesupport_cpp: rosidl_typesupport_fastrtps_cpp;rosidl_typesupport_introspection_cpp
-- Found python_cmake_module: 0.11.1 (/opt/ros/jazzy/share/python_cmake_module/cmake)
-- Found Python3: /home/lorenzo/miniconda3/bin/python3 (found version "3.12.2") found components: Interpreter Development NumPy Development.Module Development.Embed 
-- Found ament_lint_auto: 0.17.2 (/opt/ros/jazzy/share/ament_lint_auto/cmake)
-- Configuring done (7.5s)
-- Generating done (0.4s)
-- Build files have been written to: /home/lorenzo/robotica_ws/src/lorenzo.nobili/cooperative_localization/build/cooperative_localization
/usr/bin/cmake -E cmake_progress_start /home/lorenzo/robotica_ws/src/lorenzo.nobili/cooperative_localization/build/cooperative_localization/CMakeFiles /home/lorenzo/robotica_ws/src/lorenzo.nobili/cooperative_localization/build/cooperative_localization//CMakeFiles/progress.marks
/usr/bin/gmake  -f CMakeFiles/Makefile2 all
gmake[1]: Entering directory '/home/lorenzo/robotica_ws/src/lorenzo.nobili/cooperative_localization/build/cooperative_localization'
/usr/bin/gmake  -f CMakeFiles/cooperative_localization__rosidl_generator_type_description.dir/build.make CMakeFiles/cooperative_localization__rosidl_generator_type_description.dir/depend
/usr/bin/gmake  -f CMakeFiles/ament_cmake_python_copy_cooperative_localization.dir/build.make CMakeFiles/ament_cmake_python_copy_cooperative_localization.dir/depend
gmake[2]: Entering directory '/home/lorenzo/robotica_ws/src/lorenzo.nobili/cooperative_localization/build/cooperative_localization'
cd /home/lorenzo/robotica_ws/src/lorenzo.nobili/cooperative_localization/build/cooperative_localization && /usr/bin/cmake -E cmake_depends "Unix Makefiles" /home/lorenzo/robotica_ws/src/lorenzo.nobili/cooperative_localization /home/lorenzo/robotica_ws/src/lorenzo.nobili/cooperative_localization /home/lorenzo/robotica_ws/src/lorenzo.nobili/cooperative_localization/build/cooperative_localization /home/lorenzo/robotica_ws/src/lorenzo.nobili/cooperative_localization/build/cooperative_localization /home/lorenzo/robotica_ws/src/lorenzo.nobili/cooperative_localization/build/cooperative_localization/CMakeFiles/ament_cmake_python_copy_cooperative_localization.dir/DependInfo.cmake "--color="
gmake[2]: Entering directory '/home/lorenzo/robotica_ws/src/lorenzo.nobili/cooperative_localization/build/cooperative_localization'
cd /home/lorenzo/robotica_ws/src/lorenzo.nobili/cooperative_localization/build/cooperative_localization && /usr/bin/cmake -E cmake_depends "Unix Makefiles" /home/lorenzo/robotica_ws/src/lorenzo.nobili/cooperative_localization /home/lorenzo/robotica_ws/src/lorenzo.nobili/cooperative_localization /home/lorenzo/robotica_ws/src/lorenzo.nobili/cooperative_localization/build/cooperative_localization /home/lorenzo/robotica_ws/src/lorenzo.nobili/cooperative_localization/build/cooperative_localization /home/lorenzo/robotica_ws/src/lorenzo.nobili/cooperative_localization/build/cooperative_localization/CMakeFiles/cooperative_localization__rosidl_generator_type_description.dir/DependInfo.cmake "--color="
gmake[2]: Leaving directory '/home/lorenzo/robotica_ws/src/lorenzo.nobili/cooperative_localization/build/cooperative_localization'
/usr/bin/gmake  -f CMakeFiles/cooperative_localization__rosidl_generator_type_description.dir/build.make CMakeFiles/cooperative_localization__rosidl_generator_type_description.dir/build
gmake[2]: Leaving directory '/home/lorenzo/robotica_ws/src/lorenzo.nobili/cooperative_localization/build/cooperative_localization'
/usr/bin/gmake  -f CMakeFiles/ament_cmake_python_copy_cooperative_localization.dir/build.make CMakeFiles/ament_cmake_python_copy_cooperative_localization.dir/build
gmake[2]: Entering directory '/home/lorenzo/robotica_ws/src/lorenzo.nobili/cooperative_localization/build/cooperative_localization'
/usr/bin/cmake -E copy_directory /home/lorenzo/robotica_ws/src/lorenzo.nobili/cooperative_localization/build/cooperative_localization/rosidl_generator_py/cooperative_localization /home/lorenzo/robotica_ws/src/lorenzo.nobili/cooperative_localization/build/cooperative_localization/ament_cmake_python/cooperative_localization/cooperative_localization
gmake[2]: Entering directory '/home/lorenzo/robotica_ws/src/lorenzo.nobili/cooperative_localization/build/cooperative_localization'
gmake[2]: Nothing to be done for 'CMakeFiles/cooperative_localization__rosidl_generator_type_description.dir/build'.
gmake[2]: Leaving directory '/home/lorenzo/robotica_ws/src/lorenzo.nobili/cooperative_localization/build/cooperative_localization'
[  2%] Built target cooperative_localization__rosidl_generator_type_description
/usr/bin/gmake  -f CMakeFiles/cooperative_localization__cpp.dir/build.make CMakeFiles/cooperative_localization__cpp.dir/depend
/usr/bin/gmake  -f CMakeFiles/cooperative_localization__rosidl_generator_c.dir/build.make CMakeFiles/cooperative_localization__rosidl_generator_c.dir/depend
gmake[2]: Entering directory '/home/lorenzo/robotica_ws/src/lorenzo.nobili/cooperative_localization/build/cooperative_localization'
cd /home/lorenzo/robotica_ws/src/lorenzo.nobili/cooperative_localization/build/cooperative_localization && /usr/bin/cmake -E cmake_depends "Unix Makefiles" /home/lorenzo/robotica_ws/src/lorenzo.nobili/cooperative_localization /home/lorenzo/robotica_ws/src/lorenzo.nobili/cooperative_localization /home/lorenzo/robotica_ws/src/lorenzo.nobili/cooperative_localization/build/cooperative_localization /home/lorenzo/robotica_ws/src/lorenzo.nobili/cooperative_localization/build/cooperative_localization /home/lorenzo/robotica_ws/src/lorenzo.nobili/cooperative_localization/build/cooperative_localization/CMakeFiles/cooperative_localization__cpp.dir/DependInfo.cmake "--color="
gmake[2]: Entering directory '/home/lorenzo/robotica_ws/src/lorenzo.nobili/cooperative_localization/build/cooperative_localization'
cd /home/lorenzo/robotica_ws/src/lorenzo.nobili/cooperative_localization/build/cooperative_localization && /usr/bin/cmake -E cmake_depends "Unix Makefiles" /home/lorenzo/robotica_ws/src/lorenzo.nobili/cooperative_localization /home/lorenzo/robotica_ws/src/lorenzo.nobili/cooperative_localization /home/lorenzo/robotica_ws/src/lorenzo.nobili/cooperative_localization/build/cooperative_localization /home/lorenzo/robotica_ws/src/lorenzo.nobili/cooperative_localization/build/cooperative_localization /home/lorenzo/robotica_ws/src/lorenzo.nobili/cooperative_localization/build/cooperative_localization/CMakeFiles/cooperative_localization__rosidl_generator_c.dir/DependInfo.cmake "--color="
gmake[2]: Leaving directory '/home/lorenzo/robotica_ws/src/lorenzo.nobili/cooperative_localization/build/cooperative_localization'
Dependencies file "CMakeFiles/cooperative_localization__rosidl_generator_c.dir/rosidl_generator_c/cooperative_localization/msg/detail/measurement__description.c.o.d" is newer than depends file "/home/lorenzo/robotica_ws/src/lorenzo.nobili/cooperative_localization/build/cooperative_localization/CMakeFiles/cooperative_localization__rosidl_generator_c.dir/compiler_depend.internal".
[  2%] Built target ament_cmake_python_copy_cooperative_localization
Dependencies file "CMakeFiles/cooperative_localization__rosidl_generator_c.dir/rosidl_generator_c/cooperative_localization/msg/detail/measurement__functions.c.o.d" is newer than depends file "/home/lorenzo/robotica_ws/src/lorenzo.nobili/cooperative_localization/build/cooperative_localization/CMakeFiles/cooperative_localization__rosidl_generator_c.dir/compiler_depend.internal".
Dependencies file "CMakeFiles/cooperative_localization__rosidl_generator_c.dir/rosidl_generator_c/cooperative_localization/msg/detail/measurement__type_support.c.o.d" is newer than depends file "/home/lorenzo/robotica_ws/src/lorenzo.nobili/cooperative_localization/build/cooperative_localization/CMakeFiles/cooperative_localization__rosidl_generator_c.dir/compiler_depend.internal".
/usr/bin/gmake  -f CMakeFiles/ament_cmake_python_build_cooperative_localization_egg.dir/build.make CMakeFiles/ament_cmake_python_build_cooperative_localization_egg.dir/depend
gmake[2]: Entering directory '/home/lorenzo/robotica_ws/src/lorenzo.nobili/cooperative_localization/build/cooperative_localization'
cd /home/lorenzo/robotica_ws/src/lorenzo.nobili/cooperative_localization/build/cooperative_localization && /usr/bin/cmake -E cmake_depends "Unix Makefiles" /home/lorenzo/robotica_ws/src/lorenzo.nobili/cooperative_localization /home/lorenzo/robotica_ws/src/lorenzo.nobili/cooperative_localization /home/lorenzo/robotica_ws/src/lorenzo.nobili/cooperative_localization/build/cooperative_localization /home/lorenzo/robotica_ws/src/lorenzo.nobili/cooperative_localization/build/cooperative_localization /home/lorenzo/robotica_ws/src/lorenzo.nobili/cooperative_localization/build/cooperative_localization/CMakeFiles/ament_cmake_python_build_cooperative_localization_egg.dir/DependInfo.cmake "--color="
gmake[2]: Leaving directory '/home/lorenzo/robotica_ws/src/lorenzo.nobili/cooperative_localization/build/cooperative_localization'
/usr/bin/gmake  -f CMakeFiles/cooperative_localization__cpp.dir/build.make CMakeFiles/cooperative_localization__cpp.dir/build
Consolidate compiler generated dependencies of target cooperative_localization__rosidl_generator_c
gmake[2]: Leaving directory '/home/lorenzo/robotica_ws/src/lorenzo.nobili/cooperative_localization/build/cooperative_localization'
/usr/bin/gmake  -f CMakeFiles/cooperative_localization__rosidl_generator_c.dir/build.make CMakeFiles/cooperative_localization__rosidl_generator_c.dir/build
gmake[2]: Entering directory '/home/lorenzo/robotica_ws/src/lorenzo.nobili/cooperative_localization/build/cooperative_localization'
gmake[2]: Nothing to be done for 'CMakeFiles/cooperative_localization__cpp.dir/build'.
gmake[2]: Leaving directory '/home/lorenzo/robotica_ws/src/lorenzo.nobili/cooperative_localization/build/cooperative_localization'
gmake[2]: Leaving directory '/home/lorenzo/robotica_ws/src/lorenzo.nobili/cooperative_localization/build/cooperative_localization'
/usr/bin/gmake  -f CMakeFiles/ament_cmake_python_build_cooperative_localization_egg.dir/build.make CMakeFiles/ament_cmake_python_build_cooperative_localization_egg.dir/build
gmake[2]: Entering directory '/home/lorenzo/robotica_ws/src/lorenzo.nobili/cooperative_localization/build/cooperative_localization'
cd /home/lorenzo/robotica_ws/src/lorenzo.nobili/cooperative_localization/build/cooperative_localization/ament_cmake_python/cooperative_localization && /home/lorenzo/miniconda3/bin/python3 setup.py egg_info
gmake[2]: Entering directory '/home/lorenzo/robotica_ws/src/lorenzo.nobili/cooperative_localization/build/cooperative_localization'
gmake[2]: Nothing to be done for 'CMakeFiles/cooperative_localization__rosidl_generator_c.dir/build'.
gmake[2]: Leaving directory '/home/lorenzo/robotica_ws/src/lorenzo.nobili/cooperative_localization/build/cooperative_localization'
[  5%] Built target cooperative_localization__cpp
[ 18%] Built target cooperative_localization__rosidl_generator_c
/usr/bin/gmake  -f CMakeFiles/cooperative_localization__rosidl_typesupport_cpp.dir/build.make CMakeFiles/cooperative_localization__rosidl_typesupport_cpp.dir/depend
/usr/bin/gmake  -f CMakeFiles/cooperative_localization__rosidl_typesupport_fastrtps_c.dir/build.make CMakeFiles/cooperative_localization__rosidl_typesupport_fastrtps_c.dir/depend
/usr/bin/gmake  -f CMakeFiles/cooperative_localization__rosidl_typesupport_fastrtps_cpp.dir/build.make CMakeFiles/cooperative_localization__rosidl_typesupport_fastrtps_cpp.dir/depend
/usr/bin/gmake  -f CMakeFiles/cooperative_localization__rosidl_typesupport_introspection_c.dir/build.make CMakeFiles/cooperative_localization__rosidl_typesupport_introspection_c.dir/depend
/usr/bin/gmake  -f CMakeFiles/cooperative_localization__rosidl_typesupport_c.dir/build.make CMakeFiles/cooperative_localization__rosidl_typesupport_c.dir/depend
gmake[2]: Entering directory '/home/lorenzo/robotica_ws/src/lorenzo.nobili/cooperative_localization/build/cooperative_localization'
cd /home/lorenzo/robotica_ws/src/lorenzo.nobili/cooperative_localization/build/cooperative_localization && /usr/bin/cmake -E cmake_depends "Unix Makefiles" /home/lorenzo/robotica_ws/src/lorenzo.nobili/cooperative_localization /home/lorenzo/robotica_ws/src/lorenzo.nobili/cooperative_localization /home/lorenzo/robotica_ws/src/lorenzo.nobili/cooperative_localization/build/cooperative_localization /home/lorenzo/robotica_ws/src/lorenzo.nobili/cooperative_localization/build/cooperative_localization /home/lorenzo/robotica_ws/src/lorenzo.nobili/cooperative_localization/build/cooperative_localization/CMakeFiles/cooperative_localization__rosidl_typesupport_cpp.dir/DependInfo.cmake "--color="
gmake[2]: Entering directory '/home/lorenzo/robotica_ws/src/lorenzo.nobili/cooperative_localization/build/cooperative_localization'
cd /home/lorenzo/robotica_ws/src/lorenzo.nobili/cooperative_localization/build/cooperative_localization && /usr/bin/cmake -E cmake_depends "Unix Makefiles" /home/lorenzo/robotica_ws/src/lorenzo.nobili/cooperative_localization /home/lorenzo/robotica_ws/src/lorenzo.nobili/cooperative_localization /home/lorenzo/robotica_ws/src/lorenzo.nobili/cooperative_localization/build/cooperative_localization /home/lorenzo/robotica_ws/src/lorenzo.nobili/cooperative_localization/build/cooperative_localization /home/lorenzo/robotica_ws/src/lorenzo.nobili/cooperative_localization/build/cooperative_localization/CMakeFiles/cooperative_localization__rosidl_typesupport_fastrtps_cpp.dir/DependInfo.cmake "--color="
gmake[2]: Entering directory '/home/lorenzo/robotica_ws/src/lorenzo.nobili/cooperative_localization/build/cooperative_localization'
cd /home/lorenzo/robotica_ws/src/lorenzo.nobili/cooperative_localization/build/cooperative_localization && /usr/bin/cmake -E cmake_depends "Unix Makefiles" /home/lorenzo/robotica_ws/src/lorenzo.nobili/cooperative_localization /home/lorenzo/robotica_ws/src/lorenzo.nobili/cooperative_localization /home/lorenzo/robotica_ws/src/lorenzo.nobili/cooperative_localization/build/cooperative_localization /home/lorenzo/robotica_ws/src/lorenzo.nobili/cooperative_localization/build/cooperative_localization /home/lorenzo/robotica_ws/src/lorenzo.nobili/cooperative_localization/build/cooperative_localization/CMakeFiles/cooperative_localization__rosidl_typesupport_fastrtps_c.dir/DependInfo.cmake "--color="
/usr/bin/gmake  -f CMakeFiles/cooperative_localization__rosidl_typesupport_introspection_cpp.dir/build.make CMakeFiles/cooperative_localization__rosidl_typesupport_introspection_cpp.dir/depend
gmake[2]: Entering directory '/home/lorenzo/robotica_ws/src/lorenzo.nobili/cooperative_localization/build/cooperative_localization'
cd /home/lorenzo/robotica_ws/src/lorenzo.nobili/cooperative_localization/build/cooperative_localization && /usr/bin/cmake -E cmake_depends "Unix Makefiles" /home/lorenzo/robotica_ws/src/lorenzo.nobili/cooperative_localization /home/lorenzo/robotica_ws/src/lorenzo.nobili/cooperative_localization /home/lorenzo/robotica_ws/src/lorenzo.nobili/cooperative_localization/build/cooperative_localization /home/lorenzo/robotica_ws/src/lorenzo.nobili/cooperative_localization/build/cooperative_localization /home/lorenzo/robotica_ws/src/lorenzo.nobili/cooperative_localization/build/cooperative_localization/CMakeFiles/cooperative_localization__rosidl_typesupport_introspection_c.dir/DependInfo.cmake "--color="
gmake[2]: Entering directory '/home/lorenzo/robotica_ws/src/lorenzo.nobili/cooperative_localization/build/cooperative_localization'
cd /home/lorenzo/robotica_ws/src/lorenzo.nobili/cooperative_localization/build/cooperative_localization && /usr/bin/cmake -E cmake_depends "Unix Makefiles" /home/lorenzo/robotica_ws/src/lorenzo.nobili/cooperative_localization /home/lorenzo/robotica_ws/src/lorenzo.nobili/cooperative_localization /home/lorenzo/robotica_ws/src/lorenzo.nobili/cooperative_localization/build/cooperative_localization /home/lorenzo/robotica_ws/src/lorenzo.nobili/cooperative_localization/build/cooperative_localization /home/lorenzo/robotica_ws/src/lorenzo.nobili/cooperative_localization/build/cooperative_localization/CMakeFiles/cooperative_localization__rosidl_typesupport_c.dir/DependInfo.cmake "--color="
gmake[2]: Entering directory '/home/lorenzo/robotica_ws/src/lorenzo.nobili/cooperative_localization/build/cooperative_localization'
cd /home/lorenzo/robotica_ws/src/lorenzo.nobili/cooperative_localization/build/cooperative_localization && /usr/bin/cmake -E cmake_depends "Unix Makefiles" /home/lorenzo/robotica_ws/src/lorenzo.nobili/cooperative_localization /home/lorenzo/robotica_ws/src/lorenzo.nobili/cooperative_localization /home/lorenzo/robotica_ws/src/lorenzo.nobili/cooperative_localization/build/cooperative_localization /home/lorenzo/robotica_ws/src/lorenzo.nobili/cooperative_localization/build/cooperative_localization /home/lorenzo/robotica_ws/src/lorenzo.nobili/cooperative_localization/build/cooperative_localization/CMakeFiles/cooperative_localization__rosidl_typesupport_introspection_cpp.dir/DependInfo.cmake "--color="
Dependencies file "CMakeFiles/cooperative_localization__rosidl_typesupport_cpp.dir/rosidl_typesupport_cpp/cooperative_localization/msg/measurement__type_support.cpp.o.d" is newer than depends file "/home/lorenzo/robotica_ws/src/lorenzo.nobili/cooperative_localization/build/cooperative_localization/CMakeFiles/cooperative_localization__rosidl_typesupport_cpp.dir/compiler_depend.internal".
Dependencies file "CMakeFiles/cooperative_localization__rosidl_typesupport_fastrtps_c.dir/rosidl_typesupport_fastrtps_c/cooperative_localization/msg/detail/measurement__type_support_c.cpp.o.d" is newer than depends file "/home/lorenzo/robotica_ws/src/lorenzo.nobili/cooperative_localization/build/cooperative_localization/CMakeFiles/cooperative_localization__rosidl_typesupport_fastrtps_c.dir/compiler_depend.internal".
Dependencies file "CMakeFiles/cooperative_localization__rosidl_typesupport_fastrtps_cpp.dir/rosidl_typesupport_fastrtps_cpp/cooperative_localization/msg/detail/dds_fastrtps/measurement__type_support.cpp.o.d" is newer than depends file "/home/lorenzo/robotica_ws/src/lorenzo.nobili/cooperative_localization/build/cooperative_localization/CMakeFiles/cooperative_localization__rosidl_typesupport_fastrtps_cpp.dir/compiler_depend.internal".
Dependencies file "CMakeFiles/cooperative_localization__rosidl_typesupport_introspection_c.dir/rosidl_typesupport_introspection_c/cooperative_localization/msg/detail/measurement__type_support.c.o.d" is newer than depends file "/home/lorenzo/robotica_ws/src/lorenzo.nobili/cooperative_localization/build/cooperative_localization/CMakeFiles/cooperative_localization__rosidl_typesupport_introspection_c.dir/compiler_depend.internal".
Consolidate compiler generated dependencies of target cooperative_localization__rosidl_typesupport_cpp
Dependencies file "CMakeFiles/cooperative_localization__rosidl_typesupport_c.dir/rosidl_typesupport_c/cooperative_localization/msg/measurement__type_support.cpp.o.d" is newer than depends file "/home/lorenzo/robotica_ws/src/lorenzo.nobili/cooperative_localization/build/cooperative_localization/CMakeFiles/cooperative_localization__rosidl_typesupport_c.dir/compiler_depend.internal".
gmake[2]: Leaving directory '/home/lorenzo/robotica_ws/src/lorenzo.nobili/cooperative_localization/build/cooperative_localization'
Dependencies file "CMakeFiles/cooperative_localization__rosidl_typesupport_introspection_cpp.dir/rosidl_typesupport_introspection_cpp/cooperative_localization/msg/detail/measurement__type_support.cpp.o.d" is newer than depends file "/home/lorenzo/robotica_ws/src/lorenzo.nobili/cooperative_localization/build/cooperative_localization/CMakeFiles/cooperative_localization__rosidl_typesupport_introspection_cpp.dir/compiler_depend.internal".
/usr/bin/gmake  -f CMakeFiles/cooperative_localization__rosidl_typesupport_cpp.dir/build.make CMakeFiles/cooperative_localization__rosidl_typesupport_cpp.dir/build
Consolidate compiler generated dependencies of target cooperative_localization__rosidl_typesupport_introspection_c
Consolidate compiler generated dependencies of target cooperative_localization__rosidl_typesupport_fastrtps_cpp
gmake[2]: Leaving directory '/home/lorenzo/robotica_ws/src/lorenzo.nobili/cooperative_localization/build/cooperative_localization'
Consolidate compiler generated dependencies of target cooperative_localization__rosidl_typesupport_fastrtps_c
Consolidate compiler generated dependencies of target cooperative_localization__rosidl_typesupport_c
/usr/bin/gmake  -f CMakeFiles/cooperative_localization__rosidl_typesupport_fastrtps_cpp.dir/build.make CMakeFiles/cooperative_localization__rosidl_typesupport_fastrtps_cpp.dir/build
gmake[2]: Leaving directory '/home/lorenzo/robotica_ws/src/lorenzo.nobili/cooperative_localization/build/cooperative_localization'
/usr/bin/gmake  -f CMakeFiles/cooperative_localization__rosidl_typesupport_introspection_c.dir/build.make CMakeFiles/cooperative_localization__rosidl_typesupport_introspection_c.dir/build
gmake[2]: Leaving directory '/home/lorenzo/robotica_ws/src/lorenzo.nobili/cooperative_localization/build/cooperative_localization'
/usr/bin/gmake  -f CMakeFiles/cooperative_localization__rosidl_typesupport_fastrtps_c.dir/build.make CMakeFiles/cooperative_localization__rosidl_typesupport_fastrtps_c.dir/build
gmake[2]: Leaving directory '/home/lorenzo/robotica_ws/src/lorenzo.nobili/cooperative_localization/build/cooperative_localization'
/usr/bin/gmake  -f CMakeFiles/cooperative_localization__rosidl_typesupport_c.dir/build.make CMakeFiles/cooperative_localization__rosidl_typesupport_c.dir/build
gmake[2]: Entering directory '/home/lorenzo/robotica_ws/src/lorenzo.nobili/cooperative_localization/build/cooperative_localization'
gmake[2]: Nothing to be done for 'CMakeFiles/cooperative_localization__rosidl_typesupport_introspection_c.dir/build'.
gmake[2]: Leaving directory '/home/lorenzo/robotica_ws/src/lorenzo.nobili/cooperative_localization/build/cooperative_localization'
Consolidate compiler generated dependencies of target cooperative_localization__rosidl_typesupport_introspection_cpp
gmake[2]: Entering directory '/home/lorenzo/robotica_ws/src/lorenzo.nobili/cooperative_localization/build/cooperative_localization'
gmake[2]: Nothing to be done for 'CMakeFiles/cooperative_localization__rosidl_typesupport_c.dir/build'.
gmake[2]: Leaving directory '/home/lorenzo/robotica_ws/src/lorenzo.nobili/cooperative_localization/build/cooperative_localization'
gmake[2]: Leaving directory '/home/lorenzo/robotica_ws/src/lorenzo.nobili/cooperative_localization/build/cooperative_localization'
/usr/bin/gmake  -f CMakeFiles/cooperative_localization__rosidl_typesupport_introspection_cpp.dir/build.make CMakeFiles/cooperative_localization__rosidl_typesupport_introspection_cpp.dir/build
gmake[2]: Entering directory '/home/lorenzo/robotica_ws/src/lorenzo.nobili/cooperative_localization/build/cooperative_localization'
gmake[2]: Nothing to be done for 'CMakeFiles/cooperative_localization__rosidl_typesupport_cpp.dir/build'.
gmake[2]: Leaving directory '/home/lorenzo/robotica_ws/src/lorenzo.nobili/cooperative_localization/build/cooperative_localization'
gmake[2]: Entering directory '/home/lorenzo/robotica_ws/src/lorenzo.nobili/cooperative_localization/build/cooperative_localization'
gmake[2]: Nothing to be done for 'CMakeFiles/cooperative_localization__rosidl_typesupport_fastrtps_cpp.dir/build'.
gmake[2]: Leaving directory '/home/lorenzo/robotica_ws/src/lorenzo.nobili/cooperative_localization/build/cooperative_localization'
gmake[2]: Entering directory '/home/lorenzo/robotica_ws/src/lorenzo.nobili/cooperative_localization/build/cooperative_localization'
gmake[2]: Nothing to be done for 'CMakeFiles/cooperative_localization__rosidl_typesupport_fastrtps_c.dir/build'.
gmake[2]: Leaving directory '/home/lorenzo/robotica_ws/src/lorenzo.nobili/cooperative_localization/build/cooperative_localization'
gmake[2]: Entering directory '/home/lorenzo/robotica_ws/src/lorenzo.nobili/cooperative_localization/build/cooperative_localization'
gmake[2]: Nothing to be done for 'CMakeFiles/cooperative_localization__rosidl_typesupport_introspection_cpp.dir/build'.
gmake[2]: Leaving directory '/home/lorenzo/robotica_ws/src/lorenzo.nobili/cooperative_localization/build/cooperative_localization'
[ 27%] Built target cooperative_localization__rosidl_typesupport_introspection_c
[ 35%] Built target cooperative_localization__rosidl_typesupport_fastrtps_c
[ 43%] Built target cooperative_localization__rosidl_typesupport_cpp
/usr/bin/gmake  -f CMakeFiles/coop_localization_node.dir/build.make CMakeFiles/coop_localization_node.dir/depend
[ 51%] Built target cooperative_localization__rosidl_typesupport_fastrtps_cpp
[ 59%] Built target cooperative_localization__rosidl_typesupport_introspection_cpp
gmake[2]: Entering directory '/home/lorenzo/robotica_ws/src/lorenzo.nobili/cooperative_localization/build/cooperative_localization'
cd /home/lorenzo/robotica_ws/src/lorenzo.nobili/cooperative_localization/build/cooperative_localization && /usr/bin/cmake -E cmake_depends "Unix Makefiles" /home/lorenzo/robotica_ws/src/lorenzo.nobili/cooperative_localization /home/lorenzo/robotica_ws/src/lorenzo.nobili/cooperative_localization /home/lorenzo/robotica_ws/src/lorenzo.nobili/cooperative_localization/build/cooperative_localization /home/lorenzo/robotica_ws/src/lorenzo.nobili/cooperative_localization/build/cooperative_localization /home/lorenzo/robotica_ws/src/lorenzo.nobili/cooperative_localization/build/cooperative_localization/CMakeFiles/coop_localization_node.dir/DependInfo.cmake "--color="
[ 67%] Built target cooperative_localization__rosidl_typesupport_c
/usr/bin/gmake  -f CMakeFiles/cooperative_localization.dir/build.make CMakeFiles/cooperative_localization.dir/depend
gmake[2]: Entering directory '/home/lorenzo/robotica_ws/src/lorenzo.nobili/cooperative_localization/build/cooperative_localization'
cd /home/lorenzo/robotica_ws/src/lorenzo.nobili/cooperative_localization/build/cooperative_localization && /usr/bin/cmake -E cmake_depends "Unix Makefiles" /home/lorenzo/robotica_ws/src/lorenzo.nobili/cooperative_localization /home/lorenzo/robotica_ws/src/lorenzo.nobili/cooperative_localization /home/lorenzo/robotica_ws/src/lorenzo.nobili/cooperative_localization/build/cooperative_localization /home/lorenzo/robotica_ws/src/lorenzo.nobili/cooperative_localization/build/cooperative_localization /home/lorenzo/robotica_ws/src/lorenzo.nobili/cooperative_localization/build/cooperative_localization/CMakeFiles/cooperative_localization.dir/DependInfo.cmake "--color="
Dependencies file "CMakeFiles/coop_localization_node.dir/src/centralized_node.cpp.o.d" is newer than depends file "/home/lorenzo/robotica_ws/src/lorenzo.nobili/cooperative_localization/build/cooperative_localization/CMakeFiles/coop_localization_node.dir/compiler_depend.internal".
gmake[2]: Leaving directory '/home/lorenzo/robotica_ws/src/lorenzo.nobili/cooperative_localization/build/cooperative_localization'
/usr/bin/gmake  -f CMakeFiles/cooperative_localization.dir/build.make CMakeFiles/cooperative_localization.dir/build
gmake[2]: Entering directory '/home/lorenzo/robotica_ws/src/lorenzo.nobili/cooperative_localization/build/cooperative_localization'
gmake[2]: Nothing to be done for 'CMakeFiles/cooperative_localization.dir/build'.
gmake[2]: Leaving directory '/home/lorenzo/robotica_ws/src/lorenzo.nobili/cooperative_localization/build/cooperative_localization'
Consolidate compiler generated dependencies of target coop_localization_node
gmake[2]: Leaving directory '/home/lorenzo/robotica_ws/src/lorenzo.nobili/cooperative_localization/build/cooperative_localization'
/usr/bin/gmake  -f CMakeFiles/coop_localization_node.dir/build.make CMakeFiles/coop_localization_node.dir/build
[ 67%] Built target cooperative_localization
/usr/bin/gmake  -f cooperative_localization__py/CMakeFiles/cooperative_localization__py.dir/build.make cooperative_localization__py/CMakeFiles/cooperative_localization__py.dir/depend
gmake[2]: Entering directory '/home/lorenzo/robotica_ws/src/lorenzo.nobili/cooperative_localization/build/cooperative_localization'
cd /home/lorenzo/robotica_ws/src/lorenzo.nobili/cooperative_localization/build/cooperative_localization && /usr/bin/cmake -E cmake_depends "Unix Makefiles" /home/lorenzo/robotica_ws/src/lorenzo.nobili/cooperative_localization /home/lorenzo/robotica_ws/src/lorenzo.nobili/cooperative_localization/build/cooperative_localization/cooperative_localization__py /home/lorenzo/robotica_ws/src/lorenzo.nobili/cooperative_localization/build/cooperative_localization /home/lorenzo/robotica_ws/src/lorenzo.nobili/cooperative_localization/build/cooperative_localization/cooperative_localization__py /home/lorenzo/robotica_ws/src/lorenzo.nobili/cooperative_localization/build/cooperative_localization/cooperative_localization__py/CMakeFiles/cooperative_localization__py.dir/DependInfo.cmake "--color="
gmake[2]: Leaving directory '/home/lorenzo/robotica_ws/src/lorenzo.nobili/cooperative_localization/build/cooperative_localization'
/usr/bin/gmake  -f cooperative_localization__py/CMakeFiles/cooperative_localization__py.dir/build.make cooperative_localization__py/CMakeFiles/cooperative_localization__py.dir/build
gmake[2]: Entering directory '/home/lorenzo/robotica_ws/src/lorenzo.nobili/cooperative_localization/build/cooperative_localization'
gmake[2]: Nothing to be done for 'cooperative_localization__py/CMakeFiles/cooperative_localization__py.dir/build'.
gmake[2]: Leaving directory '/home/lorenzo/robotica_ws/src/lorenzo.nobili/cooperative_localization/build/cooperative_localization'
[ 70%] Built target cooperative_localization__py
/usr/bin/gmake  -f CMakeFiles/cooperative_localization__rosidl_generator_py.dir/build.make CMakeFiles/cooperative_localization__rosidl_generator_py.dir/depend
gmake[2]: Entering directory '/home/lorenzo/robotica_ws/src/lorenzo.nobili/cooperative_localization/build/cooperative_localization'
cd /home/lorenzo/robotica_ws/src/lorenzo.nobili/cooperative_localization/build/cooperative_localization && /usr/bin/cmake -E cmake_depends "Unix Makefiles" /home/lorenzo/robotica_ws/src/lorenzo.nobili/cooperative_localization /home/lorenzo/robotica_ws/src/lorenzo.nobili/cooperative_localization /home/lorenzo/robotica_ws/src/lorenzo.nobili/cooperative_localization/build/cooperative_localization /home/lorenzo/robotica_ws/src/lorenzo.nobili/cooperative_localization/build/cooperative_localization /home/lorenzo/robotica_ws/src/lorenzo.nobili/cooperative_localization/build/cooperative_localization/CMakeFiles/cooperative_localization__rosidl_generator_py.dir/DependInfo.cmake "--color="
Dependencies file "CMakeFiles/cooperative_localization__rosidl_generator_py.dir/rosidl_generator_py/cooperative_localization/msg/_measurement_s.c.o.d" is newer than depends file "/home/lorenzo/robotica_ws/src/lorenzo.nobili/cooperative_localization/build/cooperative_localization/CMakeFiles/cooperative_localization__rosidl_generator_py.dir/compiler_depend.internal".
Consolidate compiler generated dependencies of target cooperative_localization__rosidl_generator_py
gmake[2]: Leaving directory '/home/lorenzo/robotica_ws/src/lorenzo.nobili/cooperative_localization/build/cooperative_localization'
/usr/bin/gmake  -f CMakeFiles/cooperative_localization__rosidl_generator_py.dir/build.make CMakeFiles/cooperative_localization__rosidl_generator_py.dir/build
gmake[2]: Entering directory '/home/lorenzo/robotica_ws/src/lorenzo.nobili/cooperative_localization/build/cooperative_localization'
gmake[2]: Nothing to be done for 'CMakeFiles/cooperative_localization__rosidl_generator_py.dir/build'.
gmake[2]: Leaving directory '/home/lorenzo/robotica_ws/src/lorenzo.nobili/cooperative_localization/build/cooperative_localization'
gmake[2]: Entering directory '/home/lorenzo/robotica_ws/src/lorenzo.nobili/cooperative_localization/build/cooperative_localization'
[ 75%] Built target cooperative_localization__rosidl_generator_py
/usr/bin/gmake  -f CMakeFiles/cooperative_localization_s__rosidl_typesupport_fastrtps_c.dir/build.make CMakeFiles/cooperative_localization_s__rosidl_typesupport_fastrtps_c.dir/depend
/usr/bin/gmake  -f CMakeFiles/cooperative_localization_s__rosidl_typesupport_introspection_c.dir/build.make CMakeFiles/cooperative_localization_s__rosidl_typesupport_introspection_c.dir/depend
/usr/bin/gmake  -f CMakeFiles/cooperative_localization_s__rosidl_typesupport_c.dir/build.make CMakeFiles/cooperative_localization_s__rosidl_typesupport_c.dir/depend
gmake[2]: Entering directory '/home/lorenzo/robotica_ws/src/lorenzo.nobili/cooperative_localization/build/cooperative_localization'
gmake[2]: Entering directory '/home/lorenzo/robotica_ws/src/lorenzo.nobili/cooperative_localization/build/cooperative_localization'
cd /home/lorenzo/robotica_ws/src/lorenzo.nobili/cooperative_localization/build/cooperative_localization && /usr/bin/cmake -E cmake_depends "Unix Makefiles" /home/lorenzo/robotica_ws/src/lorenzo.nobili/cooperative_localization /home/lorenzo/robotica_ws/src/lorenzo.nobili/cooperative_localization /home/lorenzo/robotica_ws/src/lorenzo.nobili/cooperative_localization/build/cooperative_localization /home/lorenzo/robotica_ws/src/lorenzo.nobili/cooperative_localization/build/cooperative_localization /home/lorenzo/robotica_ws/src/lorenzo.nobili/cooperative_localization/build/cooperative_localization/CMakeFiles/cooperative_localization_s__rosidl_typesupport_introspection_c.dir/DependInfo.cmake "--color="
cd /home/lorenzo/robotica_ws/src/lorenzo.nobili/cooperative_localization/build/cooperative_localization && /usr/bin/cmake -E cmake_depends "Unix Makefiles" /home/lorenzo/robotica_ws/src/lorenzo.nobili/cooperative_localization /home/lorenzo/robotica_ws/src/lorenzo.nobili/cooperative_localization /home/lorenzo/robotica_ws/src/lorenzo.nobili/cooperative_localization/build/cooperative_localization /home/lorenzo/robotica_ws/src/lorenzo.nobili/cooperative_localization/build/cooperative_localization /home/lorenzo/robotica_ws/src/lorenzo.nobili/cooperative_localization/build/cooperative_localization/CMakeFiles/cooperative_localization_s__rosidl_typesupport_fastrtps_c.dir/DependInfo.cmake "--color="
gmake[2]: Entering directory '/home/lorenzo/robotica_ws/src/lorenzo.nobili/cooperative_localization/build/cooperative_localization'
cd /home/lorenzo/robotica_ws/src/lorenzo.nobili/cooperative_localization/build/cooperative_localization && /usr/bin/cmake -E cmake_depends "Unix Makefiles" /home/lorenzo/robotica_ws/src/lorenzo.nobili/cooperative_localization /home/lorenzo/robotica_ws/src/lorenzo.nobili/cooperative_localization /home/lorenzo/robotica_ws/src/lorenzo.nobili/cooperative_localization/build/cooperative_localization /home/lorenzo/robotica_ws/src/lorenzo.nobili/cooperative_localization/build/cooperative_localization /home/lorenzo/robotica_ws/src/lorenzo.nobili/cooperative_localization/build/cooperative_localization/CMakeFiles/cooperative_localization_s__rosidl_typesupport_c.dir/DependInfo.cmake "--color="
[ 78%] Building CXX object CMakeFiles/coop_localization_node.dir/src/ekf_centralized.cpp.o
/usr/bin/c++ -DDEFAULT_RMW_IMPLEMENTATION=rmw_fastrtps_cpp -DFASTCDR_DYN_LINK -DROS_PACKAGE_NAME=\"cooperative_localization\" -I/home/lorenzo/robotica_ws/src/lorenzo.nobili/cooperative_localization/include -I/usr/include/eigen3 -I/home/lorenzo/robotica_ws/src/lorenzo.nobili/cooperative_localization/build/cooperative_localization/rosidl_generator_c -I/home/lorenzo/robotica_ws/src/lorenzo.nobili/cooperative_localization/build/cooperative_localization/rosidl_generator_cpp -isystem /opt/ros/jazzy/include/rclcpp -isystem /opt/ros/jazzy/include/nav_msgs -isystem /opt/ros/jazzy/include/builtin_interfaces -isystem /opt/ros/jazzy/include/rosidl_runtime_c -isystem /opt/ros/jazzy/include/rcutils -isystem /opt/ros/jazzy/include/rosidl_typesupport_interface -isystem /opt/ros/jazzy/include/fastcdr -isystem /opt/ros/jazzy/include/rosidl_runtime_cpp -isystem /opt/ros/jazzy/include/rosidl_typesupport_fastrtps_cpp -isystem /opt/ros/jazzy/include/rmw -isystem /opt/ros/jazzy/include/rosidl_dynamic_typesupport -isystem /opt/ros/jazzy/include/rosidl_typesupport_fastrtps_c -isystem /opt/ros/jazzy/include/rosidl_typesupport_introspection_c -isystem /opt/ros/jazzy/include/rosidl_typesupport_introspection_cpp -isystem /opt/ros/jazzy/include/libstatistics_collector -isystem /opt/ros/jazzy/include/rcl -isystem /opt/ros/jazzy/include/rcl_interfaces -isystem /opt/ros/jazzy/include/service_msgs -isystem /opt/ros/jazzy/include/rcl_logging_interface -isystem /opt/ros/jazzy/include/rcl_yaml_param_parser -isystem /opt/ros/jazzy/include/type_description_interfaces -isystem /opt/ros/jazzy/include/rcpputils -isystem /opt/ros/jazzy/include/statistics_msgs -isystem /opt/ros/jazzy/include/rosgraph_msgs -isystem /opt/ros/jazzy/include/rosidl_typesupport_cpp -isystem /opt/ros/jazzy/include/rosidl_typesupport_c -isystem /opt/ros/jazzy/include/tracetools -isystem /opt/ros/jazzy/include/geometry_msgs -isystem /opt/ros/jazzy/include/std_msgs -std=gnu++17 -Wall -Wextra -Wpedantic -march=native -MD -MT CMakeFiles/coop_localization_node.dir/src/ekf_centralized.cpp.o -MF CMakeFiles/coop_localization_node.dir/src/ekf_centralized.cpp.o.d -o CMakeFiles/coop_localization_node.dir/src/ekf_centralized.cpp.o -c /home/lorenzo/robotica_ws/src/lorenzo.nobili/cooperative_localization/src/ekf_centralized.cpp
Dependencies file "CMakeFiles/cooperative_localization_s__rosidl_typesupport_introspection_c.dir/rosidl_generator_py/cooperative_localization/_cooperative_localization_s.ep.rosidl_typesupport_introspection_c.c.o.d" is newer than depends file "/home/lorenzo/robotica_ws/src/lorenzo.nobili/cooperative_localization/build/cooperative_localization/CMakeFiles/cooperative_localization_s__rosidl_typesupport_introspection_c.dir/compiler_depend.internal".
Dependencies file "CMakeFiles/cooperative_localization_s__rosidl_typesupport_fastrtps_c.dir/rosidl_generator_py/cooperative_localization/_cooperative_localization_s.ep.rosidl_typesupport_fastrtps_c.c.o.d" is newer than depends file "/home/lorenzo/robotica_ws/src/lorenzo.nobili/cooperative_localization/build/cooperative_localization/CMakeFiles/cooperative_localization_s__rosidl_typesupport_fastrtps_c.dir/compiler_depend.internal".
Dependencies file "CMakeFiles/cooperative_localization_s__rosidl_typesupport_c.dir/rosidl_generator_py/cooperative_localization/_cooperative_localization_s.ep.rosidl_typesupport_c.c.o.d" is newer than depends file "/home/lorenzo/robotica_ws/src/lorenzo.nobili/cooperative_localization/build/cooperative_localization/CMakeFiles/cooperative_localization_s__rosidl_typesupport_c.dir/compiler_depend.internal".
Consolidate compiler generated dependencies of target cooperative_localization_s__rosidl_typesupport_introspection_c
gmake[2]: Leaving directory '/home/lorenzo/robotica_ws/src/lorenzo.nobili/cooperative_localization/build/cooperative_localization'
Consolidate compiler generated dependencies of target cooperative_localization_s__rosidl_typesupport_fastrtps_c
/usr/bin/gmake  -f CMakeFiles/cooperative_localization_s__rosidl_typesupport_introspection_c.dir/build.make CMakeFiles/cooperative_localization_s__rosidl_typesupport_introspection_c.dir/build
Consolidate compiler generated dependencies of target cooperative_localization_s__rosidl_typesupport_c
gmake[2]: Leaving directory '/home/lorenzo/robotica_ws/src/lorenzo.nobili/cooperative_localization/build/cooperative_localization'
/usr/bin/gmake  -f CMakeFiles/cooperative_localization_s__rosidl_typesupport_c.dir/build.make CMakeFiles/cooperative_localization_s__rosidl_typesupport_c.dir/build
gmake[2]: Leaving directory '/home/lorenzo/robotica_ws/src/lorenzo.nobili/cooperative_localization/build/cooperative_localization'
/usr/bin/gmake  -f CMakeFiles/cooperative_localization_s__rosidl_typesupport_fastrtps_c.dir/build.make CMakeFiles/cooperative_localization_s__rosidl_typesupport_fastrtps_c.dir/build
gmake[2]: Entering directory '/home/lorenzo/robotica_ws/src/lorenzo.nobili/cooperative_localization/build/cooperative_localization'
gmake[2]: Nothing to be done for 'CMakeFiles/cooperative_localization_s__rosidl_typesupport_introspection_c.dir/build'.
gmake[2]: Leaving directory '/home/lorenzo/robotica_ws/src/lorenzo.nobili/cooperative_localization/build/cooperative_localization'
gmake[2]: Entering directory '/home/lorenzo/robotica_ws/src/lorenzo.nobili/cooperative_localization/build/cooperative_localization'
gmake[2]: Nothing to be done for 'CMakeFiles/cooperative_localization_s__rosidl_typesupport_c.dir/build'.
gmake[2]: Leaving directory '/home/lorenzo/robotica_ws/src/lorenzo.nobili/cooperative_localization/build/cooperative_localization'
gmake[2]: Entering directory '/home/lorenzo/robotica_ws/src/lorenzo.nobili/cooperative_localization/build/cooperative_localization'
gmake[2]: Nothing to be done for 'CMakeFiles/cooperative_localization_s__rosidl_typesupport_fastrtps_c.dir/build'.
gmake[2]: Leaving directory '/home/lorenzo/robotica_ws/src/lorenzo.nobili/cooperative_localization/build/cooperative_localization'
[ 86%] Built target cooperative_localization_s__rosidl_typesupport_c
[ 89%] Built target cooperative_localization_s__rosidl_typesupport_introspection_c
[ 94%] Built target cooperative_localization_s__rosidl_typesupport_fastrtps_c
running egg_info
writing cooperative_localization.egg-info/PKG-INFO
writing dependency_links to cooperative_localization.egg-info/dependency_links.txt
writing top-level names to cooperative_localization.egg-info/top_level.txt
reading manifest file 'cooperative_localization.egg-info/SOURCES.txt'
writing manifest file 'cooperative_localization.egg-info/SOURCES.txt'
gmake[2]: Leaving directory '/home/lorenzo/robotica_ws/src/lorenzo.nobili/cooperative_localization/build/cooperative_localization'
[ 94%] Built target ament_cmake_python_build_cooperative_localization_egg
In file included from /usr/include/eigen3/Eigen/Core:199,
                 from /usr/include/eigen3/Eigen/Dense:1,
                 from /home/lorenzo/robotica_ws/src/lorenzo.nobili/cooperative_localization/include/ekf_centralized.h:4,
                 from /home/lorenzo/robotica_ws/src/lorenzo.nobili/cooperative_localization/src/ekf_centralized.cpp:1:
/usr/include/eigen3/Eigen/src/Core/arch/AVX/PacketMath.h: In function ‘Eigen::internal::Packet8bf Eigen::internal::F32ToBf16(const Packet8f&)’:
/usr/include/eigen3/Eigen/src/Core/arch/AVX/PacketMath.h:1275:13: warning: unused variable ‘r’ [-Wunused-variable]
 1275 |   Packet8bf r;
      |             ^
/home/lorenzo/robotica_ws/src/lorenzo.nobili/cooperative_localization/include/ekf_centralized.h: In constructor ‘EkfCentralized::EkfCentralized(int, const Eigen::VectorXd&)’:
/home/lorenzo/robotica_ws/src/lorenzo.nobili/cooperative_localization/include/ekf_centralized.h:33:9: warning: ‘EkfCentralized::num_robots_’ will be initialized after [-Wreorder]
   33 |     int num_robots_;
      |         ^~~~~~~~~~~
/home/lorenzo/robotica_ws/src/lorenzo.nobili/cooperative_localization/include/ekf_centralized.h:27:21: warning:   ‘Eigen::VectorXd EkfCentralized::state_’ [-Wreorder]
   27 |     Eigen::VectorXd state_;
      |                     ^~~~~~
/home/lorenzo/robotica_ws/src/lorenzo.nobili/cooperative_localization/src/ekf_centralized.cpp:5:1: warning:   when initialized here [-Wreorder]
    5 | EkfCentralized::EkfCentralized(int num_robots, const Eigen::VectorXd& initial_state) :
      | ^~~~~~~~~~~~~~
[ 97%] Linking CXX executable coop_localization_node
/usr/bin/cmake -E cmake_link_script CMakeFiles/coop_localization_node.dir/link.txt --verbose=1
/usr/bin/c++ CMakeFiles/coop_localization_node.dir/src/centralized_node.cpp.o CMakeFiles/coop_localization_node.dir/src/ekf_centralized.cpp.o -o coop_localization_node  -Wl,-rpath,/opt/ros/jazzy/lib:/home/lorenzo/robotica_ws/src/lorenzo.nobili/cooperative_localization/build/cooperative_localization:/home/lorenzo/miniconda3/lib: /opt/ros/jazzy/lib/librclcpp.so /opt/ros/jazzy/lib/libnav_msgs__rosidl_typesupport_fastrtps_c.so /opt/ros/jazzy/lib/libnav_msgs__rosidl_typesupport_fastrtps_cpp.so /opt/ros/jazzy/lib/libnav_msgs__rosidl_typesupport_introspection_c.so /opt/ros/jazzy/lib/libnav_msgs__rosidl_typesupport_introspection_cpp.so /opt/ros/jazzy/lib/libnav_msgs__rosidl_generator_py.so libcooperative_localization__rosidl_typesupport_cpp.so /opt/ros/jazzy/lib/liblibstatistics_collector.so /opt/ros/jazzy/lib/librcl.so /opt/ros/jazzy/lib/librmw_implementation.so /opt/ros/jazzy/lib/libtype_description_interfaces__rosidl_typesupport_fastrtps_c.so /opt/ros/jazzy/lib/libtype_description_interfaces__rosidl_typesupport_introspection_c.so /opt/ros/jazzy/lib/libtype_description_interfaces__rosidl_typesupport_fastrtps_cpp.so /opt/ros/jazzy/lib/libtype_description_interfaces__rosidl_typesupport_introspection_cpp.so /opt/ros/jazzy/lib/libtype_description_interfaces__rosidl_typesupport_cpp.so /opt/ros/jazzy/lib/libtype_description_interfaces__rosidl_generator_py.so /opt/ros/jazzy/lib/libtype_description_interfaces__rosidl_typesupport_c.so /opt/ros/jazzy/lib/libtype_description_interfaces__rosidl_generator_c.so /opt/ros/jazzy/lib/librcl_interfaces__rosidl_typesupport_fastrtps_c.so /opt/ros/jazzy/lib/librcl_interfaces__rosidl_typesupport_introspection_c.so /opt/ros/jazzy/lib/librcl_interfaces__rosidl_typesupport_fastrtps_cpp.so /opt/ros/jazzy/lib/librcl_interfaces__rosidl_typesupport_introspection_cpp.so /opt/ros/jazzy/lib/librcl_interfaces__rosidl_typesupport_cpp.so /opt/ros/jazzy/lib/librcl_interfaces__rosidl_generator_py.so /opt/ros/jazzy/lib/librcl_interfaces__rosidl_typesupport_c.so /opt/ros/jazzy/lib/librcl_interfaces__rosidl_generator_c.so /opt/ros/jazzy/lib/librcl_yaml_param_parser.so /opt/ros/jazzy/lib/librosgraph_msgs__rosidl_typesupport_fastrtps_c.so /opt/ros/jazzy/lib/librosgraph_msgs__rosidl_typesupport_fastrtps_cpp.so /opt/ros/jazzy/lib/librosgraph_msgs__rosidl_typesupport_introspection_c.so /opt/ros/jazzy/lib/librosgraph_msgs__rosidl_typesupport_introspection_cpp.so /opt/ros/jazzy/lib/librosgraph_msgs__rosidl_typesupport_cpp.so /opt/ros/jazzy/lib/librosgraph_msgs__rosidl_generator_py.so /opt/ros/jazzy/lib/librosgraph_msgs__rosidl_typesupport_c.so /opt/ros/jazzy/lib/librosgraph_msgs__rosidl_generator_c.so /opt/ros/jazzy/lib/libstatistics_msgs__rosidl_typesupport_fastrtps_c.so /opt/ros/jazzy/lib/libstatistics_msgs__rosidl_typesupport_fastrtps_cpp.so /opt/ros/jazzy/lib/libstatistics_msgs__rosidl_typesupport_introspection_c.so /opt/ros/jazzy/lib/libstatistics_msgs__rosidl_typesupport_introspection_cpp.so /opt/ros/jazzy/lib/libstatistics_msgs__rosidl_typesupport_cpp.so /opt/ros/jazzy/lib/libstatistics_msgs__rosidl_generator_py.so /opt/ros/jazzy/lib/libstatistics_msgs__rosidl_typesupport_c.so /opt/ros/jazzy/lib/libstatistics_msgs__rosidl_generator_c.so /opt/ros/jazzy/lib/libtracetools.so -llttng-ust -llttng-ust-common -rdynamic -ldl /opt/ros/jazzy/lib/librcl_logging_interface.so /opt/ros/jazzy/lib/libnav_msgs__rosidl_typesupport_c.so /opt/ros/jazzy/lib/libgeometry_msgs__rosidl_typesupport_fastrtps_c.so /opt/ros/jazzy/lib/libservice_msgs__rosidl_typesupport_fastrtps_c.so /opt/ros/jazzy/lib/libgeometry_msgs__rosidl_typesupport_fastrtps_cpp.so /opt/ros/jazzy/lib/libservice_msgs__rosidl_typesupport_fastrtps_cpp.so /opt/ros/jazzy/lib/libgeometry_msgs__rosidl_typesupport_introspection_c.so /opt/ros/jazzy/lib/libservice_msgs__rosidl_typesupport_introspection_c.so /opt/ros/jazzy/lib/libgeometry_msgs__rosidl_typesupport_introspection_cpp.so /opt/ros/jazzy/lib/libservice_msgs__rosidl_typesupport_introspection_cpp.so /opt/ros/jazzy/lib/libstd_msgs__rosidl_typesupport_fastrtps_c.so /opt/ros/jazzy/lib/libstd_msgs__rosidl_typesupport_fastrtps_cpp.so /opt/ros/jazzy/lib/libstd_msgs__rosidl_typesupport_introspection_c.so /opt/ros/jazzy/lib/libgeometry_msgs__rosidl_typesupport_c.so /opt/ros/jazzy/lib/libstd_msgs__rosidl_typesupport_introspection_cpp.so /opt/ros/jazzy/lib/libstd_msgs__rosidl_typesupport_c.so /opt/ros/jazzy/lib/libbuiltin_interfaces__rosidl_typesupport_fastrtps_c.so /opt/ros/jazzy/lib/librosidl_typesupport_fastrtps_c.so /opt/ros/jazzy/lib/libbuiltin_interfaces__rosidl_typesupport_introspection_c.so /opt/ros/jazzy/lib/libbuiltin_interfaces__rosidl_typesupport_fastrtps_cpp.so /opt/ros/jazzy/lib/librosidl_typesupport_fastrtps_cpp.so /opt/ros/jazzy/lib/librmw.so /opt/ros/jazzy/lib/librosidl_dynamic_typesupport.so /opt/ros/jazzy/lib/libfastcdr.so.2.2.5 /opt/ros/jazzy/lib/libbuiltin_interfaces__rosidl_typesupport_introspection_cpp.so /opt/ros/jazzy/lib/librosidl_typesupport_introspection_cpp.so /opt/ros/jazzy/lib/librosidl_typesupport_introspection_c.so /opt/ros/jazzy/lib/libbuiltin_interfaces__rosidl_generator_py.so /opt/ros/jazzy/lib/libservice_msgs__rosidl_typesupport_c.so /opt/ros/jazzy/lib/libbuiltin_interfaces__rosidl_typesupport_c.so /opt/ros/jazzy/lib/libnav_msgs__rosidl_typesupport_cpp.so /opt/ros/jazzy/lib/libgeometry_msgs__rosidl_typesupport_cpp.so /opt/ros/jazzy/lib/libstd_msgs__rosidl_typesupport_cpp.so /opt/ros/jazzy/lib/libservice_msgs__rosidl_typesupport_cpp.so /opt/ros/jazzy/lib/libbuiltin_interfaces__rosidl_typesupport_cpp.so /opt/ros/jazzy/lib/librosidl_typesupport_cpp.so libcooperative_localization__rosidl_generator_c.so /opt/ros/jazzy/lib/libnav_msgs__rosidl_generator_c.so /opt/ros/jazzy/lib/libgeometry_msgs__rosidl_generator_c.so /opt/ros/jazzy/lib/libstd_msgs__rosidl_generator_c.so /opt/ros/jazzy/lib/libservice_msgs__rosidl_generator_c.so /opt/ros/jazzy/lib/libbuiltin_interfaces__rosidl_generator_c.so /opt/ros/jazzy/lib/librosidl_typesupport_c.so /opt/ros/jazzy/lib/librcpputils.so /opt/ros/jazzy/lib/librosidl_runtime_c.so /opt/ros/jazzy/lib/librcutils.so -ldl -Wl,-rpath-link,/opt/ros/jazzy/lib:/home/lorenzo/miniconda3/lib 
gmake[2]: Leaving directory '/home/lorenzo/robotica_ws/src/lorenzo.nobili/cooperative_localization/build/cooperative_localization'
[100%] Built target coop_localization_node
gmake[1]: Leaving directory '/home/lorenzo/robotica_ws/src/lorenzo.nobili/cooperative_localization/build/cooperative_localization'
/usr/bin/cmake -E cmake_progress_start /home/lorenzo/robotica_ws/src/lorenzo.nobili/cooperative_localization/build/cooperative_localization/CMakeFiles 0

-- Install configuration: ""
-- Installing: /home/lorenzo/robotica_ws/src/lorenzo.nobili/cooperative_localization/install/cooperative_localization/share/ament_index/resource_index/rosidl_interfaces/cooperative_localization
-- Installing: /home/lorenzo/robotica_ws/src/lorenzo.nobili/cooperative_localization/install/cooperative_localization/share/cooperative_localization/msg/Measurement.json
-- Installing: /home/lorenzo/robotica_ws/src/lorenzo.nobili/cooperative_localization/install/cooperative_localization/include/cooperative_localization/cooperative_localization
-- Installing: /home/lorenzo/robotica_ws/src/lorenzo.nobili/cooperative_localization/install/cooperative_localization/include/cooperative_localization/cooperative_localization/msg
-- Installing: /home/lorenzo/robotica_ws/src/lorenzo.nobili/cooperative_localization/install/cooperative_localization/include/cooperative_localization/cooperative_localization/msg/detail
-- Installing: /home/lorenzo/robotica_ws/src/lorenzo.nobili/cooperative_localization/install/cooperative_localization/include/cooperative_localization/cooperative_localization/msg/detail/measurement__functions.c
-- Installing: /home/lorenzo/robotica_ws/src/lorenzo.nobili/cooperative_localization/install/cooperative_localization/include/cooperative_localization/cooperative_localization/msg/detail/measurement__description.c
-- Installing: /home/lorenzo/robotica_ws/src/lorenzo.nobili/cooperative_localization/install/cooperative_localization/include/cooperative_localization/cooperative_localization/msg/detail/measurement__struct.h
-- Installing: /home/lorenzo/robotica_ws/src/lorenzo.nobili/cooperative_localization/install/cooperative_localization/include/cooperative_localization/cooperative_localization/msg/detail/measurement__functions.h
-- Installing: /home/lorenzo/robotica_ws/src/lorenzo.nobili/cooperative_localization/install/cooperative_localization/include/cooperative_localization/cooperative_localization/msg/detail/measurement__type_support.c
-- Installing: /home/lorenzo/robotica_ws/src/lorenzo.nobili/cooperative_localization/install/cooperative_localization/include/cooperative_localization/cooperative_localization/msg/detail/measurement__type_support.h
-- Installing: /home/lorenzo/robotica_ws/src/lorenzo.nobili/cooperative_localization/install/cooperative_localization/include/cooperative_localization/cooperative_localization/msg/measurement.h
-- Installing: /home/lorenzo/robotica_ws/src/lorenzo.nobili/cooperative_localization/install/cooperative_localization/include/cooperative_localization/cooperative_localization/msg/rosidl_generator_c__visibility_control.h
-- Installing: /home/lorenzo/robotica_ws/src/lorenzo.nobili/cooperative_localization/install/cooperative_localization/share/cooperative_localization/environment/library_path.sh
-- Installing: /home/lorenzo/robotica_ws/src/lorenzo.nobili/cooperative_localization/install/cooperative_localization/share/cooperative_localization/environment/library_path.dsv
-- Installing: /home/lorenzo/robotica_ws/src/lorenzo.nobili/cooperative_localization/install/cooperative_localization/lib/libcooperative_localization__rosidl_generator_c.so
-- Set non-toolchain portion of runtime path of "/home/lorenzo/robotica_ws/src/lorenzo.nobili/cooperative_localization/install/cooperative_localization/lib/libcooperative_localization__rosidl_generator_c.so" to ""
-- Up-to-date: /home/lorenzo/robotica_ws/src/lorenzo.nobili/cooperative_localization/install/cooperative_localization/include/cooperative_localization/cooperative_localization
-- Up-to-date: /home/lorenzo/robotica_ws/src/lorenzo.nobili/cooperative_localization/install/cooperative_localization/include/cooperative_localization/cooperative_localization/msg
-- Up-to-date: /home/lorenzo/robotica_ws/src/lorenzo.nobili/cooperative_localization/install/cooperative_localization/include/cooperative_localization/cooperative_localization/msg/detail
-- Installing: /home/lorenzo/robotica_ws/src/lorenzo.nobili/cooperative_localization/install/cooperative_localization/include/cooperative_localization/cooperative_localization/msg/detail/measurement__rosidl_typesupport_fastrtps_c.h
-- Installing: /home/lorenzo/robotica_ws/src/lorenzo.nobili/cooperative_localization/install/cooperative_localization/include/cooperative_localization/cooperative_localization/msg/rosidl_typesupport_fastrtps_c__visibility_control.h
-- Installing: /home/lorenzo/robotica_ws/src/lorenzo.nobili/cooperative_localization/install/cooperative_localization/lib/libcooperative_localization__rosidl_typesupport_fastrtps_c.so
-- Set non-toolchain portion of runtime path of "/home/lorenzo/robotica_ws/src/lorenzo.nobili/cooperative_localization/install/cooperative_localization/lib/libcooperative_localization__rosidl_typesupport_fastrtps_c.so" to ""
-- Up-to-date: /home/lorenzo/robotica_ws/src/lorenzo.nobili/cooperative_localization/install/cooperative_localization/include/cooperative_localization/cooperative_localization
-- Up-to-date: /home/lorenzo/robotica_ws/src/lorenzo.nobili/cooperative_localization/install/cooperative_localization/include/cooperative_localization/cooperative_localization/msg
-- Up-to-date: /home/lorenzo/robotica_ws/src/lorenzo.nobili/cooperative_localization/install/cooperative_localization/include/cooperative_localization/cooperative_localization/msg/detail
-- Installing: /home/lorenzo/robotica_ws/src/lorenzo.nobili/cooperative_localization/install/cooperative_localization/include/cooperative_localization/cooperative_localization/msg/detail/measurement__type_support.hpp
-- Installing: /home/lorenzo/robotica_ws/src/lorenzo.nobili/cooperative_localization/install/cooperative_localization/include/cooperative_localization/cooperative_localization/msg/detail/measurement__struct.hpp
-- Installing: /home/lorenzo/robotica_ws/src/lorenzo.nobili/cooperative_localization/install/cooperative_localization/include/cooperative_localization/cooperative_localization/msg/detail/measurement__traits.hpp
-- Installing: /home/lorenzo/robotica_ws/src/lorenzo.nobili/cooperative_localization/install/cooperative_localization/include/cooperative_localization/cooperative_localization/msg/detail/measurement__builder.hpp
-- Installing: /home/lorenzo/robotica_ws/src/lorenzo.nobili/cooperative_localization/install/cooperative_localization/include/cooperative_localization/cooperative_localization/msg/measurement.hpp
-- Installing: /home/lorenzo/robotica_ws/src/lorenzo.nobili/cooperative_localization/install/cooperative_localization/include/cooperative_localization/cooperative_localization/msg/rosidl_generator_cpp__visibility_control.hpp
-- Up-to-date: /home/lorenzo/robotica_ws/src/lorenzo.nobili/cooperative_localization/install/cooperative_localization/include/cooperative_localization/cooperative_localization
-- Up-to-date: /home/lorenzo/robotica_ws/src/lorenzo.nobili/cooperative_localization/install/cooperative_localization/include/cooperative_localization/cooperative_localization/msg
-- Installing: /home/lorenzo/robotica_ws/src/lorenzo.nobili/cooperative_localization/install/cooperative_localization/include/cooperative_localization/cooperative_localization/msg/rosidl_typesupport_fastrtps_cpp__visibility_control.h
-- Up-to-date: /home/lorenzo/robotica_ws/src/lorenzo.nobili/cooperative_localization/install/cooperative_localization/include/cooperative_localization/cooperative_localization/msg/detail
-- Installing: /home/lorenzo/robotica_ws/src/lorenzo.nobili/cooperative_localization/install/cooperative_localization/include/cooperative_localization/cooperative_localization/msg/detail/measurement__rosidl_typesupport_fastrtps_cpp.hpp
-- Installing: /home/lorenzo/robotica_ws/src/lorenzo.nobili/cooperative_localization/install/cooperative_localization/include/cooperative_localization/cooperative_localization/msg/detail/dds_fastrtps
-- Installing: /home/lorenzo/robotica_ws/src/lorenzo.nobili/cooperative_localization/install/cooperative_localization/lib/libcooperative_localization__rosidl_typesupport_fastrtps_cpp.so
-- Set non-toolchain portion of runtime path of "/home/lorenzo/robotica_ws/src/lorenzo.nobili/cooperative_localization/install/cooperative_localization/lib/libcooperative_localization__rosidl_typesupport_fastrtps_cpp.so" to ""
-- Up-to-date: /home/lorenzo/robotica_ws/src/lorenzo.nobili/cooperative_localization/install/cooperative_localization/include/cooperative_localization/cooperative_localization
-- Up-to-date: /home/lorenzo/robotica_ws/src/lorenzo.nobili/cooperative_localization/install/cooperative_localization/include/cooperative_localization/cooperative_localization/msg
-- Up-to-date: /home/lorenzo/robotica_ws/src/lorenzo.nobili/cooperative_localization/install/cooperative_localization/include/cooperative_localization/cooperative_localization/msg/detail
-- Installing: /home/lorenzo/robotica_ws/src/lorenzo.nobili/cooperative_localization/install/cooperative_localization/include/cooperative_localization/cooperative_localization/msg/detail/measurement__rosidl_typesupport_introspection_c.h
-- Installing: /home/lorenzo/robotica_ws/src/lorenzo.nobili/cooperative_localization/install/cooperative_localization/include/cooperative_localization/cooperative_localization/msg/detail/measurement__type_support.c
-- Installing: /home/lorenzo/robotica_ws/src/lorenzo.nobili/cooperative_localization/install/cooperative_localization/include/cooperative_localization/cooperative_localization/msg/rosidl_typesupport_introspection_c__visibility_control.h
-- Installing: /home/lorenzo/robotica_ws/src/lorenzo.nobili/cooperative_localization/install/cooperative_localization/lib/libcooperative_localization__rosidl_typesupport_introspection_c.so
-- Set non-toolchain portion of runtime path of "/home/lorenzo/robotica_ws/src/lorenzo.nobili/cooperative_localization/install/cooperative_localization/lib/libcooperative_localization__rosidl_typesupport_introspection_c.so" to ""
-- Installing: /home/lorenzo/robotica_ws/src/lorenzo.nobili/cooperative_localization/install/cooperative_localization/lib/libcooperative_localization__rosidl_typesupport_c.so
-- Set non-toolchain portion of runtime path of "/home/lorenzo/robotica_ws/src/lorenzo.nobili/cooperative_localization/install/cooperative_localization/lib/libcooperative_localization__rosidl_typesupport_c.so" to ""
-- Up-to-date: /home/lorenzo/robotica_ws/src/lorenzo.nobili/cooperative_localization/install/cooperative_localization/include/cooperative_localization/cooperative_localization
-- Up-to-date: /home/lorenzo/robotica_ws/src/lorenzo.nobili/cooperative_localization/install/cooperative_localization/include/cooperative_localization/cooperative_localization/msg
-- Up-to-date: /home/lorenzo/robotica_ws/src/lorenzo.nobili/cooperative_localization/install/cooperative_localization/include/cooperative_localization/cooperative_localization/msg/detail
-- Installing: /home/lorenzo/robotica_ws/src/lorenzo.nobili/cooperative_localization/install/cooperative_localization/include/cooperative_localization/cooperative_localization/msg/detail/measurement__type_support.cpp
-- Installing: /home/lorenzo/robotica_ws/src/lorenzo.nobili/cooperative_localization/install/cooperative_localization/include/cooperative_localization/cooperative_localization/msg/detail/measurement__rosidl_typesupport_introspection_cpp.hpp
-- Installing: /home/lorenzo/robotica_ws/src/lorenzo.nobili/cooperative_localization/install/cooperative_localization/lib/libcooperative_localization__rosidl_typesupport_introspection_cpp.so
-- Set non-toolchain portion of runtime path of "/home/lorenzo/robotica_ws/src/lorenzo.nobili/cooperative_localization/install/cooperative_localization/lib/libcooperative_localization__rosidl_typesupport_introspection_cpp.so" to ""
-- Installing: /home/lorenzo/robotica_ws/src/lorenzo.nobili/cooperative_localization/install/cooperative_localization/lib/libcooperative_localization__rosidl_typesupport_cpp.so
-- Set non-toolchain portion of runtime path of "/home/lorenzo/robotica_ws/src/lorenzo.nobili/cooperative_localization/install/cooperative_localization/lib/libcooperative_localization__rosidl_typesupport_cpp.so" to ""
-- Installing: /home/lorenzo/robotica_ws/src/lorenzo.nobili/cooperative_localization/install/cooperative_localization/share/cooperative_localization/environment/pythonpath.sh
-- Installing: /home/lorenzo/robotica_ws/src/lorenzo.nobili/cooperative_localization/install/cooperative_localization/share/cooperative_localization/environment/pythonpath.dsv
-- Installing: /home/lorenzo/robotica_ws/src/lorenzo.nobili/cooperative_localization/install/cooperative_localization/lib/python3.12/site-packages/cooperative_localization-1.0.0-py3.12.egg-info
-- Installing: /home/lorenzo/robotica_ws/src/lorenzo.nobili/cooperative_localization/install/cooperative_localization/lib/python3.12/site-packages/cooperative_localization-1.0.0-py3.12.egg-info/dependency_links.txt
-- Installing: /home/lorenzo/robotica_ws/src/lorenzo.nobili/cooperative_localization/install/cooperative_localization/lib/python3.12/site-packages/cooperative_localization-1.0.0-py3.12.egg-info/PKG-INFO
-- Installing: /home/lorenzo/robotica_ws/src/lorenzo.nobili/cooperative_localization/install/cooperative_localization/lib/python3.12/site-packages/cooperative_localization-1.0.0-py3.12.egg-info/SOURCES.txt
-- Installing: /home/lorenzo/robotica_ws/src/lorenzo.nobili/cooperative_localization/install/cooperative_localization/lib/python3.12/site-packages/cooperative_localization-1.0.0-py3.12.egg-info/top_level.txt
-- Installing: /home/lorenzo/robotica_ws/src/lorenzo.nobili/cooperative_localization/install/cooperative_localization/lib/python3.12/site-packages/cooperative_localization
-- Installing: /home/lorenzo/robotica_ws/src/lorenzo.nobili/cooperative_localization/install/cooperative_localization/lib/python3.12/site-packages/cooperative_localization/cooperative_localization_s__rosidl_typesupport_introspection_c.so
-- Installing: /home/lorenzo/robotica_ws/src/lorenzo.nobili/cooperative_localization/install/cooperative_localization/lib/python3.12/site-packages/cooperative_localization/__init__.py
-- Installing: /home/lorenzo/robotica_ws/src/lorenzo.nobili/cooperative_localization/install/cooperative_localization/lib/python3.12/site-packages/cooperative_localization/_cooperative_localization_s.ep.rosidl_typesupport_c.c
-- Installing: /home/lorenzo/robotica_ws/src/lorenzo.nobili/cooperative_localization/install/cooperative_localization/lib/python3.12/site-packages/cooperative_localization/_cooperative_localization_s.ep.rosidl_typesupport_introspection_c.c
-- Installing: /home/lorenzo/robotica_ws/src/lorenzo.nobili/cooperative_localization/install/cooperative_localization/lib/python3.12/site-packages/cooperative_localization/msg
-- Installing: /home/lorenzo/robotica_ws/src/lorenzo.nobili/cooperative_localization/install/cooperative_localization/lib/python3.12/site-packages/cooperative_localization/msg/__init__.py
-- Installing: /home/lorenzo/robotica_ws/src/lorenzo.nobili/cooperative_localization/install/cooperative_localization/lib/python3.12/site-packages/cooperative_localization/msg/_measurement.py
-- Installing: /home/lorenzo/robotica_ws/src/lorenzo.nobili/cooperative_localization/install/cooperative_localization/lib/python3.12/site-packages/cooperative_localization/msg/_measurement_s.c
-- Installing: /home/lorenzo/robotica_ws/src/lorenzo.nobili/cooperative_localization/install/cooperative_localization/lib/python3.12/site-packages/cooperative_localization/cooperative_localization_s__rosidl_typesupport_fastrtps_c.so
-- Installing: /home/lorenzo/robotica_ws/src/lorenzo.nobili/cooperative_localization/install/cooperative_localization/lib/python3.12/site-packages/cooperative_localization/_cooperative_localization_s.ep.rosidl_typesupport_fastrtps_c.c
-- Installing: /home/lorenzo/robotica_ws/src/lorenzo.nobili/cooperative_localization/install/cooperative_localization/lib/python3.12/site-packages/cooperative_localization/cooperative_localization_s__rosidl_typesupport_c.so
Listing '/home/lorenzo/robotica_ws/src/lorenzo.nobili/cooperative_localization/install/cooperative_localization/lib/python3.12/site-packages/cooperative_localization'...
Compiling '/home/lorenzo/robotica_ws/src/lorenzo.nobili/cooperative_localization/install/cooperative_localization/lib/python3.12/site-packages/cooperative_localization/__init__.py'...
Listing '/home/lorenzo/robotica_ws/src/lorenzo.nobili/cooperative_localization/install/cooperative_localization/lib/python3.12/site-packages/cooperative_localization/msg'...
Compiling '/home/lorenzo/robotica_ws/src/lorenzo.nobili/cooperative_localization/install/cooperative_localization/lib/python3.12/site-packages/cooperative_localization/msg/__init__.py'...
Compiling '/home/lorenzo/robotica_ws/src/lorenzo.nobili/cooperative_localization/install/cooperative_localization/lib/python3.12/site-packages/cooperative_localization/msg/_measurement.py'...
-- Installing: /home/lorenzo/robotica_ws/src/lorenzo.nobili/cooperative_localization/install/cooperative_localization/lib/python3.12/site-packages/cooperative_localization/cooperative_localization_s__rosidl_typesupport_fastrtps_c.so
-- Set non-toolchain portion of runtime path of "/home/lorenzo/robotica_ws/src/lorenzo.nobili/cooperative_localization/install/cooperative_localization/lib/python3.12/site-packages/cooperative_localization/cooperative_localization_s__rosidl_typesupport_fastrtps_c.so" to ""
-- Installing: /home/lorenzo/robotica_ws/src/lorenzo.nobili/cooperative_localization/install/cooperative_localization/lib/python3.12/site-packages/cooperative_localization/cooperative_localization_s__rosidl_typesupport_introspection_c.so
-- Set non-toolchain portion of runtime path of "/home/lorenzo/robotica_ws/src/lorenzo.nobili/cooperative_localization/install/cooperative_localization/lib/python3.12/site-packages/cooperative_localization/cooperative_localization_s__rosidl_typesupport_introspection_c.so" to ""
-- Installing: /home/lorenzo/robotica_ws/src/lorenzo.nobili/cooperative_localization/install/cooperative_localization/lib/python3.12/site-packages/cooperative_localization/cooperative_localization_s__rosidl_typesupport_c.so
-- Set non-toolchain portion of runtime path of "/home/lorenzo/robotica_ws/src/lorenzo.nobili/cooperative_localization/install/cooperative_localization/lib/python3.12/site-packages/cooperative_localization/cooperative_localization_s__rosidl_typesupport_c.so" to ""
-- Installing: /home/lorenzo/robotica_ws/src/lorenzo.nobili/cooperative_localization/install/cooperative_localization/lib/libcooperative_localization__rosidl_generator_py.so
-- Set non-toolchain portion of runtime path of "/home/lorenzo/robotica_ws/src/lorenzo.nobili/cooperative_localization/install/cooperative_localization/lib/libcooperative_localization__rosidl_generator_py.so" to ""
-- Installing: /home/lorenzo/robotica_ws/src/lorenzo.nobili/cooperative_localization/install/cooperative_localization/share/cooperative_localization/msg/Measurement.idl
-- Installing: /home/lorenzo/robotica_ws/src/lorenzo.nobili/cooperative_localization/install/cooperative_localization/share/cooperative_localization/msg/Measurement.msg
-- Installing: /home/lorenzo/robotica_ws/src/lorenzo.nobili/cooperative_localization/install/cooperative_localization/lib/cooperative_localization/coop_localization_node
-- Set non-toolchain portion of runtime path of "/home/lorenzo/robotica_ws/src/lorenzo.nobili/cooperative_localization/install/cooperative_localization/lib/cooperative_localization/coop_localization_node" to ""
-- Installing: /home/lorenzo/robotica_ws/src/lorenzo.nobili/cooperative_localization/install/cooperative_localization/share/ament_index/resource_index/package_run_dependencies/cooperative_localization
-- Installing: /home/lorenzo/robotica_ws/src/lorenzo.nobili/cooperative_localization/install/cooperative_localization/share/ament_index/resource_index/parent_prefix_path/cooperative_localization
-- Installing: /home/lorenzo/robotica_ws/src/lorenzo.nobili/cooperative_localization/install/cooperative_localization/share/cooperative_localization/environment/ament_prefix_path.sh
-- Installing: /home/lorenzo/robotica_ws/src/lorenzo.nobili/cooperative_localization/install/cooperative_localization/share/cooperative_localization/environment/ament_prefix_path.dsv
-- Installing: /home/lorenzo/robotica_ws/src/lorenzo.nobili/cooperative_localization/install/cooperative_localization/share/cooperative_localization/environment/path.sh
-- Installing: /home/lorenzo/robotica_ws/src/lorenzo.nobili/cooperative_localization/install/cooperative_localization/share/cooperative_localization/environment/path.dsv
-- Installing: /home/lorenzo/robotica_ws/src/lorenzo.nobili/cooperative_localization/install/cooperative_localization/share/cooperative_localization/local_setup.bash
-- Installing: /home/lorenzo/robotica_ws/src/lorenzo.nobili/cooperative_localization/install/cooperative_localization/share/cooperative_localization/local_setup.sh
-- Installing: /home/lorenzo/robotica_ws/src/lorenzo.nobili/cooperative_localization/install/cooperative_localization/share/cooperative_localization/local_setup.zsh
-- Installing: /home/lorenzo/robotica_ws/src/lorenzo.nobili/cooperative_localization/install/cooperative_localization/share/cooperative_localization/local_setup.dsv
-- Installing: /home/lorenzo/robotica_ws/src/lorenzo.nobili/cooperative_localization/install/cooperative_localization/share/cooperative_localization/package.dsv
-- Installing: /home/lorenzo/robotica_ws/src/lorenzo.nobili/cooperative_localization/install/cooperative_localization/share/ament_index/resource_index/packages/cooperative_localization
-- Installing: /home/lorenzo/robotica_ws/src/lorenzo.nobili/cooperative_localization/install/cooperative_localization/share/cooperative_localization/cmake/export_cooperative_localization__rosidl_generator_cExport.cmake
-- Installing: /home/lorenzo/robotica_ws/src/lorenzo.nobili/cooperative_localization/install/cooperative_localization/share/cooperative_localization/cmake/export_cooperative_localization__rosidl_generator_cExport-noconfig.cmake
-- Installing: /home/lorenzo/robotica_ws/src/lorenzo.nobili/cooperative_localization/install/cooperative_localization/share/cooperative_localization/cmake/export_cooperative_localization__rosidl_typesupport_fastrtps_cExport.cmake
-- Installing: /home/lorenzo/robotica_ws/src/lorenzo.nobili/cooperative_localization/install/cooperative_localization/share/cooperative_localization/cmake/export_cooperative_localization__rosidl_typesupport_fastrtps_cExport-noconfig.cmake
-- Installing: /home/lorenzo/robotica_ws/src/lorenzo.nobili/cooperative_localization/install/cooperative_localization/share/cooperative_localization/cmake/export_cooperative_localization__rosidl_generator_cppExport.cmake
-- Installing: /home/lorenzo/robotica_ws/src/lorenzo.nobili/cooperative_localization/install/cooperative_localization/share/cooperative_localization/cmake/export_cooperative_localization__rosidl_typesupport_fastrtps_cppExport.cmake
-- Installing: /home/lorenzo/robotica_ws/src/lorenzo.nobili/cooperative_localization/install/cooperative_localization/share/cooperative_localization/cmake/export_cooperative_localization__rosidl_typesupport_fastrtps_cppExport-noconfig.cmake
-- Installing: /home/lorenzo/robotica_ws/src/lorenzo.nobili/cooperative_localization/install/cooperative_localization/share/cooperative_localization/cmake/cooperative_localization__rosidl_typesupport_introspection_cExport.cmake
-- Installing: /home/lorenzo/robotica_ws/src/lorenzo.nobili/cooperative_localization/install/cooperative_localization/share/cooperative_localization/cmake/cooperative_localization__rosidl_typesupport_introspection_cExport-noconfig.cmake
-- Installing: /home/lorenzo/robotica_ws/src/lorenzo.nobili/cooperative_localization/install/cooperative_localization/share/cooperative_localization/cmake/cooperative_localization__rosidl_typesupport_cExport.cmake
-- Installing: /home/lorenzo/robotica_ws/src/lorenzo.nobili/cooperative_localization/install/cooperative_localization/share/cooperative_localization/cmake/cooperative_localization__rosidl_typesupport_cExport-noconfig.cmake
-- Installing: /home/lorenzo/robotica_ws/src/lorenzo.nobili/cooperative_localization/install/cooperative_localization/share/cooperative_localization/cmake/cooperative_localization__rosidl_typesupport_introspection_cppExport.cmake
-- Installing: /home/lorenzo/robotica_ws/src/lorenzo.nobili/cooperative_localization/install/cooperative_localization/share/cooperative_localization/cmake/cooperative_localization__rosidl_typesupport_introspection_cppExport-noconfig.cmake
-- Installing: /home/lorenzo/robotica_ws/src/lorenzo.nobili/cooperative_localization/install/cooperative_localization/share/cooperative_localization/cmake/cooperative_localization__rosidl_typesupport_cppExport.cmake
-- Installing: /home/lorenzo/robotica_ws/src/lorenzo.nobili/cooperative_localization/install/cooperative_localization/share/cooperative_localization/cmake/cooperative_localization__rosidl_typesupport_cppExport-noconfig.cmake
-- Installing: /home/lorenzo/robotica_ws/src/lorenzo.nobili/cooperative_localization/install/cooperative_localization/share/cooperative_localization/cmake/export_cooperative_localization__rosidl_generator_pyExport.cmake
-- Installing: /home/lorenzo/robotica_ws/src/lorenzo.nobili/cooperative_localization/install/cooperative_localization/share/cooperative_localization/cmake/export_cooperative_localization__rosidl_generator_pyExport-noconfig.cmake
-- Installing: /home/lorenzo/robotica_ws/src/lorenzo.nobili/cooperative_localization/install/cooperative_localization/share/cooperative_localization/cmake/rosidl_cmake-extras.cmake
-- Installing: /home/lorenzo/robotica_ws/src/lorenzo.nobili/cooperative_localization/install/cooperative_localization/share/cooperative_localization/cmake/ament_cmake_export_dependencies-extras.cmake
-- Installing: /home/lorenzo/robotica_ws/src/lorenzo.nobili/cooperative_localization/install/cooperative_localization/share/cooperative_localization/cmake/ament_cmake_export_include_directories-extras.cmake
-- Installing: /home/lorenzo/robotica_ws/src/lorenzo.nobili/cooperative_localization/install/cooperative_localization/share/cooperative_localization/cmake/ament_cmake_export_libraries-extras.cmake
-- Installing: /home/lorenzo/robotica_ws/src/lorenzo.nobili/cooperative_localization/install/cooperative_localization/share/cooperative_localization/cmake/ament_cmake_export_targets-extras.cmake
-- Installing: /home/lorenzo/robotica_ws/src/lorenzo.nobili/cooperative_localization/install/cooperative_localization/share/cooperative_localization/cmake/rosidl_cmake_export_typesupport_targets-extras.cmake
-- Installing: /home/lorenzo/robotica_ws/src/lorenzo.nobili/cooperative_localization/install/cooperative_localization/share/cooperative_localization/cmake/rosidl_cmake_export_typesupport_libraries-extras.cmake
-- Installing: /home/lorenzo/robotica_ws/src/lorenzo.nobili/cooperative_localization/install/cooperative_localization/share/cooperative_localization/cmake/cooperative_localizationConfig.cmake
-- Installing: /home/lorenzo/robotica_ws/src/lorenzo.nobili/cooperative_localization/install/cooperative_localization/share/cooperative_localization/cmake/cooperative_localizationConfig-version.cmake
-- Installing: /home/lorenzo/robotica_ws/src/lorenzo.nobili/cooperative_localization/install/cooperative_localization/share/cooperative_localization/package.xml
