[  1%] Built target cooperative_localization__rosidl_generator_type_description
[  1%] Built target ament_cmake_python_copy_cooperative_localization
[  3%] Built target cooperative_localization__cpp
[ 13%] Built target cooperative_localization__rosidl_generator_c
[ 23%] Built target evaluate_accuracy
[ 31%] Built target test_dataset
[ 37%] Built target cooperative_localization__rosidl_typesupport_introspection_c
[ 43%] Built target cooperative_localization__rosidl_typesupport_c
[ 49%] Built target cooperative_localization__rosidl_typesupport_fastrtps_c
[ 54%] Built target cooperative_localization__rosidl_typesupport_cpp
[ 60%] Built target cooperative_localization__rosidl_typesupport_introspection_cpp
[ 66%] Built target cooperative_localization__rosidl_typesupport_fastrtps_cpp
[ 66%] Built target cooperative_localization
[ 72%] Built target robot_node
[ 74%] Built target cooperative_localization__py
[ 84%] Built target coop_localization_node
[ 88%] Built target cooperative_localization__rosidl_generator_py
[ 96%] Built target cooperative_localization_s__rosidl_typesupport_introspection_c
[ 96%] Built target cooperative_localization_s__rosidl_typesupport_fastrtps_c
[100%] Built target cooperative_localization_s__rosidl_typesupport_c
running egg_info
writing cooperative_localization.egg-info/PKG-INFO
writing dependency_links to cooperative_localization.egg-info/dependency_links.txt
writing top-level names to cooperative_localization.egg-info/top_level.txt
reading manifest file 'cooperative_localization.egg-info/SOURCES.txt'
writing manifest file 'cooperative_localization.egg-info/SOURCES.txt'
[100%] Built target ament_cmake_python_build_cooperative_localization_egg
-- Install configuration: ""
-- Up-to-date: /home/lorenzo/robotica_ws/install/cooperative_localization/share/ament_index/resource_index/rosidl_interfaces/cooperative_localization
-- Up-to-date: /home/lorenzo/robotica_ws/install/cooperative_localization/share/cooperative_localization/msg/Measurement.json
-- Up-to-date: /home/lorenzo/robotica_ws/install/cooperative_localization/include/cooperative_localization/cooperative_localization
-- Up-to-date: /home/lorenzo/robotica_ws/install/cooperative_localization/include/cooperative_localization/cooperative_localization/msg
-- Up-to-date: /home/lorenzo/robotica_ws/install/cooperative_localization/include/cooperative_localization/cooperative_localization/msg/detail
-- Up-to-date: /home/lorenzo/robotica_ws/install/cooperative_localization/include/cooperative_localization/cooperative_localization/msg/detail/measurement__functions.c
-- Up-to-date: /home/lorenzo/robotica_ws/install/cooperative_localization/include/cooperative_localization/cooperative_localization/msg/detail/measurement__description.c
-- Up-to-date: /home/lorenzo/robotica_ws/install/cooperative_localization/include/cooperative_localization/cooperative_localization/msg/detail/measurement__struct.h
-- Up-to-date: /home/lorenzo/robotica_ws/install/cooperative_localization/include/cooperative_localization/cooperative_localization/msg/detail/measurement__functions.h
-- Installing: /home/lorenzo/robotica_ws/install/cooperative_localization/include/cooperative_localization/cooperative_localization/msg/detail/measurement__type_support.c
-- Up-to-date: /home/lorenzo/robotica_ws/install/cooperative_localization/include/cooperative_localization/cooperative_localization/msg/detail/measurement__type_support.h
-- Up-to-date: /home/lorenzo/robotica_ws/install/cooperative_localization/include/cooperative_localization/cooperative_localization/msg/measurement.h
-- Up-to-date: /home/lorenzo/robotica_ws/install/cooperative_localization/include/cooperative_localization/cooperative_localization/msg/rosidl_generator_c__visibility_control.h
-- Up-to-date: /home/lorenzo/robotica_ws/install/cooperative_localization/share/cooperative_localization/environment/library_path.sh
-- Up-to-date: /home/lorenzo/robotica_ws/install/cooperative_localization/share/cooperative_localization/environment/library_path.dsv
-- Up-to-date: /home/lorenzo/robotica_ws/install/cooperative_localization/lib/libcooperative_localization__rosidl_generator_c.so
-- Up-to-date: /home/lorenzo/robotica_ws/install/cooperative_localization/include/cooperative_localization/cooperative_localization
-- Up-to-date: /home/lorenzo/robotica_ws/install/cooperative_localization/include/cooperative_localization/cooperative_localization/msg
-- Up-to-date: /home/lorenzo/robotica_ws/install/cooperative_localization/include/cooperative_localization/cooperative_localization/msg/detail
-- Up-to-date: /home/lorenzo/robotica_ws/install/cooperative_localization/include/cooperative_localization/cooperative_localization/msg/detail/measurement__rosidl_typesupport_fastrtps_c.h
-- Up-to-date: /home/lorenzo/robotica_ws/install/cooperative_localization/include/cooperative_localization/cooperative_localization/msg/rosidl_typesupport_fastrtps_c__visibility_control.h
-- Up-to-date: /home/lorenzo/robotica_ws/install/cooperative_localization/lib/libcooperative_localization__rosidl_typesupport_fastrtps_c.so
-- Up-to-date: /home/lorenzo/robotica_ws/install/cooperative_localization/include/cooperative_localization/cooperative_localization
-- Up-to-date: /home/lorenzo/robotica_ws/install/cooperative_localization/include/cooperative_localization/cooperative_localization/msg
-- Up-to-date: /home/lorenzo/robotica_ws/install/cooperative_localization/include/cooperative_localization/cooperative_localization/msg/detail
-- Up-to-date: /home/lorenzo/robotica_ws/install/cooperative_localization/include/cooperative_localization/cooperative_localization/msg/detail/measurement__type_support.hpp
-- Up-to-date: /home/lorenzo/robotica_ws/install/cooperative_localization/include/cooperative_localization/cooperative_localization/msg/detail/measurement__struct.hpp
-- Up-to-date: /home/lorenzo/robotica_ws/install/cooperative_localization/include/cooperative_localization/cooperative_localization/msg/detail/measurement__traits.hpp
-- Up-to-date: /home/lorenzo/robotica_ws/install/cooperative_localization/include/cooperative_localization/cooperative_localization/msg/detail/measurement__builder.hpp
-- Up-to-date: /home/lorenzo/robotica_ws/install/cooperative_localization/include/cooperative_localization/cooperative_localization/msg/measurement.hpp
-- Up-to-date: /home/lorenzo/robotica_ws/install/cooperative_localization/include/cooperative_localization/cooperative_localization/msg/rosidl_generator_cpp__visibility_control.hpp
-- Up-to-date: /home/lorenzo/robotica_ws/install/cooperative_localization/include/cooperative_localization/cooperative_localization
-- Up-to-date: /home/lorenzo/robotica_ws/install/cooperative_localization/include/cooperative_localization/cooperative_localization/msg
-- Up-to-date: /home/lorenzo/robotica_ws/install/cooperative_localization/include/cooperative_localization/cooperative_localization/msg/rosidl_typesupport_fastrtps_cpp__visibility_control.h
-- Up-to-date: /home/lorenzo/robotica_ws/install/cooperative_localization/include/cooperative_localization/cooperative_localization/msg/detail
-- Up-to-date: /home/lorenzo/robotica_ws/install/cooperative_localization/include/cooperative_localization/cooperative_localization/msg/detail/measurement__rosidl_typesupport_fastrtps_cpp.hpp
-- Up-to-date: /home/lorenzo/robotica_ws/install/cooperative_localization/include/cooperative_localization/cooperative_localization/msg/detail/dds_fastrtps
-- Up-to-date: /home/lorenzo/robotica_ws/install/cooperative_localization/lib/libcooperative_localization__rosidl_typesupport_fastrtps_cpp.so
-- Up-to-date: /home/lorenzo/robotica_ws/install/cooperative_localization/include/cooperative_localization/cooperative_localization
-- Up-to-date: /home/lorenzo/robotica_ws/install/cooperative_localization/include/cooperative_localization/cooperative_localization/msg
-- Up-to-date: /home/lorenzo/robotica_ws/install/cooperative_localization/include/cooperative_localization/cooperative_localization/msg/detail
-- Up-to-date: /home/lorenzo/robotica_ws/install/cooperative_localization/include/cooperative_localization/cooperative_localization/msg/detail/measurement__rosidl_typesupport_introspection_c.h
-- Installing: /home/lorenzo/robotica_ws/install/cooperative_localization/include/cooperative_localization/cooperative_localization/msg/detail/measurement__type_support.c
-- Up-to-date: /home/lorenzo/robotica_ws/install/cooperative_localization/include/cooperative_localization/cooperative_localization/msg/rosidl_typesupport_introspection_c__visibility_control.h
-- Up-to-date: /home/lorenzo/robotica_ws/install/cooperative_localization/lib/libcooperative_localization__rosidl_typesupport_introspection_c.so
-- Up-to-date: /home/lorenzo/robotica_ws/install/cooperative_localization/lib/libcooperative_localization__rosidl_typesupport_c.so
-- Up-to-date: /home/lorenzo/robotica_ws/install/cooperative_localization/include/cooperative_localization/cooperative_localization
-- Up-to-date: /home/lorenzo/robotica_ws/install/cooperative_localization/include/cooperative_localization/cooperative_localization/msg
-- Up-to-date: /home/lorenzo/robotica_ws/install/cooperative_localization/include/cooperative_localization/cooperative_localization/msg/detail
-- Up-to-date: /home/lorenzo/robotica_ws/install/cooperative_localization/include/cooperative_localization/cooperative_localization/msg/detail/measurement__type_support.cpp
-- Up-to-date: /home/lorenzo/robotica_ws/install/cooperative_localization/include/cooperative_localization/cooperative_localization/msg/detail/measurement__rosidl_typesupport_introspection_cpp.hpp
-- Up-to-date: /home/lorenzo/robotica_ws/install/cooperative_localization/lib/libcooperative_localization__rosidl_typesupport_introspection_cpp.so
-- Up-to-date: /home/lorenzo/robotica_ws/install/cooperative_localization/lib/libcooperative_localization__rosidl_typesupport_cpp.so
-- Up-to-date: /home/lorenzo/robotica_ws/install/cooperative_localization/share/cooperative_localization/environment/pythonpath.sh
-- Up-to-date: /home/lorenzo/robotica_ws/install/cooperative_localization/share/cooperative_localization/environment/pythonpath.dsv
-- Up-to-date: /home/lorenzo/robotica_ws/install/cooperative_localization/lib/python3.12/site-packages/cooperative_localization-1.0.0-py3.12.egg-info
-- Installing: /home/lorenzo/robotica_ws/install/cooperative_localization/lib/python3.12/site-packages/cooperative_localization-1.0.0-py3.12.egg-info/dependency_links.txt
-- Installing: /home/lorenzo/robotica_ws/install/cooperative_localization/lib/python3.12/site-packages/cooperative_localization-1.0.0-py3.12.egg-info/PKG-INFO
-- Installing: /home/lorenzo/robotica_ws/install/cooperative_localization/lib/python3.12/site-packages/cooperative_localization-1.0.0-py3.12.egg-info/SOURCES.txt
-- Installing: /home/lorenzo/robotica_ws/install/cooperative_localization/lib/python3.12/site-packages/cooperative_localization-1.0.0-py3.12.egg-info/top_level.txt
-- Up-to-date: /home/lorenzo/robotica_ws/install/cooperative_localization/lib/python3.12/site-packages/cooperative_localization
-- Up-to-date: /home/lorenzo/robotica_ws/install/cooperative_localization/lib/python3.12/site-packages/cooperative_localization/cooperative_localization_s__rosidl_typesupport_introspection_c.so
-- Up-to-date: /home/lorenzo/robotica_ws/install/cooperative_localization/lib/python3.12/site-packages/cooperative_localization/__init__.py
-- Up-to-date: /home/lorenzo/robotica_ws/install/cooperative_localization/lib/python3.12/site-packages/cooperative_localization/_cooperative_localization_s.ep.rosidl_typesupport_c.c
-- Up-to-date: /home/lorenzo/robotica_ws/install/cooperative_localization/lib/python3.12/site-packages/cooperative_localization/_cooperative_localization_s.ep.rosidl_typesupport_introspection_c.c
-- Up-to-date: /home/lorenzo/robotica_ws/install/cooperative_localization/lib/python3.12/site-packages/cooperative_localization/msg
-- Up-to-date: /home/lorenzo/robotica_ws/install/cooperative_localization/lib/python3.12/site-packages/cooperative_localization/msg/__init__.py
-- Up-to-date: /home/lorenzo/robotica_ws/install/cooperative_localization/lib/python3.12/site-packages/cooperative_localization/msg/_measurement.py
-- Up-to-date: /home/lorenzo/robotica_ws/install/cooperative_localization/lib/python3.12/site-packages/cooperative_localization/msg/_measurement_s.c
-- Up-to-date: /home/lorenzo/robotica_ws/install/cooperative_localization/lib/python3.12/site-packages/cooperative_localization/cooperative_localization_s__rosidl_typesupport_fastrtps_c.so
-- Up-to-date: /home/lorenzo/robotica_ws/install/cooperative_localization/lib/python3.12/site-packages/cooperative_localization/_cooperative_localization_s.ep.rosidl_typesupport_fastrtps_c.c
-- Up-to-date: /home/lorenzo/robotica_ws/install/cooperative_localization/lib/python3.12/site-packages/cooperative_localization/cooperative_localization_s__rosidl_typesupport_c.so
Listing '/home/lorenzo/robotica_ws/install/cooperative_localization/lib/python3.12/site-packages/cooperative_localization'...
Listing '/home/lorenzo/robotica_ws/install/cooperative_localization/lib/python3.12/site-packages/cooperative_localization/msg'...
-- Up-to-date: /home/lorenzo/robotica_ws/install/cooperative_localization/lib/python3.12/site-packages/cooperative_localization/cooperative_localization_s__rosidl_typesupport_fastrtps_c.so
-- Up-to-date: /home/lorenzo/robotica_ws/install/cooperative_localization/lib/python3.12/site-packages/cooperative_localization/cooperative_localization_s__rosidl_typesupport_introspection_c.so
-- Up-to-date: /home/lorenzo/robotica_ws/install/cooperative_localization/lib/python3.12/site-packages/cooperative_localization/cooperative_localization_s__rosidl_typesupport_c.so
-- Up-to-date: /home/lorenzo/robotica_ws/install/cooperative_localization/lib/libcooperative_localization__rosidl_generator_py.so
-- Up-to-date: /home/lorenzo/robotica_ws/install/cooperative_localization/share/cooperative_localization/msg/Measurement.idl
-- Up-to-date: /home/lorenzo/robotica_ws/install/cooperative_localization/share/cooperative_localization/msg/Measurement.msg
-- Up-to-date: /home/lorenzo/robotica_ws/install/cooperative_localization/lib/cooperative_localization/coop_localization_node
-- Up-to-date: /home/lorenzo/robotica_ws/install/cooperative_localization/lib/cooperative_localization/robot_node
-- Up-to-date: /home/lorenzo/robotica_ws/install/cooperative_localization/lib/cooperative_localization/test_dataset
-- Up-to-date: /home/lorenzo/robotica_ws/install/cooperative_localization/lib/cooperative_localization/evaluate_accuracy
-- Up-to-date: /home/lorenzo/robotica_ws/install/cooperative_localization/share/cooperative_localization/launch
-- Up-to-date: /home/lorenzo/robotica_ws/install/cooperative_localization/share/cooperative_localization/launch/cooperative_localization_launch.py
-- Up-to-date: /home/lorenzo/robotica_ws/install/cooperative_localization/share/ament_index/resource_index/package_run_dependencies/cooperative_localization
-- Up-to-date: /home/lorenzo/robotica_ws/install/cooperative_localization/share/ament_index/resource_index/parent_prefix_path/cooperative_localization
-- Up-to-date: /home/lorenzo/robotica_ws/install/cooperative_localization/share/cooperative_localization/environment/ament_prefix_path.sh
-- Up-to-date: /home/lorenzo/robotica_ws/install/cooperative_localization/share/cooperative_localization/environment/ament_prefix_path.dsv
-- Up-to-date: /home/lorenzo/robotica_ws/install/cooperative_localization/share/cooperative_localization/environment/path.sh
-- Up-to-date: /home/lorenzo/robotica_ws/install/cooperative_localization/share/cooperative_localization/environment/path.dsv
-- Up-to-date: /home/lorenzo/robotica_ws/install/cooperative_localization/share/cooperative_localization/local_setup.bash
-- Up-to-date: /home/lorenzo/robotica_ws/install/cooperative_localization/share/cooperative_localization/local_setup.sh
-- Up-to-date: /home/lorenzo/robotica_ws/install/cooperative_localization/share/cooperative_localization/local_setup.zsh
-- Up-to-date: /home/lorenzo/robotica_ws/install/cooperative_localization/share/cooperative_localization/local_setup.dsv
-- Installing: /home/lorenzo/robotica_ws/install/cooperative_localization/share/cooperative_localization/package.dsv
-- Up-to-date: /home/lorenzo/robotica_ws/install/cooperative_localization/share/ament_index/resource_index/packages/cooperative_localization
-- Up-to-date: /home/lorenzo/robotica_ws/install/cooperative_localization/share/cooperative_localization/cmake/export_cooperative_localization__rosidl_generator_cExport.cmake
-- Up-to-date: /home/lorenzo/robotica_ws/install/cooperative_localization/share/cooperative_localization/cmake/export_cooperative_localization__rosidl_generator_cExport-noconfig.cmake
-- Up-to-date: /home/lorenzo/robotica_ws/install/cooperative_localization/share/cooperative_localization/cmake/export_cooperative_localization__rosidl_typesupport_fastrtps_cExport.cmake
-- Up-to-date: /home/lorenzo/robotica_ws/install/cooperative_localization/share/cooperative_localization/cmake/export_cooperative_localization__rosidl_typesupport_fastrtps_cExport-noconfig.cmake
-- Up-to-date: /home/lorenzo/robotica_ws/install/cooperative_localization/share/cooperative_localization/cmake/export_cooperative_localization__rosidl_generator_cppExport.cmake
-- Up-to-date: /home/lorenzo/robotica_ws/install/cooperative_localization/share/cooperative_localization/cmake/export_cooperative_localization__rosidl_typesupport_fastrtps_cppExport.cmake
-- Up-to-date: /home/lorenzo/robotica_ws/install/cooperative_localization/share/cooperative_localization/cmake/export_cooperative_localization__rosidl_typesupport_fastrtps_cppExport-noconfig.cmake
-- Up-to-date: /home/lorenzo/robotica_ws/install/cooperative_localization/share/cooperative_localization/cmake/cooperative_localization__rosidl_typesupport_introspection_cExport.cmake
-- Up-to-date: /home/lorenzo/robotica_ws/install/cooperative_localization/share/cooperative_localization/cmake/cooperative_localization__rosidl_typesupport_introspection_cExport-noconfig.cmake
-- Up-to-date: /home/lorenzo/robotica_ws/install/cooperative_localization/share/cooperative_localization/cmake/cooperative_localization__rosidl_typesupport_cExport.cmake
-- Up-to-date: /home/lorenzo/robotica_ws/install/cooperative_localization/share/cooperative_localization/cmake/cooperative_localization__rosidl_typesupport_cExport-noconfig.cmake
-- Up-to-date: /home/lorenzo/robotica_ws/install/cooperative_localization/share/cooperative_localization/cmake/cooperative_localization__rosidl_typesupport_introspection_cppExport.cmake
-- Up-to-date: /home/lorenzo/robotica_ws/install/cooperative_localization/share/cooperative_localization/cmake/cooperative_localization__rosidl_typesupport_introspection_cppExport-noconfig.cmake
-- Up-to-date: /home/lorenzo/robotica_ws/install/cooperative_localization/share/cooperative_localization/cmake/cooperative_localization__rosidl_typesupport_cppExport.cmake
-- Up-to-date: /home/lorenzo/robotica_ws/install/cooperative_localization/share/cooperative_localization/cmake/cooperative_localization__rosidl_typesupport_cppExport-noconfig.cmake
-- Up-to-date: /home/lorenzo/robotica_ws/install/cooperative_localization/share/cooperative_localization/cmake/export_cooperative_localization__rosidl_generator_pyExport.cmake
-- Up-to-date: /home/lorenzo/robotica_ws/install/cooperative_localization/share/cooperative_localization/cmake/export_cooperative_localization__rosidl_generator_pyExport-noconfig.cmake
-- Up-to-date: /home/lorenzo/robotica_ws/install/cooperative_localization/share/cooperative_localization/cmake/rosidl_cmake-extras.cmake
-- Up-to-date: /home/lorenzo/robotica_ws/install/cooperative_localization/share/cooperative_localization/cmake/ament_cmake_export_dependencies-extras.cmake
-- Up-to-date: /home/lorenzo/robotica_ws/install/cooperative_localization/share/cooperative_localization/cmake/ament_cmake_export_include_directories-extras.cmake
-- Up-to-date: /home/lorenzo/robotica_ws/install/cooperative_localization/share/cooperative_localization/cmake/ament_cmake_export_libraries-extras.cmake
-- Up-to-date: /home/lorenzo/robotica_ws/install/cooperative_localization/share/cooperative_localization/cmake/ament_cmake_export_targets-extras.cmake
-- Up-to-date: /home/lorenzo/robotica_ws/install/cooperative_localization/share/cooperative_localization/cmake/rosidl_cmake_export_typesupport_targets-extras.cmake
-- Up-to-date: /home/lorenzo/robotica_ws/install/cooperative_localization/share/cooperative_localization/cmake/rosidl_cmake_export_typesupport_libraries-extras.cmake
-- Up-to-date: /home/lorenzo/robotica_ws/install/cooperative_localization/share/cooperative_localization/cmake/cooperative_localizationConfig.cmake
-- Up-to-date: /home/lorenzo/robotica_ws/install/cooperative_localization/share/cooperative_localization/cmake/cooperative_localizationConfig-version.cmake
-- Up-to-date: /home/lorenzo/robotica_ws/install/cooperative_localization/share/cooperative_localization/package.xml
