[1.495s] DEBUG:colcon:Command line arguments: ['/usr/bin/colcon', 'build', '--packages-select', 'cooperative_localization']
[1.495s] DEBUG:colcon:Parsed command line arguments: Namespace(log_base=None, log_level=None, verb_name='build', build_base='build', install_base='install', merge_install=False, symlink_install=False, test_result_base=None, continue_on_error=False, executor='parallel', parallel_workers=12, event_handlers=None, ignore_user_meta=False, metas=['./colcon.meta'], base_paths=['.'], packages_ignore=None, packages_ignore_regex=None, paths=None, packages_up_to=None, packages_up_to_regex=None, packages_above=None, packages_above_and_dependencies=None, packages_above_depth=None, packages_select_by_dep=None, packages_skip_by_dep=None, packages_skip_up_to=None, packages_select_build_failed=False, packages_skip_build_finished=False, packages_select_test_failures=False, packages_skip_test_passed=False, packages_select=['cooperative_localization'], packages_skip=None, packages_select_regex=None, packages_skip_regex=None, packages_start=None, packages_end=None, allow_overriding=[], bazel_args=None, bazel_task=None, cmake_args=None, cmake_target=None, cmake_target_skip_unavailable=False, cmake_clean_cache=False, cmake_clean_first=False, cmake_force_configure=False, meson_args=[], ament_cmake_args=None, catkin_cmake_args=None, catkin_skip_building_tests=False, mixin_files=None, mixin=None, verb_parser=<colcon_alias.argument_parser.alias.AliasArgumentDecorator object at 0x7f964c8cabd0>, verb_extension=<colcon_core.verb.build.BuildVerb object at 0x7f964c8ca300>, main=<bound method BuildVerb.main of <colcon_core.verb.build.BuildVerb object at 0x7f964c8ca300>>, mixin_verb=('build',))
[1.667s] Level 1:colcon.colcon_core.package_discovery:discover_packages(colcon_meta) check parameters
[1.668s] Level 1:colcon.colcon_core.package_discovery:discover_packages(recursive) check parameters
[1.668s] Level 1:colcon.colcon_core.package_discovery:discover_packages(ignore) check parameters
[1.668s] Level 1:colcon.colcon_core.package_discovery:discover_packages(path) check parameters
[1.668s] Level 1:colcon.colcon_core.package_discovery:discover_packages(colcon_meta) discover
[1.668s] Level 1:colcon.colcon_core.package_discovery:discover_packages(recursive) discover
[1.668s] INFO:colcon.colcon_core.package_discovery:Crawling recursively for packages in '/home/lorenzo/robotica_ws/src/lorenzo.nobili/cooperative_localization'
[1.668s] Level 1:colcon.colcon_core.package_identification:_identify(.) by extensions ['ignore', 'ignore_ament_install']
[1.669s] Level 1:colcon.colcon_core.package_identification:_identify(.) by extension 'ignore'
[1.669s] Level 1:colcon.colcon_core.package_identification:_identify(.) by extension 'ignore_ament_install'
[1.669s] Level 1:colcon.colcon_core.package_identification:_identify(.) by extensions ['colcon_pkg']
[1.669s] Level 1:colcon.colcon_core.package_identification:_identify(.) by extension 'colcon_pkg'
[1.669s] Level 1:colcon.colcon_core.package_identification:_identify(.) by extensions ['colcon_meta']
[1.669s] Level 1:colcon.colcon_core.package_identification:_identify(.) by extension 'colcon_meta'
[1.670s] Level 1:colcon.colcon_core.package_identification:_identify(.) by extensions ['ros']
[1.670s] Level 1:colcon.colcon_core.package_identification:_identify(.) by extension 'ros'
[1.683s] DEBUG:colcon.colcon_core.package_identification:Package '.' with type 'ros.ament_cmake' and name 'cooperative_localization'
[1.683s] Level 1:colcon.colcon_core.package_discovery:discover_packages(recursive) using defaults
[1.683s] Level 1:colcon.colcon_core.package_discovery:discover_packages(ignore) discover
[1.683s] Level 1:colcon.colcon_core.package_discovery:discover_packages(ignore) using defaults
[1.683s] Level 1:colcon.colcon_core.package_discovery:discover_packages(path) discover
[1.684s] Level 1:colcon.colcon_core.package_discovery:discover_packages(path) using defaults
[1.719s] Level 1:colcon.colcon_core.package_discovery:discover_packages(prefix_path) check parameters
[1.719s] Level 1:colcon.colcon_core.package_discovery:discover_packages(prefix_path) discover
[1.725s] DEBUG:colcon.colcon_installed_package_information.package_discovery:Found 1 installed packages in /home/lorenzo/robotica_ws/install
[1.732s] DEBUG:colcon.colcon_installed_package_information.package_discovery:Found 392 installed packages in /opt/ros/jazzy
[1.738s] Level 1:colcon.colcon_core.package_discovery:discover_packages(prefix_path) using defaults
[1.888s] Level 5:colcon.colcon_core.verb:set package 'cooperative_localization' build argument 'bazel_args' from command line to 'None'
[1.889s] Level 5:colcon.colcon_core.verb:set package 'cooperative_localization' build argument 'bazel_task' from command line to 'None'
[1.889s] Level 5:colcon.colcon_core.verb:set package 'cooperative_localization' build argument 'cmake_args' from command line to 'None'
[1.889s] Level 5:colcon.colcon_core.verb:set package 'cooperative_localization' build argument 'cmake_target' from command line to 'None'
[1.889s] Level 5:colcon.colcon_core.verb:set package 'cooperative_localization' build argument 'cmake_target_skip_unavailable' from command line to 'False'
[1.889s] Level 5:colcon.colcon_core.verb:set package 'cooperative_localization' build argument 'cmake_clean_cache' from command line to 'False'
[1.889s] Level 5:colcon.colcon_core.verb:set package 'cooperative_localization' build argument 'cmake_clean_first' from command line to 'False'
[1.889s] Level 5:colcon.colcon_core.verb:set package 'cooperative_localization' build argument 'cmake_force_configure' from command line to 'False'
[1.889s] Level 5:colcon.colcon_core.verb:set package 'cooperative_localization' build argument 'meson_args' from command line to '[]'
[1.889s] Level 5:colcon.colcon_core.verb:set package 'cooperative_localization' build argument 'ament_cmake_args' from command line to 'None'
[1.889s] Level 5:colcon.colcon_core.verb:set package 'cooperative_localization' build argument 'catkin_cmake_args' from command line to 'None'
[1.889s] Level 5:colcon.colcon_core.verb:set package 'cooperative_localization' build argument 'catkin_skip_building_tests' from command line to 'False'
[1.890s] DEBUG:colcon.colcon_core.verb:Building package 'cooperative_localization' with the following arguments: {'ament_cmake_args': None, 'bazel_args': None, 'bazel_task': None, 'build_base': '/home/lorenzo/robotica_ws/src/lorenzo.nobili/cooperative_localization/build/cooperative_localization', 'catkin_cmake_args': None, 'catkin_skip_building_tests': False, 'cmake_args': None, 'cmake_clean_cache': False, 'cmake_clean_first': False, 'cmake_force_configure': False, 'cmake_target': None, 'cmake_target_skip_unavailable': False, 'install_base': '/home/lorenzo/robotica_ws/src/lorenzo.nobili/cooperative_localization/install/cooperative_localization', 'merge_install': False, 'meson_args': [], 'path': '/home/lorenzo/robotica_ws/src/lorenzo.nobili/cooperative_localization', 'symlink_install': False, 'test_result_base': None}
[1.890s] INFO:colcon.colcon_core.executor:Executing jobs using 'parallel' executor
[1.892s] DEBUG:colcon.colcon_parallel_executor.executor.parallel:run_until_complete
[1.893s] INFO:colcon.colcon_ros.task.ament_cmake.build:Building ROS package in '/home/lorenzo/robotica_ws/src/lorenzo.nobili/cooperative_localization' with build type 'ament_cmake'
[1.894s] INFO:colcon.colcon_cmake.task.cmake.build:Building CMake package in '/home/lorenzo/robotica_ws/src/lorenzo.nobili/cooperative_localization'
[1.898s] INFO:colcon.colcon_core.plugin_system:Skipping extension 'colcon_core.shell.bat': Not used on non-Windows systems
[1.899s] DEBUG:colcon.colcon_ros_domain_id_coordinator.shell.ros_domain_id:Allocated ROS_DOMAIN_ID=14 for '/home/lorenzo/robotica_ws/src/lorenzo.nobili/cooperative_localization/build/cooperative_localization'
[1.899s] INFO:colcon.colcon_core.shell:Skip shell extension 'ros_domain_id' for command environment: 
[1.899s] INFO:colcon.colcon_core.shell:Skip shell extension 'powershell' for command environment: Not usable outside of PowerShell
[1.899s] DEBUG:colcon.colcon_core.shell:Skip shell extension 'dsv' for command environment
[1.922s] DEBUG:colcon.colcon_core.event_handler.log_command:Invoking command in '/home/lorenzo/robotica_ws/src/lorenzo.nobili/cooperative_localization/build/cooperative_localization': CMAKE_PREFIX_PATH=${CMAKE_PREFIX_PATH}:/opt/ros/jazzy CONDA_PROMPT_MODIFIER=(base) DEBUGINFOD_URLS=https://debuginfod.ubuntu.com /usr/bin/cmake --build /home/lorenzo/robotica_ws/src/lorenzo.nobili/cooperative_localization/build/cooperative_localization -- -j12 -l12
[70.953s] DEBUG:colcon.colcon_core.event_handler.log_command:Invoked command in '/home/lorenzo/robotica_ws/src/lorenzo.nobili/cooperative_localization/build/cooperative_localization' returned '2': CMAKE_PREFIX_PATH=${CMAKE_PREFIX_PATH}:/opt/ros/jazzy CONDA_PROMPT_MODIFIER=(base) DEBUGINFOD_URLS=https://debuginfod.ubuntu.com /usr/bin/cmake --build /home/lorenzo/robotica_ws/src/lorenzo.nobili/cooperative_localization/build/cooperative_localization -- -j12 -l12
[71.059s] Level 1:colcon.colcon_core.environment:create_environment_scripts_only(cooperative_localization)
[71.173s] Level 1:colcon.colcon_core.environment:checking '/home/lorenzo/robotica_ws/src/lorenzo.nobili/cooperative_localization/install/cooperative_localization' for CMake module files
[71.180s] Level 1:colcon.colcon_core.environment:checking '/home/lorenzo/robotica_ws/src/lorenzo.nobili/cooperative_localization/install/cooperative_localization' for CMake config files
[71.202s] Level 1:colcon.colcon_core.environment:checking '/home/lorenzo/robotica_ws/src/lorenzo.nobili/cooperative_localization/install/cooperative_localization/bin'
[71.204s] Level 1:colcon.colcon_core.environment:checking '/home/lorenzo/robotica_ws/src/lorenzo.nobili/cooperative_localization/install/cooperative_localization/lib/pkgconfig/cooperative_localization.pc'
[71.217s] Level 1:colcon.colcon_core.environment:checking '/home/lorenzo/robotica_ws/src/lorenzo.nobili/cooperative_localization/install/cooperative_localization/lib/python3.12/site-packages'
[71.218s] Level 1:colcon.colcon_core.environment:checking '/home/lorenzo/robotica_ws/src/lorenzo.nobili/cooperative_localization/install/cooperative_localization/bin'
[71.221s] INFO:colcon.colcon_core.shell:Creating package script '/home/lorenzo/robotica_ws/src/lorenzo.nobili/cooperative_localization/install/cooperative_localization/share/cooperative_localization/package.ps1'
[71.258s] INFO:colcon.colcon_core.shell:Creating package descriptor '/home/lorenzo/robotica_ws/src/lorenzo.nobili/cooperative_localization/install/cooperative_localization/share/cooperative_localization/package.dsv'
[71.268s] INFO:colcon.colcon_core.shell:Creating package script '/home/lorenzo/robotica_ws/src/lorenzo.nobili/cooperative_localization/install/cooperative_localization/share/cooperative_localization/package.sh'
[71.272s] INFO:colcon.colcon_core.shell:Creating package script '/home/lorenzo/robotica_ws/src/lorenzo.nobili/cooperative_localization/install/cooperative_localization/share/cooperative_localization/package.bash'
[71.296s] INFO:colcon.colcon_core.shell:Creating package script '/home/lorenzo/robotica_ws/src/lorenzo.nobili/cooperative_localization/install/cooperative_localization/share/cooperative_localization/package.zsh'
[71.304s] Level 1:colcon.colcon_core.environment:create_file_with_runtime_dependencies(/home/lorenzo/robotica_ws/src/lorenzo.nobili/cooperative_localization/install/cooperative_localization/share/colcon-core/packages/cooperative_localization)
[71.331s] DEBUG:colcon.colcon_ros_domain_id_coordinator.shell.ros_domain_id:Released ROS_DOMAIN_ID=14 for '/home/lorenzo/robotica_ws/src/lorenzo.nobili/cooperative_localization/build/cooperative_localization'
[71.342s] DEBUG:colcon.colcon_parallel_executor.executor.parallel:closing loop
[71.345s] DEBUG:colcon.colcon_parallel_executor.executor.parallel:loop closed
[71.346s] DEBUG:colcon.colcon_parallel_executor.executor.parallel:run_until_complete finished with '2'
[71.347s] DEBUG:colcon.colcon_core.event_reactor:joining thread
[71.661s] INFO:colcon.colcon_core.plugin_system:Skipping extension 'colcon_notification.desktop_notification.notify_send': Could not find 'notify-send'
[71.661s] INFO:colcon.colcon_core.plugin_system:Skipping extension 'colcon_notification.desktop_notification.terminal_notifier': Not used on non-Darwin systems
[71.662s] INFO:colcon.colcon_core.plugin_system:Skipping extension 'colcon_notification.desktop_notification.win32': Not used on non-Windows systems
[71.662s] INFO:colcon.colcon_notification.desktop_notification:Sending desktop notification using 'notify2'
[71.688s] DEBUG:colcon.colcon_notification.desktop_notification.notify2:Failed to initialize notify2: org.freedesktop.DBus.Error.ServiceUnknown: The name org.freedesktop.Notifications was not provided by any .service files
[71.689s] DEBUG:colcon.colcon_core.event_reactor:joined thread
[71.692s] INFO:colcon.colcon_core.shell:Creating prefix script '/home/lorenzo/robotica_ws/src/lorenzo.nobili/cooperative_localization/install/local_setup.ps1'
[71.695s] INFO:colcon.colcon_core.shell:Creating prefix util module '/home/lorenzo/robotica_ws/src/lorenzo.nobili/cooperative_localization/install/_local_setup_util_ps1.py'
[71.702s] INFO:colcon.colcon_core.shell:Creating prefix chain script '/home/lorenzo/robotica_ws/src/lorenzo.nobili/cooperative_localization/install/setup.ps1'
[71.722s] INFO:colcon.colcon_core.shell:Creating prefix script '/home/lorenzo/robotica_ws/src/lorenzo.nobili/cooperative_localization/install/local_setup.sh'
[71.726s] INFO:colcon.colcon_core.shell:Creating prefix util module '/home/lorenzo/robotica_ws/src/lorenzo.nobili/cooperative_localization/install/_local_setup_util_sh.py'
[71.733s] INFO:colcon.colcon_core.shell:Creating prefix chain script '/home/lorenzo/robotica_ws/src/lorenzo.nobili/cooperative_localization/install/setup.sh'
[71.739s] INFO:colcon.colcon_core.shell:Creating prefix script '/home/lorenzo/robotica_ws/src/lorenzo.nobili/cooperative_localization/install/local_setup.bash'
[71.743s] INFO:colcon.colcon_core.shell:Creating prefix chain script '/home/lorenzo/robotica_ws/src/lorenzo.nobili/cooperative_localization/install/setup.bash'
[71.748s] INFO:colcon.colcon_core.shell:Creating prefix script '/home/lorenzo/robotica_ws/src/lorenzo.nobili/cooperative_localization/install/local_setup.zsh'
[71.751s] INFO:colcon.colcon_core.shell:Creating prefix chain script '/home/lorenzo/robotica_ws/src/lorenzo.nobili/cooperative_localization/install/setup.zsh'
[71.754s] INFO:colcon.colcon_core.shell:Creating '/home/lorenzo/robotica_ws/src/lorenzo.nobili/cooperative_localization/install/spawn_shell.bash'
