[1.773s] DEBUG:colcon:Command line arguments: ['/usr/bin/colcon', 'build', '--packages-select', 'cooperative_localization', '--build-base', '/home/lorenzo/robotica_ws/build', '--install-base', '/home/lorenzo/robotica_ws/install']
[1.773s] DEBUG:colcon:Parsed command line arguments: Namespace(log_base=None, log_level=None, verb_name='build', build_base='/home/lorenzo/robotica_ws/build', install_base='/home/lorenzo/robotica_ws/install', merge_install=False, symlink_install=False, test_result_base=None, continue_on_error=False, executor='parallel', parallel_workers=12, event_handlers=None, ignore_user_meta=False, metas=['./colcon.meta'], base_paths=['.'], packages_ignore=None, packages_ignore_regex=None, paths=None, packages_up_to=None, packages_up_to_regex=None, packages_above=None, packages_above_and_dependencies=None, packages_above_depth=None, packages_select_by_dep=None, packages_skip_by_dep=None, packages_skip_up_to=None, packages_select_build_failed=False, packages_skip_build_finished=False, packages_select_test_failures=False, packages_skip_test_passed=False, packages_select=['cooperative_localization'], packages_skip=None, packages_select_regex=None, packages_skip_regex=None, packages_start=None, packages_end=None, allow_overriding=[], bazel_args=None, bazel_task=None, cmake_args=None, cmake_target=None, cmake_target_skip_unavailable=False, cmake_clean_cache=False, cmake_clean_first=False, cmake_force_configure=False, meson_args=[], ament_cmake_args=None, catkin_cmake_args=None, catkin_skip_building_tests=False, mixin_files=None, mixin=None, verb_parser=<colcon_alias.argument_parser.alias.AliasArgumentDecorator object at 0x7fc983f62c30>, verb_extension=<colcon_core.verb.build.BuildVerb object at 0x7fc983f623f0>, main=<bound method BuildVerb.main of <colcon_core.verb.build.BuildVerb object at 0x7fc983f623f0>>, mixin_verb=('build',))
[2.026s] Level 1:colcon.colcon_core.package_discovery:discover_packages(colcon_meta) check parameters
[2.027s] Level 1:colcon.colcon_core.package_discovery:discover_packages(recursive) check parameters
[2.027s] Level 1:colcon.colcon_core.package_discovery:discover_packages(ignore) check parameters
[2.027s] Level 1:colcon.colcon_core.package_discovery:discover_packages(path) check parameters
[2.027s] Level 1:colcon.colcon_core.package_discovery:discover_packages(colcon_meta) discover
[2.027s] Level 1:colcon.colcon_core.package_discovery:discover_packages(recursive) discover
[2.027s] INFO:colcon.colcon_core.package_discovery:Crawling recursively for packages in '/home/lorenzo/robotica_ws/src/lorenzo.nobili/cooperative_localization'
[2.027s] Level 1:colcon.colcon_core.package_identification:_identify(.) by extensions ['ignore', 'ignore_ament_install']
[2.027s] Level 1:colcon.colcon_core.package_identification:_identify(.) by extension 'ignore'
[2.028s] Level 1:colcon.colcon_core.package_identification:_identify(.) by extension 'ignore_ament_install'
[2.028s] Level 1:colcon.colcon_core.package_identification:_identify(.) by extensions ['colcon_pkg']
[2.028s] Level 1:colcon.colcon_core.package_identification:_identify(.) by extension 'colcon_pkg'
[2.028s] Level 1:colcon.colcon_core.package_identification:_identify(.) by extensions ['colcon_meta']
[2.028s] Level 1:colcon.colcon_core.package_identification:_identify(.) by extension 'colcon_meta'
[2.028s] Level 1:colcon.colcon_core.package_identification:_identify(.) by extensions ['ros']
[2.028s] Level 1:colcon.colcon_core.package_identification:_identify(.) by extension 'ros'
[2.052s] DEBUG:colcon.colcon_core.package_identification:Package '.' with type 'ros.ament_cmake' and name 'cooperative_localization'
[2.052s] Level 1:colcon.colcon_core.package_discovery:discover_packages(recursive) using defaults
[2.052s] Level 1:colcon.colcon_core.package_discovery:discover_packages(ignore) discover
[2.052s] Level 1:colcon.colcon_core.package_discovery:discover_packages(ignore) using defaults
[2.052s] Level 1:colcon.colcon_core.package_discovery:discover_packages(path) discover
[2.052s] Level 1:colcon.colcon_core.package_discovery:discover_packages(path) using defaults
[2.105s] Level 1:colcon.colcon_core.package_discovery:discover_packages(prefix_path) check parameters
[2.105s] Level 1:colcon.colcon_core.package_discovery:discover_packages(prefix_path) discover
[2.115s] DEBUG:colcon.colcon_installed_package_information.package_discovery:Found 1 installed packages in /home/lorenzo/robotica_ws/install
[2.119s] DEBUG:colcon.colcon_installed_package_information.package_discovery:Found 392 installed packages in /opt/ros/jazzy
[2.123s] Level 1:colcon.colcon_core.package_discovery:discover_packages(prefix_path) using defaults
[2.263s] Level 5:colcon.colcon_core.verb:set package 'cooperative_localization' build argument 'bazel_args' from command line to 'None'
[2.263s] Level 5:colcon.colcon_core.verb:set package 'cooperative_localization' build argument 'bazel_task' from command line to 'None'
[2.263s] Level 5:colcon.colcon_core.verb:set package 'cooperative_localization' build argument 'cmake_args' from command line to 'None'
[2.263s] Level 5:colcon.colcon_core.verb:set package 'cooperative_localization' build argument 'cmake_target' from command line to 'None'
[2.264s] Level 5:colcon.colcon_core.verb:set package 'cooperative_localization' build argument 'cmake_target_skip_unavailable' from command line to 'False'
[2.264s] Level 5:colcon.colcon_core.verb:set package 'cooperative_localization' build argument 'cmake_clean_cache' from command line to 'False'
[2.264s] Level 5:colcon.colcon_core.verb:set package 'cooperative_localization' build argument 'cmake_clean_first' from command line to 'False'
[2.264s] Level 5:colcon.colcon_core.verb:set package 'cooperative_localization' build argument 'cmake_force_configure' from command line to 'False'
[2.264s] Level 5:colcon.colcon_core.verb:set package 'cooperative_localization' build argument 'meson_args' from command line to '[]'
[2.264s] Level 5:colcon.colcon_core.verb:set package 'cooperative_localization' build argument 'ament_cmake_args' from command line to 'None'
[2.264s] Level 5:colcon.colcon_core.verb:set package 'cooperative_localization' build argument 'catkin_cmake_args' from command line to 'None'
[2.264s] Level 5:colcon.colcon_core.verb:set package 'cooperative_localization' build argument 'catkin_skip_building_tests' from command line to 'False'
[2.264s] DEBUG:colcon.colcon_core.verb:Building package 'cooperative_localization' with the following arguments: {'ament_cmake_args': None, 'bazel_args': None, 'bazel_task': None, 'build_base': '/home/lorenzo/robotica_ws/build/cooperative_localization', 'catkin_cmake_args': None, 'catkin_skip_building_tests': False, 'cmake_args': None, 'cmake_clean_cache': False, 'cmake_clean_first': False, 'cmake_force_configure': False, 'cmake_target': None, 'cmake_target_skip_unavailable': False, 'install_base': '/home/lorenzo/robotica_ws/install/cooperative_localization', 'merge_install': False, 'meson_args': [], 'path': '/home/lorenzo/robotica_ws/src/lorenzo.nobili/cooperative_localization', 'symlink_install': False, 'test_result_base': None}
[2.264s] INFO:colcon.colcon_core.executor:Executing jobs using 'parallel' executor
[2.267s] DEBUG:colcon.colcon_parallel_executor.executor.parallel:run_until_complete
[2.267s] INFO:colcon.colcon_ros.task.ament_cmake.build:Building ROS package in '/home/lorenzo/robotica_ws/src/lorenzo.nobili/cooperative_localization' with build type 'ament_cmake'
[2.267s] INFO:colcon.colcon_cmake.task.cmake.build:Building CMake package in '/home/lorenzo/robotica_ws/src/lorenzo.nobili/cooperative_localization'
[2.282s] INFO:colcon.colcon_core.plugin_system:Skipping extension 'colcon_core.shell.bat': Not used on non-Windows systems
[2.283s] DEBUG:colcon.colcon_ros_domain_id_coordinator.shell.ros_domain_id:Allocated ROS_DOMAIN_ID=70 for '/home/lorenzo/robotica_ws/build/cooperative_localization'
[2.283s] INFO:colcon.colcon_core.shell:Skip shell extension 'ros_domain_id' for command environment: 
[2.283s] INFO:colcon.colcon_core.shell:Skip shell extension 'powershell' for command environment: Not usable outside of PowerShell
[2.284s] DEBUG:colcon.colcon_core.shell:Skip shell extension 'dsv' for command environment
[2.304s] DEBUG:colcon.colcon_core.event_handler.log_command:Invoking command in '/home/lorenzo/robotica_ws/build/cooperative_localization': CMAKE_PREFIX_PATH=${CMAKE_PREFIX_PATH}:/opt/ros/jazzy CONDA_PROMPT_MODIFIER=(base) DEBUGINFOD_URLS=https://debuginfod.ubuntu.com /usr/bin/cmake --build /home/lorenzo/robotica_ws/build/cooperative_localization -- -j12 -l12
[3.512s] DEBUG:colcon.colcon_core.event_handler.log_command:Invoked command in '/home/lorenzo/robotica_ws/build/cooperative_localization' returned '0': CMAKE_PREFIX_PATH=${CMAKE_PREFIX_PATH}:/opt/ros/jazzy CONDA_PROMPT_MODIFIER=(base) DEBUGINFOD_URLS=https://debuginfod.ubuntu.com /usr/bin/cmake --build /home/lorenzo/robotica_ws/build/cooperative_localization -- -j12 -l12
[3.535s] DEBUG:colcon.colcon_core.event_handler.log_command:Invoking command in '/home/lorenzo/robotica_ws/build/cooperative_localization': CMAKE_PREFIX_PATH=${CMAKE_PREFIX_PATH}:/opt/ros/jazzy CONDA_PROMPT_MODIFIER=(base) DEBUGINFOD_URLS=https://debuginfod.ubuntu.com /usr/bin/cmake --install /home/lorenzo/robotica_ws/build/cooperative_localization
[3.652s] Level 1:colcon.colcon_core.environment:create_environment_scripts_only(cooperative_localization)
[3.654s] DEBUG:colcon.colcon_core.event_handler.log_command:Invoked command in '/home/lorenzo/robotica_ws/build/cooperative_localization' returned '0': CMAKE_PREFIX_PATH=${CMAKE_PREFIX_PATH}:/opt/ros/jazzy CONDA_PROMPT_MODIFIER=(base) DEBUGINFOD_URLS=https://debuginfod.ubuntu.com /usr/bin/cmake --install /home/lorenzo/robotica_ws/build/cooperative_localization
[3.658s] Level 1:colcon.colcon_core.environment:checking '/home/lorenzo/robotica_ws/install/cooperative_localization' for CMake module files
[3.659s] Level 1:colcon.colcon_core.environment:checking '/home/lorenzo/robotica_ws/install/cooperative_localization' for CMake config files
[3.660s] Level 1:colcon.colcon_core.shell:create_environment_hook('cooperative_localization', 'cmake_prefix_path')
[3.660s] INFO:colcon.colcon_core.shell:Creating environment hook '/home/lorenzo/robotica_ws/install/cooperative_localization/share/cooperative_localization/hook/cmake_prefix_path.ps1'
[3.661s] INFO:colcon.colcon_core.shell:Creating environment descriptor '/home/lorenzo/robotica_ws/install/cooperative_localization/share/cooperative_localization/hook/cmake_prefix_path.dsv'
[3.662s] INFO:colcon.colcon_core.shell:Creating environment hook '/home/lorenzo/robotica_ws/install/cooperative_localization/share/cooperative_localization/hook/cmake_prefix_path.sh'
[3.664s] Level 1:colcon.colcon_core.environment:checking '/home/lorenzo/robotica_ws/install/cooperative_localization/lib'
[3.664s] Level 1:colcon.colcon_core.shell:create_environment_hook('cooperative_localization', 'ld_library_path_lib')
[3.664s] INFO:colcon.colcon_core.shell:Creating environment hook '/home/lorenzo/robotica_ws/install/cooperative_localization/share/cooperative_localization/hook/ld_library_path_lib.ps1'
[3.665s] INFO:colcon.colcon_core.shell:Creating environment descriptor '/home/lorenzo/robotica_ws/install/cooperative_localization/share/cooperative_localization/hook/ld_library_path_lib.dsv'
[3.666s] INFO:colcon.colcon_core.shell:Creating environment hook '/home/lorenzo/robotica_ws/install/cooperative_localization/share/cooperative_localization/hook/ld_library_path_lib.sh'
[3.667s] Level 1:colcon.colcon_core.environment:checking '/home/lorenzo/robotica_ws/install/cooperative_localization/bin'
[3.667s] Level 1:colcon.colcon_core.environment:checking '/home/lorenzo/robotica_ws/install/cooperative_localization/lib/pkgconfig/cooperative_localization.pc'
[3.667s] Level 1:colcon.colcon_core.environment:checking '/home/lorenzo/robotica_ws/install/cooperative_localization/lib/python3.12/site-packages'
[3.668s] Level 1:colcon.colcon_core.shell:create_environment_hook('cooperative_localization', 'pythonpath')
[3.668s] INFO:colcon.colcon_core.shell:Creating environment hook '/home/lorenzo/robotica_ws/install/cooperative_localization/share/cooperative_localization/hook/pythonpath.ps1'
[3.670s] INFO:colcon.colcon_core.shell:Creating environment descriptor '/home/lorenzo/robotica_ws/install/cooperative_localization/share/cooperative_localization/hook/pythonpath.dsv'
[3.671s] INFO:colcon.colcon_core.shell:Creating environment hook '/home/lorenzo/robotica_ws/install/cooperative_localization/share/cooperative_localization/hook/pythonpath.sh'
[3.672s] Level 1:colcon.colcon_core.environment:checking '/home/lorenzo/robotica_ws/install/cooperative_localization/bin'
[3.673s] INFO:colcon.colcon_core.shell:Creating package script '/home/lorenzo/robotica_ws/install/cooperative_localization/share/cooperative_localization/package.ps1'
[3.674s] INFO:colcon.colcon_core.shell:Creating package descriptor '/home/lorenzo/robotica_ws/install/cooperative_localization/share/cooperative_localization/package.dsv'
[3.675s] INFO:colcon.colcon_core.shell:Creating package script '/home/lorenzo/robotica_ws/install/cooperative_localization/share/cooperative_localization/package.sh'
[3.677s] INFO:colcon.colcon_core.shell:Creating package script '/home/lorenzo/robotica_ws/install/cooperative_localization/share/cooperative_localization/package.bash'
[3.678s] INFO:colcon.colcon_core.shell:Creating package script '/home/lorenzo/robotica_ws/install/cooperative_localization/share/cooperative_localization/package.zsh'
[3.679s] Level 1:colcon.colcon_core.environment:create_file_with_runtime_dependencies(/home/lorenzo/robotica_ws/install/cooperative_localization/share/colcon-core/packages/cooperative_localization)
[3.680s] Level 1:colcon.colcon_core.environment:create_environment_scripts_only(cooperative_localization)
[3.681s] Level 1:colcon.colcon_core.environment:checking '/home/lorenzo/robotica_ws/install/cooperative_localization' for CMake module files
[3.682s] Level 1:colcon.colcon_core.environment:checking '/home/lorenzo/robotica_ws/install/cooperative_localization' for CMake config files
[3.682s] Level 1:colcon.colcon_core.shell:create_environment_hook('cooperative_localization', 'cmake_prefix_path')
[3.683s] INFO:colcon.colcon_core.shell:Creating environment hook '/home/lorenzo/robotica_ws/install/cooperative_localization/share/cooperative_localization/hook/cmake_prefix_path.ps1'
[3.683s] INFO:colcon.colcon_core.shell:Creating environment descriptor '/home/lorenzo/robotica_ws/install/cooperative_localization/share/cooperative_localization/hook/cmake_prefix_path.dsv'
[3.684s] INFO:colcon.colcon_core.shell:Creating environment hook '/home/lorenzo/robotica_ws/install/cooperative_localization/share/cooperative_localization/hook/cmake_prefix_path.sh'
[3.686s] Level 1:colcon.colcon_core.environment:checking '/home/lorenzo/robotica_ws/install/cooperative_localization/lib'
[3.686s] Level 1:colcon.colcon_core.shell:create_environment_hook('cooperative_localization', 'ld_library_path_lib')
[3.687s] INFO:colcon.colcon_core.shell:Creating environment hook '/home/lorenzo/robotica_ws/install/cooperative_localization/share/cooperative_localization/hook/ld_library_path_lib.ps1'
[3.688s] INFO:colcon.colcon_core.shell:Creating environment descriptor '/home/lorenzo/robotica_ws/install/cooperative_localization/share/cooperative_localization/hook/ld_library_path_lib.dsv'
[3.688s] INFO:colcon.colcon_core.shell:Creating environment hook '/home/lorenzo/robotica_ws/install/cooperative_localization/share/cooperative_localization/hook/ld_library_path_lib.sh'
[3.689s] Level 1:colcon.colcon_core.environment:checking '/home/lorenzo/robotica_ws/install/cooperative_localization/bin'
[3.689s] Level 1:colcon.colcon_core.environment:checking '/home/lorenzo/robotica_ws/install/cooperative_localization/lib/pkgconfig/cooperative_localization.pc'
[3.689s] Level 1:colcon.colcon_core.environment:checking '/home/lorenzo/robotica_ws/install/cooperative_localization/lib/python3.12/site-packages'
[3.690s] Level 1:colcon.colcon_core.shell:create_environment_hook('cooperative_localization', 'pythonpath')
[3.690s] INFO:colcon.colcon_core.shell:Creating environment hook '/home/lorenzo/robotica_ws/install/cooperative_localization/share/cooperative_localization/hook/pythonpath.ps1'
[3.691s] INFO:colcon.colcon_core.shell:Creating environment descriptor '/home/lorenzo/robotica_ws/install/cooperative_localization/share/cooperative_localization/hook/pythonpath.dsv'
[3.692s] INFO:colcon.colcon_core.shell:Creating environment hook '/home/lorenzo/robotica_ws/install/cooperative_localization/share/cooperative_localization/hook/pythonpath.sh'
[3.693s] Level 1:colcon.colcon_core.environment:checking '/home/lorenzo/robotica_ws/install/cooperative_localization/bin'
[3.693s] INFO:colcon.colcon_core.shell:Creating package script '/home/lorenzo/robotica_ws/install/cooperative_localization/share/cooperative_localization/package.ps1'
[3.694s] INFO:colcon.colcon_core.shell:Creating package descriptor '/home/lorenzo/robotica_ws/install/cooperative_localization/share/cooperative_localization/package.dsv'
[3.695s] INFO:colcon.colcon_core.shell:Creating package script '/home/lorenzo/robotica_ws/install/cooperative_localization/share/cooperative_localization/package.sh'
[3.696s] INFO:colcon.colcon_core.shell:Creating package script '/home/lorenzo/robotica_ws/install/cooperative_localization/share/cooperative_localization/package.bash'
[3.697s] INFO:colcon.colcon_core.shell:Creating package script '/home/lorenzo/robotica_ws/install/cooperative_localization/share/cooperative_localization/package.zsh'
[3.697s] Level 1:colcon.colcon_core.environment:create_file_with_runtime_dependencies(/home/lorenzo/robotica_ws/install/cooperative_localization/share/colcon-core/packages/cooperative_localization)
[3.698s] DEBUG:colcon.colcon_parallel_executor.executor.parallel:closing loop
[3.698s] DEBUG:colcon.colcon_ros_domain_id_coordinator.shell.ros_domain_id:Released ROS_DOMAIN_ID=70 for '/home/lorenzo/robotica_ws/build/cooperative_localization'
[3.699s] DEBUG:colcon.colcon_parallel_executor.executor.parallel:loop closed
[3.700s] DEBUG:colcon.colcon_parallel_executor.executor.parallel:run_until_complete finished with '0'
[3.700s] DEBUG:colcon.colcon_core.event_reactor:joining thread
[3.845s] INFO:colcon.colcon_core.plugin_system:Skipping extension 'colcon_notification.desktop_notification.notify_send': Could not find 'notify-send'
[3.846s] INFO:colcon.colcon_core.plugin_system:Skipping extension 'colcon_notification.desktop_notification.terminal_notifier': Not used on non-Darwin systems
[3.846s] INFO:colcon.colcon_core.plugin_system:Skipping extension 'colcon_notification.desktop_notification.win32': Not used on non-Windows systems
[3.846s] INFO:colcon.colcon_notification.desktop_notification:Sending desktop notification using 'notify2'
[3.849s] DEBUG:colcon.colcon_notification.desktop_notification.notify2:Failed to initialize notify2: org.freedesktop.DBus.Error.ServiceUnknown: The name org.freedesktop.Notifications was not provided by any .service files
[3.849s] DEBUG:colcon.colcon_core.event_reactor:joined thread
[3.850s] INFO:colcon.colcon_core.shell:Creating prefix script '/home/lorenzo/robotica_ws/install/local_setup.ps1'
[3.851s] INFO:colcon.colcon_core.shell:Creating prefix util module '/home/lorenzo/robotica_ws/install/_local_setup_util_ps1.py'
[3.853s] INFO:colcon.colcon_core.shell:Creating prefix chain script '/home/lorenzo/robotica_ws/install/setup.ps1'
[3.855s] INFO:colcon.colcon_core.shell:Creating prefix script '/home/lorenzo/robotica_ws/install/local_setup.sh'
[3.856s] INFO:colcon.colcon_core.shell:Creating prefix util module '/home/lorenzo/robotica_ws/install/_local_setup_util_sh.py'
[3.858s] INFO:colcon.colcon_core.shell:Creating prefix chain script '/home/lorenzo/robotica_ws/install/setup.sh'
[3.860s] INFO:colcon.colcon_core.shell:Creating prefix script '/home/lorenzo/robotica_ws/install/local_setup.bash'
[3.860s] INFO:colcon.colcon_core.shell:Creating prefix chain script '/home/lorenzo/robotica_ws/install/setup.bash'
[3.862s] INFO:colcon.colcon_core.shell:Creating prefix script '/home/lorenzo/robotica_ws/install/local_setup.zsh'
[3.863s] INFO:colcon.colcon_core.shell:Creating prefix chain script '/home/lorenzo/robotica_ws/install/setup.zsh'
[3.864s] INFO:colcon.colcon_core.shell:Creating '/home/lorenzo/robotica_ws/install/spawn_shell.bash'
