[2.123s] DEBUG:colcon:Command line arguments: ['/usr/bin/colcon', 'build', '--packages-select', 'cooperative_localization']
[2.123s] DEBUG:colcon:Parsed command line arguments: Namespace(log_base=None, log_level=None, verb_name='build', build_base='build', install_base='install', merge_install=False, symlink_install=False, test_result_base=None, continue_on_error=False, executor='parallel', parallel_workers=12, event_handlers=None, ignore_user_meta=False, metas=['./colcon.meta'], base_paths=['.'], packages_ignore=None, packages_ignore_regex=None, paths=None, packages_up_to=None, packages_up_to_regex=None, packages_above=None, packages_above_and_dependencies=None, packages_above_depth=None, packages_select_by_dep=None, packages_skip_by_dep=None, packages_skip_up_to=None, packages_select_build_failed=False, packages_skip_build_finished=False, packages_select_test_failures=False, packages_skip_test_passed=False, packages_select=['cooperative_localization'], packages_skip=None, packages_select_regex=None, packages_skip_regex=None, packages_start=None, packages_end=None, allow_overriding=[], bazel_args=None, bazel_task=None, cmake_args=None, cmake_target=None, cmake_target_skip_unavailable=False, cmake_clean_cache=False, cmake_clean_first=False, cmake_force_configure=False, meson_args=[], ament_cmake_args=None, catkin_cmake_args=None, catkin_skip_building_tests=False, mixin_files=None, mixin=None, verb_parser=<colcon_alias.argument_parser.alias.AliasArgumentDecorator object at 0x7fb2fd792a80>, verb_extension=<colcon_core.verb.build.BuildVerb object at 0x7fb2fd792210>, main=<bound method BuildVerb.main of <colcon_core.verb.build.BuildVerb object at 0x7fb2fd792210>>, mixin_verb=('build',))
[2.359s] Level 1:colcon.colcon_core.package_discovery:discover_packages(colcon_meta) check parameters
[2.360s] Level 1:colcon.colcon_core.package_discovery:discover_packages(recursive) check parameters
[2.360s] Level 1:colcon.colcon_core.package_discovery:discover_packages(ignore) check parameters
[2.360s] Level 1:colcon.colcon_core.package_discovery:discover_packages(path) check parameters
[2.360s] Level 1:colcon.colcon_core.package_discovery:discover_packages(colcon_meta) discover
[2.360s] Level 1:colcon.colcon_core.package_discovery:discover_packages(recursive) discover
[2.361s] INFO:colcon.colcon_core.package_discovery:Crawling recursively for packages in '/home/lorenzo/robotica_ws/src/lorenzo.nobili/cooperative_localization'
[2.361s] Level 1:colcon.colcon_core.package_identification:_identify(.) by extensions ['ignore', 'ignore_ament_install']
[2.361s] Level 1:colcon.colcon_core.package_identification:_identify(.) by extension 'ignore'
[2.361s] Level 1:colcon.colcon_core.package_identification:_identify(.) by extension 'ignore_ament_install'
[2.361s] Level 1:colcon.colcon_core.package_identification:_identify(.) by extensions ['colcon_pkg']
[2.361s] Level 1:colcon.colcon_core.package_identification:_identify(.) by extension 'colcon_pkg'
[2.362s] Level 1:colcon.colcon_core.package_identification:_identify(.) by extensions ['colcon_meta']
[2.362s] Level 1:colcon.colcon_core.package_identification:_identify(.) by extension 'colcon_meta'
[2.362s] Level 1:colcon.colcon_core.package_identification:_identify(.) by extensions ['ros']
[2.362s] Level 1:colcon.colcon_core.package_identification:_identify(.) by extension 'ros'
[2.386s] DEBUG:colcon.colcon_core.package_identification:Package '.' with type 'ros.ament_cmake' and name 'cooperative_localization'
[2.386s] Level 1:colcon.colcon_core.package_discovery:discover_packages(recursive) using defaults
[2.386s] Level 1:colcon.colcon_core.package_discovery:discover_packages(ignore) discover
[2.386s] Level 1:colcon.colcon_core.package_discovery:discover_packages(ignore) using defaults
[2.386s] Level 1:colcon.colcon_core.package_discovery:discover_packages(path) discover
[2.386s] Level 1:colcon.colcon_core.package_discovery:discover_packages(path) using defaults
[2.437s] Level 1:colcon.colcon_core.package_discovery:discover_packages(prefix_path) check parameters
[2.438s] Level 1:colcon.colcon_core.package_discovery:discover_packages(prefix_path) discover
[2.447s] DEBUG:colcon.colcon_installed_package_information.package_discovery:Found 1 installed packages in /home/lorenzo/robotica_ws/install
[2.455s] DEBUG:colcon.colcon_installed_package_information.package_discovery:Found 392 installed packages in /opt/ros/jazzy
[2.461s] Level 1:colcon.colcon_core.package_discovery:discover_packages(prefix_path) using defaults
[2.802s] Level 5:colcon.colcon_core.verb:set package 'cooperative_localization' build argument 'bazel_args' from command line to 'None'
[2.802s] Level 5:colcon.colcon_core.verb:set package 'cooperative_localization' build argument 'bazel_task' from command line to 'None'
[2.803s] Level 5:colcon.colcon_core.verb:set package 'cooperative_localization' build argument 'cmake_args' from command line to 'None'
[2.803s] Level 5:colcon.colcon_core.verb:set package 'cooperative_localization' build argument 'cmake_target' from command line to 'None'
[2.803s] Level 5:colcon.colcon_core.verb:set package 'cooperative_localization' build argument 'cmake_target_skip_unavailable' from command line to 'False'
[2.803s] Level 5:colcon.colcon_core.verb:set package 'cooperative_localization' build argument 'cmake_clean_cache' from command line to 'False'
[2.803s] Level 5:colcon.colcon_core.verb:set package 'cooperative_localization' build argument 'cmake_clean_first' from command line to 'False'
[2.803s] Level 5:colcon.colcon_core.verb:set package 'cooperative_localization' build argument 'cmake_force_configure' from command line to 'False'
[2.803s] Level 5:colcon.colcon_core.verb:set package 'cooperative_localization' build argument 'meson_args' from command line to '[]'
[2.803s] Level 5:colcon.colcon_core.verb:set package 'cooperative_localization' build argument 'ament_cmake_args' from command line to 'None'
[2.803s] Level 5:colcon.colcon_core.verb:set package 'cooperative_localization' build argument 'catkin_cmake_args' from command line to 'None'
[2.803s] Level 5:colcon.colcon_core.verb:set package 'cooperative_localization' build argument 'catkin_skip_building_tests' from command line to 'False'
[2.803s] DEBUG:colcon.colcon_core.verb:Building package 'cooperative_localization' with the following arguments: {'ament_cmake_args': None, 'bazel_args': None, 'bazel_task': None, 'build_base': '/home/lorenzo/robotica_ws/src/lorenzo.nobili/cooperative_localization/build/cooperative_localization', 'catkin_cmake_args': None, 'catkin_skip_building_tests': False, 'cmake_args': None, 'cmake_clean_cache': False, 'cmake_clean_first': False, 'cmake_force_configure': False, 'cmake_target': None, 'cmake_target_skip_unavailable': False, 'install_base': '/home/lorenzo/robotica_ws/src/lorenzo.nobili/cooperative_localization/install/cooperative_localization', 'merge_install': False, 'meson_args': [], 'path': '/home/lorenzo/robotica_ws/src/lorenzo.nobili/cooperative_localization', 'symlink_install': False, 'test_result_base': None}
[2.803s] INFO:colcon.colcon_core.executor:Executing jobs using 'parallel' executor
[2.806s] DEBUG:colcon.colcon_parallel_executor.executor.parallel:run_until_complete
[2.807s] INFO:colcon.colcon_ros.task.ament_cmake.build:Building ROS package in '/home/lorenzo/robotica_ws/src/lorenzo.nobili/cooperative_localization' with build type 'ament_cmake'
[2.808s] INFO:colcon.colcon_cmake.task.cmake.build:Building CMake package in '/home/lorenzo/robotica_ws/src/lorenzo.nobili/cooperative_localization'
[2.819s] INFO:colcon.colcon_core.plugin_system:Skipping extension 'colcon_core.shell.bat': Not used on non-Windows systems
[2.820s] DEBUG:colcon.colcon_ros_domain_id_coordinator.shell.ros_domain_id:Allocated ROS_DOMAIN_ID=27 for '/home/lorenzo/robotica_ws/src/lorenzo.nobili/cooperative_localization/build/cooperative_localization'
[2.820s] INFO:colcon.colcon_core.shell:Skip shell extension 'ros_domain_id' for command environment: 
[2.820s] INFO:colcon.colcon_core.shell:Skip shell extension 'powershell' for command environment: Not usable outside of PowerShell
[2.820s] DEBUG:colcon.colcon_core.shell:Skip shell extension 'dsv' for command environment
[2.844s] DEBUG:colcon.colcon_core.event_handler.log_command:Invoking command in '/home/lorenzo/robotica_ws/src/lorenzo.nobili/cooperative_localization/build/cooperative_localization': CMAKE_PREFIX_PATH=${CMAKE_PREFIX_PATH}:/opt/ros/jazzy CONDA_PROMPT_MODIFIER=(base) DEBUGINFOD_URLS=https://debuginfod.ubuntu.com /usr/bin/cmake --build /home/lorenzo/robotica_ws/src/lorenzo.nobili/cooperative_localization/build/cooperative_localization -- -j12 -l12
[14.254s] DEBUG:colcon.colcon_core.event_handler.log_command:Invoked command in '/home/lorenzo/robotica_ws/src/lorenzo.nobili/cooperative_localization/build/cooperative_localization' returned '0': CMAKE_PREFIX_PATH=${CMAKE_PREFIX_PATH}:/opt/ros/jazzy CONDA_PROMPT_MODIFIER=(base) DEBUGINFOD_URLS=https://debuginfod.ubuntu.com /usr/bin/cmake --build /home/lorenzo/robotica_ws/src/lorenzo.nobili/cooperative_localization/build/cooperative_localization -- -j12 -l12
[14.282s] DEBUG:colcon.colcon_core.event_handler.log_command:Invoking command in '/home/lorenzo/robotica_ws/src/lorenzo.nobili/cooperative_localization/build/cooperative_localization': CMAKE_PREFIX_PATH=${CMAKE_PREFIX_PATH}:/opt/ros/jazzy CONDA_PROMPT_MODIFIER=(base) DEBUGINFOD_URLS=https://debuginfod.ubuntu.com /usr/bin/cmake --install /home/lorenzo/robotica_ws/src/lorenzo.nobili/cooperative_localization/build/cooperative_localization
[14.490s] Level 1:colcon.colcon_core.environment:create_environment_scripts_only(cooperative_localization)
[14.492s] DEBUG:colcon.colcon_core.event_handler.log_command:Invoked command in '/home/lorenzo/robotica_ws/src/lorenzo.nobili/cooperative_localization/build/cooperative_localization' returned '0': CMAKE_PREFIX_PATH=${CMAKE_PREFIX_PATH}:/opt/ros/jazzy CONDA_PROMPT_MODIFIER=(base) DEBUGINFOD_URLS=https://debuginfod.ubuntu.com /usr/bin/cmake --install /home/lorenzo/robotica_ws/src/lorenzo.nobili/cooperative_localization/build/cooperative_localization
[14.496s] Level 1:colcon.colcon_core.environment:checking '/home/lorenzo/robotica_ws/src/lorenzo.nobili/cooperative_localization/install/cooperative_localization' for CMake module files
[14.497s] Level 1:colcon.colcon_core.environment:checking '/home/lorenzo/robotica_ws/src/lorenzo.nobili/cooperative_localization/install/cooperative_localization' for CMake config files
[14.497s] Level 1:colcon.colcon_core.shell:create_environment_hook('cooperative_localization', 'cmake_prefix_path')
[14.498s] INFO:colcon.colcon_core.shell:Creating environment hook '/home/lorenzo/robotica_ws/src/lorenzo.nobili/cooperative_localization/install/cooperative_localization/share/cooperative_localization/hook/cmake_prefix_path.ps1'
[14.499s] INFO:colcon.colcon_core.shell:Creating environment descriptor '/home/lorenzo/robotica_ws/src/lorenzo.nobili/cooperative_localization/install/cooperative_localization/share/cooperative_localization/hook/cmake_prefix_path.dsv'
[14.500s] INFO:colcon.colcon_core.shell:Creating environment hook '/home/lorenzo/robotica_ws/src/lorenzo.nobili/cooperative_localization/install/cooperative_localization/share/cooperative_localization/hook/cmake_prefix_path.sh'
[14.501s] Level 1:colcon.colcon_core.environment:checking '/home/lorenzo/robotica_ws/src/lorenzo.nobili/cooperative_localization/install/cooperative_localization/lib'
[14.502s] Level 1:colcon.colcon_core.shell:create_environment_hook('cooperative_localization', 'ld_library_path_lib')
[14.502s] INFO:colcon.colcon_core.shell:Creating environment hook '/home/lorenzo/robotica_ws/src/lorenzo.nobili/cooperative_localization/install/cooperative_localization/share/cooperative_localization/hook/ld_library_path_lib.ps1'
[14.504s] INFO:colcon.colcon_core.shell:Creating environment descriptor '/home/lorenzo/robotica_ws/src/lorenzo.nobili/cooperative_localization/install/cooperative_localization/share/cooperative_localization/hook/ld_library_path_lib.dsv'
[14.504s] INFO:colcon.colcon_core.shell:Creating environment hook '/home/lorenzo/robotica_ws/src/lorenzo.nobili/cooperative_localization/install/cooperative_localization/share/cooperative_localization/hook/ld_library_path_lib.sh'
[14.506s] Level 1:colcon.colcon_core.environment:checking '/home/lorenzo/robotica_ws/src/lorenzo.nobili/cooperative_localization/install/cooperative_localization/bin'
[14.506s] Level 1:colcon.colcon_core.environment:checking '/home/lorenzo/robotica_ws/src/lorenzo.nobili/cooperative_localization/install/cooperative_localization/lib/pkgconfig/cooperative_localization.pc'
[14.507s] Level 1:colcon.colcon_core.environment:checking '/home/lorenzo/robotica_ws/src/lorenzo.nobili/cooperative_localization/install/cooperative_localization/lib/python3.12/site-packages'
[14.507s] Level 1:colcon.colcon_core.shell:create_environment_hook('cooperative_localization', 'pythonpath')
[14.508s] INFO:colcon.colcon_core.shell:Creating environment hook '/home/lorenzo/robotica_ws/src/lorenzo.nobili/cooperative_localization/install/cooperative_localization/share/cooperative_localization/hook/pythonpath.ps1'
[14.509s] INFO:colcon.colcon_core.shell:Creating environment descriptor '/home/lorenzo/robotica_ws/src/lorenzo.nobili/cooperative_localization/install/cooperative_localization/share/cooperative_localization/hook/pythonpath.dsv'
[14.510s] INFO:colcon.colcon_core.shell:Creating environment hook '/home/lorenzo/robotica_ws/src/lorenzo.nobili/cooperative_localization/install/cooperative_localization/share/cooperative_localization/hook/pythonpath.sh'
[14.511s] Level 1:colcon.colcon_core.environment:checking '/home/lorenzo/robotica_ws/src/lorenzo.nobili/cooperative_localization/install/cooperative_localization/bin'
[14.512s] INFO:colcon.colcon_core.shell:Creating package script '/home/lorenzo/robotica_ws/src/lorenzo.nobili/cooperative_localization/install/cooperative_localization/share/cooperative_localization/package.ps1'
[14.514s] INFO:colcon.colcon_core.shell:Creating package descriptor '/home/lorenzo/robotica_ws/src/lorenzo.nobili/cooperative_localization/install/cooperative_localization/share/cooperative_localization/package.dsv'
[14.515s] INFO:colcon.colcon_core.shell:Creating package script '/home/lorenzo/robotica_ws/src/lorenzo.nobili/cooperative_localization/install/cooperative_localization/share/cooperative_localization/package.sh'
[14.516s] INFO:colcon.colcon_core.shell:Creating package script '/home/lorenzo/robotica_ws/src/lorenzo.nobili/cooperative_localization/install/cooperative_localization/share/cooperative_localization/package.bash'
[14.517s] INFO:colcon.colcon_core.shell:Creating package script '/home/lorenzo/robotica_ws/src/lorenzo.nobili/cooperative_localization/install/cooperative_localization/share/cooperative_localization/package.zsh'
[14.519s] Level 1:colcon.colcon_core.environment:create_file_with_runtime_dependencies(/home/lorenzo/robotica_ws/src/lorenzo.nobili/cooperative_localization/install/cooperative_localization/share/colcon-core/packages/cooperative_localization)
[14.520s] Level 1:colcon.colcon_core.environment:create_environment_scripts_only(cooperative_localization)
[14.521s] Level 1:colcon.colcon_core.environment:checking '/home/lorenzo/robotica_ws/src/lorenzo.nobili/cooperative_localization/install/cooperative_localization' for CMake module files
[14.522s] Level 1:colcon.colcon_core.environment:checking '/home/lorenzo/robotica_ws/src/lorenzo.nobili/cooperative_localization/install/cooperative_localization' for CMake config files
[14.524s] Level 1:colcon.colcon_core.shell:create_environment_hook('cooperative_localization', 'cmake_prefix_path')
[14.524s] INFO:colcon.colcon_core.shell:Creating environment hook '/home/lorenzo/robotica_ws/src/lorenzo.nobili/cooperative_localization/install/cooperative_localization/share/cooperative_localization/hook/cmake_prefix_path.ps1'
[14.525s] INFO:colcon.colcon_core.shell:Creating environment descriptor '/home/lorenzo/robotica_ws/src/lorenzo.nobili/cooperative_localization/install/cooperative_localization/share/cooperative_localization/hook/cmake_prefix_path.dsv'
[14.526s] INFO:colcon.colcon_core.shell:Creating environment hook '/home/lorenzo/robotica_ws/src/lorenzo.nobili/cooperative_localization/install/cooperative_localization/share/cooperative_localization/hook/cmake_prefix_path.sh'
[14.527s] Level 1:colcon.colcon_core.environment:checking '/home/lorenzo/robotica_ws/src/lorenzo.nobili/cooperative_localization/install/cooperative_localization/lib'
[14.528s] Level 1:colcon.colcon_core.shell:create_environment_hook('cooperative_localization', 'ld_library_path_lib')
[14.528s] INFO:colcon.colcon_core.shell:Creating environment hook '/home/lorenzo/robotica_ws/src/lorenzo.nobili/cooperative_localization/install/cooperative_localization/share/cooperative_localization/hook/ld_library_path_lib.ps1'
[14.529s] INFO:colcon.colcon_core.shell:Creating environment descriptor '/home/lorenzo/robotica_ws/src/lorenzo.nobili/cooperative_localization/install/cooperative_localization/share/cooperative_localization/hook/ld_library_path_lib.dsv'
[14.530s] INFO:colcon.colcon_core.shell:Creating environment hook '/home/lorenzo/robotica_ws/src/lorenzo.nobili/cooperative_localization/install/cooperative_localization/share/cooperative_localization/hook/ld_library_path_lib.sh'
[14.531s] Level 1:colcon.colcon_core.environment:checking '/home/lorenzo/robotica_ws/src/lorenzo.nobili/cooperative_localization/install/cooperative_localization/bin'
[14.531s] Level 1:colcon.colcon_core.environment:checking '/home/lorenzo/robotica_ws/src/lorenzo.nobili/cooperative_localization/install/cooperative_localization/lib/pkgconfig/cooperative_localization.pc'
[14.532s] Level 1:colcon.colcon_core.environment:checking '/home/lorenzo/robotica_ws/src/lorenzo.nobili/cooperative_localization/install/cooperative_localization/lib/python3.12/site-packages'
[14.532s] Level 1:colcon.colcon_core.shell:create_environment_hook('cooperative_localization', 'pythonpath')
[14.532s] INFO:colcon.colcon_core.shell:Creating environment hook '/home/lorenzo/robotica_ws/src/lorenzo.nobili/cooperative_localization/install/cooperative_localization/share/cooperative_localization/hook/pythonpath.ps1'
[14.533s] INFO:colcon.colcon_core.shell:Creating environment descriptor '/home/lorenzo/robotica_ws/src/lorenzo.nobili/cooperative_localization/install/cooperative_localization/share/cooperative_localization/hook/pythonpath.dsv'
[14.534s] INFO:colcon.colcon_core.shell:Creating environment hook '/home/lorenzo/robotica_ws/src/lorenzo.nobili/cooperative_localization/install/cooperative_localization/share/cooperative_localization/hook/pythonpath.sh'
[14.535s] Level 1:colcon.colcon_core.environment:checking '/home/lorenzo/robotica_ws/src/lorenzo.nobili/cooperative_localization/install/cooperative_localization/bin'
[14.536s] INFO:colcon.colcon_core.shell:Creating package script '/home/lorenzo/robotica_ws/src/lorenzo.nobili/cooperative_localization/install/cooperative_localization/share/cooperative_localization/package.ps1'
[14.537s] INFO:colcon.colcon_core.shell:Creating package descriptor '/home/lorenzo/robotica_ws/src/lorenzo.nobili/cooperative_localization/install/cooperative_localization/share/cooperative_localization/package.dsv'
[14.538s] INFO:colcon.colcon_core.shell:Creating package script '/home/lorenzo/robotica_ws/src/lorenzo.nobili/cooperative_localization/install/cooperative_localization/share/cooperative_localization/package.sh'
[14.539s] INFO:colcon.colcon_core.shell:Creating package script '/home/lorenzo/robotica_ws/src/lorenzo.nobili/cooperative_localization/install/cooperative_localization/share/cooperative_localization/package.bash'
[14.540s] INFO:colcon.colcon_core.shell:Creating package script '/home/lorenzo/robotica_ws/src/lorenzo.nobili/cooperative_localization/install/cooperative_localization/share/cooperative_localization/package.zsh'
[14.540s] Level 1:colcon.colcon_core.environment:create_file_with_runtime_dependencies(/home/lorenzo/robotica_ws/src/lorenzo.nobili/cooperative_localization/install/cooperative_localization/share/colcon-core/packages/cooperative_localization)
[14.541s] DEBUG:colcon.colcon_parallel_executor.executor.parallel:closing loop
[14.542s] DEBUG:colcon.colcon_ros_domain_id_coordinator.shell.ros_domain_id:Released ROS_DOMAIN_ID=27 for '/home/lorenzo/robotica_ws/src/lorenzo.nobili/cooperative_localization/build/cooperative_localization'
[14.542s] DEBUG:colcon.colcon_parallel_executor.executor.parallel:loop closed
[14.543s] DEBUG:colcon.colcon_parallel_executor.executor.parallel:run_until_complete finished with '0'
[14.544s] DEBUG:colcon.colcon_core.event_reactor:joining thread
[14.663s] INFO:colcon.colcon_core.plugin_system:Skipping extension 'colcon_notification.desktop_notification.notify_send': Could not find 'notify-send'
[14.664s] INFO:colcon.colcon_core.plugin_system:Skipping extension 'colcon_notification.desktop_notification.terminal_notifier': Not used on non-Darwin systems
[14.664s] INFO:colcon.colcon_core.plugin_system:Skipping extension 'colcon_notification.desktop_notification.win32': Not used on non-Windows systems
[14.664s] INFO:colcon.colcon_notification.desktop_notification:Sending desktop notification using 'notify2'
[14.667s] DEBUG:colcon.colcon_notification.desktop_notification.notify2:Failed to initialize notify2: org.freedesktop.DBus.Error.ServiceUnknown: The name org.freedesktop.Notifications was not provided by any .service files
[14.667s] DEBUG:colcon.colcon_core.event_reactor:joined thread
[14.668s] INFO:colcon.colcon_core.shell:Creating prefix script '/home/lorenzo/robotica_ws/src/lorenzo.nobili/cooperative_localization/install/local_setup.ps1'
[14.670s] INFO:colcon.colcon_core.shell:Creating prefix util module '/home/lorenzo/robotica_ws/src/lorenzo.nobili/cooperative_localization/install/_local_setup_util_ps1.py'
[14.672s] INFO:colcon.colcon_core.shell:Creating prefix chain script '/home/lorenzo/robotica_ws/src/lorenzo.nobili/cooperative_localization/install/setup.ps1'
[14.674s] INFO:colcon.colcon_core.shell:Creating prefix script '/home/lorenzo/robotica_ws/src/lorenzo.nobili/cooperative_localization/install/local_setup.sh'
[14.677s] INFO:colcon.colcon_core.shell:Creating prefix util module '/home/lorenzo/robotica_ws/src/lorenzo.nobili/cooperative_localization/install/_local_setup_util_sh.py'
[14.678s] INFO:colcon.colcon_core.shell:Creating prefix chain script '/home/lorenzo/robotica_ws/src/lorenzo.nobili/cooperative_localization/install/setup.sh'
[14.680s] INFO:colcon.colcon_core.shell:Creating prefix script '/home/lorenzo/robotica_ws/src/lorenzo.nobili/cooperative_localization/install/local_setup.bash'
[14.681s] INFO:colcon.colcon_core.shell:Creating prefix chain script '/home/lorenzo/robotica_ws/src/lorenzo.nobili/cooperative_localization/install/setup.bash'
[14.683s] INFO:colcon.colcon_core.shell:Creating prefix script '/home/lorenzo/robotica_ws/src/lorenzo.nobili/cooperative_localization/install/local_setup.zsh'
[14.684s] INFO:colcon.colcon_core.shell:Creating prefix chain script '/home/lorenzo/robotica_ws/src/lorenzo.nobili/cooperative_localization/install/setup.zsh'
[14.686s] INFO:colcon.colcon_core.shell:Creating '/home/lorenzo/robotica_ws/src/lorenzo.nobili/cooperative_localization/install/spawn_shell.bash'
