[0.028s] Invoking command in '/home/lorenzo/robotica_ws/src/lorenzo.nobili/cooperative_localization/build/cooperative_localization': CMAKE_PREFIX_PATH=${CMAKE_PREFIX_PATH}:/opt/ros/jazzy CONDA_PROMPT_MODIFIER=(base) DEBUGINFOD_URLS=https://debuginfod.ubuntu.com /usr/bin/cmake --build /home/lorenzo/robotica_ws/src/lorenzo.nobili/cooperative_localization/build/cooperative_localization -- -j12 -l12
[0.044s] Change Dir: '/home/lorenzo/robotica_ws/src/lorenzo.nobili/cooperative_localization/build/cooperative_localization'
[0.044s] 
[0.044s] Run Build Command(s): /usr/bin/cmake -E env VERBOSE=1 /usr/bin/gmake -f Makefile -j12 -l12
[0.073s] /usr/bin/cmake -S/home/lorenzo/robotica_ws/src/lorenzo.nobili/cooperative_localization -B/home/lorenzo/robotica_ws/src/lorenzo.nobili/cooperative_localization/build/cooperative_localization --check-build-system CMakeFiles/Makefile.cmake 0
[0.097s] Re-run cmake file: Makefile older than: /home/lorenzo/robotica_ws/src/lorenzo.nobili/cooperative_localization/CMakeLists.txt
[0.114s] -- Found ament_cmake: 2.5.4 (/opt/ros/jazzy/share/ament_cmake/cmake)
[0.599s] -- Found rclcpp: 28.1.9 (/opt/ros/jazzy/share/rclcpp/cmake)
[1.041s] -- Found rosidl_generator_c: 4.6.5 (/opt/ros/jazzy/share/rosidl_generator_c/cmake)
[1.061s] -- Found rosidl_generator_cpp: 4.6.5 (/opt/ros/jazzy/share/rosidl_generator_cpp/cmake)
[1.091s] -- Using all available rosidl_typesupport_c: rosidl_typesupport_fastrtps_c;rosidl_typesupport_introspection_c
[1.122s] -- Using all available rosidl_typesupport_cpp: rosidl_typesupport_fastrtps_cpp;rosidl_typesupport_introspection_cpp
[1.271s] -- Found rmw_implementation_cmake: 7.3.2 (/opt/ros/jazzy/share/rmw_implementation_cmake/cmake)
[1.275s] -- Found rmw_cyclonedds_cpp: 2.2.3 (/opt/ros/jazzy/share/rmw_cyclonedds_cpp/cmake)
[1.690s] -- Using RMW implementation 'rmw_cyclonedds_cpp' as default
[1.837s] -- Found nav_msgs: 5.3.6 (/opt/ros/jazzy/share/nav_msgs/cmake)
[1.982s] -- Found rosidl_default_generators: 1.6.0 (/opt/ros/jazzy/share/rosidl_default_generators/cmake)
[2.002s] -- Found rosidl_adapter: 4.6.5 (/opt/ros/jazzy/share/rosidl_adapter/cmake)
[2.617s] CMake Error at /opt/ros/jazzy/share/rosidl_cmake/cmake/rosidl_generate_interfaces.cmake:223 (message):
[2.618s]   Packages installing interfaces must include
[2.618s]   '<member_of_group>rosidl_interface_packages</member_of_group>' in their
[2.618s]   package.xml
[2.619s] Call Stack (most recent call first):
[2.619s]   CMakeLists.txt:21 (rosidl_generate_interfaces)
[2.619s] 
[2.619s] 
[2.619s] -- Configuring incomplete, errors occurred!
[2.633s] gmake: *** [Makefile:270: cmake_check_build_system] Error 1
[2.637s] 
[2.641s] Invoked command in '/home/lorenzo/robotica_ws/src/lorenzo.nobili/cooperative_localization/build/cooperative_localization' returned '2': CMAKE_PREFIX_PATH=${CMAKE_PREFIX_PATH}:/opt/ros/jazzy CONDA_PROMPT_MODIFIER=(base) DEBUGINFOD_URLS=https://debuginfod.ubuntu.com /usr/bin/cmake --build /home/lorenzo/robotica_ws/src/lorenzo.nobili/cooperative_localization/build/cooperative_localization -- -j12 -l12
