Change Dir: '/home/lorenzo/robotica_ws/src/lorenzo.nobili/cooperative_localization/build/cooperative_localization'

Run Build Command(s): /usr/bin/cmake -E env VERBOSE=1 /usr/bin/gmake -f Makefile -j12 -l12
/usr/bin/cmake -S/home/lorenzo/robotica_ws/src/lorenzo.nobili/cooperative_localization -B/home/lorenzo/robotica_ws/src/lorenzo.nobili/cooperative_localization/build/cooperative_localization --check-build-system CMakeFiles/Makefile.cmake 0
/usr/bin/cmake -E cmake_progress_start /home/lorenzo/robotica_ws/src/lorenzo.nobili/cooperative_localization/build/cooperative_localization/CMakeFiles /home/lorenzo/robotica_ws/src/lorenzo.nobili/cooperative_localization/build/cooperative_localization//CMakeFiles/progress.marks
/usr/bin/gmake  -f CMakeFiles/Makefile2 all
gmake[1]: Entering directory '/home/lorenzo/robotica_ws/src/lorenzo.nobili/cooperative_localization/build/cooperative_localization'
/usr/bin/gmake  -f CMakeFiles/cooperative_localization__rosidl_generator_type_description.dir/build.make CMakeFiles/cooperative_localization__rosidl_generator_type_description.dir/depend
/usr/bin/gmake  -f CMakeFiles/ament_cmake_python_copy_cooperative_localization.dir/build.make CMakeFiles/ament_cmake_python_copy_cooperative_localization.dir/depend
/usr/bin/gmake  -f CMakeFiles/test_dataset.dir/build.make CMakeFiles/test_dataset.dir/depend
gmake[2]: Entering directory '/home/lorenzo/robotica_ws/src/lorenzo.nobili/cooperative_localization/build/cooperative_localization'
cd /home/lorenzo/robotica_ws/src/lorenzo.nobili/cooperative_localization/build/cooperative_localization && /usr/bin/cmake -E cmake_depends "Unix Makefiles" /home/lorenzo/robotica_ws/src/lorenzo.nobili/cooperative_localization /home/lorenzo/robotica_ws/src/lorenzo.nobili/cooperative_localization /home/lorenzo/robotica_ws/src/lorenzo.nobili/cooperative_localization/build/cooperative_localization /home/lorenzo/robotica_ws/src/lorenzo.nobili/cooperative_localization/build/cooperative_localization /home/lorenzo/robotica_ws/src/lorenzo.nobili/cooperative_localization/build/cooperative_localization/CMakeFiles/cooperative_localization__rosidl_generator_type_description.dir/DependInfo.cmake "--color="
gmake[2]: Entering directory '/home/lorenzo/robotica_ws/src/lorenzo.nobili/cooperative_localization/build/cooperative_localization'
cd /home/lorenzo/robotica_ws/src/lorenzo.nobili/cooperative_localization/build/cooperative_localization && /usr/bin/cmake -E cmake_depends "Unix Makefiles" /home/lorenzo/robotica_ws/src/lorenzo.nobili/cooperative_localization /home/lorenzo/robotica_ws/src/lorenzo.nobili/cooperative_localization /home/lorenzo/robotica_ws/src/lorenzo.nobili/cooperative_localization/build/cooperative_localization /home/lorenzo/robotica_ws/src/lorenzo.nobili/cooperative_localization/build/cooperative_localization /home/lorenzo/robotica_ws/src/lorenzo.nobili/cooperative_localization/build/cooperative_localization/CMakeFiles/ament_cmake_python_copy_cooperative_localization.dir/DependInfo.cmake "--color="
gmake[2]: Entering directory '/home/lorenzo/robotica_ws/src/lorenzo.nobili/cooperative_localization/build/cooperative_localization'
cd /home/lorenzo/robotica_ws/src/lorenzo.nobili/cooperative_localization/build/cooperative_localization && /usr/bin/cmake -E cmake_depends "Unix Makefiles" /home/lorenzo/robotica_ws/src/lorenzo.nobili/cooperative_localization /home/lorenzo/robotica_ws/src/lorenzo.nobili/cooperative_localization /home/lorenzo/robotica_ws/src/lorenzo.nobili/cooperative_localization/build/cooperative_localization /home/lorenzo/robotica_ws/src/lorenzo.nobili/cooperative_localization/build/cooperative_localization /home/lorenzo/robotica_ws/src/lorenzo.nobili/cooperative_localization/build/cooperative_localization/CMakeFiles/test_dataset.dir/DependInfo.cmake "--color="
gmake[2]: Leaving directory '/home/lorenzo/robotica_ws/src/lorenzo.nobili/cooperative_localization/build/cooperative_localization'
/usr/bin/gmake  -f CMakeFiles/ament_cmake_python_copy_cooperative_localization.dir/build.make CMakeFiles/ament_cmake_python_copy_cooperative_localization.dir/build
gmake[2]: Entering directory '/home/lorenzo/robotica_ws/src/lorenzo.nobili/cooperative_localization/build/cooperative_localization'
/usr/bin/cmake -E copy_directory /home/lorenzo/robotica_ws/src/lorenzo.nobili/cooperative_localization/build/cooperative_localization/rosidl_generator_py/cooperative_localization /home/lorenzo/robotica_ws/src/lorenzo.nobili/cooperative_localization/build/cooperative_localization/ament_cmake_python/cooperative_localization/cooperative_localization
gmake[2]: Leaving directory '/home/lorenzo/robotica_ws/src/lorenzo.nobili/cooperative_localization/build/cooperative_localization'
/usr/bin/gmake  -f CMakeFiles/cooperative_localization__rosidl_generator_type_description.dir/build.make CMakeFiles/cooperative_localization__rosidl_generator_type_description.dir/build
Dependencies file "CMakeFiles/test_dataset.dir/src/data_loader.cpp.o.d" is newer than depends file "/home/lorenzo/robotica_ws/src/lorenzo.nobili/cooperative_localization/build/cooperative_localization/CMakeFiles/test_dataset.dir/compiler_depend.internal".
gmake[2]: Entering directory '/home/lorenzo/robotica_ws/src/lorenzo.nobili/cooperative_localization/build/cooperative_localization'
gmake[2]: Nothing to be done for 'CMakeFiles/cooperative_localization__rosidl_generator_type_description.dir/build'.
gmake[2]: Leaving directory '/home/lorenzo/robotica_ws/src/lorenzo.nobili/cooperative_localization/build/cooperative_localization'
Dependencies file "CMakeFiles/test_dataset.dir/src/ekf_centralized.cpp.o.d" is newer than depends file "/home/lorenzo/robotica_ws/src/lorenzo.nobili/cooperative_localization/build/cooperative_localization/CMakeFiles/test_dataset.dir/compiler_depend.internal".
Dependencies file "CMakeFiles/test_dataset.dir/src/test_dataset.cpp.o.d" is newer than depends file "/home/lorenzo/robotica_ws/src/lorenzo.nobili/cooperative_localization/build/cooperative_localization/CMakeFiles/test_dataset.dir/compiler_depend.internal".
[  2%] Built target cooperative_localization__rosidl_generator_type_description
gmake[2]: Leaving directory '/home/lorenzo/robotica_ws/src/lorenzo.nobili/cooperative_localization/build/cooperative_localization'
/usr/bin/gmake  -f CMakeFiles/cooperative_localization__cpp.dir/build.make CMakeFiles/cooperative_localization__cpp.dir/depend
/usr/bin/gmake  -f CMakeFiles/cooperative_localization__rosidl_generator_c.dir/build.make CMakeFiles/cooperative_localization__rosidl_generator_c.dir/depend
gmake[2]: Entering directory '/home/lorenzo/robotica_ws/src/lorenzo.nobili/cooperative_localization/build/cooperative_localization'
cd /home/lorenzo/robotica_ws/src/lorenzo.nobili/cooperative_localization/build/cooperative_localization && /usr/bin/cmake -E cmake_depends "Unix Makefiles" /home/lorenzo/robotica_ws/src/lorenzo.nobili/cooperative_localization /home/lorenzo/robotica_ws/src/lorenzo.nobili/cooperative_localization /home/lorenzo/robotica_ws/src/lorenzo.nobili/cooperative_localization/build/cooperative_localization /home/lorenzo/robotica_ws/src/lorenzo.nobili/cooperative_localization/build/cooperative_localization /home/lorenzo/robotica_ws/src/lorenzo.nobili/cooperative_localization/build/cooperative_localization/CMakeFiles/cooperative_localization__cpp.dir/DependInfo.cmake "--color="
gmake[2]: Entering directory '/home/lorenzo/robotica_ws/src/lorenzo.nobili/cooperative_localization/build/cooperative_localization'
cd /home/lorenzo/robotica_ws/src/lorenzo.nobili/cooperative_localization/build/cooperative_localization && /usr/bin/cmake -E cmake_depends "Unix Makefiles" /home/lorenzo/robotica_ws/src/lorenzo.nobili/cooperative_localization /home/lorenzo/robotica_ws/src/lorenzo.nobili/cooperative_localization /home/lorenzo/robotica_ws/src/lorenzo.nobili/cooperative_localization/build/cooperative_localization /home/lorenzo/robotica_ws/src/lorenzo.nobili/cooperative_localization/build/cooperative_localization /home/lorenzo/robotica_ws/src/lorenzo.nobili/cooperative_localization/build/cooperative_localization/CMakeFiles/cooperative_localization__rosidl_generator_c.dir/DependInfo.cmake "--color="
[  2%] Built target ament_cmake_python_copy_cooperative_localization
/usr/bin/gmake  -f CMakeFiles/ament_cmake_python_build_cooperative_localization_egg.dir/build.make CMakeFiles/ament_cmake_python_build_cooperative_localization_egg.dir/depend
gmake[2]: Entering directory '/home/lorenzo/robotica_ws/src/lorenzo.nobili/cooperative_localization/build/cooperative_localization'
cd /home/lorenzo/robotica_ws/src/lorenzo.nobili/cooperative_localization/build/cooperative_localization && /usr/bin/cmake -E cmake_depends "Unix Makefiles" /home/lorenzo/robotica_ws/src/lorenzo.nobili/cooperative_localization /home/lorenzo/robotica_ws/src/lorenzo.nobili/cooperative_localization /home/lorenzo/robotica_ws/src/lorenzo.nobili/cooperative_localization/build/cooperative_localization /home/lorenzo/robotica_ws/src/lorenzo.nobili/cooperative_localization/build/cooperative_localization /home/lorenzo/robotica_ws/src/lorenzo.nobili/cooperative_localization/build/cooperative_localization/CMakeFiles/ament_cmake_python_build_cooperative_localization_egg.dir/DependInfo.cmake "--color="
Consolidate compiler generated dependencies of target test_dataset
gmake[2]: Leaving directory '/home/lorenzo/robotica_ws/src/lorenzo.nobili/cooperative_localization/build/cooperative_localization'
/usr/bin/gmake  -f CMakeFiles/cooperative_localization__cpp.dir/build.make CMakeFiles/cooperative_localization__cpp.dir/build
gmake[2]: Leaving directory '/home/lorenzo/robotica_ws/src/lorenzo.nobili/cooperative_localization/build/cooperative_localization'
/usr/bin/gmake  -f CMakeFiles/test_dataset.dir/build.make CMakeFiles/test_dataset.dir/build
gmake[2]: Entering directory '/home/lorenzo/robotica_ws/src/lorenzo.nobili/cooperative_localization/build/cooperative_localization'
gmake[2]: Nothing to be done for 'CMakeFiles/cooperative_localization__cpp.dir/build'.
gmake[2]: Leaving directory '/home/lorenzo/robotica_ws/src/lorenzo.nobili/cooperative_localization/build/cooperative_localization'
gmake[2]: Leaving directory '/home/lorenzo/robotica_ws/src/lorenzo.nobili/cooperative_localization/build/cooperative_localization'
/usr/bin/gmake  -f CMakeFiles/cooperative_localization__rosidl_generator_c.dir/build.make CMakeFiles/cooperative_localization__rosidl_generator_c.dir/build
gmake[2]: Entering directory '/home/lorenzo/robotica_ws/src/lorenzo.nobili/cooperative_localization/build/cooperative_localization'
gmake[2]: Nothing to be done for 'CMakeFiles/cooperative_localization__rosidl_generator_c.dir/build'.
gmake[2]: Leaving directory '/home/lorenzo/robotica_ws/src/lorenzo.nobili/cooperative_localization/build/cooperative_localization'
[  4%] Built target cooperative_localization__cpp
gmake[2]: Entering directory '/home/lorenzo/robotica_ws/src/lorenzo.nobili/cooperative_localization/build/cooperative_localization'
gmake[2]: Leaving directory '/home/lorenzo/robotica_ws/src/lorenzo.nobili/cooperative_localization/build/cooperative_localization'
/usr/bin/gmake  -f CMakeFiles/ament_cmake_python_build_cooperative_localization_egg.dir/build.make CMakeFiles/ament_cmake_python_build_cooperative_localization_egg.dir/build
gmake[2]: Entering directory '/home/lorenzo/robotica_ws/src/lorenzo.nobili/cooperative_localization/build/cooperative_localization'
cd /home/lorenzo/robotica_ws/src/lorenzo.nobili/cooperative_localization/build/cooperative_localization/ament_cmake_python/cooperative_localization && /home/lorenzo/miniconda3/bin/python3 setup.py egg_info
[ 17%] Built target cooperative_localization__rosidl_generator_c
/usr/bin/gmake  -f CMakeFiles/cooperative_localization__rosidl_typesupport_cpp.dir/build.make CMakeFiles/cooperative_localization__rosidl_typesupport_cpp.dir/depend
/usr/bin/gmake  -f CMakeFiles/cooperative_localization__rosidl_typesupport_fastrtps_c.dir/build.make CMakeFiles/cooperative_localization__rosidl_typesupport_fastrtps_c.dir/depend
/usr/bin/gmake  -f CMakeFiles/cooperative_localization__rosidl_typesupport_fastrtps_cpp.dir/build.make CMakeFiles/cooperative_localization__rosidl_typesupport_fastrtps_cpp.dir/depend
/usr/bin/gmake  -f CMakeFiles/cooperative_localization__rosidl_typesupport_introspection_c.dir/build.make CMakeFiles/cooperative_localization__rosidl_typesupport_introspection_c.dir/depend
/usr/bin/gmake  -f CMakeFiles/cooperative_localization__rosidl_typesupport_c.dir/build.make CMakeFiles/cooperative_localization__rosidl_typesupport_c.dir/depend
/usr/bin/gmake  -f CMakeFiles/cooperative_localization__rosidl_typesupport_introspection_cpp.dir/build.make CMakeFiles/cooperative_localization__rosidl_typesupport_introspection_cpp.dir/depend
gmake[2]: Entering directory '/home/lorenzo/robotica_ws/src/lorenzo.nobili/cooperative_localization/build/cooperative_localization'
cd /home/lorenzo/robotica_ws/src/lorenzo.nobili/cooperative_localization/build/cooperative_localization && /usr/bin/cmake -E cmake_depends "Unix Makefiles" /home/lorenzo/robotica_ws/src/lorenzo.nobili/cooperative_localization /home/lorenzo/robotica_ws/src/lorenzo.nobili/cooperative_localization /home/lorenzo/robotica_ws/src/lorenzo.nobili/cooperative_localization/build/cooperative_localization /home/lorenzo/robotica_ws/src/lorenzo.nobili/cooperative_localization/build/cooperative_localization /home/lorenzo/robotica_ws/src/lorenzo.nobili/cooperative_localization/build/cooperative_localization/CMakeFiles/cooperative_localization__rosidl_typesupport_cpp.dir/DependInfo.cmake "--color="
[ 19%] Building CXX object CMakeFiles/test_dataset.dir/src/test_dataset.cpp.o
gmake[2]: Entering directory '/home/lorenzo/robotica_ws/src/lorenzo.nobili/cooperative_localization/build/cooperative_localization'
cd /home/lorenzo/robotica_ws/src/lorenzo.nobili/cooperative_localization/build/cooperative_localization && /usr/bin/cmake -E cmake_depends "Unix Makefiles" /home/lorenzo/robotica_ws/src/lorenzo.nobili/cooperative_localization /home/lorenzo/robotica_ws/src/lorenzo.nobili/cooperative_localization /home/lorenzo/robotica_ws/src/lorenzo.nobili/cooperative_localization/build/cooperative_localization /home/lorenzo/robotica_ws/src/lorenzo.nobili/cooperative_localization/build/cooperative_localization /home/lorenzo/robotica_ws/src/lorenzo.nobili/cooperative_localization/build/cooperative_localization/CMakeFiles/cooperative_localization__rosidl_typesupport_c.dir/DependInfo.cmake "--color="
gmake[2]: Entering directory '/home/lorenzo/robotica_ws/src/lorenzo.nobili/cooperative_localization/build/cooperative_localization'
cd /home/lorenzo/robotica_ws/src/lorenzo.nobili/cooperative_localization/build/cooperative_localization && /usr/bin/cmake -E cmake_depends "Unix Makefiles" /home/lorenzo/robotica_ws/src/lorenzo.nobili/cooperative_localization /home/lorenzo/robotica_ws/src/lorenzo.nobili/cooperative_localization /home/lorenzo/robotica_ws/src/lorenzo.nobili/cooperative_localization/build/cooperative_localization /home/lorenzo/robotica_ws/src/lorenzo.nobili/cooperative_localization/build/cooperative_localization /home/lorenzo/robotica_ws/src/lorenzo.nobili/cooperative_localization/build/cooperative_localization/CMakeFiles/cooperative_localization__rosidl_typesupport_fastrtps_c.dir/DependInfo.cmake "--color="
gmake[2]: Entering directory '/home/lorenzo/robotica_ws/src/lorenzo.nobili/cooperative_localization/build/cooperative_localization'
cd /home/lorenzo/robotica_ws/src/lorenzo.nobili/cooperative_localization/build/cooperative_localization && /usr/bin/cmake -E cmake_depends "Unix Makefiles" /home/lorenzo/robotica_ws/src/lorenzo.nobili/cooperative_localization /home/lorenzo/robotica_ws/src/lorenzo.nobili/cooperative_localization /home/lorenzo/robotica_ws/src/lorenzo.nobili/cooperative_localization/build/cooperative_localization /home/lorenzo/robotica_ws/src/lorenzo.nobili/cooperative_localization/build/cooperative_localization /home/lorenzo/robotica_ws/src/lorenzo.nobili/cooperative_localization/build/cooperative_localization/CMakeFiles/cooperative_localization__rosidl_typesupport_fastrtps_cpp.dir/DependInfo.cmake "--color="
gmake[2]: Entering directory '/home/lorenzo/robotica_ws/src/lorenzo.nobili/cooperative_localization/build/cooperative_localization'
cd /home/lorenzo/robotica_ws/src/lorenzo.nobili/cooperative_localization/build/cooperative_localization && /usr/bin/cmake -E cmake_depends "Unix Makefiles" /home/lorenzo/robotica_ws/src/lorenzo.nobili/cooperative_localization /home/lorenzo/robotica_ws/src/lorenzo.nobili/cooperative_localization /home/lorenzo/robotica_ws/src/lorenzo.nobili/cooperative_localization/build/cooperative_localization /home/lorenzo/robotica_ws/src/lorenzo.nobili/cooperative_localization/build/cooperative_localization /home/lorenzo/robotica_ws/src/lorenzo.nobili/cooperative_localization/build/cooperative_localization/CMakeFiles/cooperative_localization__rosidl_typesupport_introspection_c.dir/DependInfo.cmake "--color="
/usr/bin/c++ -DDEFAULT_RMW_IMPLEMENTATION=rmw_fastrtps_cpp -DFASTCDR_DYN_LINK -DROS_PACKAGE_NAME=\"cooperative_localization\" -I/home/lorenzo/robotica_ws/src/lorenzo.nobili/cooperative_localization/include -I/usr/include/eigen3 -isystem /opt/ros/jazzy/include/rclcpp -isystem /opt/ros/jazzy/include/nav_msgs -isystem /opt/ros/jazzy/include/builtin_interfaces -isystem /opt/ros/jazzy/include/rosidl_runtime_c -isystem /opt/ros/jazzy/include/rcutils -isystem /opt/ros/jazzy/include/rosidl_typesupport_interface -isystem /opt/ros/jazzy/include/fastcdr -isystem /opt/ros/jazzy/include/rosidl_runtime_cpp -isystem /opt/ros/jazzy/include/rosidl_typesupport_fastrtps_cpp -isystem /opt/ros/jazzy/include/rmw -isystem /opt/ros/jazzy/include/rosidl_dynamic_typesupport -isystem /opt/ros/jazzy/include/rosidl_typesupport_fastrtps_c -isystem /opt/ros/jazzy/include/rosidl_typesupport_introspection_c -isystem /opt/ros/jazzy/include/rosidl_typesupport_introspection_cpp -isystem /opt/ros/jazzy/include/libstatistics_collector -isystem /opt/ros/jazzy/include/rcl -isystem /opt/ros/jazzy/include/rcl_interfaces -isystem /opt/ros/jazzy/include/service_msgs -isystem /opt/ros/jazzy/include/rcl_logging_interface -isystem /opt/ros/jazzy/include/rcl_yaml_param_parser -isystem /opt/ros/jazzy/include/type_description_interfaces -isystem /opt/ros/jazzy/include/rcpputils -isystem /opt/ros/jazzy/include/statistics_msgs -isystem /opt/ros/jazzy/include/rosgraph_msgs -isystem /opt/ros/jazzy/include/rosidl_typesupport_cpp -isystem /opt/ros/jazzy/include/rosidl_typesupport_c -isystem /opt/ros/jazzy/include/tracetools -isystem /opt/ros/jazzy/include/geometry_msgs -isystem /opt/ros/jazzy/include/std_msgs -std=gnu++17 -Wall -Wextra -Wpedantic -march=native -MD -MT CMakeFiles/test_dataset.dir/src/test_dataset.cpp.o -MF CMakeFiles/test_dataset.dir/src/test_dataset.cpp.o.d -o CMakeFiles/test_dataset.dir/src/test_dataset.cpp.o -c /home/lorenzo/robotica_ws/src/lorenzo.nobili/cooperative_localization/src/test_dataset.cpp
gmake[2]: Entering directory '/home/lorenzo/robotica_ws/src/lorenzo.nobili/cooperative_localization/build/cooperative_localization'
cd /home/lorenzo/robotica_ws/src/lorenzo.nobili/cooperative_localization/build/cooperative_localization && /usr/bin/cmake -E cmake_depends "Unix Makefiles" /home/lorenzo/robotica_ws/src/lorenzo.nobili/cooperative_localization /home/lorenzo/robotica_ws/src/lorenzo.nobili/cooperative_localization /home/lorenzo/robotica_ws/src/lorenzo.nobili/cooperative_localization/build/cooperative_localization /home/lorenzo/robotica_ws/src/lorenzo.nobili/cooperative_localization/build/cooperative_localization /home/lorenzo/robotica_ws/src/lorenzo.nobili/cooperative_localization/build/cooperative_localization/CMakeFiles/cooperative_localization__rosidl_typesupport_introspection_cpp.dir/DependInfo.cmake "--color="
gmake[2]: Leaving directory '/home/lorenzo/robotica_ws/src/lorenzo.nobili/cooperative_localization/build/cooperative_localization'
/usr/bin/gmake  -f CMakeFiles/cooperative_localization__rosidl_typesupport_cpp.dir/build.make CMakeFiles/cooperative_localization__rosidl_typesupport_cpp.dir/build
gmake[2]: Leaving directory '/home/lorenzo/robotica_ws/src/lorenzo.nobili/cooperative_localization/build/cooperative_localization'
/usr/bin/gmake  -f CMakeFiles/cooperative_localization__rosidl_typesupport_fastrtps_c.dir/build.make CMakeFiles/cooperative_localization__rosidl_typesupport_fastrtps_c.dir/build
gmake[2]: Leaving directory '/home/lorenzo/robotica_ws/src/lorenzo.nobili/cooperative_localization/build/cooperative_localization'
/usr/bin/gmake  -f CMakeFiles/cooperative_localization__rosidl_typesupport_fastrtps_cpp.dir/build.make CMakeFiles/cooperative_localization__rosidl_typesupport_fastrtps_cpp.dir/build
gmake[2]: Entering directory '/home/lorenzo/robotica_ws/src/lorenzo.nobili/cooperative_localization/build/cooperative_localization'
gmake[2]: Nothing to be done for 'CMakeFiles/cooperative_localization__rosidl_typesupport_cpp.dir/build'.
gmake[2]: Leaving directory '/home/lorenzo/robotica_ws/src/lorenzo.nobili/cooperative_localization/build/cooperative_localization'
gmake[2]: Leaving directory '/home/lorenzo/robotica_ws/src/lorenzo.nobili/cooperative_localization/build/cooperative_localization'
/usr/bin/gmake  -f CMakeFiles/cooperative_localization__rosidl_typesupport_c.dir/build.make CMakeFiles/cooperative_localization__rosidl_typesupport_c.dir/build
gmake[2]: Leaving directory '/home/lorenzo/robotica_ws/src/lorenzo.nobili/cooperative_localization/build/cooperative_localization'
gmake[2]: Leaving directory '/home/lorenzo/robotica_ws/src/lorenzo.nobili/cooperative_localization/build/cooperative_localization'
/usr/bin/gmake  -f CMakeFiles/cooperative_localization__rosidl_typesupport_introspection_c.dir/build.make CMakeFiles/cooperative_localization__rosidl_typesupport_introspection_c.dir/build
/usr/bin/gmake  -f CMakeFiles/cooperative_localization__rosidl_typesupport_introspection_cpp.dir/build.make CMakeFiles/cooperative_localization__rosidl_typesupport_introspection_cpp.dir/build
gmake[2]: Entering directory '/home/lorenzo/robotica_ws/src/lorenzo.nobili/cooperative_localization/build/cooperative_localization'
gmake[2]: Nothing to be done for 'CMakeFiles/cooperative_localization__rosidl_typesupport_fastrtps_c.dir/build'.
gmake[2]: Leaving directory '/home/lorenzo/robotica_ws/src/lorenzo.nobili/cooperative_localization/build/cooperative_localization'
gmake[2]: Entering directory '/home/lorenzo/robotica_ws/src/lorenzo.nobili/cooperative_localization/build/cooperative_localization'
gmake[2]: Nothing to be done for 'CMakeFiles/cooperative_localization__rosidl_typesupport_fastrtps_cpp.dir/build'.
gmake[2]: Leaving directory '/home/lorenzo/robotica_ws/src/lorenzo.nobili/cooperative_localization/build/cooperative_localization'
gmake[2]: Entering directory '/home/lorenzo/robotica_ws/src/lorenzo.nobili/cooperative_localization/build/cooperative_localization'
gmake[2]: Nothing to be done for 'CMakeFiles/cooperative_localization__rosidl_typesupport_c.dir/build'.
gmake[2]: Leaving directory '/home/lorenzo/robotica_ws/src/lorenzo.nobili/cooperative_localization/build/cooperative_localization'
gmake[2]: Entering directory '/home/lorenzo/robotica_ws/src/lorenzo.nobili/cooperative_localization/build/cooperative_localization'
gmake[2]: Nothing to be done for 'CMakeFiles/cooperative_localization__rosidl_typesupport_introspection_c.dir/build'.
gmake[2]: Leaving directory '/home/lorenzo/robotica_ws/src/lorenzo.nobili/cooperative_localization/build/cooperative_localization'
gmake[2]: Entering directory '/home/lorenzo/robotica_ws/src/lorenzo.nobili/cooperative_localization/build/cooperative_localization'
gmake[2]: Nothing to be done for 'CMakeFiles/cooperative_localization__rosidl_typesupport_introspection_cpp.dir/build'.
gmake[2]: Leaving directory '/home/lorenzo/robotica_ws/src/lorenzo.nobili/cooperative_localization/build/cooperative_localization'
[ 26%] Built target cooperative_localization__rosidl_typesupport_cpp
/usr/bin/gmake  -f CMakeFiles/coop_localization_node.dir/build.make CMakeFiles/coop_localization_node.dir/depend
[ 34%] Built target cooperative_localization__rosidl_typesupport_fastrtps_c
[ 41%] Built target cooperative_localization__rosidl_typesupport_fastrtps_cpp
[ 48%] Built target cooperative_localization__rosidl_typesupport_introspection_c
[ 56%] Built target cooperative_localization__rosidl_typesupport_introspection_cpp
[ 63%] Built target cooperative_localization__rosidl_typesupport_c
/usr/bin/gmake  -f CMakeFiles/cooperative_localization.dir/build.make CMakeFiles/cooperative_localization.dir/depend
gmake[2]: Entering directory '/home/lorenzo/robotica_ws/src/lorenzo.nobili/cooperative_localization/build/cooperative_localization'
cd /home/lorenzo/robotica_ws/src/lorenzo.nobili/cooperative_localization/build/cooperative_localization && /usr/bin/cmake -E cmake_depends "Unix Makefiles" /home/lorenzo/robotica_ws/src/lorenzo.nobili/cooperative_localization /home/lorenzo/robotica_ws/src/lorenzo.nobili/cooperative_localization /home/lorenzo/robotica_ws/src/lorenzo.nobili/cooperative_localization/build/cooperative_localization /home/lorenzo/robotica_ws/src/lorenzo.nobili/cooperative_localization/build/cooperative_localization /home/lorenzo/robotica_ws/src/lorenzo.nobili/cooperative_localization/build/cooperative_localization/CMakeFiles/coop_localization_node.dir/DependInfo.cmake "--color="
gmake[2]: Entering directory '/home/lorenzo/robotica_ws/src/lorenzo.nobili/cooperative_localization/build/cooperative_localization'
cd /home/lorenzo/robotica_ws/src/lorenzo.nobili/cooperative_localization/build/cooperative_localization && /usr/bin/cmake -E cmake_depends "Unix Makefiles" /home/lorenzo/robotica_ws/src/lorenzo.nobili/cooperative_localization /home/lorenzo/robotica_ws/src/lorenzo.nobili/cooperative_localization /home/lorenzo/robotica_ws/src/lorenzo.nobili/cooperative_localization/build/cooperative_localization /home/lorenzo/robotica_ws/src/lorenzo.nobili/cooperative_localization/build/cooperative_localization /home/lorenzo/robotica_ws/src/lorenzo.nobili/cooperative_localization/build/cooperative_localization/CMakeFiles/cooperative_localization.dir/DependInfo.cmake "--color="
gmake[2]: Leaving directory '/home/lorenzo/robotica_ws/src/lorenzo.nobili/cooperative_localization/build/cooperative_localization'
/usr/bin/gmake  -f CMakeFiles/cooperative_localization.dir/build.make CMakeFiles/cooperative_localization.dir/build
gmake[2]: Entering directory '/home/lorenzo/robotica_ws/src/lorenzo.nobili/cooperative_localization/build/cooperative_localization'
gmake[2]: Nothing to be done for 'CMakeFiles/cooperative_localization.dir/build'.
gmake[2]: Leaving directory '/home/lorenzo/robotica_ws/src/lorenzo.nobili/cooperative_localization/build/cooperative_localization'
gmake[2]: Leaving directory '/home/lorenzo/robotica_ws/src/lorenzo.nobili/cooperative_localization/build/cooperative_localization'
/usr/bin/gmake  -f CMakeFiles/coop_localization_node.dir/build.make CMakeFiles/coop_localization_node.dir/build
gmake[2]: Entering directory '/home/lorenzo/robotica_ws/src/lorenzo.nobili/cooperative_localization/build/cooperative_localization'
gmake[2]: Nothing to be done for 'CMakeFiles/coop_localization_node.dir/build'.
gmake[2]: Leaving directory '/home/lorenzo/robotica_ws/src/lorenzo.nobili/cooperative_localization/build/cooperative_localization'
[ 65%] Built target cooperative_localization
[ 70%] Built target coop_localization_node
/usr/bin/gmake  -f cooperative_localization__py/CMakeFiles/cooperative_localization__py.dir/build.make cooperative_localization__py/CMakeFiles/cooperative_localization__py.dir/depend
gmake[2]: Entering directory '/home/lorenzo/robotica_ws/src/lorenzo.nobili/cooperative_localization/build/cooperative_localization'
cd /home/lorenzo/robotica_ws/src/lorenzo.nobili/cooperative_localization/build/cooperative_localization && /usr/bin/cmake -E cmake_depends "Unix Makefiles" /home/lorenzo/robotica_ws/src/lorenzo.nobili/cooperative_localization /home/lorenzo/robotica_ws/src/lorenzo.nobili/cooperative_localization/build/cooperative_localization/cooperative_localization__py /home/lorenzo/robotica_ws/src/lorenzo.nobili/cooperative_localization/build/cooperative_localization /home/lorenzo/robotica_ws/src/lorenzo.nobili/cooperative_localization/build/cooperative_localization/cooperative_localization__py /home/lorenzo/robotica_ws/src/lorenzo.nobili/cooperative_localization/build/cooperative_localization/cooperative_localization__py/CMakeFiles/cooperative_localization__py.dir/DependInfo.cmake "--color="
gmake[2]: Leaving directory '/home/lorenzo/robotica_ws/src/lorenzo.nobili/cooperative_localization/build/cooperative_localization'
/usr/bin/gmake  -f cooperative_localization__py/CMakeFiles/cooperative_localization__py.dir/build.make cooperative_localization__py/CMakeFiles/cooperative_localization__py.dir/build
gmake[2]: Entering directory '/home/lorenzo/robotica_ws/src/lorenzo.nobili/cooperative_localization/build/cooperative_localization'
gmake[2]: Nothing to be done for 'cooperative_localization__py/CMakeFiles/cooperative_localization__py.dir/build'.
gmake[2]: Leaving directory '/home/lorenzo/robotica_ws/src/lorenzo.nobili/cooperative_localization/build/cooperative_localization'
[ 73%] Built target cooperative_localization__py
/usr/bin/gmake  -f CMakeFiles/cooperative_localization__rosidl_generator_py.dir/build.make CMakeFiles/cooperative_localization__rosidl_generator_py.dir/depend
gmake[2]: Entering directory '/home/lorenzo/robotica_ws/src/lorenzo.nobili/cooperative_localization/build/cooperative_localization'
cd /home/lorenzo/robotica_ws/src/lorenzo.nobili/cooperative_localization/build/cooperative_localization && /usr/bin/cmake -E cmake_depends "Unix Makefiles" /home/lorenzo/robotica_ws/src/lorenzo.nobili/cooperative_localization /home/lorenzo/robotica_ws/src/lorenzo.nobili/cooperative_localization /home/lorenzo/robotica_ws/src/lorenzo.nobili/cooperative_localization/build/cooperative_localization /home/lorenzo/robotica_ws/src/lorenzo.nobili/cooperative_localization/build/cooperative_localization /home/lorenzo/robotica_ws/src/lorenzo.nobili/cooperative_localization/build/cooperative_localization/CMakeFiles/cooperative_localization__rosidl_generator_py.dir/DependInfo.cmake "--color="
gmake[2]: Leaving directory '/home/lorenzo/robotica_ws/src/lorenzo.nobili/cooperative_localization/build/cooperative_localization'
/usr/bin/gmake  -f CMakeFiles/cooperative_localization__rosidl_generator_py.dir/build.make CMakeFiles/cooperative_localization__rosidl_generator_py.dir/build
gmake[2]: Entering directory '/home/lorenzo/robotica_ws/src/lorenzo.nobili/cooperative_localization/build/cooperative_localization'
gmake[2]: Nothing to be done for 'CMakeFiles/cooperative_localization__rosidl_generator_py.dir/build'.
gmake[2]: Leaving directory '/home/lorenzo/robotica_ws/src/lorenzo.nobili/cooperative_localization/build/cooperative_localization'
[ 78%] Built target cooperative_localization__rosidl_generator_py
/usr/bin/gmake  -f CMakeFiles/cooperative_localization_s__rosidl_typesupport_fastrtps_c.dir/build.make CMakeFiles/cooperative_localization_s__rosidl_typesupport_fastrtps_c.dir/depend
/usr/bin/gmake  -f CMakeFiles/cooperative_localization_s__rosidl_typesupport_introspection_c.dir/build.make CMakeFiles/cooperative_localization_s__rosidl_typesupport_introspection_c.dir/depend
/usr/bin/gmake  -f CMakeFiles/cooperative_localization_s__rosidl_typesupport_c.dir/build.make CMakeFiles/cooperative_localization_s__rosidl_typesupport_c.dir/depend
gmake[2]: Entering directory '/home/lorenzo/robotica_ws/src/lorenzo.nobili/cooperative_localization/build/cooperative_localization'
gmake[2]: Entering directory '/home/lorenzo/robotica_ws/src/lorenzo.nobili/cooperative_localization/build/cooperative_localization'
cd /home/lorenzo/robotica_ws/src/lorenzo.nobili/cooperative_localization/build/cooperative_localization && /usr/bin/cmake -E cmake_depends "Unix Makefiles" /home/lorenzo/robotica_ws/src/lorenzo.nobili/cooperative_localization /home/lorenzo/robotica_ws/src/lorenzo.nobili/cooperative_localization /home/lorenzo/robotica_ws/src/lorenzo.nobili/cooperative_localization/build/cooperative_localization /home/lorenzo/robotica_ws/src/lorenzo.nobili/cooperative_localization/build/cooperative_localization /home/lorenzo/robotica_ws/src/lorenzo.nobili/cooperative_localization/build/cooperative_localization/CMakeFiles/cooperative_localization_s__rosidl_typesupport_c.dir/DependInfo.cmake "--color="
cd /home/lorenzo/robotica_ws/src/lorenzo.nobili/cooperative_localization/build/cooperative_localization && /usr/bin/cmake -E cmake_depends "Unix Makefiles" /home/lorenzo/robotica_ws/src/lorenzo.nobili/cooperative_localization /home/lorenzo/robotica_ws/src/lorenzo.nobili/cooperative_localization /home/lorenzo/robotica_ws/src/lorenzo.nobili/cooperative_localization/build/cooperative_localization /home/lorenzo/robotica_ws/src/lorenzo.nobili/cooperative_localization/build/cooperative_localization /home/lorenzo/robotica_ws/src/lorenzo.nobili/cooperative_localization/build/cooperative_localization/CMakeFiles/cooperative_localization_s__rosidl_typesupport_introspection_c.dir/DependInfo.cmake "--color="
gmake[2]: Entering directory '/home/lorenzo/robotica_ws/src/lorenzo.nobili/cooperative_localization/build/cooperative_localization'
cd /home/lorenzo/robotica_ws/src/lorenzo.nobili/cooperative_localization/build/cooperative_localization && /usr/bin/cmake -E cmake_depends "Unix Makefiles" /home/lorenzo/robotica_ws/src/lorenzo.nobili/cooperative_localization /home/lorenzo/robotica_ws/src/lorenzo.nobili/cooperative_localization /home/lorenzo/robotica_ws/src/lorenzo.nobili/cooperative_localization/build/cooperative_localization /home/lorenzo/robotica_ws/src/lorenzo.nobili/cooperative_localization/build/cooperative_localization /home/lorenzo/robotica_ws/src/lorenzo.nobili/cooperative_localization/build/cooperative_localization/CMakeFiles/cooperative_localization_s__rosidl_typesupport_fastrtps_c.dir/DependInfo.cmake "--color="
gmake[2]: Leaving directory '/home/lorenzo/robotica_ws/src/lorenzo.nobili/cooperative_localization/build/cooperative_localization'
gmake[2]: Leaving directory '/home/lorenzo/robotica_ws/src/lorenzo.nobili/cooperative_localization/build/cooperative_localization'
/usr/bin/gmake  -f CMakeFiles/cooperative_localization_s__rosidl_typesupport_c.dir/build.make CMakeFiles/cooperative_localization_s__rosidl_typesupport_c.dir/build
/usr/bin/gmake  -f CMakeFiles/cooperative_localization_s__rosidl_typesupport_introspection_c.dir/build.make CMakeFiles/cooperative_localization_s__rosidl_typesupport_introspection_c.dir/build
gmake[2]: Entering directory '/home/lorenzo/robotica_ws/src/lorenzo.nobili/cooperative_localization/build/cooperative_localization'
gmake[2]: Nothing to be done for 'CMakeFiles/cooperative_localization_s__rosidl_typesupport_introspection_c.dir/build'.
gmake[2]: Entering directory '/home/lorenzo/robotica_ws/src/lorenzo.nobili/cooperative_localization/build/cooperative_localization'
gmake[2]: Nothing to be done for 'CMakeFiles/cooperative_localization_s__rosidl_typesupport_c.dir/build'.
gmake[2]: Leaving directory '/home/lorenzo/robotica_ws/src/lorenzo.nobili/cooperative_localization/build/cooperative_localization'
gmake[2]: Leaving directory '/home/lorenzo/robotica_ws/src/lorenzo.nobili/cooperative_localization/build/cooperative_localization'
gmake[2]: Leaving directory '/home/lorenzo/robotica_ws/src/lorenzo.nobili/cooperative_localization/build/cooperative_localization'
/usr/bin/gmake  -f CMakeFiles/cooperative_localization_s__rosidl_typesupport_fastrtps_c.dir/build.make CMakeFiles/cooperative_localization_s__rosidl_typesupport_fastrtps_c.dir/build
gmake[2]: Entering directory '/home/lorenzo/robotica_ws/src/lorenzo.nobili/cooperative_localization/build/cooperative_localization'
gmake[2]: Nothing to be done for 'CMakeFiles/cooperative_localization_s__rosidl_typesupport_fastrtps_c.dir/build'.
gmake[2]: Leaving directory '/home/lorenzo/robotica_ws/src/lorenzo.nobili/cooperative_localization/build/cooperative_localization'
[ 82%] Built target cooperative_localization_s__rosidl_typesupport_c
[ 87%] Built target cooperative_localization_s__rosidl_typesupport_introspection_c
[ 92%] Built target cooperative_localization_s__rosidl_typesupport_fastrtps_c
running egg_info
writing cooperative_localization.egg-info/PKG-INFO
writing dependency_links to cooperative_localization.egg-info/dependency_links.txt
writing top-level names to cooperative_localization.egg-info/top_level.txt
reading manifest file 'cooperative_localization.egg-info/SOURCES.txt'
writing manifest file 'cooperative_localization.egg-info/SOURCES.txt'
gmake[2]: Leaving directory '/home/lorenzo/robotica_ws/src/lorenzo.nobili/cooperative_localization/build/cooperative_localization'
[ 92%] Built target ament_cmake_python_build_cooperative_localization_egg
In file included from /usr/include/eigen3/Eigen/Core:199,
                 from /usr/include/eigen3/Eigen/Dense:1,
                 from /home/lorenzo/robotica_ws/src/lorenzo.nobili/cooperative_localization/include/data_loader.h:12,
                 from /home/lorenzo/robotica_ws/src/lorenzo.nobili/cooperative_localization/src/test_dataset.cpp:1:
/usr/include/eigen3/Eigen/src/Core/arch/AVX/PacketMath.h: In function ‘Eigen::internal::Packet8bf Eigen::internal::F32ToBf16(const Packet8f&)’:
/usr/include/eigen3/Eigen/src/Core/arch/AVX/PacketMath.h:1275:13: warning: unused variable ‘r’ [-Wunused-variable]
 1275 |   Packet8bf r;
      |             ^
[ 95%] Linking CXX executable test_dataset
/usr/bin/cmake -E cmake_link_script CMakeFiles/test_dataset.dir/link.txt --verbose=1
/usr/bin/c++ CMakeFiles/test_dataset.dir/src/test_dataset.cpp.o CMakeFiles/test_dataset.dir/src/ekf_centralized.cpp.o CMakeFiles/test_dataset.dir/src/data_loader.cpp.o -o test_dataset  -Wl,-rpath,/opt/ros/jazzy/lib:/home/lorenzo/miniconda3/lib: /opt/ros/jazzy/lib/librclcpp.so /opt/ros/jazzy/lib/libnav_msgs__rosidl_typesupport_fastrtps_c.so /opt/ros/jazzy/lib/libnav_msgs__rosidl_typesupport_fastrtps_cpp.so /opt/ros/jazzy/lib/libnav_msgs__rosidl_typesupport_introspection_c.so /opt/ros/jazzy/lib/libnav_msgs__rosidl_typesupport_introspection_cpp.so /opt/ros/jazzy/lib/libnav_msgs__rosidl_typesupport_cpp.so /opt/ros/jazzy/lib/libnav_msgs__rosidl_generator_py.so /opt/ros/jazzy/lib/liblibstatistics_collector.so /opt/ros/jazzy/lib/librcl.so /opt/ros/jazzy/lib/librmw_implementation.so /opt/ros/jazzy/lib/libtype_description_interfaces__rosidl_typesupport_fastrtps_c.so /opt/ros/jazzy/lib/libtype_description_interfaces__rosidl_typesupport_introspection_c.so /opt/ros/jazzy/lib/libtype_description_interfaces__rosidl_typesupport_fastrtps_cpp.so /opt/ros/jazzy/lib/libtype_description_interfaces__rosidl_typesupport_introspection_cpp.so /opt/ros/jazzy/lib/libtype_description_interfaces__rosidl_typesupport_cpp.so /opt/ros/jazzy/lib/libtype_description_interfaces__rosidl_generator_py.so /opt/ros/jazzy/lib/libtype_description_interfaces__rosidl_typesupport_c.so /opt/ros/jazzy/lib/libtype_description_interfaces__rosidl_generator_c.so /opt/ros/jazzy/lib/librcl_interfaces__rosidl_typesupport_fastrtps_c.so /opt/ros/jazzy/lib/librcl_interfaces__rosidl_typesupport_introspection_c.so /opt/ros/jazzy/lib/librcl_interfaces__rosidl_typesupport_fastrtps_cpp.so /opt/ros/jazzy/lib/librcl_interfaces__rosidl_typesupport_introspection_cpp.so /opt/ros/jazzy/lib/librcl_interfaces__rosidl_typesupport_cpp.so /opt/ros/jazzy/lib/librcl_interfaces__rosidl_generator_py.so /opt/ros/jazzy/lib/librcl_interfaces__rosidl_typesupport_c.so /opt/ros/jazzy/lib/librcl_interfaces__rosidl_generator_c.so /opt/ros/jazzy/lib/librcl_yaml_param_parser.so /opt/ros/jazzy/lib/librosgraph_msgs__rosidl_typesupport_fastrtps_c.so /opt/ros/jazzy/lib/librosgraph_msgs__rosidl_typesupport_fastrtps_cpp.so /opt/ros/jazzy/lib/librosgraph_msgs__rosidl_typesupport_introspection_c.so /opt/ros/jazzy/lib/librosgraph_msgs__rosidl_typesupport_introspection_cpp.so /opt/ros/jazzy/lib/librosgraph_msgs__rosidl_typesupport_cpp.so /opt/ros/jazzy/lib/librosgraph_msgs__rosidl_generator_py.so /opt/ros/jazzy/lib/librosgraph_msgs__rosidl_typesupport_c.so /opt/ros/jazzy/lib/librosgraph_msgs__rosidl_generator_c.so /opt/ros/jazzy/lib/libstatistics_msgs__rosidl_typesupport_fastrtps_c.so /opt/ros/jazzy/lib/libstatistics_msgs__rosidl_typesupport_fastrtps_cpp.so /opt/ros/jazzy/lib/libstatistics_msgs__rosidl_typesupport_introspection_c.so /opt/ros/jazzy/lib/libstatistics_msgs__rosidl_typesupport_introspection_cpp.so /opt/ros/jazzy/lib/libstatistics_msgs__rosidl_typesupport_cpp.so /opt/ros/jazzy/lib/libstatistics_msgs__rosidl_generator_py.so /opt/ros/jazzy/lib/libstatistics_msgs__rosidl_typesupport_c.so /opt/ros/jazzy/lib/libstatistics_msgs__rosidl_generator_c.so /opt/ros/jazzy/lib/libtracetools.so -llttng-ust -llttng-ust-common -rdynamic -ldl /opt/ros/jazzy/lib/librcl_logging_interface.so /opt/ros/jazzy/lib/libnav_msgs__rosidl_typesupport_c.so /opt/ros/jazzy/lib/libnav_msgs__rosidl_generator_c.so /opt/ros/jazzy/lib/libgeometry_msgs__rosidl_typesupport_fastrtps_c.so /opt/ros/jazzy/lib/libservice_msgs__rosidl_typesupport_fastrtps_c.so /opt/ros/jazzy/lib/libgeometry_msgs__rosidl_typesupport_fastrtps_cpp.so /opt/ros/jazzy/lib/libservice_msgs__rosidl_typesupport_fastrtps_cpp.so /opt/ros/jazzy/lib/libgeometry_msgs__rosidl_typesupport_introspection_c.so /opt/ros/jazzy/lib/libservice_msgs__rosidl_typesupport_introspection_c.so /opt/ros/jazzy/lib/libgeometry_msgs__rosidl_typesupport_introspection_cpp.so /opt/ros/jazzy/lib/libservice_msgs__rosidl_typesupport_introspection_cpp.so /opt/ros/jazzy/lib/libgeometry_msgs__rosidl_typesupport_cpp.so /opt/ros/jazzy/lib/libservice_msgs__rosidl_typesupport_cpp.so /opt/ros/jazzy/lib/libstd_msgs__rosidl_typesupport_fastrtps_c.so /opt/ros/jazzy/lib/libstd_msgs__rosidl_typesupport_fastrtps_cpp.so /opt/ros/jazzy/lib/libstd_msgs__rosidl_typesupport_introspection_c.so /opt/ros/jazzy/lib/libgeometry_msgs__rosidl_typesupport_c.so /opt/ros/jazzy/lib/libgeometry_msgs__rosidl_generator_c.so /opt/ros/jazzy/lib/libstd_msgs__rosidl_typesupport_introspection_cpp.so /opt/ros/jazzy/lib/libstd_msgs__rosidl_typesupport_cpp.so /opt/ros/jazzy/lib/libstd_msgs__rosidl_typesupport_c.so /opt/ros/jazzy/lib/libstd_msgs__rosidl_generator_c.so /opt/ros/jazzy/lib/libbuiltin_interfaces__rosidl_typesupport_fastrtps_c.so /opt/ros/jazzy/lib/librosidl_typesupport_fastrtps_c.so /opt/ros/jazzy/lib/libbuiltin_interfaces__rosidl_typesupport_introspection_c.so /opt/ros/jazzy/lib/libbuiltin_interfaces__rosidl_typesupport_fastrtps_cpp.so /opt/ros/jazzy/lib/librosidl_typesupport_fastrtps_cpp.so /opt/ros/jazzy/lib/librmw.so /opt/ros/jazzy/lib/librosidl_dynamic_typesupport.so /opt/ros/jazzy/lib/libfastcdr.so.2.2.5 /opt/ros/jazzy/lib/libbuiltin_interfaces__rosidl_typesupport_introspection_cpp.so /opt/ros/jazzy/lib/librosidl_typesupport_introspection_cpp.so /opt/ros/jazzy/lib/librosidl_typesupport_introspection_c.so /opt/ros/jazzy/lib/libbuiltin_interfaces__rosidl_typesupport_cpp.so /opt/ros/jazzy/lib/librosidl_typesupport_cpp.so /opt/ros/jazzy/lib/libbuiltin_interfaces__rosidl_generator_py.so /opt/ros/jazzy/lib/libservice_msgs__rosidl_typesupport_c.so /opt/ros/jazzy/lib/libbuiltin_interfaces__rosidl_typesupport_c.so /opt/ros/jazzy/lib/libservice_msgs__rosidl_generator_c.so /opt/ros/jazzy/lib/libbuiltin_interfaces__rosidl_generator_c.so /opt/ros/jazzy/lib/librosidl_typesupport_c.so /opt/ros/jazzy/lib/librcpputils.so /opt/ros/jazzy/lib/librosidl_runtime_c.so /opt/ros/jazzy/lib/librcutils.so -ldl -Wl,-rpath-link,/opt/ros/jazzy/lib:/home/lorenzo/miniconda3/lib 
gmake[2]: Leaving directory '/home/lorenzo/robotica_ws/src/lorenzo.nobili/cooperative_localization/build/cooperative_localization'
[100%] Built target test_dataset
gmake[1]: Leaving directory '/home/lorenzo/robotica_ws/src/lorenzo.nobili/cooperative_localization/build/cooperative_localization'
/usr/bin/cmake -E cmake_progress_start /home/lorenzo/robotica_ws/src/lorenzo.nobili/cooperative_localization/build/cooperative_localization/CMakeFiles 0

-- Install configuration: ""
-- Up-to-date: /home/lorenzo/robotica_ws/src/lorenzo.nobili/cooperative_localization/install/cooperative_localization/share/ament_index/resource_index/rosidl_interfaces/cooperative_localization
-- Up-to-date: /home/lorenzo/robotica_ws/src/lorenzo.nobili/cooperative_localization/install/cooperative_localization/share/cooperative_localization/msg/Measurement.json
-- Up-to-date: /home/lorenzo/robotica_ws/src/lorenzo.nobili/cooperative_localization/install/cooperative_localization/include/cooperative_localization/cooperative_localization
-- Up-to-date: /home/lorenzo/robotica_ws/src/lorenzo.nobili/cooperative_localization/install/cooperative_localization/include/cooperative_localization/cooperative_localization/msg
-- Up-to-date: /home/lorenzo/robotica_ws/src/lorenzo.nobili/cooperative_localization/install/cooperative_localization/include/cooperative_localization/cooperative_localization/msg/detail
-- Up-to-date: /home/lorenzo/robotica_ws/src/lorenzo.nobili/cooperative_localization/install/cooperative_localization/include/cooperative_localization/cooperative_localization/msg/detail/measurement__functions.c
-- Up-to-date: /home/lorenzo/robotica_ws/src/lorenzo.nobili/cooperative_localization/install/cooperative_localization/include/cooperative_localization/cooperative_localization/msg/detail/measurement__description.c
-- Up-to-date: /home/lorenzo/robotica_ws/src/lorenzo.nobili/cooperative_localization/install/cooperative_localization/include/cooperative_localization/cooperative_localization/msg/detail/measurement__struct.h
-- Up-to-date: /home/lorenzo/robotica_ws/src/lorenzo.nobili/cooperative_localization/install/cooperative_localization/include/cooperative_localization/cooperative_localization/msg/detail/measurement__functions.h
-- Installing: /home/lorenzo/robotica_ws/src/lorenzo.nobili/cooperative_localization/install/cooperative_localization/include/cooperative_localization/cooperative_localization/msg/detail/measurement__type_support.c
-- Up-to-date: /home/lorenzo/robotica_ws/src/lorenzo.nobili/cooperative_localization/install/cooperative_localization/include/cooperative_localization/cooperative_localization/msg/detail/measurement__type_support.h
-- Up-to-date: /home/lorenzo/robotica_ws/src/lorenzo.nobili/cooperative_localization/install/cooperative_localization/include/cooperative_localization/cooperative_localization/msg/measurement.h
-- Up-to-date: /home/lorenzo/robotica_ws/src/lorenzo.nobili/cooperative_localization/install/cooperative_localization/include/cooperative_localization/cooperative_localization/msg/rosidl_generator_c__visibility_control.h
-- Up-to-date: /home/lorenzo/robotica_ws/src/lorenzo.nobili/cooperative_localization/install/cooperative_localization/share/cooperative_localization/environment/library_path.sh
-- Up-to-date: /home/lorenzo/robotica_ws/src/lorenzo.nobili/cooperative_localization/install/cooperative_localization/share/cooperative_localization/environment/library_path.dsv
-- Up-to-date: /home/lorenzo/robotica_ws/src/lorenzo.nobili/cooperative_localization/install/cooperative_localization/lib/libcooperative_localization__rosidl_generator_c.so
-- Up-to-date: /home/lorenzo/robotica_ws/src/lorenzo.nobili/cooperative_localization/install/cooperative_localization/include/cooperative_localization/cooperative_localization
-- Up-to-date: /home/lorenzo/robotica_ws/src/lorenzo.nobili/cooperative_localization/install/cooperative_localization/include/cooperative_localization/cooperative_localization/msg
-- Up-to-date: /home/lorenzo/robotica_ws/src/lorenzo.nobili/cooperative_localization/install/cooperative_localization/include/cooperative_localization/cooperative_localization/msg/detail
-- Up-to-date: /home/lorenzo/robotica_ws/src/lorenzo.nobili/cooperative_localization/install/cooperative_localization/include/cooperative_localization/cooperative_localization/msg/detail/measurement__rosidl_typesupport_fastrtps_c.h
-- Up-to-date: /home/lorenzo/robotica_ws/src/lorenzo.nobili/cooperative_localization/install/cooperative_localization/include/cooperative_localization/cooperative_localization/msg/rosidl_typesupport_fastrtps_c__visibility_control.h
-- Up-to-date: /home/lorenzo/robotica_ws/src/lorenzo.nobili/cooperative_localization/install/cooperative_localization/lib/libcooperative_localization__rosidl_typesupport_fastrtps_c.so
-- Up-to-date: /home/lorenzo/robotica_ws/src/lorenzo.nobili/cooperative_localization/install/cooperative_localization/include/cooperative_localization/cooperative_localization
-- Up-to-date: /home/lorenzo/robotica_ws/src/lorenzo.nobili/cooperative_localization/install/cooperative_localization/include/cooperative_localization/cooperative_localization/msg
-- Up-to-date: /home/lorenzo/robotica_ws/src/lorenzo.nobili/cooperative_localization/install/cooperative_localization/include/cooperative_localization/cooperative_localization/msg/detail
-- Up-to-date: /home/lorenzo/robotica_ws/src/lorenzo.nobili/cooperative_localization/install/cooperative_localization/include/cooperative_localization/cooperative_localization/msg/detail/measurement__type_support.hpp
-- Up-to-date: /home/lorenzo/robotica_ws/src/lorenzo.nobili/cooperative_localization/install/cooperative_localization/include/cooperative_localization/cooperative_localization/msg/detail/measurement__struct.hpp
-- Up-to-date: /home/lorenzo/robotica_ws/src/lorenzo.nobili/cooperative_localization/install/cooperative_localization/include/cooperative_localization/cooperative_localization/msg/detail/measurement__traits.hpp
-- Up-to-date: /home/lorenzo/robotica_ws/src/lorenzo.nobili/cooperative_localization/install/cooperative_localization/include/cooperative_localization/cooperative_localization/msg/detail/measurement__builder.hpp
-- Up-to-date: /home/lorenzo/robotica_ws/src/lorenzo.nobili/cooperative_localization/install/cooperative_localization/include/cooperative_localization/cooperative_localization/msg/measurement.hpp
-- Up-to-date: /home/lorenzo/robotica_ws/src/lorenzo.nobili/cooperative_localization/install/cooperative_localization/include/cooperative_localization/cooperative_localization/msg/rosidl_generator_cpp__visibility_control.hpp
-- Up-to-date: /home/lorenzo/robotica_ws/src/lorenzo.nobili/cooperative_localization/install/cooperative_localization/include/cooperative_localization/cooperative_localization
-- Up-to-date: /home/lorenzo/robotica_ws/src/lorenzo.nobili/cooperative_localization/install/cooperative_localization/include/cooperative_localization/cooperative_localization/msg
-- Up-to-date: /home/lorenzo/robotica_ws/src/lorenzo.nobili/cooperative_localization/install/cooperative_localization/include/cooperative_localization/cooperative_localization/msg/rosidl_typesupport_fastrtps_cpp__visibility_control.h
-- Up-to-date: /home/lorenzo/robotica_ws/src/lorenzo.nobili/cooperative_localization/install/cooperative_localization/include/cooperative_localization/cooperative_localization/msg/detail
-- Up-to-date: /home/lorenzo/robotica_ws/src/lorenzo.nobili/cooperative_localization/install/cooperative_localization/include/cooperative_localization/cooperative_localization/msg/detail/measurement__rosidl_typesupport_fastrtps_cpp.hpp
-- Up-to-date: /home/lorenzo/robotica_ws/src/lorenzo.nobili/cooperative_localization/install/cooperative_localization/include/cooperative_localization/cooperative_localization/msg/detail/dds_fastrtps
-- Up-to-date: /home/lorenzo/robotica_ws/src/lorenzo.nobili/cooperative_localization/install/cooperative_localization/lib/libcooperative_localization__rosidl_typesupport_fastrtps_cpp.so
-- Up-to-date: /home/lorenzo/robotica_ws/src/lorenzo.nobili/cooperative_localization/install/cooperative_localization/include/cooperative_localization/cooperative_localization
-- Up-to-date: /home/lorenzo/robotica_ws/src/lorenzo.nobili/cooperative_localization/install/cooperative_localization/include/cooperative_localization/cooperative_localization/msg
-- Up-to-date: /home/lorenzo/robotica_ws/src/lorenzo.nobili/cooperative_localization/install/cooperative_localization/include/cooperative_localization/cooperative_localization/msg/detail
-- Up-to-date: /home/lorenzo/robotica_ws/src/lorenzo.nobili/cooperative_localization/install/cooperative_localization/include/cooperative_localization/cooperative_localization/msg/detail/measurement__rosidl_typesupport_introspection_c.h
-- Installing: /home/lorenzo/robotica_ws/src/lorenzo.nobili/cooperative_localization/install/cooperative_localization/include/cooperative_localization/cooperative_localization/msg/detail/measurement__type_support.c
-- Up-to-date: /home/lorenzo/robotica_ws/src/lorenzo.nobili/cooperative_localization/install/cooperative_localization/include/cooperative_localization/cooperative_localization/msg/rosidl_typesupport_introspection_c__visibility_control.h
-- Up-to-date: /home/lorenzo/robotica_ws/src/lorenzo.nobili/cooperative_localization/install/cooperative_localization/lib/libcooperative_localization__rosidl_typesupport_introspection_c.so
-- Up-to-date: /home/lorenzo/robotica_ws/src/lorenzo.nobili/cooperative_localization/install/cooperative_localization/lib/libcooperative_localization__rosidl_typesupport_c.so
-- Up-to-date: /home/lorenzo/robotica_ws/src/lorenzo.nobili/cooperative_localization/install/cooperative_localization/include/cooperative_localization/cooperative_localization
-- Up-to-date: /home/lorenzo/robotica_ws/src/lorenzo.nobili/cooperative_localization/install/cooperative_localization/include/cooperative_localization/cooperative_localization/msg
-- Up-to-date: /home/lorenzo/robotica_ws/src/lorenzo.nobili/cooperative_localization/install/cooperative_localization/include/cooperative_localization/cooperative_localization/msg/detail
-- Up-to-date: /home/lorenzo/robotica_ws/src/lorenzo.nobili/cooperative_localization/install/cooperative_localization/include/cooperative_localization/cooperative_localization/msg/detail/measurement__type_support.cpp
-- Up-to-date: /home/lorenzo/robotica_ws/src/lorenzo.nobili/cooperative_localization/install/cooperative_localization/include/cooperative_localization/cooperative_localization/msg/detail/measurement__rosidl_typesupport_introspection_cpp.hpp
-- Up-to-date: /home/lorenzo/robotica_ws/src/lorenzo.nobili/cooperative_localization/install/cooperative_localization/lib/libcooperative_localization__rosidl_typesupport_introspection_cpp.so
-- Up-to-date: /home/lorenzo/robotica_ws/src/lorenzo.nobili/cooperative_localization/install/cooperative_localization/lib/libcooperative_localization__rosidl_typesupport_cpp.so
-- Up-to-date: /home/lorenzo/robotica_ws/src/lorenzo.nobili/cooperative_localization/install/cooperative_localization/share/cooperative_localization/environment/pythonpath.sh
-- Up-to-date: /home/lorenzo/robotica_ws/src/lorenzo.nobili/cooperative_localization/install/cooperative_localization/share/cooperative_localization/environment/pythonpath.dsv
-- Up-to-date: /home/lorenzo/robotica_ws/src/lorenzo.nobili/cooperative_localization/install/cooperative_localization/lib/python3.12/site-packages/cooperative_localization-1.0.0-py3.12.egg-info
-- Installing: /home/lorenzo/robotica_ws/src/lorenzo.nobili/cooperative_localization/install/cooperative_localization/lib/python3.12/site-packages/cooperative_localization-1.0.0-py3.12.egg-info/dependency_links.txt
-- Installing: /home/lorenzo/robotica_ws/src/lorenzo.nobili/cooperative_localization/install/cooperative_localization/lib/python3.12/site-packages/cooperative_localization-1.0.0-py3.12.egg-info/PKG-INFO
-- Installing: /home/lorenzo/robotica_ws/src/lorenzo.nobili/cooperative_localization/install/cooperative_localization/lib/python3.12/site-packages/cooperative_localization-1.0.0-py3.12.egg-info/SOURCES.txt
-- Installing: /home/lorenzo/robotica_ws/src/lorenzo.nobili/cooperative_localization/install/cooperative_localization/lib/python3.12/site-packages/cooperative_localization-1.0.0-py3.12.egg-info/top_level.txt
-- Up-to-date: /home/lorenzo/robotica_ws/src/lorenzo.nobili/cooperative_localization/install/cooperative_localization/lib/python3.12/site-packages/cooperative_localization
-- Up-to-date: /home/lorenzo/robotica_ws/src/lorenzo.nobili/cooperative_localization/install/cooperative_localization/lib/python3.12/site-packages/cooperative_localization/cooperative_localization_s__rosidl_typesupport_introspection_c.so
-- Up-to-date: /home/lorenzo/robotica_ws/src/lorenzo.nobili/cooperative_localization/install/cooperative_localization/lib/python3.12/site-packages/cooperative_localization/__init__.py
-- Up-to-date: /home/lorenzo/robotica_ws/src/lorenzo.nobili/cooperative_localization/install/cooperative_localization/lib/python3.12/site-packages/cooperative_localization/_cooperative_localization_s.ep.rosidl_typesupport_c.c
-- Up-to-date: /home/lorenzo/robotica_ws/src/lorenzo.nobili/cooperative_localization/install/cooperative_localization/lib/python3.12/site-packages/cooperative_localization/_cooperative_localization_s.ep.rosidl_typesupport_introspection_c.c
-- Up-to-date: /home/lorenzo/robotica_ws/src/lorenzo.nobili/cooperative_localization/install/cooperative_localization/lib/python3.12/site-packages/cooperative_localization/msg
-- Up-to-date: /home/lorenzo/robotica_ws/src/lorenzo.nobili/cooperative_localization/install/cooperative_localization/lib/python3.12/site-packages/cooperative_localization/msg/__init__.py
-- Up-to-date: /home/lorenzo/robotica_ws/src/lorenzo.nobili/cooperative_localization/install/cooperative_localization/lib/python3.12/site-packages/cooperative_localization/msg/_measurement.py
-- Up-to-date: /home/lorenzo/robotica_ws/src/lorenzo.nobili/cooperative_localization/install/cooperative_localization/lib/python3.12/site-packages/cooperative_localization/msg/_measurement_s.c
-- Up-to-date: /home/lorenzo/robotica_ws/src/lorenzo.nobili/cooperative_localization/install/cooperative_localization/lib/python3.12/site-packages/cooperative_localization/cooperative_localization_s__rosidl_typesupport_fastrtps_c.so
-- Up-to-date: /home/lorenzo/robotica_ws/src/lorenzo.nobili/cooperative_localization/install/cooperative_localization/lib/python3.12/site-packages/cooperative_localization/_cooperative_localization_s.ep.rosidl_typesupport_fastrtps_c.c
-- Up-to-date: /home/lorenzo/robotica_ws/src/lorenzo.nobili/cooperative_localization/install/cooperative_localization/lib/python3.12/site-packages/cooperative_localization/cooperative_localization_s__rosidl_typesupport_c.so
Listing '/home/lorenzo/robotica_ws/src/lorenzo.nobili/cooperative_localization/install/cooperative_localization/lib/python3.12/site-packages/cooperative_localization'...
Listing '/home/lorenzo/robotica_ws/src/lorenzo.nobili/cooperative_localization/install/cooperative_localization/lib/python3.12/site-packages/cooperative_localization/msg'...
-- Up-to-date: /home/lorenzo/robotica_ws/src/lorenzo.nobili/cooperative_localization/install/cooperative_localization/lib/python3.12/site-packages/cooperative_localization/cooperative_localization_s__rosidl_typesupport_fastrtps_c.so
-- Up-to-date: /home/lorenzo/robotica_ws/src/lorenzo.nobili/cooperative_localization/install/cooperative_localization/lib/python3.12/site-packages/cooperative_localization/cooperative_localization_s__rosidl_typesupport_introspection_c.so
-- Up-to-date: /home/lorenzo/robotica_ws/src/lorenzo.nobili/cooperative_localization/install/cooperative_localization/lib/python3.12/site-packages/cooperative_localization/cooperative_localization_s__rosidl_typesupport_c.so
-- Up-to-date: /home/lorenzo/robotica_ws/src/lorenzo.nobili/cooperative_localization/install/cooperative_localization/lib/libcooperative_localization__rosidl_generator_py.so
-- Up-to-date: /home/lorenzo/robotica_ws/src/lorenzo.nobili/cooperative_localization/install/cooperative_localization/share/cooperative_localization/msg/Measurement.idl
-- Up-to-date: /home/lorenzo/robotica_ws/src/lorenzo.nobili/cooperative_localization/install/cooperative_localization/share/cooperative_localization/msg/Measurement.msg
-- Up-to-date: /home/lorenzo/robotica_ws/src/lorenzo.nobili/cooperative_localization/install/cooperative_localization/lib/cooperative_localization/coop_localization_node
-- Installing: /home/lorenzo/robotica_ws/src/lorenzo.nobili/cooperative_localization/install/cooperative_localization/lib/cooperative_localization/test_dataset
-- Set non-toolchain portion of runtime path of "/home/lorenzo/robotica_ws/src/lorenzo.nobili/cooperative_localization/install/cooperative_localization/lib/cooperative_localization/test_dataset" to ""
-- Up-to-date: /home/lorenzo/robotica_ws/src/lorenzo.nobili/cooperative_localization/install/cooperative_localization/share/ament_index/resource_index/package_run_dependencies/cooperative_localization
-- Up-to-date: /home/lorenzo/robotica_ws/src/lorenzo.nobili/cooperative_localization/install/cooperative_localization/share/ament_index/resource_index/parent_prefix_path/cooperative_localization
-- Up-to-date: /home/lorenzo/robotica_ws/src/lorenzo.nobili/cooperative_localization/install/cooperative_localization/share/cooperative_localization/environment/ament_prefix_path.sh
-- Up-to-date: /home/lorenzo/robotica_ws/src/lorenzo.nobili/cooperative_localization/install/cooperative_localization/share/cooperative_localization/environment/ament_prefix_path.dsv
-- Up-to-date: /home/lorenzo/robotica_ws/src/lorenzo.nobili/cooperative_localization/install/cooperative_localization/share/cooperative_localization/environment/path.sh
-- Up-to-date: /home/lorenzo/robotica_ws/src/lorenzo.nobili/cooperative_localization/install/cooperative_localization/share/cooperative_localization/environment/path.dsv
-- Up-to-date: /home/lorenzo/robotica_ws/src/lorenzo.nobili/cooperative_localization/install/cooperative_localization/share/cooperative_localization/local_setup.bash
-- Up-to-date: /home/lorenzo/robotica_ws/src/lorenzo.nobili/cooperative_localization/install/cooperative_localization/share/cooperative_localization/local_setup.sh
-- Up-to-date: /home/lorenzo/robotica_ws/src/lorenzo.nobili/cooperative_localization/install/cooperative_localization/share/cooperative_localization/local_setup.zsh
-- Up-to-date: /home/lorenzo/robotica_ws/src/lorenzo.nobili/cooperative_localization/install/cooperative_localization/share/cooperative_localization/local_setup.dsv
-- Installing: /home/lorenzo/robotica_ws/src/lorenzo.nobili/cooperative_localization/install/cooperative_localization/share/cooperative_localization/package.dsv
-- Up-to-date: /home/lorenzo/robotica_ws/src/lorenzo.nobili/cooperative_localization/install/cooperative_localization/share/ament_index/resource_index/packages/cooperative_localization
-- Up-to-date: /home/lorenzo/robotica_ws/src/lorenzo.nobili/cooperative_localization/install/cooperative_localization/share/cooperative_localization/cmake/export_cooperative_localization__rosidl_generator_cExport.cmake
-- Up-to-date: /home/lorenzo/robotica_ws/src/lorenzo.nobili/cooperative_localization/install/cooperative_localization/share/cooperative_localization/cmake/export_cooperative_localization__rosidl_generator_cExport-noconfig.cmake
-- Up-to-date: /home/lorenzo/robotica_ws/src/lorenzo.nobili/cooperative_localization/install/cooperative_localization/share/cooperative_localization/cmake/export_cooperative_localization__rosidl_typesupport_fastrtps_cExport.cmake
-- Up-to-date: /home/lorenzo/robotica_ws/src/lorenzo.nobili/cooperative_localization/install/cooperative_localization/share/cooperative_localization/cmake/export_cooperative_localization__rosidl_typesupport_fastrtps_cExport-noconfig.cmake
-- Up-to-date: /home/lorenzo/robotica_ws/src/lorenzo.nobili/cooperative_localization/install/cooperative_localization/share/cooperative_localization/cmake/export_cooperative_localization__rosidl_generator_cppExport.cmake
-- Up-to-date: /home/lorenzo/robotica_ws/src/lorenzo.nobili/cooperative_localization/install/cooperative_localization/share/cooperative_localization/cmake/export_cooperative_localization__rosidl_typesupport_fastrtps_cppExport.cmake
-- Up-to-date: /home/lorenzo/robotica_ws/src/lorenzo.nobili/cooperative_localization/install/cooperative_localization/share/cooperative_localization/cmake/export_cooperative_localization__rosidl_typesupport_fastrtps_cppExport-noconfig.cmake
-- Up-to-date: /home/lorenzo/robotica_ws/src/lorenzo.nobili/cooperative_localization/install/cooperative_localization/share/cooperative_localization/cmake/cooperative_localization__rosidl_typesupport_introspection_cExport.cmake
-- Up-to-date: /home/lorenzo/robotica_ws/src/lorenzo.nobili/cooperative_localization/install/cooperative_localization/share/cooperative_localization/cmake/cooperative_localization__rosidl_typesupport_introspection_cExport-noconfig.cmake
-- Up-to-date: /home/lorenzo/robotica_ws/src/lorenzo.nobili/cooperative_localization/install/cooperative_localization/share/cooperative_localization/cmake/cooperative_localization__rosidl_typesupport_cExport.cmake
-- Up-to-date: /home/lorenzo/robotica_ws/src/lorenzo.nobili/cooperative_localization/install/cooperative_localization/share/cooperative_localization/cmake/cooperative_localization__rosidl_typesupport_cExport-noconfig.cmake
-- Up-to-date: /home/lorenzo/robotica_ws/src/lorenzo.nobili/cooperative_localization/install/cooperative_localization/share/cooperative_localization/cmake/cooperative_localization__rosidl_typesupport_introspection_cppExport.cmake
-- Up-to-date: /home/lorenzo/robotica_ws/src/lorenzo.nobili/cooperative_localization/install/cooperative_localization/share/cooperative_localization/cmake/cooperative_localization__rosidl_typesupport_introspection_cppExport-noconfig.cmake
-- Up-to-date: /home/lorenzo/robotica_ws/src/lorenzo.nobili/cooperative_localization/install/cooperative_localization/share/cooperative_localization/cmake/cooperative_localization__rosidl_typesupport_cppExport.cmake
-- Up-to-date: /home/lorenzo/robotica_ws/src/lorenzo.nobili/cooperative_localization/install/cooperative_localization/share/cooperative_localization/cmake/cooperative_localization__rosidl_typesupport_cppExport-noconfig.cmake
-- Up-to-date: /home/lorenzo/robotica_ws/src/lorenzo.nobili/cooperative_localization/install/cooperative_localization/share/cooperative_localization/cmake/export_cooperative_localization__rosidl_generator_pyExport.cmake
-- Up-to-date: /home/lorenzo/robotica_ws/src/lorenzo.nobili/cooperative_localization/install/cooperative_localization/share/cooperative_localization/cmake/export_cooperative_localization__rosidl_generator_pyExport-noconfig.cmake
-- Up-to-date: /home/lorenzo/robotica_ws/src/lorenzo.nobili/cooperative_localization/install/cooperative_localization/share/cooperative_localization/cmake/rosidl_cmake-extras.cmake
-- Up-to-date: /home/lorenzo/robotica_ws/src/lorenzo.nobili/cooperative_localization/install/cooperative_localization/share/cooperative_localization/cmake/ament_cmake_export_dependencies-extras.cmake
-- Up-to-date: /home/lorenzo/robotica_ws/src/lorenzo.nobili/cooperative_localization/install/cooperative_localization/share/cooperative_localization/cmake/ament_cmake_export_include_directories-extras.cmake
-- Up-to-date: /home/lorenzo/robotica_ws/src/lorenzo.nobili/cooperative_localization/install/cooperative_localization/share/cooperative_localization/cmake/ament_cmake_export_libraries-extras.cmake
-- Up-to-date: /home/lorenzo/robotica_ws/src/lorenzo.nobili/cooperative_localization/install/cooperative_localization/share/cooperative_localization/cmake/ament_cmake_export_targets-extras.cmake
-- Up-to-date: /home/lorenzo/robotica_ws/src/lorenzo.nobili/cooperative_localization/install/cooperative_localization/share/cooperative_localization/cmake/rosidl_cmake_export_typesupport_targets-extras.cmake
-- Up-to-date: /home/lorenzo/robotica_ws/src/lorenzo.nobili/cooperative_localization/install/cooperative_localization/share/cooperative_localization/cmake/rosidl_cmake_export_typesupport_libraries-extras.cmake
-- Up-to-date: /home/lorenzo/robotica_ws/src/lorenzo.nobili/cooperative_localization/install/cooperative_localization/share/cooperative_localization/cmake/cooperative_localizationConfig.cmake
-- Up-to-date: /home/lorenzo/robotica_ws/src/lorenzo.nobili/cooperative_localization/install/cooperative_localization/share/cooperative_localization/cmake/cooperative_localizationConfig-version.cmake
-- Up-to-date: /home/lorenzo/robotica_ws/src/lorenzo.nobili/cooperative_localization/install/cooperative_localization/share/cooperative_localization/package.xml
