[0.037s] Invoking command in '/home/lorenzo/robotica_ws/src/lorenzo.nobili/cooperative_localization/build/cooperative_localization': CMAKE_PREFIX_PATH=${CMAKE_PREFIX_PATH}:/opt/ros/jazzy CONDA_PROMPT_MODIFIER=(base) DEBUGINFOD_URLS=https://debuginfod.ubuntu.com /usr/bin/cmake --build /home/lorenzo/robotica_ws/src/lorenzo.nobili/cooperative_localization/build/cooperative_localization -- -j12 -l12
[0.065s] Change Dir: '/home/lorenzo/robotica_ws/src/lorenzo.nobili/cooperative_localization/build/cooperative_localization'
[0.065s] 
[0.065s] Run Build Command(s): /usr/bin/cmake -E env VERBOSE=1 /usr/bin/gmake -f Makefile -j12 -l12
[0.096s] /usr/bin/cmake -S/home/lorenzo/robotica_ws/src/lorenzo.nobili/cooperative_localization -B/home/lorenzo/robotica_ws/src/lorenzo.nobili/cooperative_localization/build/cooperative_localization --check-build-system CMakeFiles/Makefile.cmake 0
[0.227s] Re-run cmake file: Makefile older than: /home/lorenzo/robotica_ws/src/lorenzo.nobili/cooperative_localization/CMakeLists.txt
[0.267s] -- Found ament_cmake: 2.5.4 (/opt/ros/jazzy/share/ament_cmake/cmake)
[0.384s] -- Found Python3: /home/lorenzo/miniconda3/bin/python3 (found version "3.12.2") found components: Interpreter 
[0.715s] -- Found rclcpp: 28.1.9 (/opt/ros/jazzy/share/rclcpp/cmake)
[1.189s] -- Found rosidl_generator_c: 4.6.5 (/opt/ros/jazzy/share/rosidl_generator_c/cmake)
[1.217s] -- Found rosidl_generator_cpp: 4.6.5 (/opt/ros/jazzy/share/rosidl_generator_cpp/cmake)
[1.256s] -- Using all available rosidl_typesupport_c: rosidl_typesupport_fastrtps_c;rosidl_typesupport_introspection_c
[1.295s] -- Using all available rosidl_typesupport_cpp: rosidl_typesupport_fastrtps_cpp;rosidl_typesupport_introspection_cpp
[1.462s] -- Found rmw_implementation_cmake: 7.3.2 (/opt/ros/jazzy/share/rmw_implementation_cmake/cmake)
[1.467s] -- Found rmw_cyclonedds_cpp: 2.2.3 (/opt/ros/jazzy/share/rmw_cyclonedds_cpp/cmake)
[1.759s] -- Using RMW implementation 'rmw_cyclonedds_cpp' as default
[1.931s] -- Found nav_msgs: 5.3.6 (/opt/ros/jazzy/share/nav_msgs/cmake)
[2.093s] -- Found rosidl_default_generators: 1.6.0 (/opt/ros/jazzy/share/rosidl_default_generators/cmake)
[2.116s] -- Found rosidl_adapter: 4.6.5 (/opt/ros/jazzy/share/rosidl_adapter/cmake)
[2.541s] -- Found ament_cmake_ros: 0.12.0 (/opt/ros/jazzy/share/ament_cmake_ros/cmake)
[3.215s] -- Using all available rosidl_typesupport_c: rosidl_typesupport_fastrtps_c;rosidl_typesupport_introspection_c
[3.481s] -- Using all available rosidl_typesupport_cpp: rosidl_typesupport_fastrtps_cpp;rosidl_typesupport_introspection_cpp
[3.485s] -- Found python_cmake_module: 0.11.1 (/opt/ros/jazzy/share/python_cmake_module/cmake)
[4.195s] -- Found Python3: /home/lorenzo/miniconda3/bin/python3 (found version "3.12.2") found components: Interpreter Development NumPy Development.Module Development.Embed 
[4.525s] -- Found ament_lint_auto: 0.17.2 (/opt/ros/jazzy/share/ament_lint_auto/cmake)
[4.723s] -- Configuring done (4.5s)
[5.007s] -- Generating done (0.2s)
[5.059s] -- Build files have been written to: /home/lorenzo/robotica_ws/src/lorenzo.nobili/cooperative_localization/build/cooperative_localization
[5.085s] /usr/bin/cmake -E cmake_progress_start /home/lorenzo/robotica_ws/src/lorenzo.nobili/cooperative_localization/build/cooperative_localization/CMakeFiles /home/lorenzo/robotica_ws/src/lorenzo.nobili/cooperative_localization/build/cooperative_localization//CMakeFiles/progress.marks
[5.111s] /usr/bin/gmake  -f CMakeFiles/Makefile2 all
[5.114s] gmake[1]: Entering directory '/home/lorenzo/robotica_ws/src/lorenzo.nobili/cooperative_localization/build/cooperative_localization'
[5.115s] /usr/bin/gmake  -f CMakeFiles/cooperative_localization__rosidl_generator_type_description.dir/build.make CMakeFiles/cooperative_localization__rosidl_generator_type_description.dir/depend
[5.115s] /usr/bin/gmake  -f CMakeFiles/ament_cmake_python_copy_cooperative_localization.dir/build.make CMakeFiles/ament_cmake_python_copy_cooperative_localization.dir/depend
[5.116s] /usr/bin/gmake  -f CMakeFiles/test_dataset.dir/build.make CMakeFiles/test_dataset.dir/depend
[5.118s] gmake[2]: Entering directory '/home/lorenzo/robotica_ws/src/lorenzo.nobili/cooperative_localization/build/cooperative_localization'
[5.118s] cd /home/lorenzo/robotica_ws/src/lorenzo.nobili/cooperative_localization/build/cooperative_localization && /usr/bin/cmake -E cmake_depends "Unix Makefiles" /home/lorenzo/robotica_ws/src/lorenzo.nobili/cooperative_localization /home/lorenzo/robotica_ws/src/lorenzo.nobili/cooperative_localization /home/lorenzo/robotica_ws/src/lorenzo.nobili/cooperative_localization/build/cooperative_localization /home/lorenzo/robotica_ws/src/lorenzo.nobili/cooperative_localization/build/cooperative_localization /home/lorenzo/robotica_ws/src/lorenzo.nobili/cooperative_localization/build/cooperative_localization/CMakeFiles/cooperative_localization__rosidl_generator_type_description.dir/DependInfo.cmake "--color="
[5.118s] gmake[2]: Entering directory '/home/lorenzo/robotica_ws/src/lorenzo.nobili/cooperative_localization/build/cooperative_localization'
[5.119s] cd /home/lorenzo/robotica_ws/src/lorenzo.nobili/cooperative_localization/build/cooperative_localization && /usr/bin/cmake -E cmake_depends "Unix Makefiles" /home/lorenzo/robotica_ws/src/lorenzo.nobili/cooperative_localization /home/lorenzo/robotica_ws/src/lorenzo.nobili/cooperative_localization /home/lorenzo/robotica_ws/src/lorenzo.nobili/cooperative_localization/build/cooperative_localization /home/lorenzo/robotica_ws/src/lorenzo.nobili/cooperative_localization/build/cooperative_localization /home/lorenzo/robotica_ws/src/lorenzo.nobili/cooperative_localization/build/cooperative_localization/CMakeFiles/ament_cmake_python_copy_cooperative_localization.dir/DependInfo.cmake "--color="
[5.120s] gmake[2]: Entering directory '/home/lorenzo/robotica_ws/src/lorenzo.nobili/cooperative_localization/build/cooperative_localization'
[5.120s] cd /home/lorenzo/robotica_ws/src/lorenzo.nobili/cooperative_localization/build/cooperative_localization && /usr/bin/cmake -E cmake_depends "Unix Makefiles" /home/lorenzo/robotica_ws/src/lorenzo.nobili/cooperative_localization /home/lorenzo/robotica_ws/src/lorenzo.nobili/cooperative_localization /home/lorenzo/robotica_ws/src/lorenzo.nobili/cooperative_localization/build/cooperative_localization /home/lorenzo/robotica_ws/src/lorenzo.nobili/cooperative_localization/build/cooperative_localization /home/lorenzo/robotica_ws/src/lorenzo.nobili/cooperative_localization/build/cooperative_localization/CMakeFiles/test_dataset.dir/DependInfo.cmake "--color="
[5.140s] Dependencies file "CMakeFiles/test_dataset.dir/src/data_loader.cpp.o.d" is newer than depends file "/home/lorenzo/robotica_ws/src/lorenzo.nobili/cooperative_localization/build/cooperative_localization/CMakeFiles/test_dataset.dir/compiler_depend.internal".
[5.144s] Dependencies file "CMakeFiles/test_dataset.dir/src/ekf_centralized.cpp.o.d" is newer than depends file "/home/lorenzo/robotica_ws/src/lorenzo.nobili/cooperative_localization/build/cooperative_localization/CMakeFiles/test_dataset.dir/compiler_depend.internal".
[5.145s] gmake[2]: Leaving directory '/home/lorenzo/robotica_ws/src/lorenzo.nobili/cooperative_localization/build/cooperative_localization'
[5.146s] gmake[2]: Leaving directory '/home/lorenzo/robotica_ws/src/lorenzo.nobili/cooperative_localization/build/cooperative_localization'
[5.146s] /usr/bin/gmake  -f CMakeFiles/ament_cmake_python_copy_cooperative_localization.dir/build.make CMakeFiles/ament_cmake_python_copy_cooperative_localization.dir/build
[5.146s] /usr/bin/gmake  -f CMakeFiles/cooperative_localization__rosidl_generator_type_description.dir/build.make CMakeFiles/cooperative_localization__rosidl_generator_type_description.dir/build
[5.148s] Dependencies file "CMakeFiles/test_dataset.dir/src/test_dataset.cpp.o.d" is newer than depends file "/home/lorenzo/robotica_ws/src/lorenzo.nobili/cooperative_localization/build/cooperative_localization/CMakeFiles/test_dataset.dir/compiler_depend.internal".
[5.148s] gmake[2]: Entering directory '/home/lorenzo/robotica_ws/src/lorenzo.nobili/cooperative_localization/build/cooperative_localization'
[5.148s] /usr/bin/cmake -E copy_directory /home/lorenzo/robotica_ws/src/lorenzo.nobili/cooperative_localization/build/cooperative_localization/rosidl_generator_py/cooperative_localization /home/lorenzo/robotica_ws/src/lorenzo.nobili/cooperative_localization/build/cooperative_localization/ament_cmake_python/cooperative_localization/cooperative_localization
[5.149s] gmake[2]: Entering directory '/home/lorenzo/robotica_ws/src/lorenzo.nobili/cooperative_localization/build/cooperative_localization'
[5.149s] gmake[2]: Nothing to be done for 'CMakeFiles/cooperative_localization__rosidl_generator_type_description.dir/build'.
[5.149s] gmake[2]: Leaving directory '/home/lorenzo/robotica_ws/src/lorenzo.nobili/cooperative_localization/build/cooperative_localization'
[5.168s] [  2%] Built target cooperative_localization__rosidl_generator_type_description
[5.171s] /usr/bin/gmake  -f CMakeFiles/cooperative_localization__cpp.dir/build.make CMakeFiles/cooperative_localization__cpp.dir/depend
[5.172s] /usr/bin/gmake  -f CMakeFiles/cooperative_localization__rosidl_generator_c.dir/build.make CMakeFiles/cooperative_localization__rosidl_generator_c.dir/depend
[5.177s] gmake[2]: Entering directory '/home/lorenzo/robotica_ws/src/lorenzo.nobili/cooperative_localization/build/cooperative_localization'
[5.177s] cd /home/lorenzo/robotica_ws/src/lorenzo.nobili/cooperative_localization/build/cooperative_localization && /usr/bin/cmake -E cmake_depends "Unix Makefiles" /home/lorenzo/robotica_ws/src/lorenzo.nobili/cooperative_localization /home/lorenzo/robotica_ws/src/lorenzo.nobili/cooperative_localization /home/lorenzo/robotica_ws/src/lorenzo.nobili/cooperative_localization/build/cooperative_localization /home/lorenzo/robotica_ws/src/lorenzo.nobili/cooperative_localization/build/cooperative_localization /home/lorenzo/robotica_ws/src/lorenzo.nobili/cooperative_localization/build/cooperative_localization/CMakeFiles/cooperative_localization__cpp.dir/DependInfo.cmake "--color="
[5.177s] gmake[2]: Entering directory '/home/lorenzo/robotica_ws/src/lorenzo.nobili/cooperative_localization/build/cooperative_localization'
[5.177s] cd /home/lorenzo/robotica_ws/src/lorenzo.nobili/cooperative_localization/build/cooperative_localization && /usr/bin/cmake -E cmake_depends "Unix Makefiles" /home/lorenzo/robotica_ws/src/lorenzo.nobili/cooperative_localization /home/lorenzo/robotica_ws/src/lorenzo.nobili/cooperative_localization /home/lorenzo/robotica_ws/src/lorenzo.nobili/cooperative_localization/build/cooperative_localization /home/lorenzo/robotica_ws/src/lorenzo.nobili/cooperative_localization/build/cooperative_localization /home/lorenzo/robotica_ws/src/lorenzo.nobili/cooperative_localization/build/cooperative_localization/CMakeFiles/cooperative_localization__rosidl_generator_c.dir/DependInfo.cmake "--color="
[5.179s] gmake[2]: Leaving directory '/home/lorenzo/robotica_ws/src/lorenzo.nobili/cooperative_localization/build/cooperative_localization'
[5.190s] Consolidate compiler generated dependencies of target test_dataset
[5.194s] gmake[2]: Leaving directory '/home/lorenzo/robotica_ws/src/lorenzo.nobili/cooperative_localization/build/cooperative_localization'
[5.194s] /usr/bin/gmake  -f CMakeFiles/test_dataset.dir/build.make CMakeFiles/test_dataset.dir/build
[5.202s] Dependencies file "CMakeFiles/cooperative_localization__rosidl_generator_c.dir/rosidl_generator_c/cooperative_localization/msg/detail/measurement__description.c.o.d" is newer than depends file "/home/lorenzo/robotica_ws/src/lorenzo.nobili/cooperative_localization/build/cooperative_localization/CMakeFiles/cooperative_localization__rosidl_generator_c.dir/compiler_depend.internal".
[5.203s] Dependencies file "CMakeFiles/cooperative_localization__rosidl_generator_c.dir/rosidl_generator_c/cooperative_localization/msg/detail/measurement__functions.c.o.d" is newer than depends file "/home/lorenzo/robotica_ws/src/lorenzo.nobili/cooperative_localization/build/cooperative_localization/CMakeFiles/cooperative_localization__rosidl_generator_c.dir/compiler_depend.internal".
[5.203s] Dependencies file "CMakeFiles/cooperative_localization__rosidl_generator_c.dir/rosidl_generator_c/cooperative_localization/msg/detail/measurement__type_support.c.o.d" is newer than depends file "/home/lorenzo/robotica_ws/src/lorenzo.nobili/cooperative_localization/build/cooperative_localization/CMakeFiles/cooperative_localization__rosidl_generator_c.dir/compiler_depend.internal".
[5.205s] gmake[2]: Leaving directory '/home/lorenzo/robotica_ws/src/lorenzo.nobili/cooperative_localization/build/cooperative_localization'
[5.206s] [  2%] Built target ament_cmake_python_copy_cooperative_localization
[5.206s] /usr/bin/gmake  -f CMakeFiles/cooperative_localization__cpp.dir/build.make CMakeFiles/cooperative_localization__cpp.dir/build
[5.208s] /usr/bin/gmake  -f CMakeFiles/ament_cmake_python_build_cooperative_localization_egg.dir/build.make CMakeFiles/ament_cmake_python_build_cooperative_localization_egg.dir/depend
[5.208s] Consolidate compiler generated dependencies of target cooperative_localization__rosidl_generator_c
[5.210s] gmake[2]: Entering directory '/home/lorenzo/robotica_ws/src/lorenzo.nobili/cooperative_localization/build/cooperative_localization'
[5.210s] gmake[2]: Nothing to be done for 'CMakeFiles/cooperative_localization__cpp.dir/build'.
[5.210s] gmake[2]: Leaving directory '/home/lorenzo/robotica_ws/src/lorenzo.nobili/cooperative_localization/build/cooperative_localization'
[5.212s] gmake[2]: Leaving directory '/home/lorenzo/robotica_ws/src/lorenzo.nobili/cooperative_localization/build/cooperative_localization'
[5.213s] gmake[2]: Entering directory '/home/lorenzo/robotica_ws/src/lorenzo.nobili/cooperative_localization/build/cooperative_localization'
[5.213s] cd /home/lorenzo/robotica_ws/src/lorenzo.nobili/cooperative_localization/build/cooperative_localization && /usr/bin/cmake -E cmake_depends "Unix Makefiles" /home/lorenzo/robotica_ws/src/lorenzo.nobili/cooperative_localization /home/lorenzo/robotica_ws/src/lorenzo.nobili/cooperative_localization /home/lorenzo/robotica_ws/src/lorenzo.nobili/cooperative_localization/build/cooperative_localization /home/lorenzo/robotica_ws/src/lorenzo.nobili/cooperative_localization/build/cooperative_localization /home/lorenzo/robotica_ws/src/lorenzo.nobili/cooperative_localization/build/cooperative_localization/CMakeFiles/ament_cmake_python_build_cooperative_localization_egg.dir/DependInfo.cmake "--color="
[5.213s] /usr/bin/gmake  -f CMakeFiles/cooperative_localization__rosidl_generator_c.dir/build.make CMakeFiles/cooperative_localization__rosidl_generator_c.dir/build
[5.221s] gmake[2]: Entering directory '/home/lorenzo/robotica_ws/src/lorenzo.nobili/cooperative_localization/build/cooperative_localization'
[5.221s] gmake[2]: Nothing to be done for 'CMakeFiles/cooperative_localization__rosidl_generator_c.dir/build'.
[5.222s] gmake[2]: Leaving directory '/home/lorenzo/robotica_ws/src/lorenzo.nobili/cooperative_localization/build/cooperative_localization'
[5.230s] [  4%] Built target cooperative_localization__cpp
[5.237s] gmake[2]: Leaving directory '/home/lorenzo/robotica_ws/src/lorenzo.nobili/cooperative_localization/build/cooperative_localization'
[5.237s] /usr/bin/gmake  -f CMakeFiles/ament_cmake_python_build_cooperative_localization_egg.dir/build.make CMakeFiles/ament_cmake_python_build_cooperative_localization_egg.dir/build
[5.239s] gmake[2]: Entering directory '/home/lorenzo/robotica_ws/src/lorenzo.nobili/cooperative_localization/build/cooperative_localization'
[5.239s] cd /home/lorenzo/robotica_ws/src/lorenzo.nobili/cooperative_localization/build/cooperative_localization/ament_cmake_python/cooperative_localization && /home/lorenzo/miniconda3/bin/python3 setup.py egg_info
[5.244s] [ 15%] Built target cooperative_localization__rosidl_generator_c
[5.246s] /usr/bin/gmake  -f CMakeFiles/cooperative_localization__rosidl_typesupport_cpp.dir/build.make CMakeFiles/cooperative_localization__rosidl_typesupport_cpp.dir/depend
[5.247s] /usr/bin/gmake  -f CMakeFiles/cooperative_localization__rosidl_typesupport_fastrtps_c.dir/build.make CMakeFiles/cooperative_localization__rosidl_typesupport_fastrtps_c.dir/depend
[5.250s] /usr/bin/gmake  -f CMakeFiles/cooperative_localization__rosidl_typesupport_fastrtps_cpp.dir/build.make CMakeFiles/cooperative_localization__rosidl_typesupport_fastrtps_cpp.dir/depend
[5.251s] /usr/bin/gmake  -f CMakeFiles/cooperative_localization__rosidl_typesupport_introspection_c.dir/build.make CMakeFiles/cooperative_localization__rosidl_typesupport_introspection_c.dir/depend
[5.253s] /usr/bin/gmake  -f CMakeFiles/cooperative_localization__rosidl_typesupport_c.dir/build.make CMakeFiles/cooperative_localization__rosidl_typesupport_c.dir/depend
[5.254s] /usr/bin/gmake  -f CMakeFiles/cooperative_localization__rosidl_typesupport_introspection_cpp.dir/build.make CMakeFiles/cooperative_localization__rosidl_typesupport_introspection_cpp.dir/depend
[5.255s] gmake[2]: Entering directory '/home/lorenzo/robotica_ws/src/lorenzo.nobili/cooperative_localization/build/cooperative_localization'
[5.256s] cd /home/lorenzo/robotica_ws/src/lorenzo.nobili/cooperative_localization/build/cooperative_localization && /usr/bin/cmake -E cmake_depends "Unix Makefiles" /home/lorenzo/robotica_ws/src/lorenzo.nobili/cooperative_localization /home/lorenzo/robotica_ws/src/lorenzo.nobili/cooperative_localization /home/lorenzo/robotica_ws/src/lorenzo.nobili/cooperative_localization/build/cooperative_localization /home/lorenzo/robotica_ws/src/lorenzo.nobili/cooperative_localization/build/cooperative_localization /home/lorenzo/robotica_ws/src/lorenzo.nobili/cooperative_localization/build/cooperative_localization/CMakeFiles/cooperative_localization__rosidl_typesupport_cpp.dir/DependInfo.cmake "--color="
[5.257s] gmake[2]: Entering directory '/home/lorenzo/robotica_ws/src/lorenzo.nobili/cooperative_localization/build/cooperative_localization'
[5.257s] cd /home/lorenzo/robotica_ws/src/lorenzo.nobili/cooperative_localization/build/cooperative_localization && /usr/bin/cmake -E cmake_depends "Unix Makefiles" /home/lorenzo/robotica_ws/src/lorenzo.nobili/cooperative_localization /home/lorenzo/robotica_ws/src/lorenzo.nobili/cooperative_localization /home/lorenzo/robotica_ws/src/lorenzo.nobili/cooperative_localization/build/cooperative_localization /home/lorenzo/robotica_ws/src/lorenzo.nobili/cooperative_localization/build/cooperative_localization /home/lorenzo/robotica_ws/src/lorenzo.nobili/cooperative_localization/build/cooperative_localization/CMakeFiles/cooperative_localization__rosidl_typesupport_fastrtps_c.dir/DependInfo.cmake "--color="
[5.257s] gmake[2]: Entering directory '/home/lorenzo/robotica_ws/src/lorenzo.nobili/cooperative_localization/build/cooperative_localization'
[5.258s] cd /home/lorenzo/robotica_ws/src/lorenzo.nobili/cooperative_localization/build/cooperative_localization && /usr/bin/cmake -E cmake_depends "Unix Makefiles" /home/lorenzo/robotica_ws/src/lorenzo.nobili/cooperative_localization /home/lorenzo/robotica_ws/src/lorenzo.nobili/cooperative_localization /home/lorenzo/robotica_ws/src/lorenzo.nobili/cooperative_localization/build/cooperative_localization /home/lorenzo/robotica_ws/src/lorenzo.nobili/cooperative_localization/build/cooperative_localization /home/lorenzo/robotica_ws/src/lorenzo.nobili/cooperative_localization/build/cooperative_localization/CMakeFiles/cooperative_localization__rosidl_typesupport_fastrtps_cpp.dir/DependInfo.cmake "--color="
[5.258s] gmake[2]: Entering directory '/home/lorenzo/robotica_ws/src/lorenzo.nobili/cooperative_localization/build/cooperative_localization'
[5.258s] cd /home/lorenzo/robotica_ws/src/lorenzo.nobili/cooperative_localization/build/cooperative_localization && /usr/bin/cmake -E cmake_depends "Unix Makefiles" /home/lorenzo/robotica_ws/src/lorenzo.nobili/cooperative_localization /home/lorenzo/robotica_ws/src/lorenzo.nobili/cooperative_localization /home/lorenzo/robotica_ws/src/lorenzo.nobili/cooperative_localization/build/cooperative_localization /home/lorenzo/robotica_ws/src/lorenzo.nobili/cooperative_localization/build/cooperative_localization /home/lorenzo/robotica_ws/src/lorenzo.nobili/cooperative_localization/build/cooperative_localization/CMakeFiles/cooperative_localization__rosidl_typesupport_introspection_c.dir/DependInfo.cmake "--color="
[5.258s] gmake[2]: Entering directory '/home/lorenzo/robotica_ws/src/lorenzo.nobili/cooperative_localization/build/cooperative_localization'
[5.258s] cd /home/lorenzo/robotica_ws/src/lorenzo.nobili/cooperative_localization/build/cooperative_localization && /usr/bin/cmake -E cmake_depends "Unix Makefiles" /home/lorenzo/robotica_ws/src/lorenzo.nobili/cooperative_localization /home/lorenzo/robotica_ws/src/lorenzo.nobili/cooperative_localization /home/lorenzo/robotica_ws/src/lorenzo.nobili/cooperative_localization/build/cooperative_localization /home/lorenzo/robotica_ws/src/lorenzo.nobili/cooperative_localization/build/cooperative_localization /home/lorenzo/robotica_ws/src/lorenzo.nobili/cooperative_localization/build/cooperative_localization/CMakeFiles/cooperative_localization__rosidl_typesupport_c.dir/DependInfo.cmake "--color="
[5.259s] gmake[2]: Entering directory '/home/lorenzo/robotica_ws/src/lorenzo.nobili/cooperative_localization/build/cooperative_localization'
[5.259s] cd /home/lorenzo/robotica_ws/src/lorenzo.nobili/cooperative_localization/build/cooperative_localization && /usr/bin/cmake -E cmake_depends "Unix Makefiles" /home/lorenzo/robotica_ws/src/lorenzo.nobili/cooperative_localization /home/lorenzo/robotica_ws/src/lorenzo.nobili/cooperative_localization /home/lorenzo/robotica_ws/src/lorenzo.nobili/cooperative_localization/build/cooperative_localization /home/lorenzo/robotica_ws/src/lorenzo.nobili/cooperative_localization/build/cooperative_localization /home/lorenzo/robotica_ws/src/lorenzo.nobili/cooperative_localization/build/cooperative_localization/CMakeFiles/cooperative_localization__rosidl_typesupport_introspection_cpp.dir/DependInfo.cmake "--color="
[5.264s] gmake[2]: Entering directory '/home/lorenzo/robotica_ws/src/lorenzo.nobili/cooperative_localization/build/cooperative_localization'
[5.265s] gmake[2]: Nothing to be done for 'CMakeFiles/test_dataset.dir/build'.
[5.265s] gmake[2]: Leaving directory '/home/lorenzo/robotica_ws/src/lorenzo.nobili/cooperative_localization/build/cooperative_localization'
[5.277s] Dependencies file "CMakeFiles/cooperative_localization__rosidl_typesupport_introspection_c.dir/rosidl_typesupport_introspection_c/cooperative_localization/msg/detail/measurement__type_support.c.o.d" is newer than depends file "/home/lorenzo/robotica_ws/src/lorenzo.nobili/cooperative_localization/build/cooperative_localization/CMakeFiles/cooperative_localization__rosidl_typesupport_introspection_c.dir/compiler_depend.internal".
[5.282s] Dependencies file "CMakeFiles/cooperative_localization__rosidl_typesupport_cpp.dir/rosidl_typesupport_cpp/cooperative_localization/msg/measurement__type_support.cpp.o.d" is newer than depends file "/home/lorenzo/robotica_ws/src/lorenzo.nobili/cooperative_localization/build/cooperative_localization/CMakeFiles/cooperative_localization__rosidl_typesupport_cpp.dir/compiler_depend.internal".
[5.282s] Dependencies file "CMakeFiles/cooperative_localization__rosidl_typesupport_introspection_cpp.dir/rosidl_typesupport_introspection_cpp/cooperative_localization/msg/detail/measurement__type_support.cpp.o.d" is newer than depends file "/home/lorenzo/robotica_ws/src/lorenzo.nobili/cooperative_localization/build/cooperative_localization/CMakeFiles/cooperative_localization__rosidl_typesupport_introspection_cpp.dir/compiler_depend.internal".
[5.282s] Dependencies file "CMakeFiles/cooperative_localization__rosidl_typesupport_c.dir/rosidl_typesupport_c/cooperative_localization/msg/measurement__type_support.cpp.o.d" is newer than depends file "/home/lorenzo/robotica_ws/src/lorenzo.nobili/cooperative_localization/build/cooperative_localization/CMakeFiles/cooperative_localization__rosidl_typesupport_c.dir/compiler_depend.internal".
[5.283s] Consolidate compiler generated dependencies of target cooperative_localization__rosidl_typesupport_introspection_c
[5.283s] Dependencies file "CMakeFiles/cooperative_localization__rosidl_typesupport_fastrtps_cpp.dir/rosidl_typesupport_fastrtps_cpp/cooperative_localization/msg/detail/dds_fastrtps/measurement__type_support.cpp.o.d" is newer than depends file "/home/lorenzo/robotica_ws/src/lorenzo.nobili/cooperative_localization/build/cooperative_localization/CMakeFiles/cooperative_localization__rosidl_typesupport_fastrtps_cpp.dir/compiler_depend.internal".
[5.286s] gmake[2]: Leaving directory '/home/lorenzo/robotica_ws/src/lorenzo.nobili/cooperative_localization/build/cooperative_localization'
[5.288s] Consolidate compiler generated dependencies of target cooperative_localization__rosidl_typesupport_c
[5.290s] /usr/bin/gmake  -f CMakeFiles/cooperative_localization__rosidl_typesupport_introspection_c.dir/build.make CMakeFiles/cooperative_localization__rosidl_typesupport_introspection_c.dir/build
[5.291s] Dependencies file "CMakeFiles/cooperative_localization__rosidl_typesupport_fastrtps_c.dir/rosidl_typesupport_fastrtps_c/cooperative_localization/msg/detail/measurement__type_support_c.cpp.o.d" is newer than depends file "/home/lorenzo/robotica_ws/src/lorenzo.nobili/cooperative_localization/build/cooperative_localization/CMakeFiles/cooperative_localization__rosidl_typesupport_fastrtps_c.dir/compiler_depend.internal".
[5.291s] gmake[2]: Leaving directory '/home/lorenzo/robotica_ws/src/lorenzo.nobili/cooperative_localization/build/cooperative_localization'
[5.291s] /usr/bin/gmake  -f CMakeFiles/cooperative_localization__rosidl_typesupport_c.dir/build.make CMakeFiles/cooperative_localization__rosidl_typesupport_c.dir/build
[5.293s] Consolidate compiler generated dependencies of target cooperative_localization__rosidl_typesupport_cpp
[5.294s] Consolidate compiler generated dependencies of target cooperative_localization__rosidl_typesupport_introspection_cpp
[5.295s] gmake[2]: Entering directory '/home/lorenzo/robotica_ws/src/lorenzo.nobili/cooperative_localization/build/cooperative_localization'
[5.296s] gmake[2]: Nothing to be done for 'CMakeFiles/cooperative_localization__rosidl_typesupport_introspection_c.dir/build'.
[5.296s] gmake[2]: Leaving directory '/home/lorenzo/robotica_ws/src/lorenzo.nobili/cooperative_localization/build/cooperative_localization'
[5.297s] gmake[2]: Leaving directory '/home/lorenzo/robotica_ws/src/lorenzo.nobili/cooperative_localization/build/cooperative_localization'
[5.298s] /usr/bin/gmake  -f CMakeFiles/cooperative_localization__rosidl_typesupport_cpp.dir/build.make CMakeFiles/cooperative_localization__rosidl_typesupport_cpp.dir/build
[5.299s] [ 24%] Built target test_dataset
[5.300s] Consolidate compiler generated dependencies of target cooperative_localization__rosidl_typesupport_fastrtps_cpp
[5.300s] gmake[2]: Leaving directory '/home/lorenzo/robotica_ws/src/lorenzo.nobili/cooperative_localization/build/cooperative_localization'
[5.300s] /usr/bin/gmake  -f CMakeFiles/cooperative_localization__rosidl_typesupport_introspection_cpp.dir/build.make CMakeFiles/cooperative_localization__rosidl_typesupport_introspection_cpp.dir/build
[5.300s] gmake[2]: Entering directory '/home/lorenzo/robotica_ws/src/lorenzo.nobili/cooperative_localization/build/cooperative_localization'
[5.301s] gmake[2]: Nothing to be done for 'CMakeFiles/cooperative_localization__rosidl_typesupport_c.dir/build'.
[5.301s] Consolidate compiler generated dependencies of target cooperative_localization__rosidl_typesupport_fastrtps_c
[5.302s] gmake[2]: Leaving directory '/home/lorenzo/robotica_ws/src/lorenzo.nobili/cooperative_localization/build/cooperative_localization'
[5.302s] gmake[2]: Leaving directory '/home/lorenzo/robotica_ws/src/lorenzo.nobili/cooperative_localization/build/cooperative_localization'
[5.303s] /usr/bin/gmake  -f CMakeFiles/cooperative_localization__rosidl_typesupport_fastrtps_cpp.dir/build.make CMakeFiles/cooperative_localization__rosidl_typesupport_fastrtps_cpp.dir/build
[5.303s] gmake[2]: Leaving directory '/home/lorenzo/robotica_ws/src/lorenzo.nobili/cooperative_localization/build/cooperative_localization'
[5.303s] /usr/bin/gmake  -f CMakeFiles/cooperative_localization__rosidl_typesupport_fastrtps_c.dir/build.make CMakeFiles/cooperative_localization__rosidl_typesupport_fastrtps_c.dir/build
[5.305s] gmake[2]: Entering directory '/home/lorenzo/robotica_ws/src/lorenzo.nobili/cooperative_localization/build/cooperative_localization'
[5.305s] gmake[2]: Nothing to be done for 'CMakeFiles/cooperative_localization__rosidl_typesupport_cpp.dir/build'.
[5.305s] gmake[2]: Leaving directory '/home/lorenzo/robotica_ws/src/lorenzo.nobili/cooperative_localization/build/cooperative_localization'
[5.306s] gmake[2]: Entering directory '/home/lorenzo/robotica_ws/src/lorenzo.nobili/cooperative_localization/build/cooperative_localization'
[5.306s] gmake[2]: Nothing to be done for 'CMakeFiles/cooperative_localization__rosidl_typesupport_introspection_cpp.dir/build'.
[5.306s] gmake[2]: Leaving directory '/home/lorenzo/robotica_ws/src/lorenzo.nobili/cooperative_localization/build/cooperative_localization'
[5.311s] gmake[2]: Entering directory '/home/lorenzo/robotica_ws/src/lorenzo.nobili/cooperative_localization/build/cooperative_localization'
[5.312s] gmake[2]: Nothing to be done for 'CMakeFiles/cooperative_localization__rosidl_typesupport_fastrtps_cpp.dir/build'.
[5.312s] gmake[2]: Leaving directory '/home/lorenzo/robotica_ws/src/lorenzo.nobili/cooperative_localization/build/cooperative_localization'
[5.313s] gmake[2]: Entering directory '/home/lorenzo/robotica_ws/src/lorenzo.nobili/cooperative_localization/build/cooperative_localization'
[5.314s] gmake[2]: Nothing to be done for 'CMakeFiles/cooperative_localization__rosidl_typesupport_fastrtps_c.dir/build'.
[5.314s] gmake[2]: Leaving directory '/home/lorenzo/robotica_ws/src/lorenzo.nobili/cooperative_localization/build/cooperative_localization'
[5.321s] [ 31%] Built target cooperative_localization__rosidl_typesupport_introspection_c
[5.325s] [ 37%] Built target cooperative_localization__rosidl_typesupport_c
[5.331s] [ 44%] Built target cooperative_localization__rosidl_typesupport_introspection_cpp
[5.331s] [ 51%] Built target cooperative_localization__rosidl_typesupport_cpp
[5.335s] /usr/bin/gmake  -f CMakeFiles/coop_localization_node.dir/build.make CMakeFiles/coop_localization_node.dir/depend
[5.336s] [ 57%] Built target cooperative_localization__rosidl_typesupport_fastrtps_cpp
[5.336s] /usr/bin/gmake  -f CMakeFiles/robot_node.dir/build.make CMakeFiles/robot_node.dir/depend
[5.339s] gmake[2]: Entering directory '/home/lorenzo/robotica_ws/src/lorenzo.nobili/cooperative_localization/build/cooperative_localization'
[5.340s] cd /home/lorenzo/robotica_ws/src/lorenzo.nobili/cooperative_localization/build/cooperative_localization && /usr/bin/cmake -E cmake_depends "Unix Makefiles" /home/lorenzo/robotica_ws/src/lorenzo.nobili/cooperative_localization /home/lorenzo/robotica_ws/src/lorenzo.nobili/cooperative_localization /home/lorenzo/robotica_ws/src/lorenzo.nobili/cooperative_localization/build/cooperative_localization /home/lorenzo/robotica_ws/src/lorenzo.nobili/cooperative_localization/build/cooperative_localization /home/lorenzo/robotica_ws/src/lorenzo.nobili/cooperative_localization/build/cooperative_localization/CMakeFiles/coop_localization_node.dir/DependInfo.cmake "--color="
[5.341s] gmake[2]: Entering directory '/home/lorenzo/robotica_ws/src/lorenzo.nobili/cooperative_localization/build/cooperative_localization'
[5.341s] cd /home/lorenzo/robotica_ws/src/lorenzo.nobili/cooperative_localization/build/cooperative_localization && /usr/bin/cmake -E cmake_depends "Unix Makefiles" /home/lorenzo/robotica_ws/src/lorenzo.nobili/cooperative_localization /home/lorenzo/robotica_ws/src/lorenzo.nobili/cooperative_localization /home/lorenzo/robotica_ws/src/lorenzo.nobili/cooperative_localization/build/cooperative_localization /home/lorenzo/robotica_ws/src/lorenzo.nobili/cooperative_localization/build/cooperative_localization /home/lorenzo/robotica_ws/src/lorenzo.nobili/cooperative_localization/build/cooperative_localization/CMakeFiles/robot_node.dir/DependInfo.cmake "--color="
[5.341s] [ 64%] Built target cooperative_localization__rosidl_typesupport_fastrtps_c
[5.344s] /usr/bin/gmake  -f CMakeFiles/cooperative_localization.dir/build.make CMakeFiles/cooperative_localization.dir/depend
[5.347s] gmake[2]: Entering directory '/home/lorenzo/robotica_ws/src/lorenzo.nobili/cooperative_localization/build/cooperative_localization'
[5.347s] cd /home/lorenzo/robotica_ws/src/lorenzo.nobili/cooperative_localization/build/cooperative_localization && /usr/bin/cmake -E cmake_depends "Unix Makefiles" /home/lorenzo/robotica_ws/src/lorenzo.nobili/cooperative_localization /home/lorenzo/robotica_ws/src/lorenzo.nobili/cooperative_localization /home/lorenzo/robotica_ws/src/lorenzo.nobili/cooperative_localization/build/cooperative_localization /home/lorenzo/robotica_ws/src/lorenzo.nobili/cooperative_localization/build/cooperative_localization /home/lorenzo/robotica_ws/src/lorenzo.nobili/cooperative_localization/build/cooperative_localization/CMakeFiles/cooperative_localization.dir/DependInfo.cmake "--color="
[5.363s] Dependencies file "CMakeFiles/robot_node.dir/src/data_loader.cpp.o.d" is newer than depends file "/home/lorenzo/robotica_ws/src/lorenzo.nobili/cooperative_localization/build/cooperative_localization/CMakeFiles/robot_node.dir/compiler_depend.internal".
[5.363s] Dependencies file "CMakeFiles/coop_localization_node.dir/src/centralized_node.cpp.o.d" is newer than depends file "/home/lorenzo/robotica_ws/src/lorenzo.nobili/cooperative_localization/build/cooperative_localization/CMakeFiles/coop_localization_node.dir/compiler_depend.internal".
[5.365s] Dependencies file "CMakeFiles/robot_node.dir/src/robot_node.cpp.o.d" is newer than depends file "/home/lorenzo/robotica_ws/src/lorenzo.nobili/cooperative_localization/build/cooperative_localization/CMakeFiles/robot_node.dir/compiler_depend.internal".
[5.366s] Dependencies file "CMakeFiles/coop_localization_node.dir/src/ekf_centralized.cpp.o.d" is newer than depends file "/home/lorenzo/robotica_ws/src/lorenzo.nobili/cooperative_localization/build/cooperative_localization/CMakeFiles/coop_localization_node.dir/compiler_depend.internal".
[5.373s] gmake[2]: Leaving directory '/home/lorenzo/robotica_ws/src/lorenzo.nobili/cooperative_localization/build/cooperative_localization'
[5.374s] /usr/bin/gmake  -f CMakeFiles/cooperative_localization.dir/build.make CMakeFiles/cooperative_localization.dir/build
[5.376s] gmake[2]: Entering directory '/home/lorenzo/robotica_ws/src/lorenzo.nobili/cooperative_localization/build/cooperative_localization'
[5.376s] gmake[2]: Nothing to be done for 'CMakeFiles/cooperative_localization.dir/build'.
[5.376s] gmake[2]: Leaving directory '/home/lorenzo/robotica_ws/src/lorenzo.nobili/cooperative_localization/build/cooperative_localization'
[5.396s] Consolidate compiler generated dependencies of target robot_node
[5.400s] gmake[2]: Leaving directory '/home/lorenzo/robotica_ws/src/lorenzo.nobili/cooperative_localization/build/cooperative_localization'
[5.400s] [ 64%] Built target cooperative_localization
[5.400s] /usr/bin/gmake  -f CMakeFiles/robot_node.dir/build.make CMakeFiles/robot_node.dir/build
[5.402s] /usr/bin/gmake  -f cooperative_localization__py/CMakeFiles/cooperative_localization__py.dir/build.make cooperative_localization__py/CMakeFiles/cooperative_localization__py.dir/depend
[5.406s] Consolidate compiler generated dependencies of target coop_localization_node
[5.406s] gmake[2]: Entering directory '/home/lorenzo/robotica_ws/src/lorenzo.nobili/cooperative_localization/build/cooperative_localization'
[5.406s] cd /home/lorenzo/robotica_ws/src/lorenzo.nobili/cooperative_localization/build/cooperative_localization && /usr/bin/cmake -E cmake_depends "Unix Makefiles" /home/lorenzo/robotica_ws/src/lorenzo.nobili/cooperative_localization /home/lorenzo/robotica_ws/src/lorenzo.nobili/cooperative_localization/build/cooperative_localization/cooperative_localization__py /home/lorenzo/robotica_ws/src/lorenzo.nobili/cooperative_localization/build/cooperative_localization /home/lorenzo/robotica_ws/src/lorenzo.nobili/cooperative_localization/build/cooperative_localization/cooperative_localization__py /home/lorenzo/robotica_ws/src/lorenzo.nobili/cooperative_localization/build/cooperative_localization/cooperative_localization__py/CMakeFiles/cooperative_localization__py.dir/DependInfo.cmake "--color="
[5.409s] gmake[2]: Leaving directory '/home/lorenzo/robotica_ws/src/lorenzo.nobili/cooperative_localization/build/cooperative_localization'
[5.409s] /usr/bin/gmake  -f CMakeFiles/coop_localization_node.dir/build.make CMakeFiles/coop_localization_node.dir/build
[5.426s] gmake[2]: Entering directory '/home/lorenzo/robotica_ws/src/lorenzo.nobili/cooperative_localization/build/cooperative_localization'
[5.426s] gmake[2]: Entering directory '/home/lorenzo/robotica_ws/src/lorenzo.nobili/cooperative_localization/build/cooperative_localization'
[5.426s] gmake[2]: Nothing to be done for 'CMakeFiles/robot_node.dir/build'.
[5.427s] gmake[2]: Leaving directory '/home/lorenzo/robotica_ws/src/lorenzo.nobili/cooperative_localization/build/cooperative_localization'
[5.428s] gmake[2]: Leaving directory '/home/lorenzo/robotica_ws/src/lorenzo.nobili/cooperative_localization/build/cooperative_localization'
[5.429s] /usr/bin/gmake  -f cooperative_localization__py/CMakeFiles/cooperative_localization__py.dir/build.make cooperative_localization__py/CMakeFiles/cooperative_localization__py.dir/build
[5.432s] gmake[2]: Entering directory '/home/lorenzo/robotica_ws/src/lorenzo.nobili/cooperative_localization/build/cooperative_localization'
[5.432s] gmake[2]: Nothing to be done for 'cooperative_localization__py/CMakeFiles/cooperative_localization__py.dir/build'.
[5.433s] gmake[2]: Leaving directory '/home/lorenzo/robotica_ws/src/lorenzo.nobili/cooperative_localization/build/cooperative_localization'
[5.445s] [ 66%] Building CXX object CMakeFiles/coop_localization_node.dir/src/data_loader.cpp.o
[5.446s] [ 73%] Built target robot_node
[5.448s] /usr/bin/c++ -DDEFAULT_RMW_IMPLEMENTATION=rmw_fastrtps_cpp -DFASTCDR_DYN_LINK -DROS_PACKAGE_NAME=\"cooperative_localization\" -I/home/lorenzo/robotica_ws/src/lorenzo.nobili/cooperative_localization/include -I/usr/include/eigen3 -I/home/lorenzo/robotica_ws/src/lorenzo.nobili/cooperative_localization/build/cooperative_localization/rosidl_generator_c -I/home/lorenzo/robotica_ws/src/lorenzo.nobili/cooperative_localization/build/cooperative_localization/rosidl_generator_cpp -isystem /opt/ros/jazzy/include/rclcpp -isystem /opt/ros/jazzy/include/nav_msgs -isystem /opt/ros/jazzy/include/builtin_interfaces -isystem /opt/ros/jazzy/include/rosidl_runtime_c -isystem /opt/ros/jazzy/include/rcutils -isystem /opt/ros/jazzy/include/rosidl_typesupport_interface -isystem /opt/ros/jazzy/include/fastcdr -isystem /opt/ros/jazzy/include/rosidl_runtime_cpp -isystem /opt/ros/jazzy/include/rosidl_typesupport_fastrtps_cpp -isystem /opt/ros/jazzy/include/rmw -isystem /opt/ros/jazzy/include/rosidl_dynamic_typesupport -isystem /opt/ros/jazzy/include/rosidl_typesupport_fastrtps_c -isystem /opt/ros/jazzy/include/rosidl_typesupport_introspection_c -isystem /opt/ros/jazzy/include/rosidl_typesupport_introspection_cpp -isystem /opt/ros/jazzy/include/libstatistics_collector -isystem /opt/ros/jazzy/include/rcl -isystem /opt/ros/jazzy/include/rcl_interfaces -isystem /opt/ros/jazzy/include/service_msgs -isystem /opt/ros/jazzy/include/rcl_logging_interface -isystem /opt/ros/jazzy/include/rcl_yaml_param_parser -isystem /opt/ros/jazzy/include/type_description_interfaces -isystem /opt/ros/jazzy/include/rcpputils -isystem /opt/ros/jazzy/include/statistics_msgs -isystem /opt/ros/jazzy/include/rosgraph_msgs -isystem /opt/ros/jazzy/include/rosidl_typesupport_cpp -isystem /opt/ros/jazzy/include/rosidl_typesupport_c -isystem /opt/ros/jazzy/include/tracetools -isystem /opt/ros/jazzy/include/geometry_msgs -isystem /opt/ros/jazzy/include/std_msgs -std=gnu++17 -Wall -Wextra -Wpedantic -march=native -MD -MT CMakeFiles/coop_localization_node.dir/src/data_loader.cpp.o -MF CMakeFiles/coop_localization_node.dir/src/data_loader.cpp.o.d -o CMakeFiles/coop_localization_node.dir/src/data_loader.cpp.o -c /home/lorenzo/robotica_ws/src/lorenzo.nobili/cooperative_localization/src/data_loader.cpp
[5.452s] [ 75%] Built target cooperative_localization__py
[5.455s] /usr/bin/gmake  -f CMakeFiles/cooperative_localization__rosidl_generator_py.dir/build.make CMakeFiles/cooperative_localization__rosidl_generator_py.dir/depend
[5.458s] gmake[2]: Entering directory '/home/lorenzo/robotica_ws/src/lorenzo.nobili/cooperative_localization/build/cooperative_localization'
[5.459s] cd /home/lorenzo/robotica_ws/src/lorenzo.nobili/cooperative_localization/build/cooperative_localization && /usr/bin/cmake -E cmake_depends "Unix Makefiles" /home/lorenzo/robotica_ws/src/lorenzo.nobili/cooperative_localization /home/lorenzo/robotica_ws/src/lorenzo.nobili/cooperative_localization /home/lorenzo/robotica_ws/src/lorenzo.nobili/cooperative_localization/build/cooperative_localization /home/lorenzo/robotica_ws/src/lorenzo.nobili/cooperative_localization/build/cooperative_localization /home/lorenzo/robotica_ws/src/lorenzo.nobili/cooperative_localization/build/cooperative_localization/CMakeFiles/cooperative_localization__rosidl_generator_py.dir/DependInfo.cmake "--color="
[5.480s] Dependencies file "CMakeFiles/cooperative_localization__rosidl_generator_py.dir/rosidl_generator_py/cooperative_localization/msg/_measurement_s.c.o.d" is newer than depends file "/home/lorenzo/robotica_ws/src/lorenzo.nobili/cooperative_localization/build/cooperative_localization/CMakeFiles/cooperative_localization__rosidl_generator_py.dir/compiler_depend.internal".
[5.488s] Consolidate compiler generated dependencies of target cooperative_localization__rosidl_generator_py
[5.491s] gmake[2]: Leaving directory '/home/lorenzo/robotica_ws/src/lorenzo.nobili/cooperative_localization/build/cooperative_localization'
[5.492s] /usr/bin/gmake  -f CMakeFiles/cooperative_localization__rosidl_generator_py.dir/build.make CMakeFiles/cooperative_localization__rosidl_generator_py.dir/build
[5.500s] gmake[2]: Entering directory '/home/lorenzo/robotica_ws/src/lorenzo.nobili/cooperative_localization/build/cooperative_localization'
[5.500s] gmake[2]: Nothing to be done for 'CMakeFiles/cooperative_localization__rosidl_generator_py.dir/build'.
[5.500s] gmake[2]: Leaving directory '/home/lorenzo/robotica_ws/src/lorenzo.nobili/cooperative_localization/build/cooperative_localization'
[5.520s] [ 80%] Built target cooperative_localization__rosidl_generator_py
[5.524s] /usr/bin/gmake  -f CMakeFiles/cooperative_localization_s__rosidl_typesupport_fastrtps_c.dir/build.make CMakeFiles/cooperative_localization_s__rosidl_typesupport_fastrtps_c.dir/depend
[5.525s] /usr/bin/gmake  -f CMakeFiles/cooperative_localization_s__rosidl_typesupport_introspection_c.dir/build.make CMakeFiles/cooperative_localization_s__rosidl_typesupport_introspection_c.dir/depend
[5.526s] /usr/bin/gmake  -f CMakeFiles/cooperative_localization_s__rosidl_typesupport_c.dir/build.make CMakeFiles/cooperative_localization_s__rosidl_typesupport_c.dir/depend
[5.527s] gmake[2]: Entering directory '/home/lorenzo/robotica_ws/src/lorenzo.nobili/cooperative_localization/build/cooperative_localization'
[5.528s] cd /home/lorenzo/robotica_ws/src/lorenzo.nobili/cooperative_localization/build/cooperative_localization && /usr/bin/cmake -E cmake_depends "Unix Makefiles" /home/lorenzo/robotica_ws/src/lorenzo.nobili/cooperative_localization /home/lorenzo/robotica_ws/src/lorenzo.nobili/cooperative_localization /home/lorenzo/robotica_ws/src/lorenzo.nobili/cooperative_localization/build/cooperative_localization /home/lorenzo/robotica_ws/src/lorenzo.nobili/cooperative_localization/build/cooperative_localization /home/lorenzo/robotica_ws/src/lorenzo.nobili/cooperative_localization/build/cooperative_localization/CMakeFiles/cooperative_localization_s__rosidl_typesupport_fastrtps_c.dir/DependInfo.cmake "--color="
[5.529s] gmake[2]: Entering directory '/home/lorenzo/robotica_ws/src/lorenzo.nobili/cooperative_localization/build/cooperative_localization'
[5.529s] cd /home/lorenzo/robotica_ws/src/lorenzo.nobili/cooperative_localization/build/cooperative_localization && /usr/bin/cmake -E cmake_depends "Unix Makefiles" /home/lorenzo/robotica_ws/src/lorenzo.nobili/cooperative_localization /home/lorenzo/robotica_ws/src/lorenzo.nobili/cooperative_localization /home/lorenzo/robotica_ws/src/lorenzo.nobili/cooperative_localization/build/cooperative_localization /home/lorenzo/robotica_ws/src/lorenzo.nobili/cooperative_localization/build/cooperative_localization /home/lorenzo/robotica_ws/src/lorenzo.nobili/cooperative_localization/build/cooperative_localization/CMakeFiles/cooperative_localization_s__rosidl_typesupport_introspection_c.dir/DependInfo.cmake "--color="
[5.529s] gmake[2]: Entering directory '/home/lorenzo/robotica_ws/src/lorenzo.nobili/cooperative_localization/build/cooperative_localization'
[5.529s] cd /home/lorenzo/robotica_ws/src/lorenzo.nobili/cooperative_localization/build/cooperative_localization && /usr/bin/cmake -E cmake_depends "Unix Makefiles" /home/lorenzo/robotica_ws/src/lorenzo.nobili/cooperative_localization /home/lorenzo/robotica_ws/src/lorenzo.nobili/cooperative_localization /home/lorenzo/robotica_ws/src/lorenzo.nobili/cooperative_localization/build/cooperative_localization /home/lorenzo/robotica_ws/src/lorenzo.nobili/cooperative_localization/build/cooperative_localization /home/lorenzo/robotica_ws/src/lorenzo.nobili/cooperative_localization/build/cooperative_localization/CMakeFiles/cooperative_localization_s__rosidl_typesupport_c.dir/DependInfo.cmake "--color="
[5.548s] Dependencies file "CMakeFiles/cooperative_localization_s__rosidl_typesupport_c.dir/rosidl_generator_py/cooperative_localization/_cooperative_localization_s.ep.rosidl_typesupport_c.c.o.d" is newer than depends file "/home/lorenzo/robotica_ws/src/lorenzo.nobili/cooperative_localization/build/cooperative_localization/CMakeFiles/cooperative_localization_s__rosidl_typesupport_c.dir/compiler_depend.internal".
[5.550s] Dependencies file "CMakeFiles/cooperative_localization_s__rosidl_typesupport_fastrtps_c.dir/rosidl_generator_py/cooperative_localization/_cooperative_localization_s.ep.rosidl_typesupport_fastrtps_c.c.o.d" is newer than depends file "/home/lorenzo/robotica_ws/src/lorenzo.nobili/cooperative_localization/build/cooperative_localization/CMakeFiles/cooperative_localization_s__rosidl_typesupport_fastrtps_c.dir/compiler_depend.internal".
[5.550s] Dependencies file "CMakeFiles/cooperative_localization_s__rosidl_typesupport_introspection_c.dir/rosidl_generator_py/cooperative_localization/_cooperative_localization_s.ep.rosidl_typesupport_introspection_c.c.o.d" is newer than depends file "/home/lorenzo/robotica_ws/src/lorenzo.nobili/cooperative_localization/build/cooperative_localization/CMakeFiles/cooperative_localization_s__rosidl_typesupport_introspection_c.dir/compiler_depend.internal".
[5.557s] Consolidate compiler generated dependencies of target cooperative_localization_s__rosidl_typesupport_c
[5.559s] Consolidate compiler generated dependencies of target cooperative_localization_s__rosidl_typesupport_introspection_c
[5.560s] Consolidate compiler generated dependencies of target cooperative_localization_s__rosidl_typesupport_fastrtps_c
[5.561s] gmake[2]: Leaving directory '/home/lorenzo/robotica_ws/src/lorenzo.nobili/cooperative_localization/build/cooperative_localization'
[5.561s] /usr/bin/gmake  -f CMakeFiles/cooperative_localization_s__rosidl_typesupport_c.dir/build.make CMakeFiles/cooperative_localization_s__rosidl_typesupport_c.dir/build
[5.561s] gmake[2]: Leaving directory '/home/lorenzo/robotica_ws/src/lorenzo.nobili/cooperative_localization/build/cooperative_localization'
[5.562s] /usr/bin/gmake  -f CMakeFiles/cooperative_localization_s__rosidl_typesupport_introspection_c.dir/build.make CMakeFiles/cooperative_localization_s__rosidl_typesupport_introspection_c.dir/build
[5.564s] gmake[2]: Leaving directory '/home/lorenzo/robotica_ws/src/lorenzo.nobili/cooperative_localization/build/cooperative_localization'
[5.564s] /usr/bin/gmake  -f CMakeFiles/cooperative_localization_s__rosidl_typesupport_fastrtps_c.dir/build.make CMakeFiles/cooperative_localization_s__rosidl_typesupport_fastrtps_c.dir/build
[5.566s] gmake[2]: Entering directory '/home/lorenzo/robotica_ws/src/lorenzo.nobili/cooperative_localization/build/cooperative_localization'
[5.566s] gmake[2]: Nothing to be done for 'CMakeFiles/cooperative_localization_s__rosidl_typesupport_c.dir/build'.
[5.566s] gmake[2]: Leaving directory '/home/lorenzo/robotica_ws/src/lorenzo.nobili/cooperative_localization/build/cooperative_localization'
[5.569s] gmake[2]: Entering directory '/home/lorenzo/robotica_ws/src/lorenzo.nobili/cooperative_localization/build/cooperative_localization'
[5.569s] gmake[2]: Nothing to be done for 'CMakeFiles/cooperative_localization_s__rosidl_typesupport_fastrtps_c.dir/build'.
[5.570s] gmake[2]: Leaving directory '/home/lorenzo/robotica_ws/src/lorenzo.nobili/cooperative_localization/build/cooperative_localization'
[5.571s] gmake[2]: Entering directory '/home/lorenzo/robotica_ws/src/lorenzo.nobili/cooperative_localization/build/cooperative_localization'
[5.571s] gmake[2]: Nothing to be done for 'CMakeFiles/cooperative_localization_s__rosidl_typesupport_introspection_c.dir/build'.
[5.571s] gmake[2]: Leaving directory '/home/lorenzo/robotica_ws/src/lorenzo.nobili/cooperative_localization/build/cooperative_localization'
[5.587s] [ 84%] Built target cooperative_localization_s__rosidl_typesupport_c
[5.590s] [ 88%] Built target cooperative_localization_s__rosidl_typesupport_fastrtps_c
[5.599s] [ 93%] Built target cooperative_localization_s__rosidl_typesupport_introspection_c
[5.872s] running egg_info
[5.900s] writing cooperative_localization.egg-info/PKG-INFO
[5.901s] writing dependency_links to cooperative_localization.egg-info/dependency_links.txt
[5.902s] writing top-level names to cooperative_localization.egg-info/top_level.txt
[5.994s] reading manifest file 'cooperative_localization.egg-info/SOURCES.txt'
[5.996s] writing manifest file 'cooperative_localization.egg-info/SOURCES.txt'
[6.059s] gmake[2]: Leaving directory '/home/lorenzo/robotica_ws/src/lorenzo.nobili/cooperative_localization/build/cooperative_localization'
[6.078s] [ 93%] Built target ament_cmake_python_build_cooperative_localization_egg
[8.247s] In file included from /usr/include/eigen3/Eigen/Core:199,
[8.247s]                  from /usr/include/eigen3/Eigen/Dense:1,
[8.247s]                  from /home/lorenzo/robotica_ws/src/lorenzo.nobili/cooperative_localization/include/data_loader.h:12,
[8.247s]                  from /home/lorenzo/robotica_ws/src/lorenzo.nobili/cooperative_localization/src/data_loader.cpp:1:
[8.247s] /usr/include/eigen3/Eigen/src/Core/arch/AVX/PacketMath.h: In function Eigen::internal::Packet8bf Eigen::internal::F32ToBf16(const Packet8f&):
[8.247s] /usr/include/eigen3/Eigen/src/Core/arch/AVX/PacketMath.h:1275:13: warning: unused variable r [-Wunused-variable]
[8.248s]  1275 |   Packet8bf r;
[8.248s]       |             ^
[10.044s] [ 95%] Linking CXX executable coop_localization_node
[10.046s] /usr/bin/cmake -E cmake_link_script CMakeFiles/coop_localization_node.dir/link.txt --verbose=1
[10.061s] /usr/bin/c++ CMakeFiles/coop_localization_node.dir/src/centralized_node.cpp.o CMakeFiles/coop_localization_node.dir/src/ekf_centralized.cpp.o CMakeFiles/coop_localization_node.dir/src/data_loader.cpp.o -o coop_localization_node  -Wl,-rpath,/opt/ros/jazzy/lib:/home/lorenzo/robotica_ws/src/lorenzo.nobili/cooperative_localization/build/cooperative_localization:/home/lorenzo/miniconda3/lib: /opt/ros/jazzy/lib/librclcpp.so /opt/ros/jazzy/lib/libnav_msgs__rosidl_typesupport_fastrtps_c.so /opt/ros/jazzy/lib/libnav_msgs__rosidl_typesupport_fastrtps_cpp.so /opt/ros/jazzy/lib/libnav_msgs__rosidl_typesupport_introspection_c.so /opt/ros/jazzy/lib/libnav_msgs__rosidl_typesupport_introspection_cpp.so /opt/ros/jazzy/lib/libnav_msgs__rosidl_generator_py.so libcooperative_localization__rosidl_typesupport_cpp.so /opt/ros/jazzy/lib/liblibstatistics_collector.so /opt/ros/jazzy/lib/librcl.so /opt/ros/jazzy/lib/librmw_implementation.so /opt/ros/jazzy/lib/libtype_description_interfaces__rosidl_typesupport_fastrtps_c.so /opt/ros/jazzy/lib/libtype_description_interfaces__rosidl_typesupport_introspection_c.so /opt/ros/jazzy/lib/libtype_description_interfaces__rosidl_typesupport_fastrtps_cpp.so /opt/ros/jazzy/lib/libtype_description_interfaces__rosidl_typesupport_introspection_cpp.so /opt/ros/jazzy/lib/libtype_description_interfaces__rosidl_typesupport_cpp.so /opt/ros/jazzy/lib/libtype_description_interfaces__rosidl_generator_py.so /opt/ros/jazzy/lib/libtype_description_interfaces__rosidl_typesupport_c.so /opt/ros/jazzy/lib/libtype_description_interfaces__rosidl_generator_c.so /opt/ros/jazzy/lib/librcl_interfaces__rosidl_typesupport_fastrtps_c.so /opt/ros/jazzy/lib/librcl_interfaces__rosidl_typesupport_introspection_c.so /opt/ros/jazzy/lib/librcl_interfaces__rosidl_typesupport_fastrtps_cpp.so /opt/ros/jazzy/lib/librcl_interfaces__rosidl_typesupport_introspection_cpp.so /opt/ros/jazzy/lib/librcl_interfaces__rosidl_typesupport_cpp.so /opt/ros/jazzy/lib/librcl_interfaces__rosidl_generator_py.so /opt/ros/jazzy/lib/librcl_interfaces__rosidl_typesupport_c.so /opt/ros/jazzy/lib/librcl_interfaces__rosidl_generator_c.so /opt/ros/jazzy/lib/librcl_yaml_param_parser.so /opt/ros/jazzy/lib/librosgraph_msgs__rosidl_typesupport_fastrtps_c.so /opt/ros/jazzy/lib/librosgraph_msgs__rosidl_typesupport_fastrtps_cpp.so /opt/ros/jazzy/lib/librosgraph_msgs__rosidl_typesupport_introspection_c.so /opt/ros/jazzy/lib/librosgraph_msgs__rosidl_typesupport_introspection_cpp.so /opt/ros/jazzy/lib/librosgraph_msgs__rosidl_typesupport_cpp.so /opt/ros/jazzy/lib/librosgraph_msgs__rosidl_generator_py.so /opt/ros/jazzy/lib/librosgraph_msgs__rosidl_typesupport_c.so /opt/ros/jazzy/lib/librosgraph_msgs__rosidl_generator_c.so /opt/ros/jazzy/lib/libstatistics_msgs__rosidl_typesupport_fastrtps_c.so /opt/ros/jazzy/lib/libstatistics_msgs__rosidl_typesupport_fastrtps_cpp.so /opt/ros/jazzy/lib/libstatistics_msgs__rosidl_typesupport_introspection_c.so /opt/ros/jazzy/lib/libstatistics_msgs__rosidl_typesupport_introspection_cpp.so /opt/ros/jazzy/lib/libstatistics_msgs__rosidl_typesupport_cpp.so /opt/ros/jazzy/lib/libstatistics_msgs__rosidl_generator_py.so /opt/ros/jazzy/lib/libstatistics_msgs__rosidl_typesupport_c.so /opt/ros/jazzy/lib/libstatistics_msgs__rosidl_generator_c.so /opt/ros/jazzy/lib/libtracetools.so -llttng-ust -llttng-ust-common -rdynamic -ldl /opt/ros/jazzy/lib/librcl_logging_interface.so /opt/ros/jazzy/lib/libnav_msgs__rosidl_typesupport_c.so /opt/ros/jazzy/lib/libgeometry_msgs__rosidl_typesupport_fastrtps_c.so /opt/ros/jazzy/lib/libservice_msgs__rosidl_typesupport_fastrtps_c.so /opt/ros/jazzy/lib/libgeometry_msgs__rosidl_typesupport_fastrtps_cpp.so /opt/ros/jazzy/lib/libservice_msgs__rosidl_typesupport_fastrtps_cpp.so /opt/ros/jazzy/lib/libgeometry_msgs__rosidl_typesupport_introspection_c.so /opt/ros/jazzy/lib/libservice_msgs__rosidl_typesupport_introspection_c.so /opt/ros/jazzy/lib/libgeometry_msgs__rosidl_typesupport_introspection_cpp.so /opt/ros/jazzy/lib/libservice_msgs__rosidl_typesupport_introspection_cpp.so /opt/ros/jazzy/lib/libstd_msgs__rosidl_typesupport_fastrtps_c.so /opt/ros/jazzy/lib/libstd_msgs__rosidl_typesupport_fastrtps_cpp.so /opt/ros/jazzy/lib/libstd_msgs__rosidl_typesupport_introspection_c.so /opt/ros/jazzy/lib/libgeometry_msgs__rosidl_typesupport_c.so /opt/ros/jazzy/lib/libstd_msgs__rosidl_typesupport_introspection_cpp.so /opt/ros/jazzy/lib/libstd_msgs__rosidl_typesupport_c.so /opt/ros/jazzy/lib/libbuiltin_interfaces__rosidl_typesupport_fastrtps_c.so /opt/ros/jazzy/lib/librosidl_typesupport_fastrtps_c.so /opt/ros/jazzy/lib/libbuiltin_interfaces__rosidl_typesupport_introspection_c.so /opt/ros/jazzy/lib/libbuiltin_interfaces__rosidl_typesupport_fastrtps_cpp.so /opt/ros/jazzy/lib/librosidl_typesupport_fastrtps_cpp.so /opt/ros/jazzy/lib/librmw.so /opt/ros/jazzy/lib/librosidl_dynamic_typesupport.so /opt/ros/jazzy/lib/libfastcdr.so.2.2.5 /opt/ros/jazzy/lib/libbuiltin_interfaces__rosidl_typesupport_introspection_cpp.so /opt/ros/jazzy/lib/librosidl_typesupport_introspection_cpp.so /opt/ros/jazzy/lib/librosidl_typesupport_introspection_c.so /opt/ros/jazzy/lib/libbuiltin_interfaces__rosidl_generator_py.so /opt/ros/jazzy/lib/libservice_msgs__rosidl_typesupport_c.so /opt/ros/jazzy/lib/libbuiltin_interfaces__rosidl_typesupport_c.so /opt/ros/jazzy/lib/libnav_msgs__rosidl_typesupport_cpp.so /opt/ros/jazzy/lib/libgeometry_msgs__rosidl_typesupport_cpp.so /opt/ros/jazzy/lib/libstd_msgs__rosidl_typesupport_cpp.so /opt/ros/jazzy/lib/libservice_msgs__rosidl_typesupport_cpp.so /opt/ros/jazzy/lib/libbuiltin_interfaces__rosidl_typesupport_cpp.so /opt/ros/jazzy/lib/librosidl_typesupport_cpp.so libcooperative_localization__rosidl_generator_c.so /opt/ros/jazzy/lib/libnav_msgs__rosidl_generator_c.so /opt/ros/jazzy/lib/libgeometry_msgs__rosidl_generator_c.so /opt/ros/jazzy/lib/libstd_msgs__rosidl_generator_c.so /opt/ros/jazzy/lib/libservice_msgs__rosidl_generator_c.so /opt/ros/jazzy/lib/libbuiltin_interfaces__rosidl_generator_c.so /opt/ros/jazzy/lib/librosidl_typesupport_c.so /opt/ros/jazzy/lib/librcpputils.so /opt/ros/jazzy/lib/librosidl_runtime_c.so /opt/ros/jazzy/lib/librcutils.so -ldl -Wl,-rpath-link,/opt/ros/jazzy/lib:/home/lorenzo/miniconda3/lib 
[11.393s] gmake[2]: Leaving directory '/home/lorenzo/robotica_ws/src/lorenzo.nobili/cooperative_localization/build/cooperative_localization'
[11.414s] [100%] Built target coop_localization_node
[11.416s] gmake[1]: Leaving directory '/home/lorenzo/robotica_ws/src/lorenzo.nobili/cooperative_localization/build/cooperative_localization'
[11.417s] /usr/bin/cmake -E cmake_progress_start /home/lorenzo/robotica_ws/src/lorenzo.nobili/cooperative_localization/build/cooperative_localization/CMakeFiles 0
[11.441s] 
[11.446s] Invoked command in '/home/lorenzo/robotica_ws/src/lorenzo.nobili/cooperative_localization/build/cooperative_localization' returned '0': CMAKE_PREFIX_PATH=${CMAKE_PREFIX_PATH}:/opt/ros/jazzy CONDA_PROMPT_MODIFIER=(base) DEBUGINFOD_URLS=https://debuginfod.ubuntu.com /usr/bin/cmake --build /home/lorenzo/robotica_ws/src/lorenzo.nobili/cooperative_localization/build/cooperative_localization -- -j12 -l12
[11.473s] Invoking command in '/home/lorenzo/robotica_ws/src/lorenzo.nobili/cooperative_localization/build/cooperative_localization': CMAKE_PREFIX_PATH=${CMAKE_PREFIX_PATH}:/opt/ros/jazzy CONDA_PROMPT_MODIFIER=(base) DEBUGINFOD_URLS=https://debuginfod.ubuntu.com /usr/bin/cmake --install /home/lorenzo/robotica_ws/src/lorenzo.nobili/cooperative_localization/build/cooperative_localization
[11.495s] -- Install configuration: ""
[11.497s] -- Up-to-date: /home/lorenzo/robotica_ws/src/lorenzo.nobili/cooperative_localization/install/cooperative_localization/share/ament_index/resource_index/rosidl_interfaces/cooperative_localization
[11.498s] -- Up-to-date: /home/lorenzo/robotica_ws/src/lorenzo.nobili/cooperative_localization/install/cooperative_localization/share/cooperative_localization/msg/Measurement.json
[11.500s] -- Up-to-date: /home/lorenzo/robotica_ws/src/lorenzo.nobili/cooperative_localization/install/cooperative_localization/include/cooperative_localization/cooperative_localization
[11.500s] -- Up-to-date: /home/lorenzo/robotica_ws/src/lorenzo.nobili/cooperative_localization/install/cooperative_localization/include/cooperative_localization/cooperative_localization/msg
[11.500s] -- Up-to-date: /home/lorenzo/robotica_ws/src/lorenzo.nobili/cooperative_localization/install/cooperative_localization/include/cooperative_localization/cooperative_localization/msg/detail
[11.500s] -- Up-to-date: /home/lorenzo/robotica_ws/src/lorenzo.nobili/cooperative_localization/install/cooperative_localization/include/cooperative_localization/cooperative_localization/msg/detail/measurement__functions.c
[11.501s] -- Up-to-date: /home/lorenzo/robotica_ws/src/lorenzo.nobili/cooperative_localization/install/cooperative_localization/include/cooperative_localization/cooperative_localization/msg/detail/measurement__description.c
[11.501s] -- Up-to-date: /home/lorenzo/robotica_ws/src/lorenzo.nobili/cooperative_localization/install/cooperative_localization/include/cooperative_localization/cooperative_localization/msg/detail/measurement__struct.h
[11.501s] -- Up-to-date: /home/lorenzo/robotica_ws/src/lorenzo.nobili/cooperative_localization/install/cooperative_localization/include/cooperative_localization/cooperative_localization/msg/detail/measurement__functions.h
[11.502s] -- Installing: /home/lorenzo/robotica_ws/src/lorenzo.nobili/cooperative_localization/install/cooperative_localization/include/cooperative_localization/cooperative_localization/msg/detail/measurement__type_support.c
[11.502s] -- Up-to-date: /home/lorenzo/robotica_ws/src/lorenzo.nobili/cooperative_localization/install/cooperative_localization/include/cooperative_localization/cooperative_localization/msg/detail/measurement__type_support.h
[11.503s] -- Up-to-date: /home/lorenzo/robotica_ws/src/lorenzo.nobili/cooperative_localization/install/cooperative_localization/include/cooperative_localization/cooperative_localization/msg/measurement.h
[11.504s] -- Up-to-date: /home/lorenzo/robotica_ws/src/lorenzo.nobili/cooperative_localization/install/cooperative_localization/include/cooperative_localization/cooperative_localization/msg/rosidl_generator_c__visibility_control.h
[11.504s] -- Up-to-date: /home/lorenzo/robotica_ws/src/lorenzo.nobili/cooperative_localization/install/cooperative_localization/share/cooperative_localization/environment/library_path.sh
[11.504s] -- Up-to-date: /home/lorenzo/robotica_ws/src/lorenzo.nobili/cooperative_localization/install/cooperative_localization/share/cooperative_localization/environment/library_path.dsv
[11.504s] -- Up-to-date: /home/lorenzo/robotica_ws/src/lorenzo.nobili/cooperative_localization/install/cooperative_localization/lib/libcooperative_localization__rosidl_generator_c.so
[11.505s] -- Up-to-date: /home/lorenzo/robotica_ws/src/lorenzo.nobili/cooperative_localization/install/cooperative_localization/include/cooperative_localization/cooperative_localization
[11.506s] -- Up-to-date: /home/lorenzo/robotica_ws/src/lorenzo.nobili/cooperative_localization/install/cooperative_localization/include/cooperative_localization/cooperative_localization/msg
[11.506s] -- Up-to-date: /home/lorenzo/robotica_ws/src/lorenzo.nobili/cooperative_localization/install/cooperative_localization/include/cooperative_localization/cooperative_localization/msg/detail
[11.507s] -- Up-to-date: /home/lorenzo/robotica_ws/src/lorenzo.nobili/cooperative_localization/install/cooperative_localization/include/cooperative_localization/cooperative_localization/msg/detail/measurement__rosidl_typesupport_fastrtps_c.h
[11.507s] -- Up-to-date: /home/lorenzo/robotica_ws/src/lorenzo.nobili/cooperative_localization/install/cooperative_localization/include/cooperative_localization/cooperative_localization/msg/rosidl_typesupport_fastrtps_c__visibility_control.h
[11.508s] -- Up-to-date: /home/lorenzo/robotica_ws/src/lorenzo.nobili/cooperative_localization/install/cooperative_localization/lib/libcooperative_localization__rosidl_typesupport_fastrtps_c.so
[11.508s] -- Up-to-date: /home/lorenzo/robotica_ws/src/lorenzo.nobili/cooperative_localization/install/cooperative_localization/include/cooperative_localization/cooperative_localization
[11.509s] -- Up-to-date: /home/lorenzo/robotica_ws/src/lorenzo.nobili/cooperative_localization/install/cooperative_localization/include/cooperative_localization/cooperative_localization/msg
[11.510s] -- Up-to-date: /home/lorenzo/robotica_ws/src/lorenzo.nobili/cooperative_localization/install/cooperative_localization/include/cooperative_localization/cooperative_localization/msg/detail
[11.510s] -- Up-to-date: /home/lorenzo/robotica_ws/src/lorenzo.nobili/cooperative_localization/install/cooperative_localization/include/cooperative_localization/cooperative_localization/msg/detail/measurement__type_support.hpp
[11.511s] -- Up-to-date: /home/lorenzo/robotica_ws/src/lorenzo.nobili/cooperative_localization/install/cooperative_localization/include/cooperative_localization/cooperative_localization/msg/detail/measurement__struct.hpp
[11.512s] -- Up-to-date: /home/lorenzo/robotica_ws/src/lorenzo.nobili/cooperative_localization/install/cooperative_localization/include/cooperative_localization/cooperative_localization/msg/detail/measurement__traits.hpp
[11.512s] -- Up-to-date: /home/lorenzo/robotica_ws/src/lorenzo.nobili/cooperative_localization/install/cooperative_localization/include/cooperative_localization/cooperative_localization/msg/detail/measurement__builder.hpp
[11.513s] -- Up-to-date: /home/lorenzo/robotica_ws/src/lorenzo.nobili/cooperative_localization/install/cooperative_localization/include/cooperative_localization/cooperative_localization/msg/measurement.hpp
[11.513s] -- Up-to-date: /home/lorenzo/robotica_ws/src/lorenzo.nobili/cooperative_localization/install/cooperative_localization/include/cooperative_localization/cooperative_localization/msg/rosidl_generator_cpp__visibility_control.hpp
[11.513s] -- Up-to-date: /home/lorenzo/robotica_ws/src/lorenzo.nobili/cooperative_localization/install/cooperative_localization/include/cooperative_localization/cooperative_localization
[11.514s] -- Up-to-date: /home/lorenzo/robotica_ws/src/lorenzo.nobili/cooperative_localization/install/cooperative_localization/include/cooperative_localization/cooperative_localization/msg
[11.515s] -- Up-to-date: /home/lorenzo/robotica_ws/src/lorenzo.nobili/cooperative_localization/install/cooperative_localization/include/cooperative_localization/cooperative_localization/msg/rosidl_typesupport_fastrtps_cpp__visibility_control.h
[11.516s] -- Up-to-date: /home/lorenzo/robotica_ws/src/lorenzo.nobili/cooperative_localization/install/cooperative_localization/include/cooperative_localization/cooperative_localization/msg/detail
[11.516s] -- Up-to-date: /home/lorenzo/robotica_ws/src/lorenzo.nobili/cooperative_localization/install/cooperative_localization/include/cooperative_localization/cooperative_localization/msg/detail/measurement__rosidl_typesupport_fastrtps_cpp.hpp
[11.516s] -- Up-to-date: /home/lorenzo/robotica_ws/src/lorenzo.nobili/cooperative_localization/install/cooperative_localization/include/cooperative_localization/cooperative_localization/msg/detail/dds_fastrtps
[11.516s] -- Up-to-date: /home/lorenzo/robotica_ws/src/lorenzo.nobili/cooperative_localization/install/cooperative_localization/lib/libcooperative_localization__rosidl_typesupport_fastrtps_cpp.so
[11.516s] -- Up-to-date: /home/lorenzo/robotica_ws/src/lorenzo.nobili/cooperative_localization/install/cooperative_localization/include/cooperative_localization/cooperative_localization
[11.517s] -- Up-to-date: /home/lorenzo/robotica_ws/src/lorenzo.nobili/cooperative_localization/install/cooperative_localization/include/cooperative_localization/cooperative_localization/msg
[11.517s] -- Up-to-date: /home/lorenzo/robotica_ws/src/lorenzo.nobili/cooperative_localization/install/cooperative_localization/include/cooperative_localization/cooperative_localization/msg/detail
[11.518s] -- Up-to-date: /home/lorenzo/robotica_ws/src/lorenzo.nobili/cooperative_localization/install/cooperative_localization/include/cooperative_localization/cooperative_localization/msg/detail/measurement__rosidl_typesupport_introspection_c.h
[11.518s] -- Installing: /home/lorenzo/robotica_ws/src/lorenzo.nobili/cooperative_localization/install/cooperative_localization/include/cooperative_localization/cooperative_localization/msg/detail/measurement__type_support.c
[11.518s] -- Up-to-date: /home/lorenzo/robotica_ws/src/lorenzo.nobili/cooperative_localization/install/cooperative_localization/include/cooperative_localization/cooperative_localization/msg/rosidl_typesupport_introspection_c__visibility_control.h
[11.518s] -- Up-to-date: /home/lorenzo/robotica_ws/src/lorenzo.nobili/cooperative_localization/install/cooperative_localization/lib/libcooperative_localization__rosidl_typesupport_introspection_c.so
[11.519s] -- Up-to-date: /home/lorenzo/robotica_ws/src/lorenzo.nobili/cooperative_localization/install/cooperative_localization/lib/libcooperative_localization__rosidl_typesupport_c.so
[11.519s] -- Up-to-date: /home/lorenzo/robotica_ws/src/lorenzo.nobili/cooperative_localization/install/cooperative_localization/include/cooperative_localization/cooperative_localization
[11.519s] -- Up-to-date: /home/lorenzo/robotica_ws/src/lorenzo.nobili/cooperative_localization/install/cooperative_localization/include/cooperative_localization/cooperative_localization/msg
[11.520s] -- Up-to-date: /home/lorenzo/robotica_ws/src/lorenzo.nobili/cooperative_localization/install/cooperative_localization/include/cooperative_localization/cooperative_localization/msg/detail
[11.521s] -- Up-to-date: /home/lorenzo/robotica_ws/src/lorenzo.nobili/cooperative_localization/install/cooperative_localization/include/cooperative_localization/cooperative_localization/msg/detail/measurement__type_support.cpp
[11.521s] -- Up-to-date: /home/lorenzo/robotica_ws/src/lorenzo.nobili/cooperative_localization/install/cooperative_localization/include/cooperative_localization/cooperative_localization/msg/detail/measurement__rosidl_typesupport_introspection_cpp.hpp
[11.522s] -- Up-to-date: /home/lorenzo/robotica_ws/src/lorenzo.nobili/cooperative_localization/install/cooperative_localization/lib/libcooperative_localization__rosidl_typesupport_introspection_cpp.so
[11.523s] -- Up-to-date: /home/lorenzo/robotica_ws/src/lorenzo.nobili/cooperative_localization/install/cooperative_localization/lib/libcooperative_localization__rosidl_typesupport_cpp.so
[11.523s] -- Up-to-date: /home/lorenzo/robotica_ws/src/lorenzo.nobili/cooperative_localization/install/cooperative_localization/share/cooperative_localization/environment/pythonpath.sh
[11.525s] -- Up-to-date: /home/lorenzo/robotica_ws/src/lorenzo.nobili/cooperative_localization/install/cooperative_localization/share/cooperative_localization/environment/pythonpath.dsv
[11.525s] -- Up-to-date: /home/lorenzo/robotica_ws/src/lorenzo.nobili/cooperative_localization/install/cooperative_localization/lib/python3.12/site-packages/cooperative_localization-1.0.0-py3.12.egg-info
[11.525s] -- Installing: /home/lorenzo/robotica_ws/src/lorenzo.nobili/cooperative_localization/install/cooperative_localization/lib/python3.12/site-packages/cooperative_localization-1.0.0-py3.12.egg-info/dependency_links.txt
[11.525s] -- Installing: /home/lorenzo/robotica_ws/src/lorenzo.nobili/cooperative_localization/install/cooperative_localization/lib/python3.12/site-packages/cooperative_localization-1.0.0-py3.12.egg-info/PKG-INFO
[11.525s] -- Installing: /home/lorenzo/robotica_ws/src/lorenzo.nobili/cooperative_localization/install/cooperative_localization/lib/python3.12/site-packages/cooperative_localization-1.0.0-py3.12.egg-info/SOURCES.txt
[11.525s] -- Installing: /home/lorenzo/robotica_ws/src/lorenzo.nobili/cooperative_localization/install/cooperative_localization/lib/python3.12/site-packages/cooperative_localization-1.0.0-py3.12.egg-info/top_level.txt
[11.526s] -- Up-to-date: /home/lorenzo/robotica_ws/src/lorenzo.nobili/cooperative_localization/install/cooperative_localization/lib/python3.12/site-packages/cooperative_localization
[11.526s] -- Up-to-date: /home/lorenzo/robotica_ws/src/lorenzo.nobili/cooperative_localization/install/cooperative_localization/lib/python3.12/site-packages/cooperative_localization/cooperative_localization_s__rosidl_typesupport_introspection_c.so
[11.526s] -- Installing: /home/lorenzo/robotica_ws/src/lorenzo.nobili/cooperative_localization/install/cooperative_localization/lib/python3.12/site-packages/cooperative_localization/__init__.py
[11.526s] -- Up-to-date: /home/lorenzo/robotica_ws/src/lorenzo.nobili/cooperative_localization/install/cooperative_localization/lib/python3.12/site-packages/cooperative_localization/_cooperative_localization_s.ep.rosidl_typesupport_c.c
[11.526s] -- Up-to-date: /home/lorenzo/robotica_ws/src/lorenzo.nobili/cooperative_localization/install/cooperative_localization/lib/python3.12/site-packages/cooperative_localization/_cooperative_localization_s.ep.rosidl_typesupport_introspection_c.c
[11.526s] -- Up-to-date: /home/lorenzo/robotica_ws/src/lorenzo.nobili/cooperative_localization/install/cooperative_localization/lib/python3.12/site-packages/cooperative_localization/msg
[11.527s] -- Up-to-date: /home/lorenzo/robotica_ws/src/lorenzo.nobili/cooperative_localization/install/cooperative_localization/lib/python3.12/site-packages/cooperative_localization/msg/__init__.py
[11.527s] -- Up-to-date: /home/lorenzo/robotica_ws/src/lorenzo.nobili/cooperative_localization/install/cooperative_localization/lib/python3.12/site-packages/cooperative_localization/msg/_measurement.py
[11.527s] -- Up-to-date: /home/lorenzo/robotica_ws/src/lorenzo.nobili/cooperative_localization/install/cooperative_localization/lib/python3.12/site-packages/cooperative_localization/msg/_measurement_s.c
[11.527s] -- Up-to-date: /home/lorenzo/robotica_ws/src/lorenzo.nobili/cooperative_localization/install/cooperative_localization/lib/python3.12/site-packages/cooperative_localization/cooperative_localization_s__rosidl_typesupport_fastrtps_c.so
[11.527s] -- Up-to-date: /home/lorenzo/robotica_ws/src/lorenzo.nobili/cooperative_localization/install/cooperative_localization/lib/python3.12/site-packages/cooperative_localization/_cooperative_localization_s.ep.rosidl_typesupport_fastrtps_c.c
[11.527s] -- Up-to-date: /home/lorenzo/robotica_ws/src/lorenzo.nobili/cooperative_localization/install/cooperative_localization/lib/python3.12/site-packages/cooperative_localization/cooperative_localization_s__rosidl_typesupport_c.so
[11.597s] Listing '/home/lorenzo/robotica_ws/src/lorenzo.nobili/cooperative_localization/install/cooperative_localization/lib/python3.12/site-packages/cooperative_localization'...
[11.597s] Compiling '/home/lorenzo/robotica_ws/src/lorenzo.nobili/cooperative_localization/install/cooperative_localization/lib/python3.12/site-packages/cooperative_localization/__init__.py'...
[11.598s] Listing '/home/lorenzo/robotica_ws/src/lorenzo.nobili/cooperative_localization/install/cooperative_localization/lib/python3.12/site-packages/cooperative_localization/msg'...
[11.609s] -- Up-to-date: /home/lorenzo/robotica_ws/src/lorenzo.nobili/cooperative_localization/install/cooperative_localization/lib/python3.12/site-packages/cooperative_localization/cooperative_localization_s__rosidl_typesupport_fastrtps_c.so
[11.611s] -- Up-to-date: /home/lorenzo/robotica_ws/src/lorenzo.nobili/cooperative_localization/install/cooperative_localization/lib/python3.12/site-packages/cooperative_localization/cooperative_localization_s__rosidl_typesupport_introspection_c.so
[11.612s] -- Up-to-date: /home/lorenzo/robotica_ws/src/lorenzo.nobili/cooperative_localization/install/cooperative_localization/lib/python3.12/site-packages/cooperative_localization/cooperative_localization_s__rosidl_typesupport_c.so
[11.614s] -- Up-to-date: /home/lorenzo/robotica_ws/src/lorenzo.nobili/cooperative_localization/install/cooperative_localization/lib/libcooperative_localization__rosidl_generator_py.so
[11.614s] -- Up-to-date: /home/lorenzo/robotica_ws/src/lorenzo.nobili/cooperative_localization/install/cooperative_localization/share/cooperative_localization/msg/Measurement.idl
[11.615s] -- Up-to-date: /home/lorenzo/robotica_ws/src/lorenzo.nobili/cooperative_localization/install/cooperative_localization/share/cooperative_localization/msg/Measurement.msg
[11.617s] -- Installing: /home/lorenzo/robotica_ws/src/lorenzo.nobili/cooperative_localization/install/cooperative_localization/lib/cooperative_localization/coop_localization_node
[11.654s] -- Set non-toolchain portion of runtime path of "/home/lorenzo/robotica_ws/src/lorenzo.nobili/cooperative_localization/install/cooperative_localization/lib/cooperative_localization/coop_localization_node" to ""
[11.655s] -- Installing: /home/lorenzo/robotica_ws/src/lorenzo.nobili/cooperative_localization/install/cooperative_localization/lib/cooperative_localization/robot_node
[11.662s] -- Set non-toolchain portion of runtime path of "/home/lorenzo/robotica_ws/src/lorenzo.nobili/cooperative_localization/install/cooperative_localization/lib/cooperative_localization/robot_node" to ""
[11.664s] -- Up-to-date: /home/lorenzo/robotica_ws/src/lorenzo.nobili/cooperative_localization/install/cooperative_localization/lib/cooperative_localization/test_dataset
[11.665s] -- Installing: /home/lorenzo/robotica_ws/src/lorenzo.nobili/cooperative_localization/install/cooperative_localization/share/cooperative_localization/launch
[11.666s] -- Installing: /home/lorenzo/robotica_ws/src/lorenzo.nobili/cooperative_localization/install/cooperative_localization/share/cooperative_localization/launch/cooperative_localization_launch.py
[11.667s] -- Up-to-date: /home/lorenzo/robotica_ws/src/lorenzo.nobili/cooperative_localization/install/cooperative_localization/share/ament_index/resource_index/package_run_dependencies/cooperative_localization
[11.669s] -- Up-to-date: /home/lorenzo/robotica_ws/src/lorenzo.nobili/cooperative_localization/install/cooperative_localization/share/ament_index/resource_index/parent_prefix_path/cooperative_localization
[11.670s] -- Up-to-date: /home/lorenzo/robotica_ws/src/lorenzo.nobili/cooperative_localization/install/cooperative_localization/share/cooperative_localization/environment/ament_prefix_path.sh
[11.670s] -- Up-to-date: /home/lorenzo/robotica_ws/src/lorenzo.nobili/cooperative_localization/install/cooperative_localization/share/cooperative_localization/environment/ament_prefix_path.dsv
[11.671s] -- Up-to-date: /home/lorenzo/robotica_ws/src/lorenzo.nobili/cooperative_localization/install/cooperative_localization/share/cooperative_localization/environment/path.sh
[11.671s] -- Up-to-date: /home/lorenzo/robotica_ws/src/lorenzo.nobili/cooperative_localization/install/cooperative_localization/share/cooperative_localization/environment/path.dsv
[11.671s] -- Up-to-date: /home/lorenzo/robotica_ws/src/lorenzo.nobili/cooperative_localization/install/cooperative_localization/share/cooperative_localization/local_setup.bash
[11.672s] -- Up-to-date: /home/lorenzo/robotica_ws/src/lorenzo.nobili/cooperative_localization/install/cooperative_localization/share/cooperative_localization/local_setup.sh
[11.672s] -- Up-to-date: /home/lorenzo/robotica_ws/src/lorenzo.nobili/cooperative_localization/install/cooperative_localization/share/cooperative_localization/local_setup.zsh
[11.673s] -- Up-to-date: /home/lorenzo/robotica_ws/src/lorenzo.nobili/cooperative_localization/install/cooperative_localization/share/cooperative_localization/local_setup.dsv
[11.674s] -- Installing: /home/lorenzo/robotica_ws/src/lorenzo.nobili/cooperative_localization/install/cooperative_localization/share/cooperative_localization/package.dsv
[11.674s] -- Up-to-date: /home/lorenzo/robotica_ws/src/lorenzo.nobili/cooperative_localization/install/cooperative_localization/share/ament_index/resource_index/packages/cooperative_localization
[11.675s] -- Up-to-date: /home/lorenzo/robotica_ws/src/lorenzo.nobili/cooperative_localization/install/cooperative_localization/share/cooperative_localization/cmake/export_cooperative_localization__rosidl_generator_cExport.cmake
[11.676s] -- Up-to-date: /home/lorenzo/robotica_ws/src/lorenzo.nobili/cooperative_localization/install/cooperative_localization/share/cooperative_localization/cmake/export_cooperative_localization__rosidl_generator_cExport-noconfig.cmake
[11.676s] -- Up-to-date: /home/lorenzo/robotica_ws/src/lorenzo.nobili/cooperative_localization/install/cooperative_localization/share/cooperative_localization/cmake/export_cooperative_localization__rosidl_typesupport_fastrtps_cExport.cmake
[11.676s] -- Up-to-date: /home/lorenzo/robotica_ws/src/lorenzo.nobili/cooperative_localization/install/cooperative_localization/share/cooperative_localization/cmake/export_cooperative_localization__rosidl_typesupport_fastrtps_cExport-noconfig.cmake
[11.677s] -- Up-to-date: /home/lorenzo/robotica_ws/src/lorenzo.nobili/cooperative_localization/install/cooperative_localization/share/cooperative_localization/cmake/export_cooperative_localization__rosidl_generator_cppExport.cmake
[11.677s] -- Up-to-date: /home/lorenzo/robotica_ws/src/lorenzo.nobili/cooperative_localization/install/cooperative_localization/share/cooperative_localization/cmake/export_cooperative_localization__rosidl_typesupport_fastrtps_cppExport.cmake
[11.678s] -- Up-to-date: /home/lorenzo/robotica_ws/src/lorenzo.nobili/cooperative_localization/install/cooperative_localization/share/cooperative_localization/cmake/export_cooperative_localization__rosidl_typesupport_fastrtps_cppExport-noconfig.cmake
[11.679s] -- Up-to-date: /home/lorenzo/robotica_ws/src/lorenzo.nobili/cooperative_localization/install/cooperative_localization/share/cooperative_localization/cmake/cooperative_localization__rosidl_typesupport_introspection_cExport.cmake
[11.679s] -- Up-to-date: /home/lorenzo/robotica_ws/src/lorenzo.nobili/cooperative_localization/install/cooperative_localization/share/cooperative_localization/cmake/cooperative_localization__rosidl_typesupport_introspection_cExport-noconfig.cmake
[11.679s] -- Up-to-date: /home/lorenzo/robotica_ws/src/lorenzo.nobili/cooperative_localization/install/cooperative_localization/share/cooperative_localization/cmake/cooperative_localization__rosidl_typesupport_cExport.cmake
[11.679s] -- Up-to-date: /home/lorenzo/robotica_ws/src/lorenzo.nobili/cooperative_localization/install/cooperative_localization/share/cooperative_localization/cmake/cooperative_localization__rosidl_typesupport_cExport-noconfig.cmake
[11.679s] -- Up-to-date: /home/lorenzo/robotica_ws/src/lorenzo.nobili/cooperative_localization/install/cooperative_localization/share/cooperative_localization/cmake/cooperative_localization__rosidl_typesupport_introspection_cppExport.cmake
[11.680s] -- Up-to-date: /home/lorenzo/robotica_ws/src/lorenzo.nobili/cooperative_localization/install/cooperative_localization/share/cooperative_localization/cmake/cooperative_localization__rosidl_typesupport_introspection_cppExport-noconfig.cmake
[11.680s] -- Up-to-date: /home/lorenzo/robotica_ws/src/lorenzo.nobili/cooperative_localization/install/cooperative_localization/share/cooperative_localization/cmake/cooperative_localization__rosidl_typesupport_cppExport.cmake
[11.680s] -- Up-to-date: /home/lorenzo/robotica_ws/src/lorenzo.nobili/cooperative_localization/install/cooperative_localization/share/cooperative_localization/cmake/cooperative_localization__rosidl_typesupport_cppExport-noconfig.cmake
[11.680s] -- Up-to-date: /home/lorenzo/robotica_ws/src/lorenzo.nobili/cooperative_localization/install/cooperative_localization/share/cooperative_localization/cmake/export_cooperative_localization__rosidl_generator_pyExport.cmake
[11.680s] -- Up-to-date: /home/lorenzo/robotica_ws/src/lorenzo.nobili/cooperative_localization/install/cooperative_localization/share/cooperative_localization/cmake/export_cooperative_localization__rosidl_generator_pyExport-noconfig.cmake
[11.680s] -- Up-to-date: /home/lorenzo/robotica_ws/src/lorenzo.nobili/cooperative_localization/install/cooperative_localization/share/cooperative_localization/cmake/rosidl_cmake-extras.cmake
[11.680s] -- Up-to-date: /home/lorenzo/robotica_ws/src/lorenzo.nobili/cooperative_localization/install/cooperative_localization/share/cooperative_localization/cmake/ament_cmake_export_dependencies-extras.cmake
[11.681s] -- Up-to-date: /home/lorenzo/robotica_ws/src/lorenzo.nobili/cooperative_localization/install/cooperative_localization/share/cooperative_localization/cmake/ament_cmake_export_include_directories-extras.cmake
[11.681s] -- Up-to-date: /home/lorenzo/robotica_ws/src/lorenzo.nobili/cooperative_localization/install/cooperative_localization/share/cooperative_localization/cmake/ament_cmake_export_libraries-extras.cmake
[11.681s] -- Up-to-date: /home/lorenzo/robotica_ws/src/lorenzo.nobili/cooperative_localization/install/cooperative_localization/share/cooperative_localization/cmake/ament_cmake_export_targets-extras.cmake
[11.681s] -- Up-to-date: /home/lorenzo/robotica_ws/src/lorenzo.nobili/cooperative_localization/install/cooperative_localization/share/cooperative_localization/cmake/rosidl_cmake_export_typesupport_targets-extras.cmake
[11.681s] -- Up-to-date: /home/lorenzo/robotica_ws/src/lorenzo.nobili/cooperative_localization/install/cooperative_localization/share/cooperative_localization/cmake/rosidl_cmake_export_typesupport_libraries-extras.cmake
[11.681s] -- Up-to-date: /home/lorenzo/robotica_ws/src/lorenzo.nobili/cooperative_localization/install/cooperative_localization/share/cooperative_localization/cmake/cooperative_localizationConfig.cmake
[11.681s] -- Up-to-date: /home/lorenzo/robotica_ws/src/lorenzo.nobili/cooperative_localization/install/cooperative_localization/share/cooperative_localization/cmake/cooperative_localizationConfig-version.cmake
[11.682s] -- Up-to-date: /home/lorenzo/robotica_ws/src/lorenzo.nobili/cooperative_localization/install/cooperative_localization/share/cooperative_localization/package.xml
[11.683s] Invoked command in '/home/lorenzo/robotica_ws/src/lorenzo.nobili/cooperative_localization/build/cooperative_localization' returned '0': CMAKE_PREFIX_PATH=${CMAKE_PREFIX_PATH}:/opt/ros/jazzy CONDA_PROMPT_MODIFIER=(base) DEBUGINFOD_URLS=https://debuginfod.ubuntu.com /usr/bin/cmake --install /home/lorenzo/robotica_ws/src/lorenzo.nobili/cooperative_localization/build/cooperative_localization
