[1.473s] DEBUG:colcon:Command line arguments: ['/usr/bin/colcon', 'build', '--packages-select', 'cooperative_localization']
[1.474s] DEBUG:colcon:Parsed command line arguments: Namespace(log_base=None, log_level=None, verb_name='build', build_base='build', install_base='install', merge_install=False, symlink_install=False, test_result_base=None, continue_on_error=False, executor='parallel', parallel_workers=12, event_handlers=None, ignore_user_meta=False, metas=['./colcon.meta'], base_paths=['.'], packages_ignore=None, packages_ignore_regex=None, paths=None, packages_up_to=None, packages_up_to_regex=None, packages_above=None, packages_above_and_dependencies=None, packages_above_depth=None, packages_select_by_dep=None, packages_skip_by_dep=None, packages_skip_up_to=None, packages_select_build_failed=False, packages_skip_build_finished=False, packages_select_test_failures=False, packages_skip_test_passed=False, packages_select=['cooperative_localization'], packages_skip=None, packages_select_regex=None, packages_skip_regex=None, packages_start=None, packages_end=None, allow_overriding=[], bazel_args=None, bazel_task=None, cmake_args=None, cmake_target=None, cmake_target_skip_unavailable=False, cmake_clean_cache=False, cmake_clean_first=False, cmake_force_configure=False, meson_args=[], ament_cmake_args=None, catkin_cmake_args=None, catkin_skip_building_tests=False, mixin_files=None, mixin=None, verb_parser=<colcon_alias.argument_parser.alias.AliasArgumentDecorator object at 0x7f25bdccec90>, verb_extension=<colcon_core.verb.build.BuildVerb object at 0x7f25bdcce3c0>, main=<bound method BuildVerb.main of <colcon_core.verb.build.BuildVerb object at 0x7f25bdcce3c0>>, mixin_verb=('build',))
[1.754s] Level 1:colcon.colcon_core.package_discovery:discover_packages(colcon_meta) check parameters
[1.754s] Level 1:colcon.colcon_core.package_discovery:discover_packages(recursive) check parameters
[1.754s] Level 1:colcon.colcon_core.package_discovery:discover_packages(ignore) check parameters
[1.755s] Level 1:colcon.colcon_core.package_discovery:discover_packages(path) check parameters
[1.755s] Level 1:colcon.colcon_core.package_discovery:discover_packages(colcon_meta) discover
[1.755s] Level 1:colcon.colcon_core.package_discovery:discover_packages(recursive) discover
[1.755s] INFO:colcon.colcon_core.package_discovery:Crawling recursively for packages in '/home/lorenzo/robotica_ws/src/lorenzo.nobili/cooperative_localization'
[1.755s] Level 1:colcon.colcon_core.package_identification:_identify(.) by extensions ['ignore', 'ignore_ament_install']
[1.756s] Level 1:colcon.colcon_core.package_identification:_identify(.) by extension 'ignore'
[1.757s] Level 1:colcon.colcon_core.package_identification:_identify(.) by extension 'ignore_ament_install'
[1.757s] Level 1:colcon.colcon_core.package_identification:_identify(.) by extensions ['colcon_pkg']
[1.758s] Level 1:colcon.colcon_core.package_identification:_identify(.) by extension 'colcon_pkg'
[1.758s] Level 1:colcon.colcon_core.package_identification:_identify(.) by extensions ['colcon_meta']
[1.758s] Level 1:colcon.colcon_core.package_identification:_identify(.) by extension 'colcon_meta'
[1.758s] Level 1:colcon.colcon_core.package_identification:_identify(.) by extensions ['ros']
[1.758s] Level 1:colcon.colcon_core.package_identification:_identify(.) by extension 'ros'
[1.782s] DEBUG:colcon.colcon_core.package_identification:Package '.' with type 'ros.ament_cmake' and name 'cooperative_localization'
[1.782s] Level 1:colcon.colcon_core.package_discovery:discover_packages(recursive) using defaults
[1.783s] Level 1:colcon.colcon_core.package_discovery:discover_packages(ignore) discover
[1.783s] Level 1:colcon.colcon_core.package_discovery:discover_packages(ignore) using defaults
[1.783s] Level 1:colcon.colcon_core.package_discovery:discover_packages(path) discover
[1.783s] Level 1:colcon.colcon_core.package_discovery:discover_packages(path) using defaults
[1.831s] Level 1:colcon.colcon_core.package_discovery:discover_packages(prefix_path) check parameters
[1.831s] Level 1:colcon.colcon_core.package_discovery:discover_packages(prefix_path) discover
[1.837s] DEBUG:colcon.colcon_installed_package_information.package_discovery:Found 1 installed packages in /home/lorenzo/robotica_ws/install
[1.842s] DEBUG:colcon.colcon_installed_package_information.package_discovery:Found 392 installed packages in /opt/ros/jazzy
[1.846s] Level 1:colcon.colcon_core.package_discovery:discover_packages(prefix_path) using defaults
[1.987s] Level 5:colcon.colcon_core.verb:set package 'cooperative_localization' build argument 'bazel_args' from command line to 'None'
[1.987s] Level 5:colcon.colcon_core.verb:set package 'cooperative_localization' build argument 'bazel_task' from command line to 'None'
[1.987s] Level 5:colcon.colcon_core.verb:set package 'cooperative_localization' build argument 'cmake_args' from command line to 'None'
[1.987s] Level 5:colcon.colcon_core.verb:set package 'cooperative_localization' build argument 'cmake_target' from command line to 'None'
[1.987s] Level 5:colcon.colcon_core.verb:set package 'cooperative_localization' build argument 'cmake_target_skip_unavailable' from command line to 'False'
[1.987s] Level 5:colcon.colcon_core.verb:set package 'cooperative_localization' build argument 'cmake_clean_cache' from command line to 'False'
[1.987s] Level 5:colcon.colcon_core.verb:set package 'cooperative_localization' build argument 'cmake_clean_first' from command line to 'False'
[1.987s] Level 5:colcon.colcon_core.verb:set package 'cooperative_localization' build argument 'cmake_force_configure' from command line to 'False'
[1.987s] Level 5:colcon.colcon_core.verb:set package 'cooperative_localization' build argument 'meson_args' from command line to '[]'
[1.987s] Level 5:colcon.colcon_core.verb:set package 'cooperative_localization' build argument 'ament_cmake_args' from command line to 'None'
[1.987s] Level 5:colcon.colcon_core.verb:set package 'cooperative_localization' build argument 'catkin_cmake_args' from command line to 'None'
[1.987s] Level 5:colcon.colcon_core.verb:set package 'cooperative_localization' build argument 'catkin_skip_building_tests' from command line to 'False'
[1.988s] DEBUG:colcon.colcon_core.verb:Building package 'cooperative_localization' with the following arguments: {'ament_cmake_args': None, 'bazel_args': None, 'bazel_task': None, 'build_base': '/home/lorenzo/robotica_ws/src/lorenzo.nobili/cooperative_localization/build/cooperative_localization', 'catkin_cmake_args': None, 'catkin_skip_building_tests': False, 'cmake_args': None, 'cmake_clean_cache': False, 'cmake_clean_first': False, 'cmake_force_configure': False, 'cmake_target': None, 'cmake_target_skip_unavailable': False, 'install_base': '/home/lorenzo/robotica_ws/src/lorenzo.nobili/cooperative_localization/install/cooperative_localization', 'merge_install': False, 'meson_args': [], 'path': '/home/lorenzo/robotica_ws/src/lorenzo.nobili/cooperative_localization', 'symlink_install': False, 'test_result_base': None}
[1.988s] INFO:colcon.colcon_core.executor:Executing jobs using 'parallel' executor
[1.991s] DEBUG:colcon.colcon_parallel_executor.executor.parallel:run_until_complete
[1.991s] INFO:colcon.colcon_ros.task.ament_cmake.build:Building ROS package in '/home/lorenzo/robotica_ws/src/lorenzo.nobili/cooperative_localization' with build type 'ament_cmake'
[1.992s] INFO:colcon.colcon_cmake.task.cmake.build:Building CMake package in '/home/lorenzo/robotica_ws/src/lorenzo.nobili/cooperative_localization'
[2.000s] INFO:colcon.colcon_core.plugin_system:Skipping extension 'colcon_core.shell.bat': Not used on non-Windows systems
[2.001s] DEBUG:colcon.colcon_ros_domain_id_coordinator.shell.ros_domain_id:Allocated ROS_DOMAIN_ID=40 for '/home/lorenzo/robotica_ws/src/lorenzo.nobili/cooperative_localization/build/cooperative_localization'
[2.001s] INFO:colcon.colcon_core.shell:Skip shell extension 'ros_domain_id' for command environment: 
[2.002s] INFO:colcon.colcon_core.shell:Skip shell extension 'powershell' for command environment: Not usable outside of PowerShell
[2.002s] DEBUG:colcon.colcon_core.shell:Skip shell extension 'dsv' for command environment
[2.022s] DEBUG:colcon.colcon_core.event_handler.log_command:Invoking command in '/home/lorenzo/robotica_ws/src/lorenzo.nobili/cooperative_localization/build/cooperative_localization': CMAKE_PREFIX_PATH=${CMAKE_PREFIX_PATH}:/opt/ros/jazzy CONDA_PROMPT_MODIFIER=(base) DEBUGINFOD_URLS=https://debuginfod.ubuntu.com /usr/bin/cmake --build /home/lorenzo/robotica_ws/src/lorenzo.nobili/cooperative_localization/build/cooperative_localization -- -j12 -l12
[326.321s] DEBUG:colcon.colcon_core.event_handler.log_command:Invoked command in '/home/lorenzo/robotica_ws/src/lorenzo.nobili/cooperative_localization/build/cooperative_localization' returned '0': CMAKE_PREFIX_PATH=${CMAKE_PREFIX_PATH}:/opt/ros/jazzy CONDA_PROMPT_MODIFIER=(base) DEBUGINFOD_URLS=https://debuginfod.ubuntu.com /usr/bin/cmake --build /home/lorenzo/robotica_ws/src/lorenzo.nobili/cooperative_localization/build/cooperative_localization -- -j12 -l12
[326.449s] DEBUG:colcon.colcon_core.event_handler.log_command:Invoking command in '/home/lorenzo/robotica_ws/src/lorenzo.nobili/cooperative_localization/build/cooperative_localization': CMAKE_PREFIX_PATH=${CMAKE_PREFIX_PATH}:/opt/ros/jazzy CONDA_PROMPT_MODIFIER=(base) DEBUGINFOD_URLS=https://debuginfod.ubuntu.com /usr/bin/cmake --install /home/lorenzo/robotica_ws/src/lorenzo.nobili/cooperative_localization/build/cooperative_localization
[326.799s] Level 1:colcon.colcon_core.environment:create_environment_scripts_only(cooperative_localization)
[326.819s] DEBUG:colcon.colcon_core.event_handler.log_command:Invoked command in '/home/lorenzo/robotica_ws/src/lorenzo.nobili/cooperative_localization/build/cooperative_localization' returned '0': CMAKE_PREFIX_PATH=${CMAKE_PREFIX_PATH}:/opt/ros/jazzy CONDA_PROMPT_MODIFIER=(base) DEBUGINFOD_URLS=https://debuginfod.ubuntu.com /usr/bin/cmake --install /home/lorenzo/robotica_ws/src/lorenzo.nobili/cooperative_localization/build/cooperative_localization
[326.925s] Level 1:colcon.colcon_core.environment:checking '/home/lorenzo/robotica_ws/src/lorenzo.nobili/cooperative_localization/install/cooperative_localization' for CMake module files
[326.929s] Level 1:colcon.colcon_core.environment:checking '/home/lorenzo/robotica_ws/src/lorenzo.nobili/cooperative_localization/install/cooperative_localization' for CMake config files
[326.932s] Level 1:colcon.colcon_core.shell:create_environment_hook('cooperative_localization', 'cmake_prefix_path')
[326.940s] INFO:colcon.colcon_core.shell:Creating environment hook '/home/lorenzo/robotica_ws/src/lorenzo.nobili/cooperative_localization/install/cooperative_localization/share/cooperative_localization/hook/cmake_prefix_path.ps1'
[326.961s] INFO:colcon.colcon_core.shell:Creating environment descriptor '/home/lorenzo/robotica_ws/src/lorenzo.nobili/cooperative_localization/install/cooperative_localization/share/cooperative_localization/hook/cmake_prefix_path.dsv'
[326.965s] INFO:colcon.colcon_core.shell:Creating environment hook '/home/lorenzo/robotica_ws/src/lorenzo.nobili/cooperative_localization/install/cooperative_localization/share/cooperative_localization/hook/cmake_prefix_path.sh'
[326.976s] Level 1:colcon.colcon_core.environment:checking '/home/lorenzo/robotica_ws/src/lorenzo.nobili/cooperative_localization/install/cooperative_localization/lib'
[326.976s] Level 1:colcon.colcon_core.shell:create_environment_hook('cooperative_localization', 'ld_library_path_lib')
[326.977s] INFO:colcon.colcon_core.shell:Creating environment hook '/home/lorenzo/robotica_ws/src/lorenzo.nobili/cooperative_localization/install/cooperative_localization/share/cooperative_localization/hook/ld_library_path_lib.ps1'
[326.979s] INFO:colcon.colcon_core.shell:Creating environment descriptor '/home/lorenzo/robotica_ws/src/lorenzo.nobili/cooperative_localization/install/cooperative_localization/share/cooperative_localization/hook/ld_library_path_lib.dsv'
[326.981s] INFO:colcon.colcon_core.shell:Creating environment hook '/home/lorenzo/robotica_ws/src/lorenzo.nobili/cooperative_localization/install/cooperative_localization/share/cooperative_localization/hook/ld_library_path_lib.sh'
[326.982s] Level 1:colcon.colcon_core.environment:checking '/home/lorenzo/robotica_ws/src/lorenzo.nobili/cooperative_localization/install/cooperative_localization/bin'
[326.983s] Level 1:colcon.colcon_core.environment:checking '/home/lorenzo/robotica_ws/src/lorenzo.nobili/cooperative_localization/install/cooperative_localization/lib/pkgconfig/cooperative_localization.pc'
[326.992s] Level 1:colcon.colcon_core.environment:checking '/home/lorenzo/robotica_ws/src/lorenzo.nobili/cooperative_localization/install/cooperative_localization/lib/python3.12/site-packages'
[326.995s] Level 1:colcon.colcon_core.shell:create_environment_hook('cooperative_localization', 'pythonpath')
[326.996s] INFO:colcon.colcon_core.shell:Creating environment hook '/home/lorenzo/robotica_ws/src/lorenzo.nobili/cooperative_localization/install/cooperative_localization/share/cooperative_localization/hook/pythonpath.ps1'
[327.012s] INFO:colcon.colcon_core.shell:Creating environment descriptor '/home/lorenzo/robotica_ws/src/lorenzo.nobili/cooperative_localization/install/cooperative_localization/share/cooperative_localization/hook/pythonpath.dsv'
[327.012s] INFO:colcon.colcon_core.shell:Creating environment hook '/home/lorenzo/robotica_ws/src/lorenzo.nobili/cooperative_localization/install/cooperative_localization/share/cooperative_localization/hook/pythonpath.sh'
[327.014s] Level 1:colcon.colcon_core.environment:checking '/home/lorenzo/robotica_ws/src/lorenzo.nobili/cooperative_localization/install/cooperative_localization/bin'
[327.016s] INFO:colcon.colcon_core.shell:Creating package script '/home/lorenzo/robotica_ws/src/lorenzo.nobili/cooperative_localization/install/cooperative_localization/share/cooperative_localization/package.ps1'
[327.021s] INFO:colcon.colcon_core.shell:Creating package descriptor '/home/lorenzo/robotica_ws/src/lorenzo.nobili/cooperative_localization/install/cooperative_localization/share/cooperative_localization/package.dsv'
[327.023s] INFO:colcon.colcon_core.shell:Creating package script '/home/lorenzo/robotica_ws/src/lorenzo.nobili/cooperative_localization/install/cooperative_localization/share/cooperative_localization/package.sh'
[327.026s] INFO:colcon.colcon_core.shell:Creating package script '/home/lorenzo/robotica_ws/src/lorenzo.nobili/cooperative_localization/install/cooperative_localization/share/cooperative_localization/package.bash'
[327.032s] INFO:colcon.colcon_core.shell:Creating package script '/home/lorenzo/robotica_ws/src/lorenzo.nobili/cooperative_localization/install/cooperative_localization/share/cooperative_localization/package.zsh'
[327.037s] Level 1:colcon.colcon_core.environment:create_file_with_runtime_dependencies(/home/lorenzo/robotica_ws/src/lorenzo.nobili/cooperative_localization/install/cooperative_localization/share/colcon-core/packages/cooperative_localization)
[327.047s] Level 1:colcon.colcon_core.environment:create_environment_scripts_only(cooperative_localization)
[327.048s] Level 1:colcon.colcon_core.environment:checking '/home/lorenzo/robotica_ws/src/lorenzo.nobili/cooperative_localization/install/cooperative_localization' for CMake module files
[327.049s] Level 1:colcon.colcon_core.environment:checking '/home/lorenzo/robotica_ws/src/lorenzo.nobili/cooperative_localization/install/cooperative_localization' for CMake config files
[327.050s] Level 1:colcon.colcon_core.shell:create_environment_hook('cooperative_localization', 'cmake_prefix_path')
[327.050s] INFO:colcon.colcon_core.shell:Creating environment hook '/home/lorenzo/robotica_ws/src/lorenzo.nobili/cooperative_localization/install/cooperative_localization/share/cooperative_localization/hook/cmake_prefix_path.ps1'
[327.051s] INFO:colcon.colcon_core.shell:Creating environment descriptor '/home/lorenzo/robotica_ws/src/lorenzo.nobili/cooperative_localization/install/cooperative_localization/share/cooperative_localization/hook/cmake_prefix_path.dsv'
[327.053s] INFO:colcon.colcon_core.shell:Creating environment hook '/home/lorenzo/robotica_ws/src/lorenzo.nobili/cooperative_localization/install/cooperative_localization/share/cooperative_localization/hook/cmake_prefix_path.sh'
[327.055s] Level 1:colcon.colcon_core.environment:checking '/home/lorenzo/robotica_ws/src/lorenzo.nobili/cooperative_localization/install/cooperative_localization/lib'
[327.055s] Level 1:colcon.colcon_core.shell:create_environment_hook('cooperative_localization', 'ld_library_path_lib')
[327.056s] INFO:colcon.colcon_core.shell:Creating environment hook '/home/lorenzo/robotica_ws/src/lorenzo.nobili/cooperative_localization/install/cooperative_localization/share/cooperative_localization/hook/ld_library_path_lib.ps1'
[327.057s] INFO:colcon.colcon_core.shell:Creating environment descriptor '/home/lorenzo/robotica_ws/src/lorenzo.nobili/cooperative_localization/install/cooperative_localization/share/cooperative_localization/hook/ld_library_path_lib.dsv'
[327.058s] INFO:colcon.colcon_core.shell:Creating environment hook '/home/lorenzo/robotica_ws/src/lorenzo.nobili/cooperative_localization/install/cooperative_localization/share/cooperative_localization/hook/ld_library_path_lib.sh'
[327.061s] Level 1:colcon.colcon_core.environment:checking '/home/lorenzo/robotica_ws/src/lorenzo.nobili/cooperative_localization/install/cooperative_localization/bin'
[327.061s] Level 1:colcon.colcon_core.environment:checking '/home/lorenzo/robotica_ws/src/lorenzo.nobili/cooperative_localization/install/cooperative_localization/lib/pkgconfig/cooperative_localization.pc'
[327.061s] Level 1:colcon.colcon_core.environment:checking '/home/lorenzo/robotica_ws/src/lorenzo.nobili/cooperative_localization/install/cooperative_localization/lib/python3.12/site-packages'
[327.062s] Level 1:colcon.colcon_core.shell:create_environment_hook('cooperative_localization', 'pythonpath')
[327.062s] INFO:colcon.colcon_core.shell:Creating environment hook '/home/lorenzo/robotica_ws/src/lorenzo.nobili/cooperative_localization/install/cooperative_localization/share/cooperative_localization/hook/pythonpath.ps1'
[327.063s] INFO:colcon.colcon_core.shell:Creating environment descriptor '/home/lorenzo/robotica_ws/src/lorenzo.nobili/cooperative_localization/install/cooperative_localization/share/cooperative_localization/hook/pythonpath.dsv'
[327.064s] INFO:colcon.colcon_core.shell:Creating environment hook '/home/lorenzo/robotica_ws/src/lorenzo.nobili/cooperative_localization/install/cooperative_localization/share/cooperative_localization/hook/pythonpath.sh'
[327.065s] Level 1:colcon.colcon_core.environment:checking '/home/lorenzo/robotica_ws/src/lorenzo.nobili/cooperative_localization/install/cooperative_localization/bin'
[327.067s] INFO:colcon.colcon_core.shell:Creating package script '/home/lorenzo/robotica_ws/src/lorenzo.nobili/cooperative_localization/install/cooperative_localization/share/cooperative_localization/package.ps1'
[327.068s] INFO:colcon.colcon_core.shell:Creating package descriptor '/home/lorenzo/robotica_ws/src/lorenzo.nobili/cooperative_localization/install/cooperative_localization/share/cooperative_localization/package.dsv'
[327.069s] INFO:colcon.colcon_core.shell:Creating package script '/home/lorenzo/robotica_ws/src/lorenzo.nobili/cooperative_localization/install/cooperative_localization/share/cooperative_localization/package.sh'
[327.071s] INFO:colcon.colcon_core.shell:Creating package script '/home/lorenzo/robotica_ws/src/lorenzo.nobili/cooperative_localization/install/cooperative_localization/share/cooperative_localization/package.bash'
[327.073s] INFO:colcon.colcon_core.shell:Creating package script '/home/lorenzo/robotica_ws/src/lorenzo.nobili/cooperative_localization/install/cooperative_localization/share/cooperative_localization/package.zsh'
[327.074s] Level 1:colcon.colcon_core.environment:create_file_with_runtime_dependencies(/home/lorenzo/robotica_ws/src/lorenzo.nobili/cooperative_localization/install/cooperative_localization/share/colcon-core/packages/cooperative_localization)
[327.077s] DEBUG:colcon.colcon_parallel_executor.executor.parallel:closing loop
[327.081s] DEBUG:colcon.colcon_parallel_executor.executor.parallel:loop closed
[327.081s] DEBUG:colcon.colcon_parallel_executor.executor.parallel:run_until_complete finished with '0'
[327.083s] DEBUG:colcon.colcon_core.event_reactor:joining thread
[327.085s] DEBUG:colcon.colcon_ros_domain_id_coordinator.shell.ros_domain_id:Released ROS_DOMAIN_ID=40 for '/home/lorenzo/robotica_ws/src/lorenzo.nobili/cooperative_localization/build/cooperative_localization'
[327.117s] ERROR:colcon.colcon_core.event_reactor:Exception in event handler extension 'console_stderr': [Errno 32] Broken pipe
Traceback (most recent call last):
  File "/usr/lib/python3/dist-packages/colcon_core/event_reactor.py", line 78, in _notify_observers
    retval = observer(event)
             ^^^^^^^^^^^^^^^
  File "/usr/lib/python3/dist-packages/colcon_output/event_handler/console_stderr.py", line 52, in __call__
    print(msg, file=sys.stderr, flush=True)
BrokenPipeError: [Errno 32] Broken pipe

[327.124s] ERROR:colcon.colcon_core.event_reactor:Exception in event handler extension 'console_start_end': [Errno 32] Broken pipe
Traceback (most recent call last):
  File "/usr/lib/python3/dist-packages/colcon_core/event_reactor.py", line 78, in _notify_observers
    retval = observer(event)
             ^^^^^^^^^^^^^^^
  File "/usr/lib/python3/dist-packages/colcon_core/event_handler/console_start_end.py", line 72, in __call__
    print(Style.SectionEnd(msg), file=writable, flush=True)
BrokenPipeError: [Errno 32] Broken pipe

[327.368s] INFO:colcon.colcon_core.plugin_system:Skipping extension 'colcon_notification.desktop_notification.notify_send': Could not find 'notify-send'
[327.368s] INFO:colcon.colcon_core.plugin_system:Skipping extension 'colcon_notification.desktop_notification.terminal_notifier': Not used on non-Darwin systems
[327.368s] INFO:colcon.colcon_core.plugin_system:Skipping extension 'colcon_notification.desktop_notification.win32': Not used on non-Windows systems
[327.368s] INFO:colcon.colcon_notification.desktop_notification:Sending desktop notification using 'notify2'
[327.401s] DEBUG:colcon.colcon_notification.desktop_notification.notify2:Failed to initialize notify2: org.freedesktop.DBus.Error.ServiceUnknown: The name org.freedesktop.Notifications was not provided by any .service files
[327.402s] DEBUG:colcon.colcon_core.event_reactor:joined thread
[327.407s] INFO:colcon.colcon_core.shell:Creating prefix script '/home/lorenzo/robotica_ws/src/lorenzo.nobili/cooperative_localization/install/local_setup.ps1'
[327.411s] INFO:colcon.colcon_core.shell:Creating prefix util module '/home/lorenzo/robotica_ws/src/lorenzo.nobili/cooperative_localization/install/_local_setup_util_ps1.py'
[327.415s] INFO:colcon.colcon_core.shell:Creating prefix chain script '/home/lorenzo/robotica_ws/src/lorenzo.nobili/cooperative_localization/install/setup.ps1'
[327.420s] INFO:colcon.colcon_core.shell:Creating prefix script '/home/lorenzo/robotica_ws/src/lorenzo.nobili/cooperative_localization/install/local_setup.sh'
[327.423s] INFO:colcon.colcon_core.shell:Creating prefix util module '/home/lorenzo/robotica_ws/src/lorenzo.nobili/cooperative_localization/install/_local_setup_util_sh.py'
[327.425s] INFO:colcon.colcon_core.shell:Creating prefix chain script '/home/lorenzo/robotica_ws/src/lorenzo.nobili/cooperative_localization/install/setup.sh'
[327.428s] INFO:colcon.colcon_core.shell:Creating prefix script '/home/lorenzo/robotica_ws/src/lorenzo.nobili/cooperative_localization/install/local_setup.bash'
[327.429s] INFO:colcon.colcon_core.shell:Creating prefix chain script '/home/lorenzo/robotica_ws/src/lorenzo.nobili/cooperative_localization/install/setup.bash'
[327.433s] INFO:colcon.colcon_core.shell:Creating prefix script '/home/lorenzo/robotica_ws/src/lorenzo.nobili/cooperative_localization/install/local_setup.zsh'
[327.435s] INFO:colcon.colcon_core.shell:Creating prefix chain script '/home/lorenzo/robotica_ws/src/lorenzo.nobili/cooperative_localization/install/setup.zsh'
[327.440s] INFO:colcon.colcon_core.shell:Creating '/home/lorenzo/robotica_ws/src/lorenzo.nobili/cooperative_localization/install/spawn_shell.bash'
