[0.026s] Invoking command in '/home/lorenzo/robotica_ws/src/lorenzo.nobili/cooperative_localization/build/cooperative_localization': CMAKE_PREFIX_PATH=${CMAKE_PREFIX_PATH}:/opt/ros/jazzy CONDA_PROMPT_MODIFIER=(base) DEBUGINFOD_URLS=https://debuginfod.ubuntu.com /usr/bin/cmake /home/lorenzo/robotica_ws/src/lorenzo.nobili/cooperative_localization -DCMAKE_INSTALL_PREFIX=/home/lorenzo/robotica_ws/src/lorenzo.nobili/cooperative_localization/install/cooperative_localization
[0.061s] -- Found ament_cmake: 2.5.4 (/opt/ros/jazzy/share/ament_cmake/cmake)
[0.504s] -- Found rclcpp: 28.1.9 (/opt/ros/jazzy/share/rclcpp/cmake)
[0.965s] -- Found rosidl_generator_c: 4.6.5 (/opt/ros/jazzy/share/rosidl_generator_c/cmake)
[0.988s] -- Found rosidl_generator_cpp: 4.6.5 (/opt/ros/jazzy/share/rosidl_generator_cpp/cmake)
[1.015s] -- Using all available rosidl_typesupport_c: rosidl_typesupport_fastrtps_c;rosidl_typesupport_introspection_c
[1.046s] -- Using all available rosidl_typesupport_cpp: rosidl_typesupport_fastrtps_cpp;rosidl_typesupport_introspection_cpp
[1.193s] -- Found rmw_implementation_cmake: 7.3.2 (/opt/ros/jazzy/share/rmw_implementation_cmake/cmake)
[1.196s] -- Found rmw_cyclonedds_cpp: 2.2.3 (/opt/ros/jazzy/share/rmw_cyclonedds_cpp/cmake)
[1.599s] -- Using RMW implementation 'rmw_cyclonedds_cpp' as default
[1.738s] -- Found nav_msgs: 5.3.6 (/opt/ros/jazzy/share/nav_msgs/cmake)
[1.895s] -- Found rosidl_default_generators: 1.6.0 (/opt/ros/jazzy/share/rosidl_default_generators/cmake)
[1.918s] -- Found rosidl_adapter: 4.6.5 (/opt/ros/jazzy/share/rosidl_adapter/cmake)
[1.951s] -- Found ament_lint_auto: 0.17.2 (/opt/ros/jazzy/share/ament_lint_auto/cmake)
[2.331s] -- Added test 'copyright' to check source files copyright and LICENSE
[2.439s] -- Added test 'cppcheck' to perform static code analysis on C / C++ code
[2.440s] -- Configured cppcheck include dirs: /home/lorenzo/robotica_ws/src/lorenzo.nobili/cooperative_localization/include;$<BUILD_INTERFACE:/home/lorenzo/robotica_ws/src/lorenzo.nobili/cooperative_localization/include>
[2.440s] -- Configured cppcheck exclude dirs and/or files: 
[2.499s] -- Added test 'cpplint' to check C / C++ code against the Google style
[2.499s] -- Configured cpplint exclude dirs and/or files: 
[2.511s] -- Added test 'flake8' to check Python code syntax and style conventions
[2.511s] -- Configured 'flake8' exclude dirs and/or files: 
[2.528s] -- Added test 'lint_cmake' to check CMake code style
[2.538s] -- Added test 'pep257' to check Python code against some of the docstring style conventions in PEP 257
[2.595s] -- Added test 'uncrustify' to check C / C++ code style
[2.596s] -- Configured uncrustify additional arguments: 
[2.606s] -- Added test 'xmllint' to check XML markup files
[2.621s] -- Configuring done (2.6s)
[2.631s] CMake Error at CMakeLists.txt:31 (add_executable):
[2.631s]   Cannot find source file:
[2.631s] 
[2.631s]     src/coop_localization_node.cpp
[2.632s] 
[2.632s]   Tried extensions .c .C .c++ .cc .cpp .cxx .cu .mpp .m .M .mm .ixx .cppm
[2.632s]   .ccm .cxxm .c++m .h .hh .h++ .hm .hpp .hxx .in .txx .f .F .for .f77 .f90
[2.632s]   .f95 .f03 .hip .ispc
[2.633s] 
[2.633s] 
[2.643s] CMake Error at CMakeLists.txt:31 (add_executable):
[2.643s]   No SOURCES given to target: coop_localization_node
[2.643s] 
[2.643s] 
[2.644s] CMake Generate step failed.  Build files cannot be regenerated correctly.
[2.660s] Invoked command in '/home/lorenzo/robotica_ws/src/lorenzo.nobili/cooperative_localization/build/cooperative_localization' returned '1': CMAKE_PREFIX_PATH=${CMAKE_PREFIX_PATH}:/opt/ros/jazzy CONDA_PROMPT_MODIFIER=(base) DEBUGINFOD_URLS=https://debuginfod.ubuntu.com /usr/bin/cmake /home/lorenzo/robotica_ws/src/lorenzo.nobili/cooperative_localization -DCMAKE_INSTALL_PREFIX=/home/lorenzo/robotica_ws/src/lorenzo.nobili/cooperative_localization/install/cooperative_localization
