[0.026s] Invoking command in '/home/lorenzo/robotica_ws/src/lorenzo.nobili/cooperative_localization/build/cooperative_localization': CMAKE_PREFIX_PATH=${CMAKE_PREFIX_PATH}:/opt/ros/jazzy CONDA_PROMPT_MODIFIER=(base) DEBUGINFOD_URLS=https://debuginfod.ubuntu.com /usr/bin/cmake --build /home/lorenzo/robotica_ws/src/lorenzo.nobili/cooperative_localization/build/cooperative_localization -- -j12 -l12
[0.072s] Change Dir: '/home/lorenzo/robotica_ws/src/lorenzo.nobili/cooperative_localization/build/cooperative_localization'
[0.073s] 
[0.073s] Run Build Command(s): /usr/bin/cmake -E env VERBOSE=1 /usr/bin/gmake -f Makefile -j12 -l12
[0.101s] /usr/bin/cmake -S/home/lorenzo/robotica_ws/src/lorenzo.nobili/cooperative_localization -B/home/lorenzo/robotica_ws/src/lorenzo.nobili/cooperative_localization/build/cooperative_localization --check-build-system CMakeFiles/Makefile.cmake 0
[0.139s] Re-run cmake file: Makefile older than: /home/lorenzo/robotica_ws/src/lorenzo.nobili/cooperative_localization/CMakeLists.txt
[0.164s] -- Found ament_cmake: 2.5.4 (/opt/ros/jazzy/share/ament_cmake/cmake)
[0.259s] -- Found Python3: /home/lorenzo/miniconda3/bin/python3 (found version "3.12.2") found components: Interpreter 
[0.569s] -- Found rclcpp: 28.1.9 (/opt/ros/jazzy/share/rclcpp/cmake)
[0.998s] -- Found rosidl_generator_c: 4.6.5 (/opt/ros/jazzy/share/rosidl_generator_c/cmake)
[1.018s] -- Found rosidl_generator_cpp: 4.6.5 (/opt/ros/jazzy/share/rosidl_generator_cpp/cmake)
[1.044s] -- Using all available rosidl_typesupport_c: rosidl_typesupport_fastrtps_c;rosidl_typesupport_introspection_c
[1.075s] -- Using all available rosidl_typesupport_cpp: rosidl_typesupport_fastrtps_cpp;rosidl_typesupport_introspection_cpp
[1.217s] -- Found rmw_implementation_cmake: 7.3.2 (/opt/ros/jazzy/share/rmw_implementation_cmake/cmake)
[1.220s] -- Found rmw_cyclonedds_cpp: 2.2.3 (/opt/ros/jazzy/share/rmw_cyclonedds_cpp/cmake)
[1.561s] -- Using RMW implementation 'rmw_cyclonedds_cpp' as default
[1.698s] -- Found nav_msgs: 5.3.6 (/opt/ros/jazzy/share/nav_msgs/cmake)
[1.837s] -- Found rosidl_default_generators: 1.6.0 (/opt/ros/jazzy/share/rosidl_default_generators/cmake)
[1.854s] -- Found rosidl_adapter: 4.6.5 (/opt/ros/jazzy/share/rosidl_adapter/cmake)
[2.291s] -- Found ament_cmake_ros: 0.12.0 (/opt/ros/jazzy/share/ament_cmake_ros/cmake)
[3.041s] -- Using all available rosidl_typesupport_c: rosidl_typesupport_fastrtps_c;rosidl_typesupport_introspection_c
[3.296s] -- Using all available rosidl_typesupport_cpp: rosidl_typesupport_fastrtps_cpp;rosidl_typesupport_introspection_cpp
[3.298s] -- Found python_cmake_module: 0.11.1 (/opt/ros/jazzy/share/python_cmake_module/cmake)
[3.967s] -- Found Python3: /home/lorenzo/miniconda3/bin/python3 (found version "3.12.2") found components: Interpreter Development NumPy Development.Module Development.Embed 
[4.271s] -- Found ament_lint_auto: 0.17.2 (/opt/ros/jazzy/share/ament_lint_auto/cmake)
[4.479s] -- Configuring done (4.3s)
[4.702s] -- Generating done (0.2s)
[4.765s] -- Build files have been written to: /home/lorenzo/robotica_ws/src/lorenzo.nobili/cooperative_localization/build/cooperative_localization
[4.795s] /usr/bin/cmake -E cmake_progress_start /home/lorenzo/robotica_ws/src/lorenzo.nobili/cooperative_localization/build/cooperative_localization/CMakeFiles /home/lorenzo/robotica_ws/src/lorenzo.nobili/cooperative_localization/build/cooperative_localization//CMakeFiles/progress.marks
[4.813s] /usr/bin/gmake  -f CMakeFiles/Makefile2 all
[4.818s] gmake[1]: Entering directory '/home/lorenzo/robotica_ws/src/lorenzo.nobili/cooperative_localization/build/cooperative_localization'
[4.818s] /usr/bin/gmake  -f CMakeFiles/cooperative_localization__rosidl_generator_type_description.dir/build.make CMakeFiles/cooperative_localization__rosidl_generator_type_description.dir/depend
[4.819s] /usr/bin/gmake  -f CMakeFiles/ament_cmake_python_copy_cooperative_localization.dir/build.make CMakeFiles/ament_cmake_python_copy_cooperative_localization.dir/depend
[4.819s] /usr/bin/gmake  -f CMakeFiles/test_dataset.dir/build.make CMakeFiles/test_dataset.dir/depend
[4.821s] /usr/bin/gmake  -f CMakeFiles/evaluate_accuracy.dir/build.make CMakeFiles/evaluate_accuracy.dir/depend
[4.822s] gmake[2]: Entering directory '/home/lorenzo/robotica_ws/src/lorenzo.nobili/cooperative_localization/build/cooperative_localization'
[4.823s] cd /home/lorenzo/robotica_ws/src/lorenzo.nobili/cooperative_localization/build/cooperative_localization && /usr/bin/cmake -E cmake_depends "Unix Makefiles" /home/lorenzo/robotica_ws/src/lorenzo.nobili/cooperative_localization /home/lorenzo/robotica_ws/src/lorenzo.nobili/cooperative_localization /home/lorenzo/robotica_ws/src/lorenzo.nobili/cooperative_localization/build/cooperative_localization /home/lorenzo/robotica_ws/src/lorenzo.nobili/cooperative_localization/build/cooperative_localization /home/lorenzo/robotica_ws/src/lorenzo.nobili/cooperative_localization/build/cooperative_localization/CMakeFiles/cooperative_localization__rosidl_generator_type_description.dir/DependInfo.cmake "--color="
[4.823s] gmake[2]: Entering directory '/home/lorenzo/robotica_ws/src/lorenzo.nobili/cooperative_localization/build/cooperative_localization'
[4.825s] cd /home/lorenzo/robotica_ws/src/lorenzo.nobili/cooperative_localization/build/cooperative_localization && /usr/bin/cmake -E cmake_depends "Unix Makefiles" /home/lorenzo/robotica_ws/src/lorenzo.nobili/cooperative_localization /home/lorenzo/robotica_ws/src/lorenzo.nobili/cooperative_localization /home/lorenzo/robotica_ws/src/lorenzo.nobili/cooperative_localization/build/cooperative_localization /home/lorenzo/robotica_ws/src/lorenzo.nobili/cooperative_localization/build/cooperative_localization /home/lorenzo/robotica_ws/src/lorenzo.nobili/cooperative_localization/build/cooperative_localization/CMakeFiles/ament_cmake_python_copy_cooperative_localization.dir/DependInfo.cmake "--color="
[4.825s] gmake[2]: Entering directory '/home/lorenzo/robotica_ws/src/lorenzo.nobili/cooperative_localization/build/cooperative_localization'
[4.825s] cd /home/lorenzo/robotica_ws/src/lorenzo.nobili/cooperative_localization/build/cooperative_localization && /usr/bin/cmake -E cmake_depends "Unix Makefiles" /home/lorenzo/robotica_ws/src/lorenzo.nobili/cooperative_localization /home/lorenzo/robotica_ws/src/lorenzo.nobili/cooperative_localization /home/lorenzo/robotica_ws/src/lorenzo.nobili/cooperative_localization/build/cooperative_localization /home/lorenzo/robotica_ws/src/lorenzo.nobili/cooperative_localization/build/cooperative_localization /home/lorenzo/robotica_ws/src/lorenzo.nobili/cooperative_localization/build/cooperative_localization/CMakeFiles/test_dataset.dir/DependInfo.cmake "--color="
[4.825s] gmake[2]: Entering directory '/home/lorenzo/robotica_ws/src/lorenzo.nobili/cooperative_localization/build/cooperative_localization'
[4.825s] cd /home/lorenzo/robotica_ws/src/lorenzo.nobili/cooperative_localization/build/cooperative_localization && /usr/bin/cmake -E cmake_depends "Unix Makefiles" /home/lorenzo/robotica_ws/src/lorenzo.nobili/cooperative_localization /home/lorenzo/robotica_ws/src/lorenzo.nobili/cooperative_localization /home/lorenzo/robotica_ws/src/lorenzo.nobili/cooperative_localization/build/cooperative_localization /home/lorenzo/robotica_ws/src/lorenzo.nobili/cooperative_localization/build/cooperative_localization /home/lorenzo/robotica_ws/src/lorenzo.nobili/cooperative_localization/build/cooperative_localization/CMakeFiles/evaluate_accuracy.dir/DependInfo.cmake "--color="
[4.845s] gmake[2]: Leaving directory '/home/lorenzo/robotica_ws/src/lorenzo.nobili/cooperative_localization/build/cooperative_localization'
[4.845s] gmake[2]: Leaving directory '/home/lorenzo/robotica_ws/src/lorenzo.nobili/cooperative_localization/build/cooperative_localization'
[4.846s] /usr/bin/gmake  -f CMakeFiles/ament_cmake_python_copy_cooperative_localization.dir/build.make CMakeFiles/ament_cmake_python_copy_cooperative_localization.dir/build
[4.847s] /usr/bin/gmake  -f CMakeFiles/cooperative_localization__rosidl_generator_type_description.dir/build.make CMakeFiles/cooperative_localization__rosidl_generator_type_description.dir/build
[4.848s] gmake[2]: Entering directory '/home/lorenzo/robotica_ws/src/lorenzo.nobili/cooperative_localization/build/cooperative_localization'
[4.849s] /usr/bin/cmake -E copy_directory /home/lorenzo/robotica_ws/src/lorenzo.nobili/cooperative_localization/build/cooperative_localization/rosidl_generator_py/cooperative_localization /home/lorenzo/robotica_ws/src/lorenzo.nobili/cooperative_localization/build/cooperative_localization/ament_cmake_python/cooperative_localization/cooperative_localization
[4.850s] Dependencies file "CMakeFiles/test_dataset.dir/src/data_loader.cpp.o.d" is newer than depends file "/home/lorenzo/robotica_ws/src/lorenzo.nobili/cooperative_localization/build/cooperative_localization/CMakeFiles/test_dataset.dir/compiler_depend.internal".
[4.850s] gmake[2]: Entering directory '/home/lorenzo/robotica_ws/src/lorenzo.nobili/cooperative_localization/build/cooperative_localization'
[4.850s] gmake[2]: Nothing to be done for 'CMakeFiles/cooperative_localization__rosidl_generator_type_description.dir/build'.
[4.850s] gmake[2]: Leaving directory '/home/lorenzo/robotica_ws/src/lorenzo.nobili/cooperative_localization/build/cooperative_localization'
[4.850s] Dependencies file "CMakeFiles/test_dataset.dir/src/ekf_centralized.cpp.o.d" is newer than depends file "/home/lorenzo/robotica_ws/src/lorenzo.nobili/cooperative_localization/build/cooperative_localization/CMakeFiles/test_dataset.dir/compiler_depend.internal".
[4.852s] Dependencies file "CMakeFiles/test_dataset.dir/src/test_dataset.cpp.o.d" is newer than depends file "/home/lorenzo/robotica_ws/src/lorenzo.nobili/cooperative_localization/build/cooperative_localization/CMakeFiles/test_dataset.dir/compiler_depend.internal".
[4.854s] gmake[2]: Leaving directory '/home/lorenzo/robotica_ws/src/lorenzo.nobili/cooperative_localization/build/cooperative_localization'
[4.854s] /usr/bin/gmake  -f CMakeFiles/evaluate_accuracy.dir/build.make CMakeFiles/evaluate_accuracy.dir/build
[4.857s] gmake[2]: Entering directory '/home/lorenzo/robotica_ws/src/lorenzo.nobili/cooperative_localization/build/cooperative_localization'
[4.871s] [  2%] Built target cooperative_localization__rosidl_generator_type_description
[4.874s] /usr/bin/gmake  -f CMakeFiles/cooperative_localization__cpp.dir/build.make CMakeFiles/cooperative_localization__cpp.dir/depend
[4.875s] /usr/bin/gmake  -f CMakeFiles/cooperative_localization__rosidl_generator_c.dir/build.make CMakeFiles/cooperative_localization__rosidl_generator_c.dir/depend
[4.878s] gmake[2]: Leaving directory '/home/lorenzo/robotica_ws/src/lorenzo.nobili/cooperative_localization/build/cooperative_localization'
[4.879s] gmake[2]: Entering directory '/home/lorenzo/robotica_ws/src/lorenzo.nobili/cooperative_localization/build/cooperative_localization'
[4.880s] cd /home/lorenzo/robotica_ws/src/lorenzo.nobili/cooperative_localization/build/cooperative_localization && /usr/bin/cmake -E cmake_depends "Unix Makefiles" /home/lorenzo/robotica_ws/src/lorenzo.nobili/cooperative_localization /home/lorenzo/robotica_ws/src/lorenzo.nobili/cooperative_localization /home/lorenzo/robotica_ws/src/lorenzo.nobili/cooperative_localization/build/cooperative_localization /home/lorenzo/robotica_ws/src/lorenzo.nobili/cooperative_localization/build/cooperative_localization /home/lorenzo/robotica_ws/src/lorenzo.nobili/cooperative_localization/build/cooperative_localization/CMakeFiles/cooperative_localization__cpp.dir/DependInfo.cmake "--color="
[4.880s] [  4%] Building CXX object CMakeFiles/evaluate_accuracy.dir/src/evaluate_accuracy.cpp.o
[4.880s] gmake[2]: Entering directory '/home/lorenzo/robotica_ws/src/lorenzo.nobili/cooperative_localization/build/cooperative_localization'
[4.880s] cd /home/lorenzo/robotica_ws/src/lorenzo.nobili/cooperative_localization/build/cooperative_localization && /usr/bin/cmake -E cmake_depends "Unix Makefiles" /home/lorenzo/robotica_ws/src/lorenzo.nobili/cooperative_localization /home/lorenzo/robotica_ws/src/lorenzo.nobili/cooperative_localization /home/lorenzo/robotica_ws/src/lorenzo.nobili/cooperative_localization/build/cooperative_localization /home/lorenzo/robotica_ws/src/lorenzo.nobili/cooperative_localization/build/cooperative_localization /home/lorenzo/robotica_ws/src/lorenzo.nobili/cooperative_localization/build/cooperative_localization/CMakeFiles/cooperative_localization__rosidl_generator_c.dir/DependInfo.cmake "--color="
[4.882s] /usr/bin/c++ -DDEFAULT_RMW_IMPLEMENTATION=rmw_fastrtps_cpp -DFASTCDR_DYN_LINK -DROS_PACKAGE_NAME=\"cooperative_localization\" -I/home/lorenzo/robotica_ws/src/lorenzo.nobili/cooperative_localization/include -I/usr/include/eigen3 -isystem /opt/ros/jazzy/include/rclcpp -isystem /opt/ros/jazzy/include/nav_msgs -isystem /opt/ros/jazzy/include/builtin_interfaces -isystem /opt/ros/jazzy/include/rosidl_runtime_c -isystem /opt/ros/jazzy/include/rcutils -isystem /opt/ros/jazzy/include/rosidl_typesupport_interface -isystem /opt/ros/jazzy/include/fastcdr -isystem /opt/ros/jazzy/include/rosidl_runtime_cpp -isystem /opt/ros/jazzy/include/rosidl_typesupport_fastrtps_cpp -isystem /opt/ros/jazzy/include/rmw -isystem /opt/ros/jazzy/include/rosidl_dynamic_typesupport -isystem /opt/ros/jazzy/include/rosidl_typesupport_fastrtps_c -isystem /opt/ros/jazzy/include/rosidl_typesupport_introspection_c -isystem /opt/ros/jazzy/include/rosidl_typesupport_introspection_cpp -isystem /opt/ros/jazzy/include/libstatistics_collector -isystem /opt/ros/jazzy/include/rcl -isystem /opt/ros/jazzy/include/rcl_interfaces -isystem /opt/ros/jazzy/include/service_msgs -isystem /opt/ros/jazzy/include/rcl_logging_interface -isystem /opt/ros/jazzy/include/rcl_yaml_param_parser -isystem /opt/ros/jazzy/include/type_description_interfaces -isystem /opt/ros/jazzy/include/rcpputils -isystem /opt/ros/jazzy/include/statistics_msgs -isystem /opt/ros/jazzy/include/rosgraph_msgs -isystem /opt/ros/jazzy/include/rosidl_typesupport_cpp -isystem /opt/ros/jazzy/include/rosidl_typesupport_c -isystem /opt/ros/jazzy/include/tracetools -isystem /opt/ros/jazzy/include/geometry_msgs -isystem /opt/ros/jazzy/include/std_msgs -std=gnu++17 -Wall -Wextra -Wpedantic -march=native -MD -MT CMakeFiles/evaluate_accuracy.dir/src/evaluate_accuracy.cpp.o -MF CMakeFiles/evaluate_accuracy.dir/src/evaluate_accuracy.cpp.o.d -o CMakeFiles/evaluate_accuracy.dir/src/evaluate_accuracy.cpp.o -c /home/lorenzo/robotica_ws/src/lorenzo.nobili/cooperative_localization/src/evaluate_accuracy.cpp
[4.882s] [  6%] Building CXX object CMakeFiles/evaluate_accuracy.dir/src/data_loader.cpp.o
[4.885s] /usr/bin/c++ -DDEFAULT_RMW_IMPLEMENTATION=rmw_fastrtps_cpp -DFASTCDR_DYN_LINK -DROS_PACKAGE_NAME=\"cooperative_localization\" -I/home/lorenzo/robotica_ws/src/lorenzo.nobili/cooperative_localization/include -I/usr/include/eigen3 -isystem /opt/ros/jazzy/include/rclcpp -isystem /opt/ros/jazzy/include/nav_msgs -isystem /opt/ros/jazzy/include/builtin_interfaces -isystem /opt/ros/jazzy/include/rosidl_runtime_c -isystem /opt/ros/jazzy/include/rcutils -isystem /opt/ros/jazzy/include/rosidl_typesupport_interface -isystem /opt/ros/jazzy/include/fastcdr -isystem /opt/ros/jazzy/include/rosidl_runtime_cpp -isystem /opt/ros/jazzy/include/rosidl_typesupport_fastrtps_cpp -isystem /opt/ros/jazzy/include/rmw -isystem /opt/ros/jazzy/include/rosidl_dynamic_typesupport -isystem /opt/ros/jazzy/include/rosidl_typesupport_fastrtps_c -isystem /opt/ros/jazzy/include/rosidl_typesupport_introspection_c -isystem /opt/ros/jazzy/include/rosidl_typesupport_introspection_cpp -isystem /opt/ros/jazzy/include/libstatistics_collector -isystem /opt/ros/jazzy/include/rcl -isystem /opt/ros/jazzy/include/rcl_interfaces -isystem /opt/ros/jazzy/include/service_msgs -isystem /opt/ros/jazzy/include/rcl_logging_interface -isystem /opt/ros/jazzy/include/rcl_yaml_param_parser -isystem /opt/ros/jazzy/include/type_description_interfaces -isystem /opt/ros/jazzy/include/rcpputils -isystem /opt/ros/jazzy/include/statistics_msgs -isystem /opt/ros/jazzy/include/rosgraph_msgs -isystem /opt/ros/jazzy/include/rosidl_typesupport_cpp -isystem /opt/ros/jazzy/include/rosidl_typesupport_c -isystem /opt/ros/jazzy/include/tracetools -isystem /opt/ros/jazzy/include/geometry_msgs -isystem /opt/ros/jazzy/include/std_msgs -std=gnu++17 -Wall -Wextra -Wpedantic -march=native -MD -MT CMakeFiles/evaluate_accuracy.dir/src/data_loader.cpp.o -MF CMakeFiles/evaluate_accuracy.dir/src/data_loader.cpp.o.d -o CMakeFiles/evaluate_accuracy.dir/src/data_loader.cpp.o -c /home/lorenzo/robotica_ws/src/lorenzo.nobili/cooperative_localization/src/data_loader.cpp
[4.887s] [  8%] Building CXX object CMakeFiles/evaluate_accuracy.dir/src/ekf_centralized.cpp.o
[4.890s] /usr/bin/c++ -DDEFAULT_RMW_IMPLEMENTATION=rmw_fastrtps_cpp -DFASTCDR_DYN_LINK -DROS_PACKAGE_NAME=\"cooperative_localization\" -I/home/lorenzo/robotica_ws/src/lorenzo.nobili/cooperative_localization/include -I/usr/include/eigen3 -isystem /opt/ros/jazzy/include/rclcpp -isystem /opt/ros/jazzy/include/nav_msgs -isystem /opt/ros/jazzy/include/builtin_interfaces -isystem /opt/ros/jazzy/include/rosidl_runtime_c -isystem /opt/ros/jazzy/include/rcutils -isystem /opt/ros/jazzy/include/rosidl_typesupport_interface -isystem /opt/ros/jazzy/include/fastcdr -isystem /opt/ros/jazzy/include/rosidl_runtime_cpp -isystem /opt/ros/jazzy/include/rosidl_typesupport_fastrtps_cpp -isystem /opt/ros/jazzy/include/rmw -isystem /opt/ros/jazzy/include/rosidl_dynamic_typesupport -isystem /opt/ros/jazzy/include/rosidl_typesupport_fastrtps_c -isystem /opt/ros/jazzy/include/rosidl_typesupport_introspection_c -isystem /opt/ros/jazzy/include/rosidl_typesupport_introspection_cpp -isystem /opt/ros/jazzy/include/libstatistics_collector -isystem /opt/ros/jazzy/include/rcl -isystem /opt/ros/jazzy/include/rcl_interfaces -isystem /opt/ros/jazzy/include/service_msgs -isystem /opt/ros/jazzy/include/rcl_logging_interface -isystem /opt/ros/jazzy/include/rcl_yaml_param_parser -isystem /opt/ros/jazzy/include/type_description_interfaces -isystem /opt/ros/jazzy/include/rcpputils -isystem /opt/ros/jazzy/include/statistics_msgs -isystem /opt/ros/jazzy/include/rosgraph_msgs -isystem /opt/ros/jazzy/include/rosidl_typesupport_cpp -isystem /opt/ros/jazzy/include/rosidl_typesupport_c -isystem /opt/ros/jazzy/include/tracetools -isystem /opt/ros/jazzy/include/geometry_msgs -isystem /opt/ros/jazzy/include/std_msgs -std=gnu++17 -Wall -Wextra -Wpedantic -march=native -MD -MT CMakeFiles/evaluate_accuracy.dir/src/ekf_centralized.cpp.o -MF CMakeFiles/evaluate_accuracy.dir/src/ekf_centralized.cpp.o.d -o CMakeFiles/evaluate_accuracy.dir/src/ekf_centralized.cpp.o -c /home/lorenzo/robotica_ws/src/lorenzo.nobili/cooperative_localization/src/ekf_centralized.cpp
[4.900s] Consolidate compiler generated dependencies of target test_dataset
[4.902s] [  8%] Built target ament_cmake_python_copy_cooperative_localization
[4.903s] Dependencies file "CMakeFiles/cooperative_localization__rosidl_generator_c.dir/rosidl_generator_c/cooperative_localization/msg/detail/measurement__description.c.o.d" is newer than depends file "/home/lorenzo/robotica_ws/src/lorenzo.nobili/cooperative_localization/build/cooperative_localization/CMakeFiles/cooperative_localization__rosidl_generator_c.dir/compiler_depend.internal".
[4.904s] Dependencies file "CMakeFiles/cooperative_localization__rosidl_generator_c.dir/rosidl_generator_c/cooperative_localization/msg/detail/measurement__functions.c.o.d" is newer than depends file "/home/lorenzo/robotica_ws/src/lorenzo.nobili/cooperative_localization/build/cooperative_localization/CMakeFiles/cooperative_localization__rosidl_generator_c.dir/compiler_depend.internal".
[4.904s] Dependencies file "CMakeFiles/cooperative_localization__rosidl_generator_c.dir/rosidl_generator_c/cooperative_localization/msg/detail/measurement__type_support.c.o.d" is newer than depends file "/home/lorenzo/robotica_ws/src/lorenzo.nobili/cooperative_localization/build/cooperative_localization/CMakeFiles/cooperative_localization__rosidl_generator_c.dir/compiler_depend.internal".
[4.906s] gmake[2]: Leaving directory '/home/lorenzo/robotica_ws/src/lorenzo.nobili/cooperative_localization/build/cooperative_localization'
[4.906s] /usr/bin/gmake  -f CMakeFiles/test_dataset.dir/build.make CMakeFiles/test_dataset.dir/build
[4.906s] /usr/bin/gmake  -f CMakeFiles/ament_cmake_python_build_cooperative_localization_egg.dir/build.make CMakeFiles/ament_cmake_python_build_cooperative_localization_egg.dir/depend
[4.907s] gmake[2]: Leaving directory '/home/lorenzo/robotica_ws/src/lorenzo.nobili/cooperative_localization/build/cooperative_localization'
[4.907s] /usr/bin/gmake  -f CMakeFiles/cooperative_localization__cpp.dir/build.make CMakeFiles/cooperative_localization__cpp.dir/build
[4.909s] gmake[2]: Entering directory '/home/lorenzo/robotica_ws/src/lorenzo.nobili/cooperative_localization/build/cooperative_localization'
[4.911s] cd /home/lorenzo/robotica_ws/src/lorenzo.nobili/cooperative_localization/build/cooperative_localization && /usr/bin/cmake -E cmake_depends "Unix Makefiles" /home/lorenzo/robotica_ws/src/lorenzo.nobili/cooperative_localization /home/lorenzo/robotica_ws/src/lorenzo.nobili/cooperative_localization /home/lorenzo/robotica_ws/src/lorenzo.nobili/cooperative_localization/build/cooperative_localization /home/lorenzo/robotica_ws/src/lorenzo.nobili/cooperative_localization/build/cooperative_localization /home/lorenzo/robotica_ws/src/lorenzo.nobili/cooperative_localization/build/cooperative_localization/CMakeFiles/ament_cmake_python_build_cooperative_localization_egg.dir/DependInfo.cmake "--color="
[4.911s] Consolidate compiler generated dependencies of target cooperative_localization__rosidl_generator_c
[4.912s] gmake[2]: Entering directory '/home/lorenzo/robotica_ws/src/lorenzo.nobili/cooperative_localization/build/cooperative_localization'
[4.912s] gmake[2]: Nothing to be done for 'CMakeFiles/cooperative_localization__cpp.dir/build'.
[4.912s] gmake[2]: Leaving directory '/home/lorenzo/robotica_ws/src/lorenzo.nobili/cooperative_localization/build/cooperative_localization'
[4.914s] gmake[2]: Leaving directory '/home/lorenzo/robotica_ws/src/lorenzo.nobili/cooperative_localization/build/cooperative_localization'
[4.915s] /usr/bin/gmake  -f CMakeFiles/cooperative_localization__rosidl_generator_c.dir/build.make CMakeFiles/cooperative_localization__rosidl_generator_c.dir/build
[4.922s] gmake[2]: Entering directory '/home/lorenzo/robotica_ws/src/lorenzo.nobili/cooperative_localization/build/cooperative_localization'
[4.923s] gmake[2]: Nothing to be done for 'CMakeFiles/cooperative_localization__rosidl_generator_c.dir/build'.
[4.923s] gmake[2]: Leaving directory '/home/lorenzo/robotica_ws/src/lorenzo.nobili/cooperative_localization/build/cooperative_localization'
[4.932s] gmake[2]: Entering directory '/home/lorenzo/robotica_ws/src/lorenzo.nobili/cooperative_localization/build/cooperative_localization'
[4.932s] gmake[2]: Nothing to be done for 'CMakeFiles/test_dataset.dir/build'.
[4.933s] gmake[2]: Leaving directory '/home/lorenzo/robotica_ws/src/lorenzo.nobili/cooperative_localization/build/cooperative_localization'
[4.934s] [ 10%] Built target cooperative_localization__cpp
[4.936s] gmake[2]: Leaving directory '/home/lorenzo/robotica_ws/src/lorenzo.nobili/cooperative_localization/build/cooperative_localization'
[4.937s] /usr/bin/gmake  -f CMakeFiles/ament_cmake_python_build_cooperative_localization_egg.dir/build.make CMakeFiles/ament_cmake_python_build_cooperative_localization_egg.dir/build
[4.939s] gmake[2]: Entering directory '/home/lorenzo/robotica_ws/src/lorenzo.nobili/cooperative_localization/build/cooperative_localization'
[4.939s] cd /home/lorenzo/robotica_ws/src/lorenzo.nobili/cooperative_localization/build/cooperative_localization/ament_cmake_python/cooperative_localization && /home/lorenzo/miniconda3/bin/python3 setup.py egg_info
[4.944s] [ 20%] Built target cooperative_localization__rosidl_generator_c
[4.948s] /usr/bin/gmake  -f CMakeFiles/cooperative_localization__rosidl_typesupport_cpp.dir/build.make CMakeFiles/cooperative_localization__rosidl_typesupport_cpp.dir/depend
[4.949s] /usr/bin/gmake  -f CMakeFiles/cooperative_localization__rosidl_typesupport_fastrtps_c.dir/build.make CMakeFiles/cooperative_localization__rosidl_typesupport_fastrtps_c.dir/depend
[4.949s] /usr/bin/gmake  -f CMakeFiles/cooperative_localization__rosidl_typesupport_fastrtps_cpp.dir/build.make CMakeFiles/cooperative_localization__rosidl_typesupport_fastrtps_cpp.dir/depend
[4.950s] /usr/bin/gmake  -f CMakeFiles/cooperative_localization__rosidl_typesupport_introspection_c.dir/build.make CMakeFiles/cooperative_localization__rosidl_typesupport_introspection_c.dir/depend
[4.950s] /usr/bin/gmake  -f CMakeFiles/cooperative_localization__rosidl_typesupport_c.dir/build.make CMakeFiles/cooperative_localization__rosidl_typesupport_c.dir/depend
[4.955s] gmake[2]: Entering directory '/home/lorenzo/robotica_ws/src/lorenzo.nobili/cooperative_localization/build/cooperative_localization'
[4.956s] cd /home/lorenzo/robotica_ws/src/lorenzo.nobili/cooperative_localization/build/cooperative_localization && /usr/bin/cmake -E cmake_depends "Unix Makefiles" /home/lorenzo/robotica_ws/src/lorenzo.nobili/cooperative_localization /home/lorenzo/robotica_ws/src/lorenzo.nobili/cooperative_localization /home/lorenzo/robotica_ws/src/lorenzo.nobili/cooperative_localization/build/cooperative_localization /home/lorenzo/robotica_ws/src/lorenzo.nobili/cooperative_localization/build/cooperative_localization /home/lorenzo/robotica_ws/src/lorenzo.nobili/cooperative_localization/build/cooperative_localization/CMakeFiles/cooperative_localization__rosidl_typesupport_cpp.dir/DependInfo.cmake "--color="
[4.957s] /usr/bin/gmake  -f CMakeFiles/cooperative_localization__rosidl_typesupport_introspection_cpp.dir/build.make CMakeFiles/cooperative_localization__rosidl_typesupport_introspection_cpp.dir/depend
[4.957s] gmake[2]: Entering directory '/home/lorenzo/robotica_ws/src/lorenzo.nobili/cooperative_localization/build/cooperative_localization'
[4.957s] cd /home/lorenzo/robotica_ws/src/lorenzo.nobili/cooperative_localization/build/cooperative_localization && /usr/bin/cmake -E cmake_depends "Unix Makefiles" /home/lorenzo/robotica_ws/src/lorenzo.nobili/cooperative_localization /home/lorenzo/robotica_ws/src/lorenzo.nobili/cooperative_localization /home/lorenzo/robotica_ws/src/lorenzo.nobili/cooperative_localization/build/cooperative_localization /home/lorenzo/robotica_ws/src/lorenzo.nobili/cooperative_localization/build/cooperative_localization /home/lorenzo/robotica_ws/src/lorenzo.nobili/cooperative_localization/build/cooperative_localization/CMakeFiles/cooperative_localization__rosidl_typesupport_fastrtps_c.dir/DependInfo.cmake "--color="
[4.958s] gmake[2]: Entering directory '/home/lorenzo/robotica_ws/src/lorenzo.nobili/cooperative_localization/build/cooperative_localization'
[4.958s] cd /home/lorenzo/robotica_ws/src/lorenzo.nobili/cooperative_localization/build/cooperative_localization && /usr/bin/cmake -E cmake_depends "Unix Makefiles" /home/lorenzo/robotica_ws/src/lorenzo.nobili/cooperative_localization /home/lorenzo/robotica_ws/src/lorenzo.nobili/cooperative_localization /home/lorenzo/robotica_ws/src/lorenzo.nobili/cooperative_localization/build/cooperative_localization /home/lorenzo/robotica_ws/src/lorenzo.nobili/cooperative_localization/build/cooperative_localization /home/lorenzo/robotica_ws/src/lorenzo.nobili/cooperative_localization/build/cooperative_localization/CMakeFiles/cooperative_localization__rosidl_typesupport_introspection_c.dir/DependInfo.cmake "--color="
[4.958s] gmake[2]: Entering directory '/home/lorenzo/robotica_ws/src/lorenzo.nobili/cooperative_localization/build/cooperative_localization'
[4.960s] cd /home/lorenzo/robotica_ws/src/lorenzo.nobili/cooperative_localization/build/cooperative_localization && /usr/bin/cmake -E cmake_depends "Unix Makefiles" /home/lorenzo/robotica_ws/src/lorenzo.nobili/cooperative_localization /home/lorenzo/robotica_ws/src/lorenzo.nobili/cooperative_localization /home/lorenzo/robotica_ws/src/lorenzo.nobili/cooperative_localization/build/cooperative_localization /home/lorenzo/robotica_ws/src/lorenzo.nobili/cooperative_localization/build/cooperative_localization /home/lorenzo/robotica_ws/src/lorenzo.nobili/cooperative_localization/build/cooperative_localization/CMakeFiles/cooperative_localization__rosidl_typesupport_fastrtps_cpp.dir/DependInfo.cmake "--color="
[4.960s] gmake[2]: Entering directory '/home/lorenzo/robotica_ws/src/lorenzo.nobili/cooperative_localization/build/cooperative_localization'
[4.960s] cd /home/lorenzo/robotica_ws/src/lorenzo.nobili/cooperative_localization/build/cooperative_localization && /usr/bin/cmake -E cmake_depends "Unix Makefiles" /home/lorenzo/robotica_ws/src/lorenzo.nobili/cooperative_localization /home/lorenzo/robotica_ws/src/lorenzo.nobili/cooperative_localization /home/lorenzo/robotica_ws/src/lorenzo.nobili/cooperative_localization/build/cooperative_localization /home/lorenzo/robotica_ws/src/lorenzo.nobili/cooperative_localization/build/cooperative_localization /home/lorenzo/robotica_ws/src/lorenzo.nobili/cooperative_localization/build/cooperative_localization/CMakeFiles/cooperative_localization__rosidl_typesupport_c.dir/DependInfo.cmake "--color="
[4.961s] [ 28%] Built target test_dataset
[4.966s] gmake[2]: Entering directory '/home/lorenzo/robotica_ws/src/lorenzo.nobili/cooperative_localization/build/cooperative_localization'
[4.967s] cd /home/lorenzo/robotica_ws/src/lorenzo.nobili/cooperative_localization/build/cooperative_localization && /usr/bin/cmake -E cmake_depends "Unix Makefiles" /home/lorenzo/robotica_ws/src/lorenzo.nobili/cooperative_localization /home/lorenzo/robotica_ws/src/lorenzo.nobili/cooperative_localization /home/lorenzo/robotica_ws/src/lorenzo.nobili/cooperative_localization/build/cooperative_localization /home/lorenzo/robotica_ws/src/lorenzo.nobili/cooperative_localization/build/cooperative_localization /home/lorenzo/robotica_ws/src/lorenzo.nobili/cooperative_localization/build/cooperative_localization/CMakeFiles/cooperative_localization__rosidl_typesupport_introspection_cpp.dir/DependInfo.cmake "--color="
[4.977s] Dependencies file "CMakeFiles/cooperative_localization__rosidl_typesupport_fastrtps_c.dir/rosidl_typesupport_fastrtps_c/cooperative_localization/msg/detail/measurement__type_support_c.cpp.o.d" is newer than depends file "/home/lorenzo/robotica_ws/src/lorenzo.nobili/cooperative_localization/build/cooperative_localization/CMakeFiles/cooperative_localization__rosidl_typesupport_fastrtps_c.dir/compiler_depend.internal".
[4.977s] Dependencies file "CMakeFiles/cooperative_localization__rosidl_typesupport_introspection_c.dir/rosidl_typesupport_introspection_c/cooperative_localization/msg/detail/measurement__type_support.c.o.d" is newer than depends file "/home/lorenzo/robotica_ws/src/lorenzo.nobili/cooperative_localization/build/cooperative_localization/CMakeFiles/cooperative_localization__rosidl_typesupport_introspection_c.dir/compiler_depend.internal".
[4.978s] Dependencies file "CMakeFiles/cooperative_localization__rosidl_typesupport_cpp.dir/rosidl_typesupport_cpp/cooperative_localization/msg/measurement__type_support.cpp.o.d" is newer than depends file "/home/lorenzo/robotica_ws/src/lorenzo.nobili/cooperative_localization/build/cooperative_localization/CMakeFiles/cooperative_localization__rosidl_typesupport_cpp.dir/compiler_depend.internal".
[4.980s] Dependencies file "CMakeFiles/cooperative_localization__rosidl_typesupport_fastrtps_cpp.dir/rosidl_typesupport_fastrtps_cpp/cooperative_localization/msg/detail/dds_fastrtps/measurement__type_support.cpp.o.d" is newer than depends file "/home/lorenzo/robotica_ws/src/lorenzo.nobili/cooperative_localization/build/cooperative_localization/CMakeFiles/cooperative_localization__rosidl_typesupport_fastrtps_cpp.dir/compiler_depend.internal".
[4.981s] Consolidate compiler generated dependencies of target cooperative_localization__rosidl_typesupport_introspection_c
[4.983s] Dependencies file "CMakeFiles/cooperative_localization__rosidl_typesupport_c.dir/rosidl_typesupport_c/cooperative_localization/msg/measurement__type_support.cpp.o.d" is newer than depends file "/home/lorenzo/robotica_ws/src/lorenzo.nobili/cooperative_localization/build/cooperative_localization/CMakeFiles/cooperative_localization__rosidl_typesupport_c.dir/compiler_depend.internal".
[4.984s] gmake[2]: Leaving directory '/home/lorenzo/robotica_ws/src/lorenzo.nobili/cooperative_localization/build/cooperative_localization'
[4.985s] /usr/bin/gmake  -f CMakeFiles/cooperative_localization__rosidl_typesupport_introspection_c.dir/build.make CMakeFiles/cooperative_localization__rosidl_typesupport_introspection_c.dir/build
[4.986s] Consolidate compiler generated dependencies of target cooperative_localization__rosidl_typesupport_fastrtps_c
[4.987s] Consolidate compiler generated dependencies of target cooperative_localization__rosidl_typesupport_cpp
[4.988s] Consolidate compiler generated dependencies of target cooperative_localization__rosidl_typesupport_c
[4.991s] gmake[2]: Leaving directory '/home/lorenzo/robotica_ws/src/lorenzo.nobili/cooperative_localization/build/cooperative_localization'
[4.992s] /usr/bin/gmake  -f CMakeFiles/cooperative_localization__rosidl_typesupport_fastrtps_c.dir/build.make CMakeFiles/cooperative_localization__rosidl_typesupport_fastrtps_c.dir/build
[4.993s] Consolidate compiler generated dependencies of target cooperative_localization__rosidl_typesupport_fastrtps_cpp
[4.994s] gmake[2]: Leaving directory '/home/lorenzo/robotica_ws/src/lorenzo.nobili/cooperative_localization/build/cooperative_localization'
[4.994s] /usr/bin/gmake  -f CMakeFiles/cooperative_localization__rosidl_typesupport_cpp.dir/build.make CMakeFiles/cooperative_localization__rosidl_typesupport_cpp.dir/build
[4.994s] gmake[2]: Leaving directory '/home/lorenzo/robotica_ws/src/lorenzo.nobili/cooperative_localization/build/cooperative_localization'
[4.995s] gmake[2]: Entering directory '/home/lorenzo/robotica_ws/src/lorenzo.nobili/cooperative_localization/build/cooperative_localization'
[4.995s] gmake[2]: Nothing to be done for 'CMakeFiles/cooperative_localization__rosidl_typesupport_introspection_c.dir/build'.
[4.995s] gmake[2]: Leaving directory '/home/lorenzo/robotica_ws/src/lorenzo.nobili/cooperative_localization/build/cooperative_localization'
[4.996s] Dependencies file "CMakeFiles/cooperative_localization__rosidl_typesupport_introspection_cpp.dir/rosidl_typesupport_introspection_cpp/cooperative_localization/msg/detail/measurement__type_support.cpp.o.d" is newer than depends file "/home/lorenzo/robotica_ws/src/lorenzo.nobili/cooperative_localization/build/cooperative_localization/CMakeFiles/cooperative_localization__rosidl_typesupport_introspection_cpp.dir/compiler_depend.internal".
[4.996s] gmake[2]: Leaving directory '/home/lorenzo/robotica_ws/src/lorenzo.nobili/cooperative_localization/build/cooperative_localization'
[4.997s] gmake[2]: Entering directory '/home/lorenzo/robotica_ws/src/lorenzo.nobili/cooperative_localization/build/cooperative_localization'
[4.998s] gmake[2]: Nothing to be done for 'CMakeFiles/cooperative_localization__rosidl_typesupport_fastrtps_c.dir/build'.
[4.999s] gmake[2]: Leaving directory '/home/lorenzo/robotica_ws/src/lorenzo.nobili/cooperative_localization/build/cooperative_localization'
[4.999s] /usr/bin/gmake  -f CMakeFiles/cooperative_localization__rosidl_typesupport_fastrtps_cpp.dir/build.make CMakeFiles/cooperative_localization__rosidl_typesupport_fastrtps_cpp.dir/build
[5.000s] /usr/bin/gmake  -f CMakeFiles/cooperative_localization__rosidl_typesupport_c.dir/build.make CMakeFiles/cooperative_localization__rosidl_typesupport_c.dir/build
[5.002s] Consolidate compiler generated dependencies of target cooperative_localization__rosidl_typesupport_introspection_cpp
[5.005s] gmake[2]: Entering directory '/home/lorenzo/robotica_ws/src/lorenzo.nobili/cooperative_localization/build/cooperative_localization'
[5.006s] gmake[2]: Leaving directory '/home/lorenzo/robotica_ws/src/lorenzo.nobili/cooperative_localization/build/cooperative_localization'
[5.007s] gmake[2]: Nothing to be done for 'CMakeFiles/cooperative_localization__rosidl_typesupport_cpp.dir/build'.
[5.007s] gmake[2]: Leaving directory '/home/lorenzo/robotica_ws/src/lorenzo.nobili/cooperative_localization/build/cooperative_localization'
[5.007s] gmake[2]: Entering directory '/home/lorenzo/robotica_ws/src/lorenzo.nobili/cooperative_localization/build/cooperative_localization'
[5.008s] gmake[2]: Nothing to be done for 'CMakeFiles/cooperative_localization__rosidl_typesupport_fastrtps_cpp.dir/build'.
[5.008s] gmake[2]: Leaving directory '/home/lorenzo/robotica_ws/src/lorenzo.nobili/cooperative_localization/build/cooperative_localization'
[5.008s] gmake[2]: Entering directory '/home/lorenzo/robotica_ws/src/lorenzo.nobili/cooperative_localization/build/cooperative_localization'
[5.008s] gmake[2]: Nothing to be done for 'CMakeFiles/cooperative_localization__rosidl_typesupport_c.dir/build'.
[5.009s] gmake[2]: Leaving directory '/home/lorenzo/robotica_ws/src/lorenzo.nobili/cooperative_localization/build/cooperative_localization'
[5.009s] /usr/bin/gmake  -f CMakeFiles/cooperative_localization__rosidl_typesupport_introspection_cpp.dir/build.make CMakeFiles/cooperative_localization__rosidl_typesupport_introspection_cpp.dir/build
[5.014s] gmake[2]: Entering directory '/home/lorenzo/robotica_ws/src/lorenzo.nobili/cooperative_localization/build/cooperative_localization'
[5.015s] gmake[2]: Nothing to be done for 'CMakeFiles/cooperative_localization__rosidl_typesupport_introspection_cpp.dir/build'.
[5.015s] gmake[2]: Leaving directory '/home/lorenzo/robotica_ws/src/lorenzo.nobili/cooperative_localization/build/cooperative_localization'
[5.033s] [ 34%] Built target cooperative_localization__rosidl_typesupport_introspection_c
[5.041s] [ 44%] Built target cooperative_localization__rosidl_typesupport_c
[5.043s] [ 46%] Built target cooperative_localization__rosidl_typesupport_fastrtps_c
[5.044s] [ 53%] Built target cooperative_localization__rosidl_typesupport_fastrtps_cpp
[5.046s] [ 59%] Built target cooperative_localization__rosidl_typesupport_introspection_cpp
[5.054s] [ 65%] Built target cooperative_localization__rosidl_typesupport_cpp
[5.060s] /usr/bin/gmake  -f CMakeFiles/cooperative_localization.dir/build.make CMakeFiles/cooperative_localization.dir/depend
[5.061s] /usr/bin/gmake  -f CMakeFiles/coop_localization_node.dir/build.make CMakeFiles/coop_localization_node.dir/depend
[5.062s] /usr/bin/gmake  -f CMakeFiles/robot_node.dir/build.make CMakeFiles/robot_node.dir/depend
[5.064s] gmake[2]: Entering directory '/home/lorenzo/robotica_ws/src/lorenzo.nobili/cooperative_localization/build/cooperative_localization'
[5.065s] cd /home/lorenzo/robotica_ws/src/lorenzo.nobili/cooperative_localization/build/cooperative_localization && /usr/bin/cmake -E cmake_depends "Unix Makefiles" /home/lorenzo/robotica_ws/src/lorenzo.nobili/cooperative_localization /home/lorenzo/robotica_ws/src/lorenzo.nobili/cooperative_localization /home/lorenzo/robotica_ws/src/lorenzo.nobili/cooperative_localization/build/cooperative_localization /home/lorenzo/robotica_ws/src/lorenzo.nobili/cooperative_localization/build/cooperative_localization /home/lorenzo/robotica_ws/src/lorenzo.nobili/cooperative_localization/build/cooperative_localization/CMakeFiles/cooperative_localization.dir/DependInfo.cmake "--color="
[5.065s] gmake[2]: Entering directory '/home/lorenzo/robotica_ws/src/lorenzo.nobili/cooperative_localization/build/cooperative_localization'
[5.065s] cd /home/lorenzo/robotica_ws/src/lorenzo.nobili/cooperative_localization/build/cooperative_localization && /usr/bin/cmake -E cmake_depends "Unix Makefiles" /home/lorenzo/robotica_ws/src/lorenzo.nobili/cooperative_localization /home/lorenzo/robotica_ws/src/lorenzo.nobili/cooperative_localization /home/lorenzo/robotica_ws/src/lorenzo.nobili/cooperative_localization/build/cooperative_localization /home/lorenzo/robotica_ws/src/lorenzo.nobili/cooperative_localization/build/cooperative_localization /home/lorenzo/robotica_ws/src/lorenzo.nobili/cooperative_localization/build/cooperative_localization/CMakeFiles/coop_localization_node.dir/DependInfo.cmake "--color="
[5.065s] gmake[2]: Entering directory '/home/lorenzo/robotica_ws/src/lorenzo.nobili/cooperative_localization/build/cooperative_localization'
[5.066s] cd /home/lorenzo/robotica_ws/src/lorenzo.nobili/cooperative_localization/build/cooperative_localization && /usr/bin/cmake -E cmake_depends "Unix Makefiles" /home/lorenzo/robotica_ws/src/lorenzo.nobili/cooperative_localization /home/lorenzo/robotica_ws/src/lorenzo.nobili/cooperative_localization /home/lorenzo/robotica_ws/src/lorenzo.nobili/cooperative_localization/build/cooperative_localization /home/lorenzo/robotica_ws/src/lorenzo.nobili/cooperative_localization/build/cooperative_localization /home/lorenzo/robotica_ws/src/lorenzo.nobili/cooperative_localization/build/cooperative_localization/CMakeFiles/robot_node.dir/DependInfo.cmake "--color="
[5.083s] Dependencies file "CMakeFiles/coop_localization_node.dir/src/centralized_node.cpp.o.d" is newer than depends file "/home/lorenzo/robotica_ws/src/lorenzo.nobili/cooperative_localization/build/cooperative_localization/CMakeFiles/coop_localization_node.dir/compiler_depend.internal".
[5.084s] Dependencies file "CMakeFiles/robot_node.dir/src/data_loader.cpp.o.d" is newer than depends file "/home/lorenzo/robotica_ws/src/lorenzo.nobili/cooperative_localization/build/cooperative_localization/CMakeFiles/robot_node.dir/compiler_depend.internal".
[5.085s] Dependencies file "CMakeFiles/robot_node.dir/src/robot_node.cpp.o.d" is newer than depends file "/home/lorenzo/robotica_ws/src/lorenzo.nobili/cooperative_localization/build/cooperative_localization/CMakeFiles/robot_node.dir/compiler_depend.internal".
[5.086s] Dependencies file "CMakeFiles/coop_localization_node.dir/src/data_loader.cpp.o.d" is newer than depends file "/home/lorenzo/robotica_ws/src/lorenzo.nobili/cooperative_localization/build/cooperative_localization/CMakeFiles/coop_localization_node.dir/compiler_depend.internal".
[5.088s] Dependencies file "CMakeFiles/coop_localization_node.dir/src/ekf_centralized.cpp.o.d" is newer than depends file "/home/lorenzo/robotica_ws/src/lorenzo.nobili/cooperative_localization/build/cooperative_localization/CMakeFiles/coop_localization_node.dir/compiler_depend.internal".
[5.089s] gmake[2]: Leaving directory '/home/lorenzo/robotica_ws/src/lorenzo.nobili/cooperative_localization/build/cooperative_localization'
[5.089s] /usr/bin/gmake  -f CMakeFiles/cooperative_localization.dir/build.make CMakeFiles/cooperative_localization.dir/build
[5.091s] gmake[2]: Entering directory '/home/lorenzo/robotica_ws/src/lorenzo.nobili/cooperative_localization/build/cooperative_localization'
[5.091s] gmake[2]: Nothing to be done for 'CMakeFiles/cooperative_localization.dir/build'.
[5.091s] gmake[2]: Leaving directory '/home/lorenzo/robotica_ws/src/lorenzo.nobili/cooperative_localization/build/cooperative_localization'
[5.117s] [ 65%] Built target cooperative_localization
[5.120s] /usr/bin/gmake  -f cooperative_localization__py/CMakeFiles/cooperative_localization__py.dir/build.make cooperative_localization__py/CMakeFiles/cooperative_localization__py.dir/depend
[5.124s] Consolidate compiler generated dependencies of target robot_node
[5.125s] gmake[2]: Entering directory '/home/lorenzo/robotica_ws/src/lorenzo.nobili/cooperative_localization/build/cooperative_localization'
[5.126s] cd /home/lorenzo/robotica_ws/src/lorenzo.nobili/cooperative_localization/build/cooperative_localization && /usr/bin/cmake -E cmake_depends "Unix Makefiles" /home/lorenzo/robotica_ws/src/lorenzo.nobili/cooperative_localization /home/lorenzo/robotica_ws/src/lorenzo.nobili/cooperative_localization/build/cooperative_localization/cooperative_localization__py /home/lorenzo/robotica_ws/src/lorenzo.nobili/cooperative_localization/build/cooperative_localization /home/lorenzo/robotica_ws/src/lorenzo.nobili/cooperative_localization/build/cooperative_localization/cooperative_localization__py /home/lorenzo/robotica_ws/src/lorenzo.nobili/cooperative_localization/build/cooperative_localization/cooperative_localization__py/CMakeFiles/cooperative_localization__py.dir/DependInfo.cmake "--color="
[5.127s] gmake[2]: Leaving directory '/home/lorenzo/robotica_ws/src/lorenzo.nobili/cooperative_localization/build/cooperative_localization'
[5.128s] /usr/bin/gmake  -f CMakeFiles/robot_node.dir/build.make CMakeFiles/robot_node.dir/build
[5.138s] Consolidate compiler generated dependencies of target coop_localization_node
[5.141s] gmake[2]: Leaving directory '/home/lorenzo/robotica_ws/src/lorenzo.nobili/cooperative_localization/build/cooperative_localization'
[5.142s] /usr/bin/gmake  -f CMakeFiles/coop_localization_node.dir/build.make CMakeFiles/coop_localization_node.dir/build
[5.145s] gmake[2]: Entering directory '/home/lorenzo/robotica_ws/src/lorenzo.nobili/cooperative_localization/build/cooperative_localization'
[5.145s] gmake[2]: Nothing to be done for 'CMakeFiles/robot_node.dir/build'.
[5.145s] gmake[2]: Leaving directory '/home/lorenzo/robotica_ws/src/lorenzo.nobili/cooperative_localization/build/cooperative_localization'
[5.154s] gmake[2]: Leaving directory '/home/lorenzo/robotica_ws/src/lorenzo.nobili/cooperative_localization/build/cooperative_localization'
[5.155s] /usr/bin/gmake  -f cooperative_localization__py/CMakeFiles/cooperative_localization__py.dir/build.make cooperative_localization__py/CMakeFiles/cooperative_localization__py.dir/build
[5.159s] gmake[2]: Entering directory '/home/lorenzo/robotica_ws/src/lorenzo.nobili/cooperative_localization/build/cooperative_localization'
[5.160s] gmake[2]: Nothing to be done for 'cooperative_localization__py/CMakeFiles/cooperative_localization__py.dir/build'.
[5.160s] gmake[2]: Leaving directory '/home/lorenzo/robotica_ws/src/lorenzo.nobili/cooperative_localization/build/cooperative_localization'
[5.163s] gmake[2]: Entering directory '/home/lorenzo/robotica_ws/src/lorenzo.nobili/cooperative_localization/build/cooperative_localization'
[5.163s] gmake[2]: Nothing to be done for 'CMakeFiles/coop_localization_node.dir/build'.
[5.163s] gmake[2]: Leaving directory '/home/lorenzo/robotica_ws/src/lorenzo.nobili/cooperative_localization/build/cooperative_localization'
[5.172s] [ 71%] Built target robot_node
[5.184s] [ 73%] Built target cooperative_localization__py
[5.187s] /usr/bin/gmake  -f CMakeFiles/cooperative_localization__rosidl_generator_py.dir/build.make CMakeFiles/cooperative_localization__rosidl_generator_py.dir/depend
[5.187s] [ 81%] Built target coop_localization_node
[5.190s] gmake[2]: Entering directory '/home/lorenzo/robotica_ws/src/lorenzo.nobili/cooperative_localization/build/cooperative_localization'
[5.190s] cd /home/lorenzo/robotica_ws/src/lorenzo.nobili/cooperative_localization/build/cooperative_localization && /usr/bin/cmake -E cmake_depends "Unix Makefiles" /home/lorenzo/robotica_ws/src/lorenzo.nobili/cooperative_localization /home/lorenzo/robotica_ws/src/lorenzo.nobili/cooperative_localization /home/lorenzo/robotica_ws/src/lorenzo.nobili/cooperative_localization/build/cooperative_localization /home/lorenzo/robotica_ws/src/lorenzo.nobili/cooperative_localization/build/cooperative_localization /home/lorenzo/robotica_ws/src/lorenzo.nobili/cooperative_localization/build/cooperative_localization/CMakeFiles/cooperative_localization__rosidl_generator_py.dir/DependInfo.cmake "--color="
[5.214s] Dependencies file "CMakeFiles/cooperative_localization__rosidl_generator_py.dir/rosidl_generator_py/cooperative_localization/msg/_measurement_s.c.o.d" is newer than depends file "/home/lorenzo/robotica_ws/src/lorenzo.nobili/cooperative_localization/build/cooperative_localization/CMakeFiles/cooperative_localization__rosidl_generator_py.dir/compiler_depend.internal".
[5.227s] Consolidate compiler generated dependencies of target cooperative_localization__rosidl_generator_py
[5.232s] gmake[2]: Leaving directory '/home/lorenzo/robotica_ws/src/lorenzo.nobili/cooperative_localization/build/cooperative_localization'
[5.233s] /usr/bin/gmake  -f CMakeFiles/cooperative_localization__rosidl_generator_py.dir/build.make CMakeFiles/cooperative_localization__rosidl_generator_py.dir/build
[5.241s] gmake[2]: Entering directory '/home/lorenzo/robotica_ws/src/lorenzo.nobili/cooperative_localization/build/cooperative_localization'
[5.242s] gmake[2]: Nothing to be done for 'CMakeFiles/cooperative_localization__rosidl_generator_py.dir/build'.
[5.242s] gmake[2]: Leaving directory '/home/lorenzo/robotica_ws/src/lorenzo.nobili/cooperative_localization/build/cooperative_localization'
[5.260s] [ 85%] Built target cooperative_localization__rosidl_generator_py
[5.264s] /usr/bin/gmake  -f CMakeFiles/cooperative_localization_s__rosidl_typesupport_fastrtps_c.dir/build.make CMakeFiles/cooperative_localization_s__rosidl_typesupport_fastrtps_c.dir/depend
[5.264s] /usr/bin/gmake  -f CMakeFiles/cooperative_localization_s__rosidl_typesupport_introspection_c.dir/build.make CMakeFiles/cooperative_localization_s__rosidl_typesupport_introspection_c.dir/depend
[5.265s] /usr/bin/gmake  -f CMakeFiles/cooperative_localization_s__rosidl_typesupport_c.dir/build.make CMakeFiles/cooperative_localization_s__rosidl_typesupport_c.dir/depend
[5.268s] gmake[2]: Entering directory '/home/lorenzo/robotica_ws/src/lorenzo.nobili/cooperative_localization/build/cooperative_localization'
[5.268s] cd /home/lorenzo/robotica_ws/src/lorenzo.nobili/cooperative_localization/build/cooperative_localization && /usr/bin/cmake -E cmake_depends "Unix Makefiles" /home/lorenzo/robotica_ws/src/lorenzo.nobili/cooperative_localization /home/lorenzo/robotica_ws/src/lorenzo.nobili/cooperative_localization /home/lorenzo/robotica_ws/src/lorenzo.nobili/cooperative_localization/build/cooperative_localization /home/lorenzo/robotica_ws/src/lorenzo.nobili/cooperative_localization/build/cooperative_localization /home/lorenzo/robotica_ws/src/lorenzo.nobili/cooperative_localization/build/cooperative_localization/CMakeFiles/cooperative_localization_s__rosidl_typesupport_fastrtps_c.dir/DependInfo.cmake "--color="
[5.268s] gmake[2]: Entering directory '/home/lorenzo/robotica_ws/src/lorenzo.nobili/cooperative_localization/build/cooperative_localization'
[5.268s] cd /home/lorenzo/robotica_ws/src/lorenzo.nobili/cooperative_localization/build/cooperative_localization && /usr/bin/cmake -E cmake_depends "Unix Makefiles" /home/lorenzo/robotica_ws/src/lorenzo.nobili/cooperative_localization /home/lorenzo/robotica_ws/src/lorenzo.nobili/cooperative_localization /home/lorenzo/robotica_ws/src/lorenzo.nobili/cooperative_localization/build/cooperative_localization /home/lorenzo/robotica_ws/src/lorenzo.nobili/cooperative_localization/build/cooperative_localization /home/lorenzo/robotica_ws/src/lorenzo.nobili/cooperative_localization/build/cooperative_localization/CMakeFiles/cooperative_localization_s__rosidl_typesupport_introspection_c.dir/DependInfo.cmake "--color="
[5.269s] gmake[2]: Entering directory '/home/lorenzo/robotica_ws/src/lorenzo.nobili/cooperative_localization/build/cooperative_localization'
[5.269s] cd /home/lorenzo/robotica_ws/src/lorenzo.nobili/cooperative_localization/build/cooperative_localization && /usr/bin/cmake -E cmake_depends "Unix Makefiles" /home/lorenzo/robotica_ws/src/lorenzo.nobili/cooperative_localization /home/lorenzo/robotica_ws/src/lorenzo.nobili/cooperative_localization /home/lorenzo/robotica_ws/src/lorenzo.nobili/cooperative_localization/build/cooperative_localization /home/lorenzo/robotica_ws/src/lorenzo.nobili/cooperative_localization/build/cooperative_localization /home/lorenzo/robotica_ws/src/lorenzo.nobili/cooperative_localization/build/cooperative_localization/CMakeFiles/cooperative_localization_s__rosidl_typesupport_c.dir/DependInfo.cmake "--color="
[5.290s] Dependencies file "CMakeFiles/cooperative_localization_s__rosidl_typesupport_fastrtps_c.dir/rosidl_generator_py/cooperative_localization/_cooperative_localization_s.ep.rosidl_typesupport_fastrtps_c.c.o.d" is newer than depends file "/home/lorenzo/robotica_ws/src/lorenzo.nobili/cooperative_localization/build/cooperative_localization/CMakeFiles/cooperative_localization_s__rosidl_typesupport_fastrtps_c.dir/compiler_depend.internal".
[5.290s] Dependencies file "CMakeFiles/cooperative_localization_s__rosidl_typesupport_introspection_c.dir/rosidl_generator_py/cooperative_localization/_cooperative_localization_s.ep.rosidl_typesupport_introspection_c.c.o.d" is newer than depends file "/home/lorenzo/robotica_ws/src/lorenzo.nobili/cooperative_localization/build/cooperative_localization/CMakeFiles/cooperative_localization_s__rosidl_typesupport_introspection_c.dir/compiler_depend.internal".
[5.291s] Dependencies file "CMakeFiles/cooperative_localization_s__rosidl_typesupport_c.dir/rosidl_generator_py/cooperative_localization/_cooperative_localization_s.ep.rosidl_typesupport_c.c.o.d" is newer than depends file "/home/lorenzo/robotica_ws/src/lorenzo.nobili/cooperative_localization/build/cooperative_localization/CMakeFiles/cooperative_localization_s__rosidl_typesupport_c.dir/compiler_depend.internal".
[5.299s] Consolidate compiler generated dependencies of target cooperative_localization_s__rosidl_typesupport_c
[5.300s] Consolidate compiler generated dependencies of target cooperative_localization_s__rosidl_typesupport_introspection_c
[5.300s] Consolidate compiler generated dependencies of target cooperative_localization_s__rosidl_typesupport_fastrtps_c
[5.305s] gmake[2]: Leaving directory '/home/lorenzo/robotica_ws/src/lorenzo.nobili/cooperative_localization/build/cooperative_localization'
[5.306s] gmake[2]: Leaving directory '/home/lorenzo/robotica_ws/src/lorenzo.nobili/cooperative_localization/build/cooperative_localization'
[5.306s] /usr/bin/gmake  -f CMakeFiles/cooperative_localization_s__rosidl_typesupport_introspection_c.dir/build.make CMakeFiles/cooperative_localization_s__rosidl_typesupport_introspection_c.dir/build
[5.306s] /usr/bin/gmake  -f CMakeFiles/cooperative_localization_s__rosidl_typesupport_c.dir/build.make CMakeFiles/cooperative_localization_s__rosidl_typesupport_c.dir/build
[5.306s] gmake[2]: Leaving directory '/home/lorenzo/robotica_ws/src/lorenzo.nobili/cooperative_localization/build/cooperative_localization'
[5.307s] /usr/bin/gmake  -f CMakeFiles/cooperative_localization_s__rosidl_typesupport_fastrtps_c.dir/build.make CMakeFiles/cooperative_localization_s__rosidl_typesupport_fastrtps_c.dir/build
[5.310s] gmake[2]: Entering directory '/home/lorenzo/robotica_ws/src/lorenzo.nobili/cooperative_localization/build/cooperative_localization'
[5.310s] gmake[2]: Entering directory '/home/lorenzo/robotica_ws/src/lorenzo.nobili/cooperative_localization/build/cooperative_localization'
[5.310s] gmake[2]: Nothing to be done for 'CMakeFiles/cooperative_localization_s__rosidl_typesupport_introspection_c.dir/build'.
[5.312s] gmake[2]: Nothing to be done for 'CMakeFiles/cooperative_localization_s__rosidl_typesupport_c.dir/build'.
[5.312s] gmake[2]: Leaving directory '/home/lorenzo/robotica_ws/src/lorenzo.nobili/cooperative_localization/build/cooperative_localization'
[5.312s] gmake[2]: Leaving directory '/home/lorenzo/robotica_ws/src/lorenzo.nobili/cooperative_localization/build/cooperative_localization'
[5.313s] gmake[2]: Entering directory '/home/lorenzo/robotica_ws/src/lorenzo.nobili/cooperative_localization/build/cooperative_localization'
[5.313s] gmake[2]: Nothing to be done for 'CMakeFiles/cooperative_localization_s__rosidl_typesupport_fastrtps_c.dir/build'.
[5.313s] gmake[2]: Leaving directory '/home/lorenzo/robotica_ws/src/lorenzo.nobili/cooperative_localization/build/cooperative_localization'
[5.334s] [ 89%] Built target cooperative_localization_s__rosidl_typesupport_introspection_c
[5.336s] [ 93%] Built target cooperative_localization_s__rosidl_typesupport_fastrtps_c
[5.337s] [ 97%] Built target cooperative_localization_s__rosidl_typesupport_c
[5.521s] running egg_info
[5.551s] writing cooperative_localization.egg-info/PKG-INFO
[5.553s] writing dependency_links to cooperative_localization.egg-info/dependency_links.txt
[5.554s] writing top-level names to cooperative_localization.egg-info/top_level.txt
[5.654s] reading manifest file 'cooperative_localization.egg-info/SOURCES.txt'
[5.656s] writing manifest file 'cooperative_localization.egg-info/SOURCES.txt'
[5.719s] gmake[2]: Leaving directory '/home/lorenzo/robotica_ws/src/lorenzo.nobili/cooperative_localization/build/cooperative_localization'
[5.740s] [ 97%] Built target ament_cmake_python_build_cooperative_localization_egg
[10.470s] In file included from /usr/include/eigen3/Eigen/Core:199,
[10.474s]                  from /usr/include/eigen3/Eigen/Dense:1,
[10.475s]                  from /home/lorenzo/robotica_ws/src/lorenzo.nobili/cooperative_localization/include/data_loader.h:12,
[10.475s]                  from /home/lorenzo/robotica_ws/src/lorenzo.nobili/cooperative_localization/src/data_loader.cpp:1:
[10.476s] /usr/include/eigen3/Eigen/src/Core/arch/AVX/PacketMath.h: In function Eigen::internal::Packet8bf Eigen::internal::F32ToBf16(const Packet8f&):
[10.476s] /usr/include/eigen3/Eigen/src/Core/arch/AVX/PacketMath.h:1275:13: warning: unused variable r [-Wunused-variable]
[10.477s]  1275 |   Packet8bf r;
[10.477s]       |             ^
[11.341s] In file included from /usr/include/eigen3/Eigen/Core:199,
[11.343s]                  from /usr/include/eigen3/Eigen/Dense:1,
[11.343s]                  from /home/lorenzo/robotica_ws/src/lorenzo.nobili/cooperative_localization/include/ekf_centralized.h:4,
[11.343s]                  from /home/lorenzo/robotica_ws/src/lorenzo.nobili/cooperative_localization/src/ekf_centralized.cpp:1:
[11.344s] /usr/include/eigen3/Eigen/src/Core/arch/AVX/PacketMath.h: In function Eigen::internal::Packet8bf Eigen::internal::F32ToBf16(const Packet8f&):
[11.344s] /usr/include/eigen3/Eigen/src/Core/arch/AVX/PacketMath.h:1275:13: warning: unused variable r [-Wunused-variable]
[11.344s]  1275 |   Packet8bf r;
[11.345s]       |             ^
[11.775s] In file included from /usr/include/eigen3/Eigen/Core:199,
[11.776s]                  from /usr/include/eigen3/Eigen/Dense:1,
[11.776s]                  from /home/lorenzo/robotica_ws/src/lorenzo.nobili/cooperative_localization/include/data_loader.h:12,
[11.777s]                  from /home/lorenzo/robotica_ws/src/lorenzo.nobili/cooperative_localization/src/evaluate_accuracy.cpp:1:
[11.777s] /usr/include/eigen3/Eigen/src/Core/arch/AVX/PacketMath.h: In function Eigen::internal::Packet8bf Eigen::internal::F32ToBf16(const Packet8f&):
[11.778s] /usr/include/eigen3/Eigen/src/Core/arch/AVX/PacketMath.h:1275:13: warning: unused variable r [-Wunused-variable]
[11.778s]  1275 |   Packet8bf r;
[11.778s]       |             ^
[24.018s] /home/lorenzo/robotica_ws/src/lorenzo.nobili/cooperative_localization/include/ekf_centralized.h: In constructor EkfCentralized::EkfCentralized(int, const Eigen::VectorXd&):
[24.019s] /home/lorenzo/robotica_ws/src/lorenzo.nobili/cooperative_localization/include/ekf_centralized.h:33:9: warning: EkfCentralized::num_robots_ will be initialized after [-Wreorder]
[24.019s]    33 |     int num_robots_;
[24.019s]       |         ^~~~~~~~~~~
[24.019s] /home/lorenzo/robotica_ws/src/lorenzo.nobili/cooperative_localization/include/ekf_centralized.h:27:21: warning:   Eigen::VectorXd EkfCentralized::state_ [-Wreorder]
[24.019s]    27 |     Eigen::VectorXd state_;
[24.020s]       |                     ^~~~~~
[24.020s] /home/lorenzo/robotica_ws/src/lorenzo.nobili/cooperative_localization/src/ekf_centralized.cpp:5:1: warning:   when initialized here [-Wreorder]
[24.020s]     5 | EkfCentralized::EkfCentralized(int num_robots, const Eigen::VectorXd& initial_state) :
[24.020s]       | ^~~~~~~~~~~~~~
[48.322s] [100%] Linking CXX executable evaluate_accuracy
[48.322s] /usr/bin/cmake -E cmake_link_script CMakeFiles/evaluate_accuracy.dir/link.txt --verbose=1
[48.341s] /usr/bin/c++ CMakeFiles/evaluate_accuracy.dir/src/evaluate_accuracy.cpp.o CMakeFiles/evaluate_accuracy.dir/src/ekf_centralized.cpp.o CMakeFiles/evaluate_accuracy.dir/src/data_loader.cpp.o -o evaluate_accuracy  -Wl,-rpath,/opt/ros/jazzy/lib:/home/lorenzo/miniconda3/lib: /opt/ros/jazzy/lib/librclcpp.so /opt/ros/jazzy/lib/libnav_msgs__rosidl_typesupport_fastrtps_c.so /opt/ros/jazzy/lib/libnav_msgs__rosidl_typesupport_fastrtps_cpp.so /opt/ros/jazzy/lib/libnav_msgs__rosidl_typesupport_introspection_c.so /opt/ros/jazzy/lib/libnav_msgs__rosidl_typesupport_introspection_cpp.so /opt/ros/jazzy/lib/libnav_msgs__rosidl_typesupport_cpp.so /opt/ros/jazzy/lib/libnav_msgs__rosidl_generator_py.so /opt/ros/jazzy/lib/liblibstatistics_collector.so /opt/ros/jazzy/lib/librcl.so /opt/ros/jazzy/lib/librmw_implementation.so /opt/ros/jazzy/lib/libtype_description_interfaces__rosidl_typesupport_fastrtps_c.so /opt/ros/jazzy/lib/libtype_description_interfaces__rosidl_typesupport_introspection_c.so /opt/ros/jazzy/lib/libtype_description_interfaces__rosidl_typesupport_fastrtps_cpp.so /opt/ros/jazzy/lib/libtype_description_interfaces__rosidl_typesupport_introspection_cpp.so /opt/ros/jazzy/lib/libtype_description_interfaces__rosidl_typesupport_cpp.so /opt/ros/jazzy/lib/libtype_description_interfaces__rosidl_generator_py.so /opt/ros/jazzy/lib/libtype_description_interfaces__rosidl_typesupport_c.so /opt/ros/jazzy/lib/libtype_description_interfaces__rosidl_generator_c.so /opt/ros/jazzy/lib/librcl_interfaces__rosidl_typesupport_fastrtps_c.so /opt/ros/jazzy/lib/librcl_interfaces__rosidl_typesupport_introspection_c.so /opt/ros/jazzy/lib/librcl_interfaces__rosidl_typesupport_fastrtps_cpp.so /opt/ros/jazzy/lib/librcl_interfaces__rosidl_typesupport_introspection_cpp.so /opt/ros/jazzy/lib/librcl_interfaces__rosidl_typesupport_cpp.so /opt/ros/jazzy/lib/librcl_interfaces__rosidl_generator_py.so /opt/ros/jazzy/lib/librcl_interfaces__rosidl_typesupport_c.so /opt/ros/jazzy/lib/librcl_interfaces__rosidl_generator_c.so /opt/ros/jazzy/lib/librcl_yaml_param_parser.so /opt/ros/jazzy/lib/librosgraph_msgs__rosidl_typesupport_fastrtps_c.so /opt/ros/jazzy/lib/librosgraph_msgs__rosidl_typesupport_fastrtps_cpp.so /opt/ros/jazzy/lib/librosgraph_msgs__rosidl_typesupport_introspection_c.so /opt/ros/jazzy/lib/librosgraph_msgs__rosidl_typesupport_introspection_cpp.so /opt/ros/jazzy/lib/librosgraph_msgs__rosidl_typesupport_cpp.so /opt/ros/jazzy/lib/librosgraph_msgs__rosidl_generator_py.so /opt/ros/jazzy/lib/librosgraph_msgs__rosidl_typesupport_c.so /opt/ros/jazzy/lib/librosgraph_msgs__rosidl_generator_c.so /opt/ros/jazzy/lib/libstatistics_msgs__rosidl_typesupport_fastrtps_c.so /opt/ros/jazzy/lib/libstatistics_msgs__rosidl_typesupport_fastrtps_cpp.so /opt/ros/jazzy/lib/libstatistics_msgs__rosidl_typesupport_introspection_c.so /opt/ros/jazzy/lib/libstatistics_msgs__rosidl_typesupport_introspection_cpp.so /opt/ros/jazzy/lib/libstatistics_msgs__rosidl_typesupport_cpp.so /opt/ros/jazzy/lib/libstatistics_msgs__rosidl_generator_py.so /opt/ros/jazzy/lib/libstatistics_msgs__rosidl_typesupport_c.so /opt/ros/jazzy/lib/libstatistics_msgs__rosidl_generator_c.so /opt/ros/jazzy/lib/libtracetools.so -llttng-ust -llttng-ust-common -rdynamic -ldl /opt/ros/jazzy/lib/librcl_logging_interface.so /opt/ros/jazzy/lib/libnav_msgs__rosidl_typesupport_c.so /opt/ros/jazzy/lib/libnav_msgs__rosidl_generator_c.so /opt/ros/jazzy/lib/libgeometry_msgs__rosidl_typesupport_fastrtps_c.so /opt/ros/jazzy/lib/libservice_msgs__rosidl_typesupport_fastrtps_c.so /opt/ros/jazzy/lib/libgeometry_msgs__rosidl_typesupport_fastrtps_cpp.so /opt/ros/jazzy/lib/libservice_msgs__rosidl_typesupport_fastrtps_cpp.so /opt/ros/jazzy/lib/libgeometry_msgs__rosidl_typesupport_introspection_c.so /opt/ros/jazzy/lib/libservice_msgs__rosidl_typesupport_introspection_c.so /opt/ros/jazzy/lib/libgeometry_msgs__rosidl_typesupport_introspection_cpp.so /opt/ros/jazzy/lib/libservice_msgs__rosidl_typesupport_introspection_cpp.so /opt/ros/jazzy/lib/libgeometry_msgs__rosidl_typesupport_cpp.so /opt/ros/jazzy/lib/libservice_msgs__rosidl_typesupport_cpp.so /opt/ros/jazzy/lib/libstd_msgs__rosidl_typesupport_fastrtps_c.so /opt/ros/jazzy/lib/libstd_msgs__rosidl_typesupport_fastrtps_cpp.so /opt/ros/jazzy/lib/libstd_msgs__rosidl_typesupport_introspection_c.so /opt/ros/jazzy/lib/libgeometry_msgs__rosidl_typesupport_c.so /opt/ros/jazzy/lib/libgeometry_msgs__rosidl_generator_c.so /opt/ros/jazzy/lib/libstd_msgs__rosidl_typesupport_introspection_cpp.so /opt/ros/jazzy/lib/libstd_msgs__rosidl_typesupport_cpp.so /opt/ros/jazzy/lib/libstd_msgs__rosidl_typesupport_c.so /opt/ros/jazzy/lib/libstd_msgs__rosidl_generator_c.so /opt/ros/jazzy/lib/libbuiltin_interfaces__rosidl_typesupport_fastrtps_c.so /opt/ros/jazzy/lib/librosidl_typesupport_fastrtps_c.so /opt/ros/jazzy/lib/libbuiltin_interfaces__rosidl_typesupport_introspection_c.so /opt/ros/jazzy/lib/libbuiltin_interfaces__rosidl_typesupport_fastrtps_cpp.so /opt/ros/jazzy/lib/librosidl_typesupport_fastrtps_cpp.so /opt/ros/jazzy/lib/librmw.so /opt/ros/jazzy/lib/librosidl_dynamic_typesupport.so /opt/ros/jazzy/lib/libfastcdr.so.2.2.5 /opt/ros/jazzy/lib/libbuiltin_interfaces__rosidl_typesupport_introspection_cpp.so /opt/ros/jazzy/lib/librosidl_typesupport_introspection_cpp.so /opt/ros/jazzy/lib/librosidl_typesupport_introspection_c.so /opt/ros/jazzy/lib/libbuiltin_interfaces__rosidl_typesupport_cpp.so /opt/ros/jazzy/lib/librosidl_typesupport_cpp.so /opt/ros/jazzy/lib/libbuiltin_interfaces__rosidl_generator_py.so /opt/ros/jazzy/lib/libservice_msgs__rosidl_typesupport_c.so /opt/ros/jazzy/lib/libbuiltin_interfaces__rosidl_typesupport_c.so /opt/ros/jazzy/lib/libservice_msgs__rosidl_generator_c.so /opt/ros/jazzy/lib/libbuiltin_interfaces__rosidl_generator_c.so /opt/ros/jazzy/lib/librosidl_typesupport_c.so /opt/ros/jazzy/lib/librcpputils.so /opt/ros/jazzy/lib/librosidl_runtime_c.so /opt/ros/jazzy/lib/librcutils.so -ldl -Wl,-rpath-link,/opt/ros/jazzy/lib:/home/lorenzo/miniconda3/lib 
[49.302s] gmake[2]: Leaving directory '/home/lorenzo/robotica_ws/src/lorenzo.nobili/cooperative_localization/build/cooperative_localization'
[49.330s] [100%] Built target evaluate_accuracy
[49.335s] gmake[1]: Leaving directory '/home/lorenzo/robotica_ws/src/lorenzo.nobili/cooperative_localization/build/cooperative_localization'
[49.341s] /usr/bin/cmake -E cmake_progress_start /home/lorenzo/robotica_ws/src/lorenzo.nobili/cooperative_localization/build/cooperative_localization/CMakeFiles 0
[49.431s] 
[49.544s] Invoked command in '/home/lorenzo/robotica_ws/src/lorenzo.nobili/cooperative_localization/build/cooperative_localization' returned '0': CMAKE_PREFIX_PATH=${CMAKE_PREFIX_PATH}:/opt/ros/jazzy CONDA_PROMPT_MODIFIER=(base) DEBUGINFOD_URLS=https://debuginfod.ubuntu.com /usr/bin/cmake --build /home/lorenzo/robotica_ws/src/lorenzo.nobili/cooperative_localization/build/cooperative_localization -- -j12 -l12
[49.717s] Invoking command in '/home/lorenzo/robotica_ws/src/lorenzo.nobili/cooperative_localization/build/cooperative_localization': CMAKE_PREFIX_PATH=${CMAKE_PREFIX_PATH}:/opt/ros/jazzy CONDA_PROMPT_MODIFIER=(base) DEBUGINFOD_URLS=https://debuginfod.ubuntu.com /usr/bin/cmake --install /home/lorenzo/robotica_ws/src/lorenzo.nobili/cooperative_localization/build/cooperative_localization
[49.767s] -- Install configuration: ""
[49.772s] -- Up-to-date: /home/lorenzo/robotica_ws/src/lorenzo.nobili/cooperative_localization/install/cooperative_localization/share/ament_index/resource_index/rosidl_interfaces/cooperative_localization
[49.773s] -- Up-to-date: /home/lorenzo/robotica_ws/src/lorenzo.nobili/cooperative_localization/install/cooperative_localization/share/cooperative_localization/msg/Measurement.json
[49.775s] -- Up-to-date: /home/lorenzo/robotica_ws/src/lorenzo.nobili/cooperative_localization/install/cooperative_localization/include/cooperative_localization/cooperative_localization
[49.776s] -- Up-to-date: /home/lorenzo/robotica_ws/src/lorenzo.nobili/cooperative_localization/install/cooperative_localization/include/cooperative_localization/cooperative_localization/msg
[49.776s] -- Up-to-date: /home/lorenzo/robotica_ws/src/lorenzo.nobili/cooperative_localization/install/cooperative_localization/include/cooperative_localization/cooperative_localization/msg/detail
[49.777s] -- Up-to-date: /home/lorenzo/robotica_ws/src/lorenzo.nobili/cooperative_localization/install/cooperative_localization/include/cooperative_localization/cooperative_localization/msg/detail/measurement__functions.c
[49.778s] -- Up-to-date: /home/lorenzo/robotica_ws/src/lorenzo.nobili/cooperative_localization/install/cooperative_localization/include/cooperative_localization/cooperative_localization/msg/detail/measurement__description.c
[49.778s] -- Up-to-date: /home/lorenzo/robotica_ws/src/lorenzo.nobili/cooperative_localization/install/cooperative_localization/include/cooperative_localization/cooperative_localization/msg/detail/measurement__struct.h
[49.778s] -- Up-to-date: /home/lorenzo/robotica_ws/src/lorenzo.nobili/cooperative_localization/install/cooperative_localization/include/cooperative_localization/cooperative_localization/msg/detail/measurement__functions.h
[49.778s] -- Installing: /home/lorenzo/robotica_ws/src/lorenzo.nobili/cooperative_localization/install/cooperative_localization/include/cooperative_localization/cooperative_localization/msg/detail/measurement__type_support.c
[49.785s] -- Up-to-date: /home/lorenzo/robotica_ws/src/lorenzo.nobili/cooperative_localization/install/cooperative_localization/include/cooperative_localization/cooperative_localization/msg/detail/measurement__type_support.h
[49.785s] -- Up-to-date: /home/lorenzo/robotica_ws/src/lorenzo.nobili/cooperative_localization/install/cooperative_localization/include/cooperative_localization/cooperative_localization/msg/measurement.h
[49.786s] -- Up-to-date: /home/lorenzo/robotica_ws/src/lorenzo.nobili/cooperative_localization/install/cooperative_localization/include/cooperative_localization/cooperative_localization/msg/rosidl_generator_c__visibility_control.h
[49.787s] -- Up-to-date: /home/lorenzo/robotica_ws/src/lorenzo.nobili/cooperative_localization/install/cooperative_localization/share/cooperative_localization/environment/library_path.sh
[49.789s] -- Up-to-date: /home/lorenzo/robotica_ws/src/lorenzo.nobili/cooperative_localization/install/cooperative_localization/share/cooperative_localization/environment/library_path.dsv
[49.793s] -- Up-to-date: /home/lorenzo/robotica_ws/src/lorenzo.nobili/cooperative_localization/install/cooperative_localization/lib/libcooperative_localization__rosidl_generator_c.so
[49.794s] -- Up-to-date: /home/lorenzo/robotica_ws/src/lorenzo.nobili/cooperative_localization/install/cooperative_localization/include/cooperative_localization/cooperative_localization
[49.796s] -- Up-to-date: /home/lorenzo/robotica_ws/src/lorenzo.nobili/cooperative_localization/install/cooperative_localization/include/cooperative_localization/cooperative_localization/msg
[49.796s] -- Up-to-date: /home/lorenzo/robotica_ws/src/lorenzo.nobili/cooperative_localization/install/cooperative_localization/include/cooperative_localization/cooperative_localization/msg/detail
[49.799s] -- Up-to-date: /home/lorenzo/robotica_ws/src/lorenzo.nobili/cooperative_localization/install/cooperative_localization/include/cooperative_localization/cooperative_localization/msg/detail/measurement__rosidl_typesupport_fastrtps_c.h
[49.800s] -- Up-to-date: /home/lorenzo/robotica_ws/src/lorenzo.nobili/cooperative_localization/install/cooperative_localization/include/cooperative_localization/cooperative_localization/msg/rosidl_typesupport_fastrtps_c__visibility_control.h
[49.802s] -- Up-to-date: /home/lorenzo/robotica_ws/src/lorenzo.nobili/cooperative_localization/install/cooperative_localization/lib/libcooperative_localization__rosidl_typesupport_fastrtps_c.so
[49.803s] -- Up-to-date: /home/lorenzo/robotica_ws/src/lorenzo.nobili/cooperative_localization/install/cooperative_localization/include/cooperative_localization/cooperative_localization
[49.804s] -- Up-to-date: /home/lorenzo/robotica_ws/src/lorenzo.nobili/cooperative_localization/install/cooperative_localization/include/cooperative_localization/cooperative_localization/msg
[49.805s] -- Up-to-date: /home/lorenzo/robotica_ws/src/lorenzo.nobili/cooperative_localization/install/cooperative_localization/include/cooperative_localization/cooperative_localization/msg/detail
[49.806s] -- Up-to-date: /home/lorenzo/robotica_ws/src/lorenzo.nobili/cooperative_localization/install/cooperative_localization/include/cooperative_localization/cooperative_localization/msg/detail/measurement__type_support.hpp
[49.807s] -- Up-to-date: /home/lorenzo/robotica_ws/src/lorenzo.nobili/cooperative_localization/install/cooperative_localization/include/cooperative_localization/cooperative_localization/msg/detail/measurement__struct.hpp
[49.808s] -- Up-to-date: /home/lorenzo/robotica_ws/src/lorenzo.nobili/cooperative_localization/install/cooperative_localization/include/cooperative_localization/cooperative_localization/msg/detail/measurement__traits.hpp
[49.809s] -- Up-to-date: /home/lorenzo/robotica_ws/src/lorenzo.nobili/cooperative_localization/install/cooperative_localization/include/cooperative_localization/cooperative_localization/msg/detail/measurement__builder.hpp
[49.810s] -- Up-to-date: /home/lorenzo/robotica_ws/src/lorenzo.nobili/cooperative_localization/install/cooperative_localization/include/cooperative_localization/cooperative_localization/msg/measurement.hpp
[49.811s] -- Up-to-date: /home/lorenzo/robotica_ws/src/lorenzo.nobili/cooperative_localization/install/cooperative_localization/include/cooperative_localization/cooperative_localization/msg/rosidl_generator_cpp__visibility_control.hpp
[49.811s] -- Up-to-date: /home/lorenzo/robotica_ws/src/lorenzo.nobili/cooperative_localization/install/cooperative_localization/include/cooperative_localization/cooperative_localization
[49.811s] -- Up-to-date: /home/lorenzo/robotica_ws/src/lorenzo.nobili/cooperative_localization/install/cooperative_localization/include/cooperative_localization/cooperative_localization/msg
[49.811s] -- Up-to-date: /home/lorenzo/robotica_ws/src/lorenzo.nobili/cooperative_localization/install/cooperative_localization/include/cooperative_localization/cooperative_localization/msg/rosidl_typesupport_fastrtps_cpp__visibility_control.h
[49.811s] -- Up-to-date: /home/lorenzo/robotica_ws/src/lorenzo.nobili/cooperative_localization/install/cooperative_localization/include/cooperative_localization/cooperative_localization/msg/detail
[49.812s] -- Up-to-date: /home/lorenzo/robotica_ws/src/lorenzo.nobili/cooperative_localization/install/cooperative_localization/include/cooperative_localization/cooperative_localization/msg/detail/measurement__rosidl_typesupport_fastrtps_cpp.hpp
[49.812s] -- Up-to-date: /home/lorenzo/robotica_ws/src/lorenzo.nobili/cooperative_localization/install/cooperative_localization/include/cooperative_localization/cooperative_localization/msg/detail/dds_fastrtps
[49.815s] -- Up-to-date: /home/lorenzo/robotica_ws/src/lorenzo.nobili/cooperative_localization/install/cooperative_localization/lib/libcooperative_localization__rosidl_typesupport_fastrtps_cpp.so
[49.815s] -- Up-to-date: /home/lorenzo/robotica_ws/src/lorenzo.nobili/cooperative_localization/install/cooperative_localization/include/cooperative_localization/cooperative_localization
[49.816s] -- Up-to-date: /home/lorenzo/robotica_ws/src/lorenzo.nobili/cooperative_localization/install/cooperative_localization/include/cooperative_localization/cooperative_localization/msg
[49.817s] -- Up-to-date: /home/lorenzo/robotica_ws/src/lorenzo.nobili/cooperative_localization/install/cooperative_localization/include/cooperative_localization/cooperative_localization/msg/detail
[49.817s] -- Up-to-date: /home/lorenzo/robotica_ws/src/lorenzo.nobili/cooperative_localization/install/cooperative_localization/include/cooperative_localization/cooperative_localization/msg/detail/measurement__rosidl_typesupport_introspection_c.h
[49.817s] -- Installing: /home/lorenzo/robotica_ws/src/lorenzo.nobili/cooperative_localization/install/cooperative_localization/include/cooperative_localization/cooperative_localization/msg/detail/measurement__type_support.c
[49.817s] -- Up-to-date: /home/lorenzo/robotica_ws/src/lorenzo.nobili/cooperative_localization/install/cooperative_localization/include/cooperative_localization/cooperative_localization/msg/rosidl_typesupport_introspection_c__visibility_control.h
[49.819s] -- Up-to-date: /home/lorenzo/robotica_ws/src/lorenzo.nobili/cooperative_localization/install/cooperative_localization/lib/libcooperative_localization__rosidl_typesupport_introspection_c.so
[49.821s] -- Up-to-date: /home/lorenzo/robotica_ws/src/lorenzo.nobili/cooperative_localization/install/cooperative_localization/lib/libcooperative_localization__rosidl_typesupport_c.so
[49.822s] -- Up-to-date: /home/lorenzo/robotica_ws/src/lorenzo.nobili/cooperative_localization/install/cooperative_localization/include/cooperative_localization/cooperative_localization
[49.822s] -- Up-to-date: /home/lorenzo/robotica_ws/src/lorenzo.nobili/cooperative_localization/install/cooperative_localization/include/cooperative_localization/cooperative_localization/msg
[49.823s] -- Up-to-date: /home/lorenzo/robotica_ws/src/lorenzo.nobili/cooperative_localization/install/cooperative_localization/include/cooperative_localization/cooperative_localization/msg/detail
[49.823s] -- Up-to-date: /home/lorenzo/robotica_ws/src/lorenzo.nobili/cooperative_localization/install/cooperative_localization/include/cooperative_localization/cooperative_localization/msg/detail/measurement__type_support.cpp
[49.824s] -- Up-to-date: /home/lorenzo/robotica_ws/src/lorenzo.nobili/cooperative_localization/install/cooperative_localization/include/cooperative_localization/cooperative_localization/msg/detail/measurement__rosidl_typesupport_introspection_cpp.hpp
[49.825s] -- Up-to-date: /home/lorenzo/robotica_ws/src/lorenzo.nobili/cooperative_localization/install/cooperative_localization/lib/libcooperative_localization__rosidl_typesupport_introspection_cpp.so
[49.828s] -- Up-to-date: /home/lorenzo/robotica_ws/src/lorenzo.nobili/cooperative_localization/install/cooperative_localization/lib/libcooperative_localization__rosidl_typesupport_cpp.so
[49.829s] -- Up-to-date: /home/lorenzo/robotica_ws/src/lorenzo.nobili/cooperative_localization/install/cooperative_localization/share/cooperative_localization/environment/pythonpath.sh
[49.830s] -- Up-to-date: /home/lorenzo/robotica_ws/src/lorenzo.nobili/cooperative_localization/install/cooperative_localization/share/cooperative_localization/environment/pythonpath.dsv
[49.830s] -- Up-to-date: /home/lorenzo/robotica_ws/src/lorenzo.nobili/cooperative_localization/install/cooperative_localization/lib/python3.12/site-packages/cooperative_localization-1.0.0-py3.12.egg-info
[49.830s] -- Installing: /home/lorenzo/robotica_ws/src/lorenzo.nobili/cooperative_localization/install/cooperative_localization/lib/python3.12/site-packages/cooperative_localization-1.0.0-py3.12.egg-info/dependency_links.txt
[49.831s] -- Installing: /home/lorenzo/robotica_ws/src/lorenzo.nobili/cooperative_localization/install/cooperative_localization/lib/python3.12/site-packages/cooperative_localization-1.0.0-py3.12.egg-info/PKG-INFO
[49.832s] -- Installing: /home/lorenzo/robotica_ws/src/lorenzo.nobili/cooperative_localization/install/cooperative_localization/lib/python3.12/site-packages/cooperative_localization-1.0.0-py3.12.egg-info/SOURCES.txt
[49.833s] -- Installing: /home/lorenzo/robotica_ws/src/lorenzo.nobili/cooperative_localization/install/cooperative_localization/lib/python3.12/site-packages/cooperative_localization-1.0.0-py3.12.egg-info/top_level.txt
[49.834s] -- Up-to-date: /home/lorenzo/robotica_ws/src/lorenzo.nobili/cooperative_localization/install/cooperative_localization/lib/python3.12/site-packages/cooperative_localization
[49.835s] -- Up-to-date: /home/lorenzo/robotica_ws/src/lorenzo.nobili/cooperative_localization/install/cooperative_localization/lib/python3.12/site-packages/cooperative_localization/cooperative_localization_s__rosidl_typesupport_introspection_c.so
[49.835s] -- Installing: /home/lorenzo/robotica_ws/src/lorenzo.nobili/cooperative_localization/install/cooperative_localization/lib/python3.12/site-packages/cooperative_localization/__init__.py
[49.837s] -- Up-to-date: /home/lorenzo/robotica_ws/src/lorenzo.nobili/cooperative_localization/install/cooperative_localization/lib/python3.12/site-packages/cooperative_localization/_cooperative_localization_s.ep.rosidl_typesupport_c.c
[49.838s] -- Up-to-date: /home/lorenzo/robotica_ws/src/lorenzo.nobili/cooperative_localization/install/cooperative_localization/lib/python3.12/site-packages/cooperative_localization/_cooperative_localization_s.ep.rosidl_typesupport_introspection_c.c
[49.838s] -- Up-to-date: /home/lorenzo/robotica_ws/src/lorenzo.nobili/cooperative_localization/install/cooperative_localization/lib/python3.12/site-packages/cooperative_localization/msg
[49.838s] -- Up-to-date: /home/lorenzo/robotica_ws/src/lorenzo.nobili/cooperative_localization/install/cooperative_localization/lib/python3.12/site-packages/cooperative_localization/msg/__init__.py
[49.838s] -- Up-to-date: /home/lorenzo/robotica_ws/src/lorenzo.nobili/cooperative_localization/install/cooperative_localization/lib/python3.12/site-packages/cooperative_localization/msg/_measurement.py
[49.838s] -- Up-to-date: /home/lorenzo/robotica_ws/src/lorenzo.nobili/cooperative_localization/install/cooperative_localization/lib/python3.12/site-packages/cooperative_localization/msg/_measurement_s.c
[49.839s] -- Up-to-date: /home/lorenzo/robotica_ws/src/lorenzo.nobili/cooperative_localization/install/cooperative_localization/lib/python3.12/site-packages/cooperative_localization/cooperative_localization_s__rosidl_typesupport_fastrtps_c.so
[49.839s] -- Up-to-date: /home/lorenzo/robotica_ws/src/lorenzo.nobili/cooperative_localization/install/cooperative_localization/lib/python3.12/site-packages/cooperative_localization/_cooperative_localization_s.ep.rosidl_typesupport_fastrtps_c.c
[49.839s] -- Up-to-date: /home/lorenzo/robotica_ws/src/lorenzo.nobili/cooperative_localization/install/cooperative_localization/lib/python3.12/site-packages/cooperative_localization/cooperative_localization_s__rosidl_typesupport_c.so
[50.033s] Listing '/home/lorenzo/robotica_ws/src/lorenzo.nobili/cooperative_localization/install/cooperative_localization/lib/python3.12/site-packages/cooperative_localization'...
[50.033s] Compiling '/home/lorenzo/robotica_ws/src/lorenzo.nobili/cooperative_localization/install/cooperative_localization/lib/python3.12/site-packages/cooperative_localization/__init__.py'...
[50.033s] Listing '/home/lorenzo/robotica_ws/src/lorenzo.nobili/cooperative_localization/install/cooperative_localization/lib/python3.12/site-packages/cooperative_localization/msg'...
[50.046s] -- Up-to-date: /home/lorenzo/robotica_ws/src/lorenzo.nobili/cooperative_localization/install/cooperative_localization/lib/python3.12/site-packages/cooperative_localization/cooperative_localization_s__rosidl_typesupport_fastrtps_c.so
[50.047s] -- Up-to-date: /home/lorenzo/robotica_ws/src/lorenzo.nobili/cooperative_localization/install/cooperative_localization/lib/python3.12/site-packages/cooperative_localization/cooperative_localization_s__rosidl_typesupport_introspection_c.so
[50.049s] -- Up-to-date: /home/lorenzo/robotica_ws/src/lorenzo.nobili/cooperative_localization/install/cooperative_localization/lib/python3.12/site-packages/cooperative_localization/cooperative_localization_s__rosidl_typesupport_c.so
[50.051s] -- Up-to-date: /home/lorenzo/robotica_ws/src/lorenzo.nobili/cooperative_localization/install/cooperative_localization/lib/libcooperative_localization__rosidl_generator_py.so
[50.052s] -- Up-to-date: /home/lorenzo/robotica_ws/src/lorenzo.nobili/cooperative_localization/install/cooperative_localization/share/cooperative_localization/msg/Measurement.idl
[50.053s] -- Up-to-date: /home/lorenzo/robotica_ws/src/lorenzo.nobili/cooperative_localization/install/cooperative_localization/share/cooperative_localization/msg/Measurement.msg
[50.055s] -- Up-to-date: /home/lorenzo/robotica_ws/src/lorenzo.nobili/cooperative_localization/install/cooperative_localization/lib/cooperative_localization/coop_localization_node
[50.058s] -- Up-to-date: /home/lorenzo/robotica_ws/src/lorenzo.nobili/cooperative_localization/install/cooperative_localization/lib/cooperative_localization/robot_node
[50.063s] -- Up-to-date: /home/lorenzo/robotica_ws/src/lorenzo.nobili/cooperative_localization/install/cooperative_localization/lib/cooperative_localization/test_dataset
[50.063s] -- Installing: /home/lorenzo/robotica_ws/src/lorenzo.nobili/cooperative_localization/install/cooperative_localization/lib/cooperative_localization/evaluate_accuracy
[50.079s] -- Set non-toolchain portion of runtime path of "/home/lorenzo/robotica_ws/src/lorenzo.nobili/cooperative_localization/install/cooperative_localization/lib/cooperative_localization/evaluate_accuracy" to ""
[50.080s] -- Up-to-date: /home/lorenzo/robotica_ws/src/lorenzo.nobili/cooperative_localization/install/cooperative_localization/share/cooperative_localization/launch
[50.082s] -- Up-to-date: /home/lorenzo/robotica_ws/src/lorenzo.nobili/cooperative_localization/install/cooperative_localization/share/cooperative_localization/launch/cooperative_localization_launch.py
[50.082s] -- Up-to-date: /home/lorenzo/robotica_ws/src/lorenzo.nobili/cooperative_localization/install/cooperative_localization/share/ament_index/resource_index/package_run_dependencies/cooperative_localization
[50.083s] -- Up-to-date: /home/lorenzo/robotica_ws/src/lorenzo.nobili/cooperative_localization/install/cooperative_localization/share/ament_index/resource_index/parent_prefix_path/cooperative_localization
[50.084s] -- Up-to-date: /home/lorenzo/robotica_ws/src/lorenzo.nobili/cooperative_localization/install/cooperative_localization/share/cooperative_localization/environment/ament_prefix_path.sh
[50.084s] -- Up-to-date: /home/lorenzo/robotica_ws/src/lorenzo.nobili/cooperative_localization/install/cooperative_localization/share/cooperative_localization/environment/ament_prefix_path.dsv
[50.085s] -- Up-to-date: /home/lorenzo/robotica_ws/src/lorenzo.nobili/cooperative_localization/install/cooperative_localization/share/cooperative_localization/environment/path.sh
[50.085s] -- Up-to-date: /home/lorenzo/robotica_ws/src/lorenzo.nobili/cooperative_localization/install/cooperative_localization/share/cooperative_localization/environment/path.dsv
[50.085s] -- Up-to-date: /home/lorenzo/robotica_ws/src/lorenzo.nobili/cooperative_localization/install/cooperative_localization/share/cooperative_localization/local_setup.bash
[50.085s] -- Up-to-date: /home/lorenzo/robotica_ws/src/lorenzo.nobili/cooperative_localization/install/cooperative_localization/share/cooperative_localization/local_setup.sh
[50.086s] -- Up-to-date: /home/lorenzo/robotica_ws/src/lorenzo.nobili/cooperative_localization/install/cooperative_localization/share/cooperative_localization/local_setup.zsh
[50.087s] -- Up-to-date: /home/lorenzo/robotica_ws/src/lorenzo.nobili/cooperative_localization/install/cooperative_localization/share/cooperative_localization/local_setup.dsv
[50.087s] -- Installing: /home/lorenzo/robotica_ws/src/lorenzo.nobili/cooperative_localization/install/cooperative_localization/share/cooperative_localization/package.dsv
[50.089s] -- Up-to-date: /home/lorenzo/robotica_ws/src/lorenzo.nobili/cooperative_localization/install/cooperative_localization/share/ament_index/resource_index/packages/cooperative_localization
[50.092s] -- Up-to-date: /home/lorenzo/robotica_ws/src/lorenzo.nobili/cooperative_localization/install/cooperative_localization/share/cooperative_localization/cmake/export_cooperative_localization__rosidl_generator_cExport.cmake
[50.092s] -- Up-to-date: /home/lorenzo/robotica_ws/src/lorenzo.nobili/cooperative_localization/install/cooperative_localization/share/cooperative_localization/cmake/export_cooperative_localization__rosidl_generator_cExport-noconfig.cmake
[50.093s] -- Up-to-date: /home/lorenzo/robotica_ws/src/lorenzo.nobili/cooperative_localization/install/cooperative_localization/share/cooperative_localization/cmake/export_cooperative_localization__rosidl_typesupport_fastrtps_cExport.cmake
[50.094s] -- Up-to-date: /home/lorenzo/robotica_ws/src/lorenzo.nobili/cooperative_localization/install/cooperative_localization/share/cooperative_localization/cmake/export_cooperative_localization__rosidl_typesupport_fastrtps_cExport-noconfig.cmake
[50.095s] -- Up-to-date: /home/lorenzo/robotica_ws/src/lorenzo.nobili/cooperative_localization/install/cooperative_localization/share/cooperative_localization/cmake/export_cooperative_localization__rosidl_generator_cppExport.cmake
[50.096s] -- Up-to-date: /home/lorenzo/robotica_ws/src/lorenzo.nobili/cooperative_localization/install/cooperative_localization/share/cooperative_localization/cmake/export_cooperative_localization__rosidl_typesupport_fastrtps_cppExport.cmake
[50.097s] -- Up-to-date: /home/lorenzo/robotica_ws/src/lorenzo.nobili/cooperative_localization/install/cooperative_localization/share/cooperative_localization/cmake/export_cooperative_localization__rosidl_typesupport_fastrtps_cppExport-noconfig.cmake
[50.099s] -- Up-to-date: /home/lorenzo/robotica_ws/src/lorenzo.nobili/cooperative_localization/install/cooperative_localization/share/cooperative_localization/cmake/cooperative_localization__rosidl_typesupport_introspection_cExport.cmake
[50.100s] -- Up-to-date: /home/lorenzo/robotica_ws/src/lorenzo.nobili/cooperative_localization/install/cooperative_localization/share/cooperative_localization/cmake/cooperative_localization__rosidl_typesupport_introspection_cExport-noconfig.cmake
[50.101s] -- Up-to-date: /home/lorenzo/robotica_ws/src/lorenzo.nobili/cooperative_localization/install/cooperative_localization/share/cooperative_localization/cmake/cooperative_localization__rosidl_typesupport_cExport.cmake
[50.101s] -- Up-to-date: /home/lorenzo/robotica_ws/src/lorenzo.nobili/cooperative_localization/install/cooperative_localization/share/cooperative_localization/cmake/cooperative_localization__rosidl_typesupport_cExport-noconfig.cmake
[50.101s] -- Up-to-date: /home/lorenzo/robotica_ws/src/lorenzo.nobili/cooperative_localization/install/cooperative_localization/share/cooperative_localization/cmake/cooperative_localization__rosidl_typesupport_introspection_cppExport.cmake
[50.101s] -- Up-to-date: /home/lorenzo/robotica_ws/src/lorenzo.nobili/cooperative_localization/install/cooperative_localization/share/cooperative_localization/cmake/cooperative_localization__rosidl_typesupport_introspection_cppExport-noconfig.cmake
[50.103s] -- Up-to-date: /home/lorenzo/robotica_ws/src/lorenzo.nobili/cooperative_localization/install/cooperative_localization/share/cooperative_localization/cmake/cooperative_localization__rosidl_typesupport_cppExport.cmake
[50.103s] -- Up-to-date: /home/lorenzo/robotica_ws/src/lorenzo.nobili/cooperative_localization/install/cooperative_localization/share/cooperative_localization/cmake/cooperative_localization__rosidl_typesupport_cppExport-noconfig.cmake
[50.103s] -- Up-to-date: /home/lorenzo/robotica_ws/src/lorenzo.nobili/cooperative_localization/install/cooperative_localization/share/cooperative_localization/cmake/export_cooperative_localization__rosidl_generator_pyExport.cmake
[50.104s] -- Up-to-date: /home/lorenzo/robotica_ws/src/lorenzo.nobili/cooperative_localization/install/cooperative_localization/share/cooperative_localization/cmake/export_cooperative_localization__rosidl_generator_pyExport-noconfig.cmake
[50.105s] -- Up-to-date: /home/lorenzo/robotica_ws/src/lorenzo.nobili/cooperative_localization/install/cooperative_localization/share/cooperative_localization/cmake/rosidl_cmake-extras.cmake
[50.105s] -- Up-to-date: /home/lorenzo/robotica_ws/src/lorenzo.nobili/cooperative_localization/install/cooperative_localization/share/cooperative_localization/cmake/ament_cmake_export_dependencies-extras.cmake
[50.106s] -- Up-to-date: /home/lorenzo/robotica_ws/src/lorenzo.nobili/cooperative_localization/install/cooperative_localization/share/cooperative_localization/cmake/ament_cmake_export_include_directories-extras.cmake
[50.107s] -- Up-to-date: /home/lorenzo/robotica_ws/src/lorenzo.nobili/cooperative_localization/install/cooperative_localization/share/cooperative_localization/cmake/ament_cmake_export_libraries-extras.cmake
[50.107s] -- Up-to-date: /home/lorenzo/robotica_ws/src/lorenzo.nobili/cooperative_localization/install/cooperative_localization/share/cooperative_localization/cmake/ament_cmake_export_targets-extras.cmake
[50.107s] -- Up-to-date: /home/lorenzo/robotica_ws/src/lorenzo.nobili/cooperative_localization/install/cooperative_localization/share/cooperative_localization/cmake/rosidl_cmake_export_typesupport_targets-extras.cmake
[50.107s] -- Up-to-date: /home/lorenzo/robotica_ws/src/lorenzo.nobili/cooperative_localization/install/cooperative_localization/share/cooperative_localization/cmake/rosidl_cmake_export_typesupport_libraries-extras.cmake
[50.107s] -- Up-to-date: /home/lorenzo/robotica_ws/src/lorenzo.nobili/cooperative_localization/install/cooperative_localization/share/cooperative_localization/cmake/cooperative_localizationConfig.cmake
[50.107s] -- Up-to-date: /home/lorenzo/robotica_ws/src/lorenzo.nobili/cooperative_localization/install/cooperative_localization/share/cooperative_localization/cmake/cooperative_localizationConfig-version.cmake
[50.107s] -- Up-to-date: /home/lorenzo/robotica_ws/src/lorenzo.nobili/cooperative_localization/install/cooperative_localization/share/cooperative_localization/package.xml
[50.125s] Invoked command in '/home/lorenzo/robotica_ws/src/lorenzo.nobili/cooperative_localization/build/cooperative_localization' returned '0': CMAKE_PREFIX_PATH=${CMAKE_PREFIX_PATH}:/opt/ros/jazzy CONDA_PROMPT_MODIFIER=(base) DEBUGINFOD_URLS=https://debuginfod.ubuntu.com /usr/bin/cmake --install /home/lorenzo/robotica_ws/src/lorenzo.nobili/cooperative_localization/build/cooperative_localization
